Epoch 1 [0/22] Loss(NLL): 196.300461
Epoch 1 [20/22] Loss(NLL): 200.628082
Epoch 1 Train NLL: 463.114803
VAL  RMSE:0.0332  MAE:0.0304  IC:0.0867  RIC:0.0787  NLL:13.45619  CRPS:0.02751  Sharp(σ):0.00531  PICP90:0.075|Gap:0.825  PICP95:0.092|Gap:0.858  AURC:0.03029
--- New best model (by VAL NLL) ---
Epoch 2 [0/22] Loss(NLL): 2110.954346
Epoch 2 [20/22] Loss(NLL): 148.939087
Epoch 2 Train NLL: 387.809609
VAL  RMSE:0.0126  MAE:0.0108  IC:0.1248  RIC:0.1200  NLL:-1.63908  CRPS:0.00838  Sharp(σ):0.00562  PICP90:0.422|Gap:0.478  PICP95:0.538|Gap:0.412  AURC:0.01177
--- New best model (by VAL NLL) ---
Epoch 3 [0/22] Loss(NLL): 71.574364
Epoch 3 [20/22] Loss(NLL): 116.266403
Epoch 3 Train NLL: 48.599545
VAL  RMSE:0.0092  MAE:0.0069  IC:0.1523  RIC:0.1484  NLL:-3.03739  CRPS:0.00520  Sharp(σ):0.00534  PICP90:0.711|Gap:0.189  PICP95:0.803|Gap:0.147  AURC:0.00850
--- New best model (by VAL NLL) ---
Epoch 4 [0/22] Loss(NLL): 86.527534
Epoch 4 [20/22] Loss(NLL): 147.066559
Epoch 4 Train NLL: 52.001019
VAL  RMSE:0.0090  MAE:0.0068  IC:0.1817  RIC:0.1688  NLL:-3.10576  CRPS:0.00507  Sharp(σ):0.00552  PICP90:0.751|Gap:0.149  PICP95:0.809|Gap:0.141  AURC:0.00850
--- New best model (by VAL NLL) ---
Epoch 5 [0/22] Loss(NLL): 78.301788
Epoch 5 [20/22] Loss(NLL): 127.912384
Epoch 5 Train NLL: 49.775369
VAL  RMSE:0.0085  MAE:0.0064  IC:0.2026  RIC:0.1810  NLL:-3.16196  CRPS:0.00480  Sharp(σ):0.00530  PICP90:0.740|Gap:0.160  PICP95:0.821|Gap:0.129  AURC:0.00723
--- New best model (by VAL NLL) ---
Epoch 6 [0/22] Loss(NLL): 66.274261
Epoch 6 [20/22] Loss(NLL): 132.712830
Epoch 6 Train NLL: 42.018116
VAL  RMSE:0.0093  MAE:0.0070  IC:0.2212  RIC:0.2048  NLL:-3.02151  CRPS:0.00529  Sharp(σ):0.00538  PICP90:0.717|Gap:0.183  PICP95:0.792|Gap:0.158  AURC:0.00699
Epoch 7 [0/22] Loss(NLL): 70.275124
Epoch 7 [20/22] Loss(NLL): 118.255524
Epoch 7 Train NLL: 39.565110
VAL  RMSE:0.0095  MAE:0.0072  IC:0.2398  RIC:0.2299  NLL:-3.03739  CRPS:0.00541  Sharp(σ):0.00558  PICP90:0.723|Gap:0.177  PICP95:0.786|Gap:0.164  AURC:0.00837
Epoch 8 [0/22] Loss(NLL): 62.365295
Epoch 8 [20/22] Loss(NLL): 115.536194
Epoch 8 Train NLL: 37.416613
VAL  RMSE:0.0084  MAE:0.0063  IC:0.2662  RIC:0.2407  NLL:-3.29321  CRPS:0.00466  Sharp(σ):0.00568  PICP90:0.798|Gap:0.102  PICP95:0.838|Gap:0.112  AURC:0.00657
--- New best model (by VAL NLL) ---
Epoch 9 [0/22] Loss(NLL): 58.483318
Epoch 9 [20/22] Loss(NLL): 108.232918
Epoch 9 Train NLL: 37.117297
VAL  RMSE:0.0086  MAE:0.0064  IC:0.2814  RIC:0.2498  NLL:-3.11635  CRPS:0.00483  Sharp(σ):0.00528  PICP90:0.746|Gap:0.154  PICP95:0.803|Gap:0.147  AURC:0.00725
Epoch 10 [0/22] Loss(NLL): 53.363121
Epoch 10 [20/22] Loss(NLL): 100.254089
Epoch 10 Train NLL: 37.951417
VAL  RMSE:0.0082  MAE:0.0062  IC:0.2895  RIC:0.2674  NLL:-3.21630  CRPS:0.00463  Sharp(σ):0.00520  PICP90:0.763|Gap:0.137  PICP95:0.827|Gap:0.123  AURC:0.00820
Epoch 11 [0/22] Loss(NLL): 57.404541
Epoch 11 [20/22] Loss(NLL): 145.006119
Epoch 11 Train NLL: 42.178269
VAL  RMSE:0.0100  MAE:0.0077  IC:0.2885  RIC:0.2775  NLL:-2.91296  CRPS:0.00580  Sharp(σ):0.00548  PICP90:0.659|Gap:0.241  PICP95:0.757|Gap:0.193  AURC:0.00809
Epoch 12 [0/22] Loss(NLL): 48.306778
Epoch 12 [20/22] Loss(NLL): 152.745499
Epoch 12 Train NLL: 47.344143
VAL  RMSE:0.0091  MAE:0.0069  IC:0.2896  RIC:0.2846  NLL:-3.13499  CRPS:0.00516  Sharp(σ):0.00546  PICP90:0.723|Gap:0.177  PICP95:0.809|Gap:0.141  AURC:0.00718
Epoch 13 [0/22] Loss(NLL): 46.402344
Epoch 13 [20/22] Loss(NLL): 185.432343
Epoch 13 Train NLL: 60.684427
VAL  RMSE:0.0109  MAE:0.0085  IC:0.3009  RIC:0.3022  NLL:-2.69179  CRPS:0.00652  Sharp(σ):0.00548  PICP90:0.601|Gap:0.299  PICP95:0.705|Gap:0.245  AURC:0.01096
Epoch 14 [0/22] Loss(NLL): 44.930931
Epoch 14 [20/22] Loss(NLL): 254.595505
Epoch 14 Train NLL: 77.051696
VAL  RMSE:0.0167  MAE:0.0148  IC:0.3182  RIC:0.3258  NLL:-0.32514  CRPS:0.01209  Sharp(σ):0.00542  PICP90:0.225|Gap:0.675  PICP95:0.306|Gap:0.644  AURC:0.01524
Epoch 15 [0/22] Loss(NLL): 39.347420
Epoch 15 [20/22] Loss(NLL): 93.301743
Epoch 15 Train NLL: 40.076817
VAL  RMSE:0.0092  MAE:0.0069  IC:0.2709  RIC:0.2637  NLL:-3.15005  CRPS:0.00520  Sharp(σ):0.00564  PICP90:0.740|Gap:0.160  PICP95:0.803|Gap:0.147  AURC:0.00885
Epoch 16 [0/22] Loss(NLL): 213.633087
Epoch 16 [20/22] Loss(NLL): 115.231316
Epoch 16 Train NLL: 54.263172
VAL  RMSE:0.0115  MAE:0.0091  IC:0.2706  RIC:0.2737  NLL:-2.58261  CRPS:0.00700  Sharp(σ):0.00552  PICP90:0.595|Gap:0.305  PICP95:0.671|Gap:0.279  AURC:0.00952
Epoch 17 [0/22] Loss(NLL): 91.973633
Epoch 17 [20/22] Loss(NLL): 182.825287
Epoch 17 Train NLL: 75.169395
VAL  RMSE:0.0182  MAE:0.0169  IC:0.4459  RIC:0.4603  NLL:0.64182  CRPS:0.01377  Sharp(σ):0.00570  PICP90:0.127|Gap:0.773  PICP95:0.197|Gap:0.753  AURC:0.01630
Epoch 18 [0/22] Loss(NLL): 213.227463
Epoch 18 [20/22] Loss(NLL): 88.944481
Epoch 18 Train NLL: 48.975528
VAL  RMSE:0.0099  MAE:0.0076  IC:0.3243  RIC:0.3276  NLL:-2.93285  CRPS:0.00576  Sharp(σ):0.00540  PICP90:0.688|Gap:0.212  PICP95:0.757|Gap:0.193  AURC:0.01019
Epoch 19 [0/22] Loss(NLL): 28.175167
Epoch 19 [20/22] Loss(NLL): 121.942352
Epoch 19 Train NLL: 47.133812
VAL  RMSE:0.0185  MAE:0.0171  IC:0.4371  RIC:0.4299  NLL:0.30062  CRPS:0.01389  Sharp(σ):0.00599  PICP90:0.116|Gap:0.784  PICP95:0.208|Gap:0.742  AURC:0.01537
Epoch 20 [0/22] Loss(NLL): 39.903137
Epoch 20 [20/22] Loss(NLL): 71.003761
Epoch 20 Train NLL: 32.182059
VAL  RMSE:0.0125  MAE:0.0104  IC:0.3231  RIC:0.3406  NLL:-2.47711  CRPS:0.00792  Sharp(σ):0.00579  PICP90:0.491|Gap:0.409  PICP95:0.624|Gap:0.326  AURC:0.00957
Epoch 21 [0/22] Loss(NLL): 50.297928
Epoch 21 [20/22] Loss(NLL): 56.078537
Epoch 21 Train NLL: 35.605859
VAL  RMSE:0.0117  MAE:0.0098  IC:0.5135  RIC:0.5094  NLL:-2.42683  CRPS:0.00735  Sharp(σ):0.00589  PICP90:0.549|Gap:0.351  PICP95:0.699|Gap:0.251  AURC:0.00958
Epoch 22 [0/22] Loss(NLL): 35.683716
Epoch 22 [20/22] Loss(NLL): 56.054420
Epoch 22 Train NLL: 24.302602
VAL  RMSE:0.0093  MAE:0.0074  IC:0.5328  RIC:0.5059  NLL:-2.78488  CRPS:0.00546  Sharp(σ):0.00548  PICP90:0.688|Gap:0.212  PICP95:0.763|Gap:0.187  AURC:0.00827
Epoch 23 [0/22] Loss(NLL): 91.747490
Epoch 23 [20/22] Loss(NLL): 54.366917
Epoch 23 Train NLL: 34.719475
VAL  RMSE:0.0078  MAE:0.0059  IC:0.5576  RIC:0.5544  NLL:-3.37818  CRPS:0.00435  Sharp(σ):0.00566  PICP90:0.815|Gap:0.085  PICP95:0.861|Gap:0.089  AURC:0.00723
--- New best model (by VAL NLL) ---
Epoch 24 [0/22] Loss(NLL): 56.209251
Epoch 24 [20/22] Loss(NLL): 74.078873
Epoch 24 Train NLL: 23.344499
VAL  RMSE:0.0076  MAE:0.0062  IC:0.4270  RIC:0.3918  NLL:-3.44714  CRPS:0.00446  Sharp(σ):0.00527  PICP90:0.746|Gap:0.154  PICP95:0.809|Gap:0.141  AURC:0.00672
--- New best model (by VAL NLL) ---
Epoch 25 [0/22] Loss(NLL): 93.789314
Epoch 25 [20/22] Loss(NLL): 71.611107
Epoch 25 Train NLL: 33.926357
VAL  RMSE:0.0072  MAE:0.0058  IC:0.4402  RIC:0.3999  NLL:-3.54220  CRPS:0.00415  Sharp(σ):0.00547  PICP90:0.775|Gap:0.125  PICP95:0.861|Gap:0.089  AURC:0.00723
--- New best model (by VAL NLL) ---
Epoch 26 [0/22] Loss(NLL): 88.259079
Epoch 26 [20/22] Loss(NLL): 90.375931
Epoch 26 Train NLL: 37.160173
VAL  RMSE:0.0077  MAE:0.0063  IC:0.3365  RIC:0.2713  NLL:-3.41152  CRPS:0.00452  Sharp(σ):0.00554  PICP90:0.734|Gap:0.166  PICP95:0.821|Gap:0.129  AURC:0.00710
Epoch 27 [0/22] Loss(NLL): 78.828796
Epoch 27 [20/22] Loss(NLL): 126.347374
Epoch 27 Train NLL: 41.238216
VAL  RMSE:0.0086  MAE:0.0071  IC:0.3385  RIC:0.2801  NLL:-3.29424  CRPS:0.00517  Sharp(σ):0.00561  PICP90:0.694|Gap:0.206  PICP95:0.763|Gap:0.187  AURC:0.00756
Epoch 28 [0/22] Loss(NLL): 98.467506
Epoch 28 [20/22] Loss(NLL): 157.160233
Epoch 28 Train NLL: 50.235446
VAL  RMSE:0.0101  MAE:0.0082  IC:0.2640  RIC:0.2026  NLL:-2.94381  CRPS:0.00623  Sharp(σ):0.00542  PICP90:0.584|Gap:0.316  PICP95:0.682|Gap:0.268  AURC:0.00843
Epoch 29 [0/22] Loss(NLL): 87.877426
Epoch 29 [20/22] Loss(NLL): 128.831940
Epoch 29 Train NLL: 59.716038
VAL  RMSE:0.0091  MAE:0.0073  IC:0.2989  RIC:0.2437  NLL:-2.55918  CRPS:0.00545  Sharp(σ):0.00523  PICP90:0.642|Gap:0.258  PICP95:0.751|Gap:0.199  AURC:0.00908
Epoch 30 [0/22] Loss(NLL): 67.514282
Epoch 30 [20/22] Loss(NLL): 170.148727
Epoch 30 Train NLL: 35.829493
VAL  RMSE:0.0105  MAE:0.0087  IC:0.1345  RIC:0.0774  NLL:-2.64988  CRPS:0.00666  Sharp(σ):0.00531  PICP90:0.549|Gap:0.351  PICP95:0.607|Gap:0.343  AURC:0.01047
Epoch 31 [0/22] Loss(NLL): 32.268669
Epoch 31 [20/22] Loss(NLL): 189.715714
Epoch 31 Train NLL: 62.907821
VAL  RMSE:0.0107  MAE:0.0090  IC:0.2998  RIC:0.2515  NLL:-2.54115  CRPS:0.00687  Sharp(σ):0.00502  PICP90:0.486|Gap:0.414  PICP95:0.607|Gap:0.343  AURC:0.00774
Epoch 32 [0/22] Loss(NLL): 71.462654
Epoch 32 [20/22] Loss(NLL): 316.447266
Epoch 32 Train NLL: 63.557235
VAL  RMSE:0.0113  MAE:0.0096  IC:0.1184  RIC:0.0749  NLL:-2.17527  CRPS:0.00735  Sharp(σ):0.00524  PICP90:0.468|Gap:0.432  PICP95:0.566|Gap:0.384  AURC:0.00985
Epoch 33 [0/22] Loss(NLL): 105.618782
Epoch 33 [20/22] Loss(NLL): 104.191681
Epoch 33 Train NLL: 37.545180
VAL  RMSE:0.0133  MAE:0.0113  IC:0.2510  RIC:0.2249  NLL:-1.73318  CRPS:0.00908  Sharp(σ):0.00514  PICP90:0.393|Gap:0.507  PICP95:0.451|Gap:0.499  AURC:0.01386
Epoch 34 [0/22] Loss(NLL): 153.585938
Epoch 34 [20/22] Loss(NLL): 107.982605
Epoch 34 Train NLL: 44.156586
VAL  RMSE:0.0097  MAE:0.0079  IC:0.2379  RIC:0.1852  NLL:-2.97084  CRPS:0.00594  Sharp(σ):0.00517  PICP90:0.601|Gap:0.299  PICP95:0.659|Gap:0.291  AURC:0.00756
Epoch 35 [0/22] Loss(NLL): 35.204254
Epoch 35 [20/22] Loss(NLL): 56.151833
Epoch 35 Train NLL: 39.337715
VAL  RMSE:0.0149  MAE:0.0135  IC:0.5504  RIC:0.5330  NLL:0.19189  CRPS:0.01103  Sharp(σ):0.00496  PICP90:0.179|Gap:0.721  PICP95:0.249|Gap:0.701  AURC:0.01339
Epoch 36 [0/22] Loss(NLL): 27.444357
Epoch 36 [20/22] Loss(NLL): 28.120972
Epoch 36 Train NLL: 14.594490
VAL  RMSE:0.0066  MAE:0.0051  IC:0.5958  RIC:0.5760  NLL:-3.64228  CRPS:0.00370  Sharp(σ):0.00536  PICP90:0.809|Gap:0.091  PICP95:0.884|Gap:0.066  AURC:0.00539
--- New best model (by VAL NLL) ---
Epoch 37 [0/22] Loss(NLL): 145.378006
Epoch 37 [20/22] Loss(NLL): 32.013992
Epoch 37 Train NLL: 31.818732
VAL  RMSE:0.0088  MAE:0.0074  IC:0.5606  RIC:0.5378  NLL:-2.43691  CRPS:0.00553  Sharp(σ):0.00465  PICP90:0.543|Gap:0.357  PICP95:0.659|Gap:0.291  AURC:0.00841
Epoch 38 [0/22] Loss(NLL): 25.408247
Epoch 38 [20/22] Loss(NLL): 90.116417
Epoch 38 Train NLL: 34.845312
VAL  RMSE:0.0156  MAE:0.0142  IC:0.5432  RIC:0.5154  NLL:-0.59133  CRPS:0.01145  Sharp(σ):0.00523  PICP90:0.179|Gap:0.721  PICP95:0.277|Gap:0.673  AURC:0.01271
Epoch 39 [0/22] Loss(NLL): 27.851574
Epoch 39 [20/22] Loss(NLL): 21.511473
Epoch 39 Train NLL: 13.477379
VAL  RMSE:0.0058  MAE:0.0044  IC:0.6718  RIC:0.6509  NLL:-3.71983  CRPS:0.00323  Sharp(σ):0.00464  PICP90:0.844|Gap:0.056  PICP95:0.867|Gap:0.083  AURC:0.00554
--- New best model (by VAL NLL) ---
Epoch 40 [0/22] Loss(NLL): 78.101151
Epoch 40 [20/22] Loss(NLL): 28.959400
Epoch 40 Train NLL: 25.900275
VAL  RMSE:0.0068  MAE:0.0053  IC:0.6628  RIC:0.5952  NLL:-3.35996  CRPS:0.00389  Sharp(σ):0.00522  PICP90:0.757|Gap:0.143  PICP95:0.832|Gap:0.118  AURC:0.00648
Epoch 41 [0/22] Loss(NLL): 47.252689
Epoch 41 [20/22] Loss(NLL): 43.953888
Epoch 41 Train NLL: 17.958534
VAL  RMSE:0.0085  MAE:0.0069  IC:0.5130  RIC:0.4290  NLL:-3.19229  CRPS:0.00519  Sharp(σ):0.00479  PICP90:0.590|Gap:0.310  PICP95:0.711|Gap:0.239  AURC:0.00800
Epoch 42 [0/22] Loss(NLL): 24.493807
Epoch 42 [20/22] Loss(NLL): 32.550327
Epoch 42 Train NLL: 17.944778
VAL  RMSE:0.0067  MAE:0.0054  IC:0.5314  RIC:0.4604  NLL:-3.58551  CRPS:0.00389  Sharp(σ):0.00500  PICP90:0.780|Gap:0.120  PICP95:0.832|Gap:0.118  AURC:0.00666
Epoch 43 [0/22] Loss(NLL): 117.366722
Epoch 43 [20/22] Loss(NLL): 20.469946
Epoch 43 Train NLL: 35.833254
VAL  RMSE:0.0094  MAE:0.0082  IC:0.7167  RIC:0.6550  NLL:-2.72742  CRPS:0.00595  Sharp(σ):0.00532  PICP90:0.595|Gap:0.305  PICP95:0.699|Gap:0.251  AURC:0.00832
Epoch 44 [0/22] Loss(NLL): 27.174065
Epoch 44 [20/22] Loss(NLL): 30.011280
Epoch 44 Train NLL: 12.705955
VAL  RMSE:0.0100  MAE:0.0083  IC:0.6066  RIC:0.5767  NLL:-2.81992  CRPS:0.00627  Sharp(σ):0.00493  PICP90:0.561|Gap:0.339  PICP95:0.665|Gap:0.285  AURC:0.00766
Epoch 45 [0/22] Loss(NLL): 105.357864
Epoch 45 [20/22] Loss(NLL): 18.949160
Epoch 45 Train NLL: 20.628293
VAL  RMSE:0.0060  MAE:0.0046  IC:0.6600  RIC:0.6263  NLL:-3.68310  CRPS:0.00332  Sharp(σ):0.00476  PICP90:0.821|Gap:0.079  PICP95:0.884|Gap:0.066  AURC:0.00558
Epoch 46 [0/22] Loss(NLL): 23.321100
Epoch 46 [20/22] Loss(NLL): 12.826582
Epoch 46 Train NLL: 15.564450
VAL  RMSE:0.0074  MAE:0.0059  IC:0.7314  RIC:0.6972  NLL:-3.43771  CRPS:0.00432  Sharp(σ):0.00491  PICP90:0.746|Gap:0.154  PICP95:0.821|Gap:0.129  AURC:0.00694
Epoch 47 [0/22] Loss(NLL): 58.651772
Epoch 47 [20/22] Loss(NLL): 35.244274
Epoch 47 Train NLL: 21.427467
VAL  RMSE:0.0053  MAE:0.0043  IC:0.7736  RIC:0.7155  NLL:-3.87601  CRPS:0.00300  Sharp(σ):0.00489  PICP90:0.855|Gap:0.045  PICP95:0.936|Gap:0.014  AURC:0.00481
--- New best model (by VAL NLL) ---
Epoch 48 [0/22] Loss(NLL): 66.287048
Epoch 48 [20/22] Loss(NLL): 48.031940
Epoch 48 Train NLL: 23.816588
VAL  RMSE:0.0064  MAE:0.0053  IC:0.6649  RIC:0.5877  NLL:-3.67704  CRPS:0.00372  Sharp(σ):0.00508  PICP90:0.763|Gap:0.137  PICP95:0.867|Gap:0.083  AURC:0.00595
Epoch 49 [0/22] Loss(NLL): 26.580858
Epoch 49 [20/22] Loss(NLL): 57.546295
Epoch 49 Train NLL: 18.601821
VAL  RMSE:0.0080  MAE:0.0067  IC:0.6616  RIC:0.6040  NLL:-3.18848  CRPS:0.00483  Sharp(σ):0.00526  PICP90:0.665|Gap:0.235  PICP95:0.798|Gap:0.152  AURC:0.00759
Epoch 50 [0/22] Loss(NLL): 36.283726
Epoch 50 [20/22] Loss(NLL): 20.368214
Epoch 50 Train NLL: 13.395367
VAL  RMSE:0.0059  MAE:0.0048  IC:0.6965  RIC:0.6202  NLL:-3.74566  CRPS:0.00335  Sharp(σ):0.00538  PICP90:0.861|Gap:0.039  PICP95:0.931|Gap:0.019  AURC:0.00525
Epoch 51 [0/22] Loss(NLL): 59.758862
Epoch 51 [20/22] Loss(NLL): 22.333324
Epoch 51 Train NLL: 20.567138
VAL  RMSE:0.0068  MAE:0.0054  IC:0.7174  RIC:0.6464  NLL:-3.62504  CRPS:0.00385  Sharp(σ):0.00541  PICP90:0.803|Gap:0.097  PICP95:0.890|Gap:0.060  AURC:0.00520
Epoch 52 [0/22] Loss(NLL): 63.337719
Epoch 52 [20/22] Loss(NLL): 18.408516
Epoch 52 Train NLL: 24.179539
VAL  RMSE:0.0065  MAE:0.0053  IC:0.6382  RIC:0.6021  NLL:-3.41493  CRPS:0.00375  Sharp(σ):0.00491  PICP90:0.798|Gap:0.102  PICP95:0.873|Gap:0.077  AURC:0.00533
Epoch 53 [0/22] Loss(NLL): 34.151348
Epoch 53 [20/22] Loss(NLL): 27.874245
Epoch 53 Train NLL: 26.876139
VAL  RMSE:0.0080  MAE:0.0065  IC:0.7628  RIC:0.7228  NLL:-3.30786  CRPS:0.00477  Sharp(σ):0.00492  PICP90:0.717|Gap:0.183  PICP95:0.792|Gap:0.158  AURC:0.00635
Epoch 54 [0/22] Loss(NLL): 20.768486
Epoch 54 [20/22] Loss(NLL): 28.053234
Epoch 54 Train NLL: 12.647924
VAL  RMSE:0.0050  MAE:0.0041  IC:0.8675  RIC:0.8184  NLL:-3.93430  CRPS:0.00283  Sharp(σ):0.00489  PICP90:0.884|Gap:0.016  PICP95:0.960|Gap:0.010  AURC:0.00426
--- New best model (by VAL NLL) ---
Epoch 55 [0/22] Loss(NLL): 22.644463
Epoch 55 [20/22] Loss(NLL): 43.710197
Epoch 55 Train NLL: 13.886182
VAL  RMSE:0.0099  MAE:0.0086  IC:0.7625  RIC:0.6731  NLL:-2.85150  CRPS:0.00636  Sharp(σ):0.00540  PICP90:0.549|Gap:0.351  PICP95:0.630|Gap:0.320  AURC:0.00834
Epoch 56 [0/22] Loss(NLL): 23.211891
Epoch 56 [20/22] Loss(NLL): 16.237043
Epoch 56 Train NLL: 7.217523
VAL  RMSE:0.0081  MAE:0.0065  IC:0.6082  RIC:0.5105  NLL:-2.74353  CRPS:0.00480  Sharp(σ):0.00530  PICP90:0.671|Gap:0.229  PICP95:0.780|Gap:0.170  AURC:0.00544
Epoch 57 [0/22] Loss(NLL): 131.723572
Epoch 57 [20/22] Loss(NLL): 13.311543
Epoch 57 Train NLL: 18.172069
VAL  RMSE:0.0050  MAE:0.0041  IC:0.8013  RIC:0.7439  NLL:-3.88271  CRPS:0.00283  Sharp(σ):0.00495  PICP90:0.913|Gap:0.013  PICP95:0.960|Gap:0.010  AURC:0.00470
Epoch 58 [0/22] Loss(NLL): 18.072397
Epoch 58 [20/22] Loss(NLL): 15.784081
Epoch 58 Train NLL: 16.103682
VAL  RMSE:0.0050  MAE:0.0041  IC:0.8295  RIC:0.7774  NLL:-3.86997  CRPS:0.00284  Sharp(σ):0.00510  PICP90:0.931|Gap:0.031  PICP95:0.954|Gap:0.004  AURC:0.00460
Epoch 59 [0/22] Loss(NLL): 13.133011
Epoch 59 [20/22] Loss(NLL): 11.571847
Epoch 59 Train NLL: 9.499915
VAL  RMSE:0.0051  MAE:0.0040  IC:0.8637  RIC:0.8196  NLL:-3.84896  CRPS:0.00288  Sharp(σ):0.00592  PICP90:0.931|Gap:0.031  PICP95:0.971|Gap:0.021  AURC:0.00465
Epoch 60 [0/22] Loss(NLL): 21.600143
Epoch 60 [20/22] Loss(NLL): 15.930635
Epoch 60 Train NLL: 4.399694
VAL  RMSE:0.0072  MAE:0.0063  IC:0.8789  RIC:0.8340  NLL:-3.22193  CRPS:0.00440  Sharp(σ):0.00494  PICP90:0.682|Gap:0.218  PICP95:0.809|Gap:0.141  AURC:0.00674
Epoch 61 [0/22] Loss(NLL): 42.564507
Epoch 61 [20/22] Loss(NLL): 25.565863
Epoch 61 Train NLL: 10.297899
VAL  RMSE:0.0068  MAE:0.0058  IC:0.9109  RIC:0.8713  NLL:-3.52828  CRPS:0.00410  Sharp(σ):0.00516  PICP90:0.757|Gap:0.143  PICP95:0.867|Gap:0.083  AURC:0.00574
Epoch 62 [0/22] Loss(NLL): 27.852163
Epoch 62 [20/22] Loss(NLL): 38.623592
Epoch 62 Train NLL: 11.890857
VAL  RMSE:0.0100  MAE:0.0090  IC:0.8569  RIC:0.8056  NLL:-2.74099  CRPS:0.00655  Sharp(σ):0.00554  PICP90:0.503|Gap:0.397  PICP95:0.601|Gap:0.349  AURC:0.00922
Epoch 63 [0/22] Loss(NLL): 15.723351
Epoch 63 [20/22] Loss(NLL): 13.968805
Epoch 63 Train NLL: 8.171879
VAL  RMSE:0.0048  MAE:0.0039  IC:0.8315  RIC:0.7589  NLL:-3.95334  CRPS:0.00273  Sharp(σ):0.00541  PICP90:0.948|Gap:0.048  PICP95:0.994|Gap:0.044  AURC:0.00424
--- New best model (by VAL NLL) ---
Epoch 64 [0/22] Loss(NLL): 25.916559
Epoch 64 [20/22] Loss(NLL): 14.035940
Epoch 64 Train NLL: 11.003750
VAL  RMSE:0.0063  MAE:0.0050  IC:0.8368  RIC:0.7842  NLL:-3.61568  CRPS:0.00356  Sharp(σ):0.00523  PICP90:0.786|Gap:0.114  PICP95:0.890|Gap:0.060  AURC:0.00597
Epoch 65 [0/22] Loss(NLL): 16.247746
Epoch 65 [20/22] Loss(NLL): 26.049036
Epoch 65 Train NLL: 18.154403
VAL  RMSE:0.0046  MAE:0.0037  IC:0.8454  RIC:0.7741  NLL:-3.91482  CRPS:0.00261  Sharp(σ):0.00511  PICP90:0.925|Gap:0.025  PICP95:0.977|Gap:0.027  AURC:0.00393
Epoch 66 [0/22] Loss(NLL): 14.776331
Epoch 66 [20/22] Loss(NLL): 18.350718
Epoch 66 Train NLL: 4.909725
VAL  RMSE:0.0088  MAE:0.0075  IC:0.7758  RIC:0.7190  NLL:-3.07586  CRPS:0.00551  Sharp(σ):0.00483  PICP90:0.578|Gap:0.322  PICP95:0.682|Gap:0.268  AURC:0.00823
Epoch 67 [0/22] Loss(NLL): 19.453373
Epoch 67 [20/22] Loss(NLL): 6.173807
Epoch 67 Train NLL: 9.801105
VAL  RMSE:0.0053  MAE:0.0040  IC:0.8563  RIC:0.8161  NLL:-3.85349  CRPS:0.00292  Sharp(σ):0.00518  PICP90:0.902|Gap:0.002  PICP95:0.919|Gap:0.031  AURC:0.00507
Epoch 68 [0/22] Loss(NLL): 76.090240
Epoch 68 [20/22] Loss(NLL): 14.494696
Epoch 68 Train NLL: 15.263930
VAL  RMSE:0.0052  MAE:0.0044  IC:0.9256  RIC:0.8999  NLL:-3.84654  CRPS:0.00300  Sharp(σ):0.00533  PICP90:0.931|Gap:0.031  PICP95:0.988|Gap:0.038  AURC:0.00470
Epoch 69 [0/22] Loss(NLL): 24.205338
Epoch 69 [20/22] Loss(NLL): 35.965752
Epoch 69 Train NLL: 17.028779
VAL  RMSE:0.0051  MAE:0.0042  IC:0.8039  RIC:0.7255  NLL:-3.91919  CRPS:0.00292  Sharp(σ):0.00538  PICP90:0.936|Gap:0.036  PICP95:0.977|Gap:0.027  AURC:0.00413
Epoch 70 [0/22] Loss(NLL): 14.677824
Epoch 70 [20/22] Loss(NLL): 17.115868
Epoch 70 Train NLL: 7.928908
VAL  RMSE:0.0060  MAE:0.0050  IC:0.8764  RIC:0.8144  NLL:-3.75543  CRPS:0.00351  Sharp(σ):0.00493  PICP90:0.786|Gap:0.114  PICP95:0.902|Gap:0.048  AURC:0.00581
Epoch 71 [0/22] Loss(NLL): 10.668441
Epoch 71 [20/22] Loss(NLL): 10.823032
Epoch 71 Train NLL: 3.544162
VAL  RMSE:0.0071  MAE:0.0060  IC:0.9007  RIC:0.8506  NLL:-3.23181  CRPS:0.00427  Sharp(σ):0.00503  PICP90:0.711|Gap:0.189  PICP95:0.838|Gap:0.112  AURC:0.00670
Epoch 72 [0/22] Loss(NLL): 39.915771
Epoch 72 [20/22] Loss(NLL): 6.895158
Epoch 72 Train NLL: 4.295598
VAL  RMSE:0.0040  MAE:0.0031  IC:0.8798  RIC:0.8326  NLL:-4.07755  CRPS:0.00227  Sharp(σ):0.00486  PICP90:0.948|Gap:0.048  PICP95:0.971|Gap:0.021  AURC:0.00341
--- New best model (by VAL NLL) ---
Epoch 73 [0/22] Loss(NLL): 10.439537
Epoch 73 [20/22] Loss(NLL): 6.383053
Epoch 73 Train NLL: 4.768235
VAL  RMSE:0.0042  MAE:0.0033  IC:0.9101  RIC:0.8778  NLL:-4.04679  CRPS:0.00238  Sharp(σ):0.00488  PICP90:0.919|Gap:0.019  PICP95:0.960|Gap:0.010  AURC:0.00402
Epoch 74 [0/22] Loss(NLL): 8.877589
Epoch 74 [20/22] Loss(NLL): 10.753416
Epoch 74 Train NLL: 3.774676
VAL  RMSE:0.0046  MAE:0.0039  IC:0.9150  RIC:0.8858  NLL:-3.86494  CRPS:0.00266  Sharp(σ):0.00517  PICP90:0.948|Gap:0.048  PICP95:0.983|Gap:0.033  AURC:0.00453
Epoch 75 [0/22] Loss(NLL): 25.999041
Epoch 75 [20/22] Loss(NLL): 46.706184
Epoch 75 Train NLL: 11.110197
VAL  RMSE:0.0036  MAE:0.0030  IC:0.9213  RIC:0.8968  NLL:-4.13729  CRPS:0.00212  Sharp(σ):0.00513  PICP90:0.994|Gap:0.094  PICP95:0.994|Gap:0.044  AURC:0.00315
--- New best model (by VAL NLL) ---
Epoch 76 [0/22] Loss(NLL): 14.649201
Epoch 76 [20/22] Loss(NLL): 27.115391
Epoch 76 Train NLL: 12.293295
VAL  RMSE:0.0063  MAE:0.0054  IC:0.9010  RIC:0.8733  NLL:-3.56072  CRPS:0.00377  Sharp(σ):0.00465  PICP90:0.751|Gap:0.149  PICP95:0.855|Gap:0.095  AURC:0.00531
Epoch 77 [0/22] Loss(NLL): 10.002501
Epoch 77 [20/22] Loss(NLL): 10.912189
Epoch 77 Train NLL: 4.972464
VAL  RMSE:0.0052  MAE:0.0041  IC:0.9096  RIC:0.8760  NLL:-3.80737  CRPS:0.00294  Sharp(σ):0.00511  PICP90:0.890|Gap:0.010  PICP95:0.948|Gap:0.002  AURC:0.00513
Epoch 78 [0/22] Loss(NLL): 7.314550
Epoch 78 [20/22] Loss(NLL): 8.996964
Epoch 78 Train NLL: 4.670288
VAL  RMSE:0.0040  MAE:0.0033  IC:0.9156  RIC:0.8849  NLL:-4.06034  CRPS:0.00233  Sharp(σ):0.00519  PICP90:0.965|Gap:0.065  PICP95:0.988|Gap:0.038  AURC:0.00356
Epoch 79 [0/22] Loss(NLL): 8.064938
Epoch 79 [20/22] Loss(NLL): 16.529266
Epoch 79 Train NLL: 4.851800
VAL  RMSE:0.0087  MAE:0.0080  IC:0.9304  RIC:0.9037  NLL:-2.78668  CRPS:0.00579  Sharp(σ):0.00476  PICP90:0.474|Gap:0.426  PICP95:0.618|Gap:0.332  AURC:0.00751
Epoch 80 [0/22] Loss(NLL): 12.012384
Epoch 80 [20/22] Loss(NLL): 7.096006
Epoch 80 Train NLL: 2.082509
VAL  RMSE:0.0041  MAE:0.0034  IC:0.9243  RIC:0.8893  NLL:-4.02435  CRPS:0.00236  Sharp(σ):0.00501  PICP90:0.965|Gap:0.065  PICP95:0.988|Gap:0.038  AURC:0.00371
Epoch 81 [0/22] Loss(NLL): 22.295753
Epoch 81 [20/22] Loss(NLL): 3.142936
Epoch 81 Train NLL: 3.259226
VAL  RMSE:0.0035  MAE:0.0029  IC:0.9279  RIC:0.8993  NLL:-4.12524  CRPS:0.00206  Sharp(σ):0.00504  PICP90:0.988|Gap:0.088  PICP95:0.994|Gap:0.044  AURC:0.00318
Epoch 82 [0/22] Loss(NLL): 29.394712
Epoch 82 [20/22] Loss(NLL): 23.990337
Epoch 82 Train NLL: 5.957012
VAL  RMSE:0.0065  MAE:0.0057  IC:0.9257  RIC:0.9019  NLL:-3.49423  CRPS:0.00390  Sharp(σ):0.00521  PICP90:0.798|Gap:0.102  PICP95:0.902|Gap:0.048  AURC:0.00581
Epoch 83 [0/22] Loss(NLL): 23.462069
Epoch 83 [20/22] Loss(NLL): 28.126724
Epoch 83 Train NLL: 11.860660
VAL  RMSE:0.0094  MAE:0.0086  IC:0.8767  RIC:0.8327  NLL:-2.74792  CRPS:0.00624  Sharp(σ):0.00502  PICP90:0.503|Gap:0.397  PICP95:0.653|Gap:0.297  AURC:0.00745
Epoch 84 [0/22] Loss(NLL): 13.911429
Epoch 84 [20/22] Loss(NLL): 2.471098
Epoch 84 Train NLL: 7.143303
VAL  RMSE:0.0038  MAE:0.0031  IC:0.9241  RIC:0.8939  NLL:-4.04961  CRPS:0.00223  Sharp(σ):0.00534  PICP90:0.994|Gap:0.094  PICP95:1.000|Gap:0.050  AURC:0.00337
Epoch 85 [0/22] Loss(NLL): 84.823250
Epoch 85 [20/22] Loss(NLL): 6.667479
Epoch 85 Train NLL: 16.068685
VAL  RMSE:0.0036  MAE:0.0029  IC:0.8991  RIC:0.8478  NLL:-4.12164  CRPS:0.00215  Sharp(σ):0.00549  PICP90:1.000|Gap:0.100  PICP95:1.000|Gap:0.050  AURC:0.00295
Epoch 86 [0/22] Loss(NLL): 6.710492
Epoch 86 [20/22] Loss(NLL): 34.609451
Epoch 86 Train NLL: 13.067157
VAL  RMSE:0.0053  MAE:0.0043  IC:0.8295  RIC:0.7675  NLL:-3.77803  CRPS:0.00302  Sharp(σ):0.00479  PICP90:0.855|Gap:0.045  PICP95:0.919|Gap:0.031  AURC:0.00417
Epoch 87 [0/22] Loss(NLL): 34.052158
Epoch 87 [20/22] Loss(NLL): 24.258049
Epoch 87 Train NLL: 17.093652
VAL  RMSE:0.0086  MAE:0.0078  IC:0.9081  RIC:0.8654  NLL:-2.94911  CRPS:0.00562  Sharp(σ):0.00492  PICP90:0.509|Gap:0.391  PICP95:0.653|Gap:0.297  AURC:0.00740
Epoch 88 [0/22] Loss(NLL): 17.262688
Epoch 88 [20/22] Loss(NLL): 4.990487
Epoch 88 Train NLL: 2.004633
VAL  RMSE:0.0037  MAE:0.0029  IC:0.9347  RIC:0.9048  NLL:-4.17958  CRPS:0.00210  Sharp(σ):0.00461  PICP90:0.965|Gap:0.065  PICP95:0.988|Gap:0.038  AURC:0.00307
--- New best model (by VAL NLL) ---
Epoch 89 [0/22] Loss(NLL): 19.365452
Epoch 89 [20/22] Loss(NLL): 3.096659
Epoch 89 Train NLL: 1.973510
VAL  RMSE:0.0033  MAE:0.0027  IC:0.9253  RIC:0.8910  NLL:-4.14399  CRPS:0.00197  Sharp(σ):0.00498  PICP90:0.988|Gap:0.088  PICP95:0.994|Gap:0.044  AURC:0.00322
Epoch 90 [0/22] Loss(NLL): 10.539399
Epoch 90 [20/22] Loss(NLL): 1.149651
Epoch 90 Train NLL: -0.874324
VAL  RMSE:0.0030  MAE:0.0025  IC:0.9536  RIC:0.9367  NLL:-4.21869  CRPS:0.00186  Sharp(σ):0.00507  PICP90:1.000|Gap:0.100  PICP95:1.000|Gap:0.050  AURC:0.00270
--- New best model (by VAL NLL) ---
Epoch 91 [0/22] Loss(NLL): 5.404341
Epoch 91 [20/22] Loss(NLL): 3.464810
Epoch 91 Train NLL: -0.688763
VAL  RMSE:0.0042  MAE:0.0035  IC:0.9472  RIC:0.9190  NLL:-4.09194  CRPS:0.00241  Sharp(σ):0.00493  PICP90:0.983|Gap:0.083  PICP95:1.000|Gap:0.050  AURC:0.00409
Epoch 92 [0/22] Loss(NLL): 5.698248
Epoch 92 [20/22] Loss(NLL): 4.134713
Epoch 92 Train NLL: -0.843800
VAL  RMSE:0.0051  MAE:0.0045  IC:0.9520  RIC:0.9244  NLL:-3.75106  CRPS:0.00301  Sharp(σ):0.00494  PICP90:0.925|Gap:0.025  PICP95:0.977|Gap:0.027  AURC:0.00499
Epoch 93 [0/22] Loss(NLL): 8.981356
Epoch 93 [20/22] Loss(NLL): 8.766109
Epoch 93 Train NLL: 0.666818
VAL  RMSE:0.0068  MAE:0.0059  IC:0.8738  RIC:0.8061  NLL:-3.71143  CRPS:0.00412  Sharp(σ):0.00490  PICP90:0.682|Gap:0.218  PICP95:0.844|Gap:0.106  AURC:0.00598
Epoch 94 [0/22] Loss(NLL): 8.864366
Epoch 94 [20/22] Loss(NLL): 4.381242
Epoch 94 Train NLL: 0.694879
VAL  RMSE:0.0032  MAE:0.0026  IC:0.9402  RIC:0.9093  NLL:-4.19608  CRPS:0.00192  Sharp(σ):0.00494  PICP90:0.988|Gap:0.088  PICP95:1.000|Gap:0.050  AURC:0.00275
Epoch 95 [0/22] Loss(NLL): 4.069578
Epoch 95 [20/22] Loss(NLL): 1.954354
Epoch 95 Train NLL: 2.074648
VAL  RMSE:0.0034  MAE:0.0028  IC:0.9140  RIC:0.8658  NLL:-4.15185  CRPS:0.00200  Sharp(σ):0.00483  PICP90:0.983|Gap:0.083  PICP95:1.000|Gap:0.050  AURC:0.00296
Epoch 96 [0/22] Loss(NLL): 30.331318
Epoch 96 [20/22] Loss(NLL): 5.268480
Epoch 96 Train NLL: 6.100763
VAL  RMSE:0.0055  MAE:0.0048  IC:0.9404  RIC:0.9113  NLL:-3.83346  CRPS:0.00323  Sharp(σ):0.00494  PICP90:0.890|Gap:0.010  PICP95:0.960|Gap:0.010  AURC:0.00508
Epoch 97 [0/22] Loss(NLL): 81.436691
Epoch 97 [20/22] Loss(NLL): 7.509028
Epoch 97 Train NLL: 17.745467
VAL  RMSE:0.0047  MAE:0.0039  IC:0.9410  RIC:0.9148  NLL:-4.02598  CRPS:0.00268  Sharp(σ):0.00501  PICP90:0.942|Gap:0.042  PICP95:0.977|Gap:0.027  AURC:0.00381
Epoch 98 [0/22] Loss(NLL): 45.037571
Epoch 98 [20/22] Loss(NLL): 32.971439
Epoch 98 Train NLL: 23.474918
VAL  RMSE:0.0062  MAE:0.0052  IC:0.8609  RIC:0.8235  NLL:-3.62024  CRPS:0.00365  Sharp(σ):0.00479  PICP90:0.780|Gap:0.120  PICP95:0.850|Gap:0.100  AURC:0.00561
Epoch 99 [0/22] Loss(NLL): 21.979130
Epoch 99 [20/22] Loss(NLL): 11.101126
Epoch 99 Train NLL: 6.061399
VAL  RMSE:0.0080  MAE:0.0076  IC:0.9441  RIC:0.9310  NLL:-3.23160  CRPS:0.00511  Sharp(σ):0.00548  PICP90:0.723|Gap:0.177  PICP95:0.855|Gap:0.095  AURC:0.00701
Epoch 100 [0/22] Loss(NLL): 15.210798
Epoch 100 [20/22] Loss(NLL): 5.946236
Epoch 100 Train NLL: 4.541329
VAL  RMSE:0.0054  MAE:0.0044  IC:0.8667  RIC:0.8141  NLL:-3.96479  CRPS:0.00305  Sharp(σ):0.00482  PICP90:0.861|Gap:0.039  PICP95:0.936|Gap:0.014  AURC:0.00406
Epoch 101 [0/22] Loss(NLL): 8.018622
Epoch 101 [20/22] Loss(NLL): 13.740134
Epoch 101 Train NLL: 7.675180
VAL  RMSE:0.0033  MAE:0.0027  IC:0.9404  RIC:0.9256  NLL:-4.19841  CRPS:0.00195  Sharp(σ):0.00503  PICP90:0.988|Gap:0.088  PICP95:0.994|Gap:0.044  AURC:0.00295
Epoch 102 [0/22] Loss(NLL): 13.351896
Epoch 102 [20/22] Loss(NLL): 22.410183
Epoch 102 Train NLL: 11.130863
VAL  RMSE:0.0057  MAE:0.0050  IC:0.9254  RIC:0.9140  NLL:-3.74049  CRPS:0.00337  Sharp(σ):0.00489  PICP90:0.873|Gap:0.027  PICP95:0.942|Gap:0.008  AURC:0.00519
Epoch 103 [0/22] Loss(NLL): 17.229523
Epoch 103 [20/22] Loss(NLL): 32.920410
Epoch 103 Train NLL: 10.225736
VAL  RMSE:0.0054  MAE:0.0046  IC:0.9152  RIC:0.8754  NLL:-3.89187  CRPS:0.00315  Sharp(σ):0.00477  PICP90:0.850|Gap:0.050  PICP95:0.925|Gap:0.025  AURC:0.00586
Epoch 104 [0/22] Loss(NLL): 11.238586
Epoch 104 [20/22] Loss(NLL): 13.212081
Epoch 104 Train NLL: 8.960389
VAL  RMSE:0.0071  MAE:0.0062  IC:0.8484  RIC:0.7653  NLL:-3.67099  CRPS:0.00431  Sharp(σ):0.00509  PICP90:0.728|Gap:0.172  PICP95:0.855|Gap:0.095  AURC:0.00542
Epoch 105 [0/22] Loss(NLL): 7.008718
Epoch 105 [20/22] Loss(NLL): 15.382566
Epoch 105 Train NLL: 13.222244
VAL  RMSE:0.0048  MAE:0.0041  IC:0.9234  RIC:0.8828  NLL:-3.91698  CRPS:0.00277  Sharp(σ):0.00467  PICP90:0.884|Gap:0.016  PICP95:0.983|Gap:0.033  AURC:0.00403
Epoch 106 [0/22] Loss(NLL): 7.196684
Epoch 106 [20/22] Loss(NLL): 2.110429
Epoch 106 Train NLL: 4.310617
VAL  RMSE:0.0034  MAE:0.0027  IC:0.9162  RIC:0.8711  NLL:-4.16494  CRPS:0.00202  Sharp(σ):0.00526  PICP90:0.988|Gap:0.088  PICP95:1.000|Gap:0.050  AURC:0.00294
Epoch 107 [0/22] Loss(NLL): 17.752880
Epoch 107 [20/22] Loss(NLL): 1.604223
Epoch 107 Train NLL: 4.732643
VAL  RMSE:0.0036  MAE:0.0029  IC:0.9312  RIC:0.9048  NLL:-4.15444  CRPS:0.00209  Sharp(σ):0.00510  PICP90:0.988|Gap:0.088  PICP95:0.988|Gap:0.038  AURC:0.00295
Epoch 108 [0/22] Loss(NLL): 25.082592
Epoch 108 [20/22] Loss(NLL): 6.693588
Epoch 108 Train NLL: 6.765081
VAL  RMSE:0.0101  MAE:0.0096  IC:0.9136  RIC:0.8694  NLL:-2.74285  CRPS:0.00702  Sharp(σ):0.00506  PICP90:0.324|Gap:0.576  PICP95:0.509|Gap:0.441  AURC:0.00986
Epoch 109 [0/22] Loss(NLL): 9.213413
Epoch 109 [20/22] Loss(NLL): 3.699760
Epoch 109 Train NLL: 3.660330
VAL  RMSE:0.0035  MAE:0.0027  IC:0.9159  RIC:0.8812  NLL:-4.04926  CRPS:0.00205  Sharp(σ):0.00508  PICP90:0.977|Gap:0.077  PICP95:0.994|Gap:0.044  AURC:0.00361
Epoch 110 [0/22] Loss(NLL): 20.750511
Epoch 110 [20/22] Loss(NLL): 2.145362
Epoch 110 Train NLL: 2.972582
VAL  RMSE:0.0036  MAE:0.0030  IC:0.9164  RIC:0.8706  NLL:-4.16822  CRPS:0.00212  Sharp(σ):0.00509  PICP90:0.988|Gap:0.088  PICP95:1.000|Gap:0.050  AURC:0.00297
Early stopping triggered.
TEST RMSE:0.0037  MAE:0.0029  IC:0.9466  RIC:0.9310  NLL:-4.08397  CRPS:0.00215  Sharp(σ):0.00498  PICP90:0.969|Gap:0.069  PICP95:0.988|Gap:0.038  AURC:0.00329

Rolling Window Evaluation Statistics:
        rmse     mae      ic  ...  hit_rate  turnover  profit_factor
mean  0.0041  0.0033  0.9481  ...    0.4223    0.9736        23.3700
std   0.0007  0.0006  0.0216  ...    0.0724    0.1382        24.3776

[2 rows x 11 columns]
