Epoch 1 [0/22] Loss(NLL): 677.613037
Epoch 1 [20/22] Loss(NLL): 333.917206
Epoch 1 Train NLL: 491.587267
VAL  RMSE:0.0143  MAE:0.0110  IC:-0.0475  RIC:-0.0443  NLL:-1.15284  CRPS:0.00893  Sharp(σ):0.00540  PICP90:0.532|Gap:0.368  PICP95:0.595|Gap:0.355  AURC:0.01324
--- New best model (by VAL NLL) ---
Epoch 2 [0/22] Loss(NLL): 389.529907
Epoch 2 [20/22] Loss(NLL): 167.807495
Epoch 2 Train NLL: 146.425385
VAL  RMSE:0.0134  MAE:0.0113  IC:-0.0082  RIC:0.0084  NLL:-1.46113  CRPS:0.00886  Sharp(σ):0.00572  PICP90:0.416|Gap:0.484  PICP95:0.497|Gap:0.453  AURC:0.01166
--- New best model (by VAL NLL) ---
Epoch 3 [0/22] Loss(NLL): 55.201191
Epoch 3 [20/22] Loss(NLL): 150.429688
Epoch 3 Train NLL: 65.140300
VAL  RMSE:0.0112  MAE:0.0086  IC:0.0168  RIC:0.0340  NLL:-2.50305  CRPS:0.00671  Sharp(σ):0.00538  PICP90:0.595|Gap:0.305  PICP95:0.665|Gap:0.285  AURC:0.00981
--- New best model (by VAL NLL) ---
Epoch 4 [0/22] Loss(NLL): 99.343987
Epoch 4 [20/22] Loss(NLL): 170.572922
Epoch 4 Train NLL: 79.043766
VAL  RMSE:0.0086  MAE:0.0069  IC:0.0456  RIC:0.0512  NLL:-3.21687  CRPS:0.00502  Sharp(σ):0.00542  PICP90:0.694|Gap:0.206  PICP95:0.832|Gap:0.118  AURC:0.00794
--- New best model (by VAL NLL) ---
Epoch 5 [0/22] Loss(NLL): 56.766640
Epoch 5 [20/22] Loss(NLL): 182.110840
Epoch 5 Train NLL: 68.878058
VAL  RMSE:0.0094  MAE:0.0072  IC:0.0922  RIC:0.1055  NLL:-2.91500  CRPS:0.00547  Sharp(σ):0.00502  PICP90:0.642|Gap:0.258  PICP95:0.723|Gap:0.227  AURC:0.00918
Epoch 6 [0/22] Loss(NLL): 65.749069
Epoch 6 [20/22] Loss(NLL): 193.546661
Epoch 6 Train NLL: 71.883543
VAL  RMSE:0.0096  MAE:0.0073  IC:0.1141  RIC:0.1197  NLL:-3.00079  CRPS:0.00552  Sharp(σ):0.00523  PICP90:0.676|Gap:0.224  PICP95:0.757|Gap:0.193  AURC:0.00722
Epoch 7 [0/22] Loss(NLL): 51.140553
Epoch 7 [20/22] Loss(NLL): 202.272430
Epoch 7 Train NLL: 83.217456
VAL  RMSE:0.0130  MAE:0.0106  IC:0.1476  RIC:0.1675  NLL:-1.73858  CRPS:0.00831  Sharp(σ):0.00525  PICP90:0.462|Gap:0.438  PICP95:0.555|Gap:0.395  AURC:0.01073
Epoch 8 [0/22] Loss(NLL): 53.100510
Epoch 8 [20/22] Loss(NLL): 147.787720
Epoch 8 Train NLL: 72.673657
VAL  RMSE:0.0101  MAE:0.0075  IC:0.1582  RIC:0.1789  NLL:-2.85940  CRPS:0.00584  Sharp(σ):0.00524  PICP90:0.647|Gap:0.253  PICP95:0.717|Gap:0.233  AURC:0.00767
Epoch 9 [0/22] Loss(NLL): 50.312012
Epoch 9 [20/22] Loss(NLL): 154.813583
Epoch 9 Train NLL: 87.568756
VAL  RMSE:0.0149  MAE:0.0130  IC:0.1955  RIC:0.2076  NLL:-0.47498  CRPS:0.01039  Sharp(σ):0.00526  PICP90:0.289|Gap:0.611  PICP95:0.364|Gap:0.586  AURC:0.01347
Epoch 10 [0/22] Loss(NLL): 27.531458
Epoch 10 [20/22] Loss(NLL): 101.338242
Epoch 10 Train NLL: 48.440129
VAL  RMSE:0.0077  MAE:0.0059  IC:0.2286  RIC:0.2403  NLL:-3.39295  CRPS:0.00431  Sharp(σ):0.00525  PICP90:0.803|Gap:0.097  PICP95:0.867|Gap:0.083  AURC:0.00777
--- New best model (by VAL NLL) ---
Epoch 11 [0/22] Loss(NLL): 101.417618
Epoch 11 [20/22] Loss(NLL): 104.915390
Epoch 11 Train NLL: 50.826176
VAL  RMSE:0.0083  MAE:0.0064  IC:0.2129  RIC:0.2175  NLL:-3.28937  CRPS:0.00467  Sharp(σ):0.00528  PICP90:0.757|Gap:0.143  PICP95:0.861|Gap:0.089  AURC:0.00679
Epoch 12 [0/22] Loss(NLL): 31.833881
Epoch 12 [20/22] Loss(NLL): 111.448044
Epoch 12 Train NLL: 29.535095
VAL  RMSE:0.0079  MAE:0.0062  IC:0.2312  RIC:0.2404  NLL:-3.35153  CRPS:0.00460  Sharp(σ):0.00520  PICP90:0.723|Gap:0.177  PICP95:0.786|Gap:0.164  AURC:0.00811
Epoch 13 [0/22] Loss(NLL): 109.063164
Epoch 13 [20/22] Loss(NLL): 141.066376
Epoch 13 Train NLL: 51.575108
VAL  RMSE:0.0074  MAE:0.0057  IC:0.2060  RIC:0.2050  NLL:-3.50987  CRPS:0.00416  Sharp(σ):0.00545  PICP90:0.798|Gap:0.102  PICP95:0.850|Gap:0.100  AURC:0.00643
--- New best model (by VAL NLL) ---
Epoch 14 [0/22] Loss(NLL): 65.777306
Epoch 14 [20/22] Loss(NLL): 153.958557
Epoch 14 Train NLL: 48.912596
VAL  RMSE:0.0091  MAE:0.0072  IC:0.1008  RIC:0.0795  NLL:-3.01479  CRPS:0.00546  Sharp(σ):0.00488  PICP90:0.636|Gap:0.264  PICP95:0.723|Gap:0.227  AURC:0.00980
Epoch 15 [0/22] Loss(NLL): 102.688721
Epoch 15 [20/22] Loss(NLL): 225.614136
Epoch 15 Train NLL: 78.976159
VAL  RMSE:0.0098  MAE:0.0078  IC:0.0688  RIC:0.0413  NLL:-2.78668  CRPS:0.00599  Sharp(σ):0.00492  PICP90:0.613|Gap:0.287  PICP95:0.682|Gap:0.268  AURC:0.00971
Epoch 16 [0/22] Loss(NLL): 88.455460
Epoch 16 [20/22] Loss(NLL): 322.247620
Epoch 16 Train NLL: 112.567079
VAL  RMSE:0.0110  MAE:0.0087  IC:0.0821  RIC:0.0613  NLL:-2.71702  CRPS:0.00671  Sharp(σ):0.00543  PICP90:0.578|Gap:0.322  PICP95:0.665|Gap:0.285  AURC:0.01155
Epoch 17 [0/22] Loss(NLL): 59.139332
Epoch 17 [20/22] Loss(NLL): 175.469223
Epoch 17 Train NLL: 94.038340
VAL  RMSE:0.0087  MAE:0.0068  IC:0.1127  RIC:0.0695  NLL:-3.26669  CRPS:0.00506  Sharp(σ):0.00564  PICP90:0.717|Gap:0.183  PICP95:0.792|Gap:0.158  AURC:0.00722
Epoch 18 [0/22] Loss(NLL): 110.803894
Epoch 18 [20/22] Loss(NLL): 304.475159
Epoch 18 Train NLL: 88.486425
VAL  RMSE:0.0217  MAE:0.0193  IC:-0.0008  RIC:-0.0176  NLL:5.31898  CRPS:0.01653  Sharp(σ):0.00534  PICP90:0.220|Gap:0.680  PICP95:0.243|Gap:0.707  AURC:0.01616
Epoch 19 [0/22] Loss(NLL): 273.963715
Epoch 19 [20/22] Loss(NLL): 109.154648
Epoch 19 Train NLL: 87.721031
VAL  RMSE:0.0228  MAE:0.0217  IC:0.2423  RIC:0.2271  NLL:4.69306  CRPS:0.01869  Sharp(σ):0.00533  PICP90:0.035|Gap:0.865  PICP95:0.052|Gap:0.898  AURC:0.02098
Epoch 20 [0/22] Loss(NLL): 68.826027
Epoch 20 [20/22] Loss(NLL): 99.480606
Epoch 20 Train NLL: 28.439574
VAL  RMSE:0.0072  MAE:0.0055  IC:0.2600  RIC:0.2561  NLL:-3.54878  CRPS:0.00403  Sharp(σ):0.00565  PICP90:0.821|Gap:0.079  PICP95:0.884|Gap:0.066  AURC:0.00603
--- New best model (by VAL NLL) ---
Epoch 21 [0/22] Loss(NLL): 27.910578
Epoch 21 [20/22] Loss(NLL): 108.366730
Epoch 21 Train NLL: 25.680078
VAL  RMSE:0.0082  MAE:0.0065  IC:0.2550  RIC:0.2132  NLL:-3.39099  CRPS:0.00474  Sharp(σ):0.00568  PICP90:0.751|Gap:0.149  PICP95:0.821|Gap:0.129  AURC:0.00683
Epoch 22 [0/22] Loss(NLL): 23.667353
Epoch 22 [20/22] Loss(NLL): 108.452179
Epoch 22 Train NLL: 26.795754
VAL  RMSE:0.0096  MAE:0.0079  IC:0.1565  RIC:0.1186  NLL:-3.11256  CRPS:0.00583  Sharp(σ):0.00557  PICP90:0.659|Gap:0.241  PICP95:0.723|Gap:0.227  AURC:0.00743
Epoch 23 [0/22] Loss(NLL): 24.352497
Epoch 23 [20/22] Loss(NLL): 91.127243
Epoch 23 Train NLL: 26.392769
VAL  RMSE:0.0078  MAE:0.0062  IC:0.2986  RIC:0.2391  NLL:-3.45617  CRPS:0.00450  Sharp(σ):0.00556  PICP90:0.798|Gap:0.102  PICP95:0.815|Gap:0.135  AURC:0.00643
Epoch 24 [0/22] Loss(NLL): 23.694611
Epoch 24 [20/22] Loss(NLL): 90.783150
Epoch 24 Train NLL: 21.632047
VAL  RMSE:0.0075  MAE:0.0059  IC:0.4258  RIC:0.3947  NLL:-3.47824  CRPS:0.00428  Sharp(σ):0.00552  PICP90:0.775|Gap:0.125  PICP95:0.832|Gap:0.118  AURC:0.00675
Epoch 25 [0/22] Loss(NLL): 39.859962
Epoch 25 [20/22] Loss(NLL): 87.399628
Epoch 25 Train NLL: 20.384768
VAL  RMSE:0.0072  MAE:0.0057  IC:0.3848  RIC:0.3592  NLL:-3.45799  CRPS:0.00413  Sharp(σ):0.00552  PICP90:0.786|Gap:0.114  PICP95:0.879|Gap:0.071  AURC:0.00679
Epoch 26 [0/22] Loss(NLL): 31.671268
Epoch 26 [20/22] Loss(NLL): 86.296570
Epoch 26 Train NLL: 26.079005
VAL  RMSE:0.0077  MAE:0.0061  IC:0.2986  RIC:0.2708  NLL:-3.22172  CRPS:0.00443  Sharp(σ):0.00521  PICP90:0.746|Gap:0.154  PICP95:0.815|Gap:0.135  AURC:0.00717
Epoch 27 [0/22] Loss(NLL): 20.680668
Epoch 27 [20/22] Loss(NLL): 75.981491
Epoch 27 Train NLL: 29.683931
VAL  RMSE:0.0073  MAE:0.0057  IC:0.3487  RIC:0.3128  NLL:-3.37254  CRPS:0.00420  Sharp(σ):0.00506  PICP90:0.763|Gap:0.137  PICP95:0.832|Gap:0.118  AURC:0.00650
Epoch 28 [0/22] Loss(NLL): 28.921616
Epoch 28 [20/22] Loss(NLL): 66.038635
Epoch 28 Train NLL: 24.874009
VAL  RMSE:0.0068  MAE:0.0054  IC:0.5006  RIC:0.4400  NLL:-3.60782  CRPS:0.00388  Sharp(σ):0.00531  PICP90:0.803|Gap:0.097  PICP95:0.873|Gap:0.077  AURC:0.00609
--- New best model (by VAL NLL) ---
Epoch 29 [0/22] Loss(NLL): 61.913025
Epoch 29 [20/22] Loss(NLL): 86.452324
Epoch 29 Train NLL: 28.963892
VAL  RMSE:0.0088  MAE:0.0072  IC:0.3257  RIC:0.2624  NLL:-2.86482  CRPS:0.00529  Sharp(σ):0.00565  PICP90:0.682|Gap:0.218  PICP95:0.775|Gap:0.175  AURC:0.00889
Epoch 30 [0/22] Loss(NLL): 22.689413
Epoch 30 [20/22] Loss(NLL): 134.181473
Epoch 30 Train NLL: 31.818594
VAL  RMSE:0.0086  MAE:0.0070  IC:0.2315  RIC:0.1558  NLL:-3.24016  CRPS:0.00505  Sharp(σ):0.00580  PICP90:0.723|Gap:0.177  PICP95:0.844|Gap:0.106  AURC:0.00816
Epoch 31 [0/22] Loss(NLL): 18.498680
Epoch 31 [20/22] Loss(NLL): 91.720482
Epoch 31 Train NLL: 27.006306
VAL  RMSE:0.0089  MAE:0.0072  IC:0.2853  RIC:0.2129  NLL:-2.67056  CRPS:0.00528  Sharp(σ):0.00580  PICP90:0.682|Gap:0.218  PICP95:0.763|Gap:0.187  AURC:0.00905
Epoch 32 [0/22] Loss(NLL): 97.477135
Epoch 32 [20/22] Loss(NLL): 68.023438
Epoch 32 Train NLL: 37.835326
VAL  RMSE:0.0088  MAE:0.0075  IC:0.5675  RIC:0.5206  NLL:-3.05590  CRPS:0.00531  Sharp(σ):0.00606  PICP90:0.694|Gap:0.206  PICP95:0.815|Gap:0.135  AURC:0.00831
Epoch 33 [0/22] Loss(NLL): 47.432674
Epoch 33 [20/22] Loss(NLL): 54.654121
Epoch 33 Train NLL: 32.020896
VAL  RMSE:0.0169  MAE:0.0158  IC:0.5916  RIC:0.5438  NLL:-0.45359  CRPS:0.01263  Sharp(σ):0.00599  PICP90:0.162|Gap:0.738  PICP95:0.231|Gap:0.719  AURC:0.01555
Epoch 34 [0/22] Loss(NLL): 39.788364
Epoch 34 [20/22] Loss(NLL): 48.610733
Epoch 34 Train NLL: 27.118925
VAL  RMSE:0.0073  MAE:0.0059  IC:0.5566  RIC:0.5101  NLL:-3.26263  CRPS:0.00419  Sharp(σ):0.00593  PICP90:0.792|Gap:0.108  PICP95:0.855|Gap:0.095  AURC:0.00726
Epoch 35 [0/22] Loss(NLL): 59.996971
Epoch 35 [20/22] Loss(NLL): 63.637611
Epoch 35 Train NLL: 53.727970
VAL  RMSE:0.0177  MAE:0.0164  IC:0.4363  RIC:0.3392  NLL:0.93106  CRPS:0.01335  Sharp(σ):0.00576  PICP90:0.133|Gap:0.767  PICP95:0.237|Gap:0.713  AURC:0.01650
Epoch 36 [0/22] Loss(NLL): 20.686251
Epoch 36 [20/22] Loss(NLL): 105.107292
Epoch 36 Train NLL: 31.343224
VAL  RMSE:0.0101  MAE:0.0085  IC:0.5236  RIC:0.4513  NLL:-3.05996  CRPS:0.00622  Sharp(σ):0.00591  PICP90:0.613|Gap:0.287  PICP95:0.723|Gap:0.227  AURC:0.00714
Epoch 37 [0/22] Loss(NLL): 38.649334
Epoch 37 [20/22] Loss(NLL): 64.334076
Epoch 37 Train NLL: 17.067744
VAL  RMSE:0.0132  MAE:0.0119  IC:0.5856  RIC:0.5322  NLL:-0.92558  CRPS:0.00921  Sharp(σ):0.00551  PICP90:0.329|Gap:0.571  PICP95:0.445|Gap:0.505  AURC:0.01261
Epoch 38 [0/22] Loss(NLL): 57.150154
Epoch 38 [20/22] Loss(NLL): 62.502457
Epoch 38 Train NLL: 20.960120
VAL  RMSE:0.0060  MAE:0.0047  IC:0.6672  RIC:0.6385  NLL:-3.77270  CRPS:0.00334  Sharp(σ):0.00574  PICP90:0.867|Gap:0.033  PICP95:0.919|Gap:0.031  AURC:0.00507
--- New best model (by VAL NLL) ---
Epoch 39 [0/22] Loss(NLL): 20.123569
Epoch 39 [20/22] Loss(NLL): 63.028091
Epoch 39 Train NLL: 26.232363
VAL  RMSE:0.0062  MAE:0.0048  IC:0.6433  RIC:0.5979  NLL:-3.69431  CRPS:0.00352  Sharp(σ):0.00540  PICP90:0.832|Gap:0.068  PICP95:0.902|Gap:0.048  AURC:0.00623
Epoch 40 [0/22] Loss(NLL): 25.753382
Epoch 40 [20/22] Loss(NLL): 51.400238
Epoch 40 Train NLL: 23.735366
VAL  RMSE:0.0066  MAE:0.0055  IC:0.6324  RIC:0.5768  NLL:-3.48775  CRPS:0.00382  Sharp(σ):0.00581  PICP90:0.850|Gap:0.050  PICP95:0.913|Gap:0.037  AURC:0.00634
Epoch 41 [0/22] Loss(NLL): 22.731188
Epoch 41 [20/22] Loss(NLL): 28.906471
Epoch 41 Train NLL: 19.106747
VAL  RMSE:0.0070  MAE:0.0057  IC:0.6807  RIC:0.6213  NLL:-3.37944  CRPS:0.00404  Sharp(σ):0.00553  PICP90:0.809|Gap:0.091  PICP95:0.884|Gap:0.066  AURC:0.00574
Epoch 42 [0/22] Loss(NLL): 46.276592
Epoch 42 [20/22] Loss(NLL): 76.816010
Epoch 42 Train NLL: 35.144268
VAL  RMSE:0.0073  MAE:0.0060  IC:0.5039  RIC:0.4132  NLL:-3.33633  CRPS:0.00425  Sharp(σ):0.00557  PICP90:0.757|Gap:0.143  PICP95:0.855|Gap:0.095  AURC:0.00611
Epoch 43 [0/22] Loss(NLL): 71.898216
Epoch 43 [20/22] Loss(NLL): 102.553848
Epoch 43 Train NLL: 42.740424
VAL  RMSE:0.0072  MAE:0.0060  IC:0.5180  RIC:0.4265  NLL:-3.36647  CRPS:0.00423  Sharp(σ):0.00567  PICP90:0.786|Gap:0.114  PICP95:0.861|Gap:0.089  AURC:0.00686
Epoch 44 [0/22] Loss(NLL): 96.101868
Epoch 44 [20/22] Loss(NLL): 33.218105
Epoch 44 Train NLL: 35.409425
VAL  RMSE:0.0109  MAE:0.0097  IC:0.7343  RIC:0.6547  NLL:-2.46175  CRPS:0.00722  Sharp(σ):0.00553  PICP90:0.491|Gap:0.409  PICP95:0.618|Gap:0.332  AURC:0.00948
Epoch 45 [0/22] Loss(NLL): 16.778099
Epoch 45 [20/22] Loss(NLL): 28.418379
Epoch 45 Train NLL: 34.270161
VAL  RMSE:0.0210  MAE:0.0203  IC:0.6832  RIC:0.6202  NLL:3.38764  CRPS:0.01718  Sharp(σ):0.00554  PICP90:0.029|Gap:0.871  PICP95:0.058|Gap:0.892  AURC:0.01874
Epoch 46 [0/22] Loss(NLL): 29.265604
Epoch 46 [20/22] Loss(NLL): 61.951000
Epoch 46 Train NLL: 22.665128
VAL  RMSE:0.0062  MAE:0.0051  IC:0.6978  RIC:0.6506  NLL:-3.54505  CRPS:0.00355  Sharp(σ):0.00539  PICP90:0.844|Gap:0.056  PICP95:0.925|Gap:0.025  AURC:0.00545
Epoch 47 [0/22] Loss(NLL): 87.944733
Epoch 47 [20/22] Loss(NLL): 34.953178
Epoch 47 Train NLL: 19.855528
VAL  RMSE:0.0076  MAE:0.0062  IC:0.7166  RIC:0.6142  NLL:-3.26017  CRPS:0.00443  Sharp(σ):0.00539  PICP90:0.717|Gap:0.183  PICP95:0.861|Gap:0.089  AURC:0.00659
Epoch 48 [0/22] Loss(NLL): 20.061470
Epoch 48 [20/22] Loss(NLL): 224.622437
Epoch 48 Train NLL: 63.170312
VAL  RMSE:0.0090  MAE:0.0076  IC:0.6035  RIC:0.5336  NLL:-3.18909  CRPS:0.00550  Sharp(σ):0.00556  PICP90:0.659|Gap:0.241  PICP95:0.757|Gap:0.193  AURC:0.00751
Epoch 49 [0/22] Loss(NLL): 49.308285
Epoch 49 [20/22] Loss(NLL): 47.405048
Epoch 49 Train NLL: 20.643232
VAL  RMSE:0.0093  MAE:0.0081  IC:0.7073  RIC:0.6421  NLL:-2.47552  CRPS:0.00592  Sharp(σ):0.00532  PICP90:0.572|Gap:0.328  PICP95:0.682|Gap:0.268  AURC:0.00937
Epoch 50 [0/22] Loss(NLL): 75.704620
Epoch 50 [20/22] Loss(NLL): 202.712860
Epoch 50 Train NLL: 46.643551
VAL  RMSE:0.0090  MAE:0.0072  IC:0.4824  RIC:0.3820  NLL:-3.25995  CRPS:0.00536  Sharp(σ):0.00542  PICP90:0.653|Gap:0.247  PICP95:0.723|Gap:0.227  AURC:0.00819
Epoch 51 [0/22] Loss(NLL): 25.725258
Epoch 51 [20/22] Loss(NLL): 34.627239
Epoch 51 Train NLL: 16.737158
VAL  RMSE:0.0058  MAE:0.0047  IC:0.6488  RIC:0.5531  NLL:-3.73613  CRPS:0.00329  Sharp(σ):0.00616  PICP90:0.919|Gap:0.019  PICP95:0.965|Gap:0.015  AURC:0.00506
Epoch 52 [0/22] Loss(NLL): 82.205711
Epoch 52 [20/22] Loss(NLL): 29.084339
Epoch 52 Train NLL: 21.199265
VAL  RMSE:0.0078  MAE:0.0066  IC:0.8157  RIC:0.7398  NLL:-3.33017  CRPS:0.00465  Sharp(σ):0.00543  PICP90:0.734|Gap:0.166  PICP95:0.844|Gap:0.106  AURC:0.00664
Epoch 53 [0/22] Loss(NLL): 18.147648
Epoch 53 [20/22] Loss(NLL): 33.346088
Epoch 53 Train NLL: 17.303200
VAL  RMSE:0.0081  MAE:0.0070  IC:0.7235  RIC:0.6732  NLL:-2.98616  CRPS:0.00496  Sharp(σ):0.00548  PICP90:0.671|Gap:0.229  PICP95:0.832|Gap:0.118  AURC:0.00616
Epoch 54 [0/22] Loss(NLL): 43.801994
Epoch 54 [20/22] Loss(NLL): 22.117172
Epoch 54 Train NLL: 34.331413
VAL  RMSE:0.0051  MAE:0.0041  IC:0.8401  RIC:0.7666  NLL:-3.90047  CRPS:0.00287  Sharp(σ):0.00518  PICP90:0.890|Gap:0.010  PICP95:0.936|Gap:0.014  AURC:0.00432
--- New best model (by VAL NLL) ---
Epoch 55 [0/22] Loss(NLL): 15.365403
Epoch 55 [20/22] Loss(NLL): 25.215584
Epoch 55 Train NLL: 7.176400
VAL  RMSE:0.0074  MAE:0.0062  IC:0.7968  RIC:0.7032  NLL:-3.56801  CRPS:0.00441  Sharp(σ):0.00539  PICP90:0.751|Gap:0.149  PICP95:0.861|Gap:0.089  AURC:0.00576
Epoch 56 [0/22] Loss(NLL): 32.941597
Epoch 56 [20/22] Loss(NLL): 30.086422
Epoch 56 Train NLL: 11.538089
VAL  RMSE:0.0049  MAE:0.0040  IC:0.7594  RIC:0.6625  NLL:-3.92733  CRPS:0.00279  Sharp(σ):0.00527  PICP90:0.913|Gap:0.013  PICP95:0.954|Gap:0.004  AURC:0.00467
--- New best model (by VAL NLL) ---
Epoch 57 [0/22] Loss(NLL): 15.882131
Epoch 57 [20/22] Loss(NLL): 24.339903
Epoch 57 Train NLL: 9.739921
VAL  RMSE:0.0066  MAE:0.0054  IC:0.7928  RIC:0.6971  NLL:-3.53663  CRPS:0.00381  Sharp(σ):0.00528  PICP90:0.803|Gap:0.097  PICP95:0.867|Gap:0.083  AURC:0.00537
Epoch 58 [0/22] Loss(NLL): 51.544178
Epoch 58 [20/22] Loss(NLL): 32.716560
Epoch 58 Train NLL: 18.250199
VAL  RMSE:0.0057  MAE:0.0047  IC:0.8534  RIC:0.7863  NLL:-3.83197  CRPS:0.00326  Sharp(σ):0.00550  PICP90:0.890|Gap:0.010  PICP95:0.936|Gap:0.014  AURC:0.00466
Epoch 59 [0/22] Loss(NLL): 115.465820
Epoch 59 [20/22] Loss(NLL): 16.238464
Epoch 59 Train NLL: 28.208143
VAL  RMSE:0.0038  MAE:0.0030  IC:0.8762  RIC:0.8176  NLL:-4.11931  CRPS:0.00221  Sharp(σ):0.00556  PICP90:0.994|Gap:0.094  PICP95:1.000|Gap:0.050  AURC:0.00306
--- New best model (by VAL NLL) ---
Epoch 60 [0/22] Loss(NLL): 18.544327
Epoch 60 [20/22] Loss(NLL): 16.256229
Epoch 60 Train NLL: 10.238120
VAL  RMSE:0.0038  MAE:0.0031  IC:0.8630  RIC:0.8044  NLL:-4.09830  CRPS:0.00219  Sharp(σ):0.00503  PICP90:0.983|Gap:0.083  PICP95:0.988|Gap:0.038  AURC:0.00346
Epoch 61 [0/22] Loss(NLL): 14.399156
Epoch 61 [20/22] Loss(NLL): 29.484367
Epoch 61 Train NLL: 11.614536
VAL  RMSE:0.0060  MAE:0.0052  IC:0.8810  RIC:0.8285  NLL:-3.69815  CRPS:0.00351  Sharp(σ):0.00512  PICP90:0.832|Gap:0.068  PICP95:0.931|Gap:0.019  AURC:0.00514
Epoch 62 [0/22] Loss(NLL): 54.865097
Epoch 62 [20/22] Loss(NLL): 61.146561
Epoch 62 Train NLL: 35.613587
VAL  RMSE:0.0125  MAE:0.0112  IC:0.6757  RIC:0.6178  NLL:-1.18833  CRPS:0.00874  Sharp(σ):0.00519  PICP90:0.306|Gap:0.594  PICP95:0.405|Gap:0.545  AURC:0.01279
Epoch 63 [0/22] Loss(NLL): 20.387724
Epoch 63 [20/22] Loss(NLL): 28.813831
Epoch 63 Train NLL: 22.434355
VAL  RMSE:0.0041  MAE:0.0033  IC:0.8623  RIC:0.8001  NLL:-4.07213  CRPS:0.00234  Sharp(σ):0.00492  PICP90:0.942|Gap:0.042  PICP95:0.988|Gap:0.038  AURC:0.00374
Epoch 64 [0/22] Loss(NLL): 15.725266
Epoch 64 [20/22] Loss(NLL): 26.980251
Epoch 64 Train NLL: 6.467636
VAL  RMSE:0.0077  MAE:0.0067  IC:0.8269  RIC:0.7492  NLL:-3.48432  CRPS:0.00472  Sharp(σ):0.00525  PICP90:0.665|Gap:0.235  PICP95:0.803|Gap:0.147  AURC:0.00691
Epoch 65 [0/22] Loss(NLL): 14.546709
Epoch 65 [20/22] Loss(NLL): 31.852894
Epoch 65 Train NLL: 17.013176
VAL  RMSE:0.0084  MAE:0.0070  IC:0.7413  RIC:0.6569  NLL:-3.42765  CRPS:0.00504  Sharp(σ):0.00541  PICP90:0.647|Gap:0.253  PICP95:0.769|Gap:0.181  AURC:0.00589
Epoch 66 [0/22] Loss(NLL): 23.420551
Epoch 66 [20/22] Loss(NLL): 17.598288
Epoch 66 Train NLL: 13.393528
VAL  RMSE:0.0060  MAE:0.0050  IC:0.8098  RIC:0.7240  NLL:-3.63661  CRPS:0.00349  Sharp(σ):0.00548  PICP90:0.867|Gap:0.033  PICP95:0.942|Gap:0.008  AURC:0.00563
Epoch 67 [0/22] Loss(NLL): 24.389711
Epoch 67 [20/22] Loss(NLL): 37.417835
Epoch 67 Train NLL: 17.036691
VAL  RMSE:0.0049  MAE:0.0039  IC:0.8304  RIC:0.7697  NLL:-3.89952  CRPS:0.00276  Sharp(σ):0.00535  PICP90:0.931|Gap:0.031  PICP95:0.960|Gap:0.010  AURC:0.00431
Epoch 68 [0/22] Loss(NLL): 16.010258
Epoch 68 [20/22] Loss(NLL): 25.136261
Epoch 68 Train NLL: 21.016294
VAL  RMSE:0.0103  MAE:0.0095  IC:0.8479  RIC:0.7932  NLL:-2.89163  CRPS:0.00679  Sharp(σ):0.00576  PICP90:0.532|Gap:0.368  PICP95:0.694|Gap:0.256  AURC:0.00849
Epoch 69 [0/22] Loss(NLL): 18.567030
Epoch 69 [20/22] Loss(NLL): 27.689409
Epoch 69 Train NLL: 7.520816
VAL  RMSE:0.0104  MAE:0.0096  IC:0.8318  RIC:0.7817  NLL:-2.11698  CRPS:0.00699  Sharp(σ):0.00547  PICP90:0.410|Gap:0.490  PICP95:0.538|Gap:0.412  AURC:0.01012
Epoch 70 [0/22] Loss(NLL): 102.418930
Epoch 70 [20/22] Loss(NLL): 46.973030
Epoch 70 Train NLL: 19.048782
VAL  RMSE:0.0091  MAE:0.0079  IC:0.7710  RIC:0.6820  NLL:-3.18800  CRPS:0.00572  Sharp(σ):0.00515  PICP90:0.578|Gap:0.322  PICP95:0.699|Gap:0.251  AURC:0.00677
Epoch 71 [0/22] Loss(NLL): 14.201085
Epoch 71 [20/22] Loss(NLL): 33.152832
Epoch 71 Train NLL: 21.355626
VAL  RMSE:0.0055  MAE:0.0044  IC:0.7914  RIC:0.7067  NLL:-3.87845  CRPS:0.00312  Sharp(σ):0.00507  PICP90:0.861|Gap:0.039  PICP95:0.925|Gap:0.025  AURC:0.00587
Epoch 72 [0/22] Loss(NLL): 24.954678
Epoch 72 [20/22] Loss(NLL): 23.816204
Epoch 72 Train NLL: 30.793452
VAL  RMSE:0.0061  MAE:0.0049  IC:0.7373  RIC:0.6364  NLL:-3.58104  CRPS:0.00349  Sharp(σ):0.00517  PICP90:0.798|Gap:0.102  PICP95:0.925|Gap:0.025  AURC:0.00568
Epoch 73 [0/22] Loss(NLL): 15.634103
Epoch 73 [20/22] Loss(NLL): 35.337421
Epoch 73 Train NLL: 20.904958
VAL  RMSE:0.0074  MAE:0.0066  IC:0.8850  RIC:0.8337  NLL:-3.29851  CRPS:0.00453  Sharp(σ):0.00525  PICP90:0.734|Gap:0.166  PICP95:0.861|Gap:0.089  AURC:0.00658
Epoch 74 [0/22] Loss(NLL): 16.032551
Epoch 74 [20/22] Loss(NLL): 12.525114
Epoch 74 Train NLL: 4.276473
VAL  RMSE:0.0037  MAE:0.0029  IC:0.8735  RIC:0.8253  NLL:-4.09976  CRPS:0.00215  Sharp(σ):0.00536  PICP90:0.983|Gap:0.083  PICP95:0.994|Gap:0.044  AURC:0.00323
Epoch 75 [0/22] Loss(NLL): 12.662458
Epoch 75 [20/22] Loss(NLL): 10.358380
Epoch 75 Train NLL: 4.905804
VAL  RMSE:0.0040  MAE:0.0033  IC:0.8925  RIC:0.8434  NLL:-4.06090  CRPS:0.00231  Sharp(σ):0.00532  PICP90:0.988|Gap:0.088  PICP95:1.000|Gap:0.050  AURC:0.00332
Epoch 76 [0/22] Loss(NLL): 21.243677
Epoch 76 [20/22] Loss(NLL): 23.522839
Epoch 76 Train NLL: 9.100641
VAL  RMSE:0.0087  MAE:0.0080  IC:0.8840  RIC:0.8403  NLL:-2.63555  CRPS:0.00568  Sharp(σ):0.00508  PICP90:0.520|Gap:0.380  PICP95:0.694|Gap:0.256  AURC:0.00721
Epoch 77 [0/22] Loss(NLL): 45.892410
Epoch 77 [20/22] Loss(NLL): 63.410919
Epoch 77 Train NLL: 21.089823
VAL  RMSE:0.0033  MAE:0.0026  IC:0.9135  RIC:0.8653  NLL:-4.13566  CRPS:0.00200  Sharp(σ):0.00544  PICP90:0.988|Gap:0.088  PICP95:1.000|Gap:0.050  AURC:0.00281
--- New best model (by VAL NLL) ---
Epoch 78 [0/22] Loss(NLL): 13.143230
Epoch 78 [20/22] Loss(NLL): 11.673990
Epoch 78 Train NLL: 20.489280
VAL  RMSE:0.0077  MAE:0.0068  IC:0.8675  RIC:0.7987  NLL:-3.49182  CRPS:0.00467  Sharp(σ):0.00559  PICP90:0.757|Gap:0.143  PICP95:0.879|Gap:0.071  AURC:0.00627
Epoch 79 [0/22] Loss(NLL): 8.570138
Epoch 79 [20/22] Loss(NLL): 20.706360
Epoch 79 Train NLL: 8.861009
VAL  RMSE:0.0054  MAE:0.0045  IC:0.8802  RIC:0.8260  NLL:-3.84624  CRPS:0.00309  Sharp(σ):0.00520  PICP90:0.902|Gap:0.002  PICP95:0.942|Gap:0.008  AURC:0.00490
Epoch 80 [0/22] Loss(NLL): 40.486389
Epoch 80 [20/22] Loss(NLL): 14.877279
Epoch 80 Train NLL: 15.469257
VAL  RMSE:0.0060  MAE:0.0050  IC:0.8595  RIC:0.8029  NLL:-3.81396  CRPS:0.00345  Sharp(σ):0.00550  PICP90:0.879|Gap:0.021  PICP95:0.942|Gap:0.008  AURC:0.00463
Epoch 81 [0/22] Loss(NLL): 13.622149
Epoch 81 [20/22] Loss(NLL): 35.761402
Epoch 81 Train NLL: 9.062686
VAL  RMSE:0.0058  MAE:0.0049  IC:0.8759  RIC:0.8267  NLL:-3.76722  CRPS:0.00336  Sharp(σ):0.00538  PICP90:0.861|Gap:0.039  PICP95:0.954|Gap:0.004  AURC:0.00473
Epoch 82 [0/22] Loss(NLL): 79.366814
Epoch 82 [20/22] Loss(NLL): 22.649216
Epoch 82 Train NLL: 24.211479
VAL  RMSE:0.0049  MAE:0.0040  IC:0.8533  RIC:0.7851  NLL:-3.83734  CRPS:0.00279  Sharp(σ):0.00527  PICP90:0.948|Gap:0.048  PICP95:0.965|Gap:0.015  AURC:0.00472
Epoch 83 [0/22] Loss(NLL): 13.320844
Epoch 83 [20/22] Loss(NLL): 24.580505
Epoch 83 Train NLL: 7.700935
VAL  RMSE:0.0049  MAE:0.0039  IC:0.8646  RIC:0.8005  NLL:-3.92912  CRPS:0.00282  Sharp(σ):0.00526  PICP90:0.919|Gap:0.019  PICP95:0.948|Gap:0.002  AURC:0.00423
Epoch 84 [0/22] Loss(NLL): 14.844110
Epoch 84 [20/22] Loss(NLL): 22.243200
Epoch 84 Train NLL: 6.287005
VAL  RMSE:0.0052  MAE:0.0044  IC:0.8914  RIC:0.8414  NLL:-3.85105  CRPS:0.00301  Sharp(σ):0.00571  PICP90:0.936|Gap:0.036  PICP95:0.971|Gap:0.021  AURC:0.00518
Epoch 85 [0/22] Loss(NLL): 15.144508
Epoch 85 [20/22] Loss(NLL): 12.847166
Epoch 85 Train NLL: 7.964294
VAL  RMSE:0.0060  MAE:0.0050  IC:0.8464  RIC:0.7732  NLL:-3.87064  CRPS:0.00343  Sharp(σ):0.00565  PICP90:0.902|Gap:0.002  PICP95:0.960|Gap:0.010  AURC:0.00453
Epoch 86 [0/22] Loss(NLL): 10.260661
Epoch 86 [20/22] Loss(NLL): 6.799642
Epoch 86 Train NLL: 4.936086
VAL  RMSE:0.0057  MAE:0.0048  IC:0.8673  RIC:0.7994  NLL:-3.71505  CRPS:0.00329  Sharp(σ):0.00498  PICP90:0.873|Gap:0.027  PICP95:0.913|Gap:0.037  AURC:0.00485
Epoch 87 [0/22] Loss(NLL): 48.159374
Epoch 87 [20/22] Loss(NLL): 11.355042
Epoch 87 Train NLL: 14.904408
VAL  RMSE:0.0061  MAE:0.0052  IC:0.8967  RIC:0.8551  NLL:-3.73435  CRPS:0.00356  Sharp(σ):0.00524  PICP90:0.827|Gap:0.073  PICP95:0.913|Gap:0.037  AURC:0.00515
Epoch 88 [0/22] Loss(NLL): 51.613647
Epoch 88 [20/22] Loss(NLL): 6.952668
Epoch 88 Train NLL: 14.739363
VAL  RMSE:0.0064  MAE:0.0056  IC:0.8871  RIC:0.8502  NLL:-3.69951  CRPS:0.00381  Sharp(σ):0.00515  PICP90:0.786|Gap:0.114  PICP95:0.896|Gap:0.054  AURC:0.00639
Epoch 89 [0/22] Loss(NLL): 24.870190
Epoch 89 [20/22] Loss(NLL): 6.442790
Epoch 89 Train NLL: 9.241710
VAL  RMSE:0.0083  MAE:0.0077  IC:0.9029  RIC:0.8637  NLL:-2.99914  CRPS:0.00526  Sharp(σ):0.00578  PICP90:0.699|Gap:0.201  PICP95:0.873|Gap:0.077  AURC:0.00810
Epoch 90 [0/22] Loss(NLL): 13.505102
Epoch 90 [20/22] Loss(NLL): 11.140217
Epoch 90 Train NLL: 3.972522
VAL  RMSE:0.0034  MAE:0.0027  IC:0.9101  RIC:0.8779  NLL:-4.10821  CRPS:0.00203  Sharp(σ):0.00524  PICP90:0.994|Gap:0.094  PICP95:1.000|Gap:0.050  AURC:0.00330
Epoch 91 [0/22] Loss(NLL): 27.747417
Epoch 91 [20/22] Loss(NLL): 28.505339
Epoch 91 Train NLL: 16.486857
VAL  RMSE:0.0094  MAE:0.0086  IC:0.8517  RIC:0.7849  NLL:-2.99614  CRPS:0.00630  Sharp(σ):0.00493  PICP90:0.445|Gap:0.455  PICP95:0.566|Gap:0.384  AURC:0.00926
Epoch 92 [0/22] Loss(NLL): 34.322674
Epoch 92 [20/22] Loss(NLL): 11.280693
Epoch 92 Train NLL: 15.425804
VAL  RMSE:0.0056  MAE:0.0048  IC:0.9038  RIC:0.8606  NLL:-3.88643  CRPS:0.00323  Sharp(σ):0.00543  PICP90:0.925|Gap:0.025  PICP95:0.971|Gap:0.021  AURC:0.00447
Epoch 93 [0/22] Loss(NLL): 20.797613
Epoch 93 [20/22] Loss(NLL): 12.364499
Epoch 93 Train NLL: 15.028361
VAL  RMSE:0.0056  MAE:0.0047  IC:0.7788  RIC:0.7002  NLL:-3.84754  CRPS:0.00322  Sharp(σ):0.00525  PICP90:0.913|Gap:0.013  PICP95:0.954|Gap:0.004  AURC:0.00581
Epoch 94 [0/22] Loss(NLL): 9.157748
Epoch 94 [20/22] Loss(NLL): 3.360197
Epoch 94 Train NLL: 3.213692
VAL  RMSE:0.0089  MAE:0.0083  IC:0.8972  RIC:0.8559  NLL:-2.61263  CRPS:0.00591  Sharp(σ):0.00498  PICP90:0.491|Gap:0.409  PICP95:0.682|Gap:0.268  AURC:0.00744
Epoch 95 [0/22] Loss(NLL): 28.312809
Epoch 95 [20/22] Loss(NLL): 6.401052
Epoch 95 Train NLL: 5.141129
VAL  RMSE:0.0044  MAE:0.0037  IC:0.9215  RIC:0.8904  NLL:-3.99594  CRPS:0.00254  Sharp(σ):0.00516  PICP90:0.948|Gap:0.048  PICP95:0.988|Gap:0.038  AURC:0.00399
Epoch 96 [0/22] Loss(NLL): 20.334736
Epoch 96 [20/22] Loss(NLL): 1.659536
Epoch 96 Train NLL: 7.250018
VAL  RMSE:0.0029  MAE:0.0023  IC:0.9311  RIC:0.9075  NLL:-4.18531  CRPS:0.00183  Sharp(σ):0.00519  PICP90:0.994|Gap:0.094  PICP95:1.000|Gap:0.050  AURC:0.00277
--- New best model (by VAL NLL) ---
Epoch 97 [0/22] Loss(NLL): 10.532622
Epoch 97 [20/22] Loss(NLL): 2.399590
Epoch 97 Train NLL: 3.551814
VAL  RMSE:0.0031  MAE:0.0025  IC:0.9173  RIC:0.8882  NLL:-4.13887  CRPS:0.00191  Sharp(σ):0.00528  PICP90:0.988|Gap:0.088  PICP95:1.000|Gap:0.050  AURC:0.00298
Epoch 98 [0/22] Loss(NLL): 7.963875
Epoch 98 [20/22] Loss(NLL): 3.409715
Epoch 98 Train NLL: 1.032194
VAL  RMSE:0.0062  MAE:0.0052  IC:0.8515  RIC:0.7886  NLL:-3.82396  CRPS:0.00365  Sharp(σ):0.00496  PICP90:0.809|Gap:0.091  PICP95:0.896|Gap:0.054  AURC:0.00659
Epoch 99 [0/22] Loss(NLL): 22.301136
Epoch 99 [20/22] Loss(NLL): 14.268522
Epoch 99 Train NLL: 6.263631
VAL  RMSE:0.0036  MAE:0.0029  IC:0.9075  RIC:0.8654  NLL:-4.12435  CRPS:0.00216  Sharp(σ):0.00568  PICP90:0.988|Gap:0.088  PICP95:1.000|Gap:0.050  AURC:0.00288
Epoch 100 [0/22] Loss(NLL): 6.222991
Epoch 100 [20/22] Loss(NLL): 10.117079
Epoch 100 Train NLL: 4.514840
VAL  RMSE:0.0031  MAE:0.0024  IC:0.9146  RIC:0.8801  NLL:-4.17022  CRPS:0.00190  Sharp(σ):0.00536  PICP90:0.983|Gap:0.083  PICP95:1.000|Gap:0.050  AURC:0.00254
Epoch 101 [0/22] Loss(NLL): 6.172875
Epoch 101 [20/22] Loss(NLL): 5.557159
Epoch 101 Train NLL: 1.201409
VAL  RMSE:0.0075  MAE:0.0068  IC:0.9013  RIC:0.8642  NLL:-3.12572  CRPS:0.00463  Sharp(σ):0.00530  PICP90:0.717|Gap:0.183  PICP95:0.861|Gap:0.089  AURC:0.00724
Epoch 102 [0/22] Loss(NLL): 31.773092
Epoch 102 [20/22] Loss(NLL): 5.892770
Epoch 102 Train NLL: 10.452573
VAL  RMSE:0.0067  MAE:0.0061  IC:0.9236  RIC:0.8935  NLL:-3.60684  CRPS:0.00412  Sharp(σ):0.00513  PICP90:0.798|Gap:0.102  PICP95:0.902|Gap:0.048  AURC:0.00657
Epoch 103 [0/22] Loss(NLL): 12.043694
Epoch 103 [20/22] Loss(NLL): 0.490226
Epoch 103 Train NLL: 4.079775
VAL  RMSE:0.0107  MAE:0.0104  IC:0.9349  RIC:0.9133  NLL:-2.16428  CRPS:0.00778  Sharp(σ):0.00480  PICP90:0.173|Gap:0.727  PICP95:0.312|Gap:0.638  AURC:0.00982
Epoch 104 [0/22] Loss(NLL): 17.867069
Epoch 104 [20/22] Loss(NLL): 2.488420
Epoch 104 Train NLL: 2.647482
VAL  RMSE:0.0043  MAE:0.0033  IC:0.8931  RIC:0.8492  NLL:-3.82260  CRPS:0.00247  Sharp(σ):0.00537  PICP90:0.965|Gap:0.065  PICP95:0.983|Gap:0.033  AURC:0.00475
Epoch 105 [0/22] Loss(NLL): 9.076777
Epoch 105 [20/22] Loss(NLL): 2.811893
Epoch 105 Train NLL: 1.669232
VAL  RMSE:0.0029  MAE:0.0023  IC:0.9290  RIC:0.9040  NLL:-4.26334  CRPS:0.00179  Sharp(σ):0.00487  PICP90:0.994|Gap:0.094  PICP95:1.000|Gap:0.050  AURC:0.00233
--- New best model (by VAL NLL) ---
Epoch 106 [0/22] Loss(NLL): 7.439725
Epoch 106 [20/22] Loss(NLL): 0.137609
Epoch 106 Train NLL: 2.151356
VAL  RMSE:0.0026  MAE:0.0020  IC:0.9394  RIC:0.9205  NLL:-4.22633  CRPS:0.00171  Sharp(σ):0.00516  PICP90:1.000|Gap:0.100  PICP95:1.000|Gap:0.050  AURC:0.00222
Epoch 107 [0/22] Loss(NLL): 4.464757
Epoch 107 [20/22] Loss(NLL): 2.793367
Epoch 107 Train NLL: -0.435248
VAL  RMSE:0.0039  MAE:0.0032  IC:0.9523  RIC:0.9340  NLL:-4.08789  CRPS:0.00227  Sharp(σ):0.00508  PICP90:0.971|Gap:0.071  PICP95:0.994|Gap:0.044  AURC:0.00339
Epoch 108 [0/22] Loss(NLL): 9.081335
Epoch 108 [20/22] Loss(NLL): 0.763265
Epoch 108 Train NLL: 0.692778
VAL  RMSE:0.0050  MAE:0.0043  IC:0.8924  RIC:0.8547  NLL:-3.98142  CRPS:0.00291  Sharp(σ):0.00525  PICP90:0.931|Gap:0.031  PICP95:0.977|Gap:0.027  AURC:0.00502
Epoch 109 [0/22] Loss(NLL): 4.858855
Epoch 109 [20/22] Loss(NLL): 1.036109
Epoch 109 Train NLL: -1.270431
VAL  RMSE:0.0030  MAE:0.0023  IC:0.9431  RIC:0.9216  NLL:-4.17174  CRPS:0.00186  Sharp(σ):0.00536  PICP90:1.000|Gap:0.100  PICP95:1.000|Gap:0.050  AURC:0.00286
Epoch 110 [0/22] Loss(NLL): 3.064500
Epoch 110 [20/22] Loss(NLL): 2.962006
Epoch 110 Train NLL: -0.513896
VAL  RMSE:0.0031  MAE:0.0025  IC:0.9314  RIC:0.9045  NLL:-4.24184  CRPS:0.00187  Sharp(σ):0.00490  PICP90:0.994|Gap:0.094  PICP95:1.000|Gap:0.050  AURC:0.00230
Epoch 111 [0/22] Loss(NLL): 6.381609
Epoch 111 [20/22] Loss(NLL): 5.711488
Epoch 111 Train NLL: 1.296502
VAL  RMSE:0.0048  MAE:0.0041  IC:0.9175  RIC:0.8851  NLL:-4.01667  CRPS:0.00277  Sharp(σ):0.00536  PICP90:0.965|Gap:0.065  PICP95:0.994|Gap:0.044  AURC:0.00359
Epoch 112 [0/22] Loss(NLL): 11.266997
Epoch 112 [20/22] Loss(NLL): 3.729002
Epoch 112 Train NLL: 6.111704
VAL  RMSE:0.0037  MAE:0.0030  IC:0.9299  RIC:0.9100  NLL:-4.05928  CRPS:0.00220  Sharp(σ):0.00552  PICP90:1.000|Gap:0.100  PICP95:1.000|Gap:0.050  AURC:0.00340
Epoch 113 [0/22] Loss(NLL): 10.435475
Epoch 113 [20/22] Loss(NLL): 0.216582
Epoch 113 Train NLL: 2.513194
VAL  RMSE:0.0033  MAE:0.0026  IC:0.9281  RIC:0.9037  NLL:-4.13317  CRPS:0.00196  Sharp(σ):0.00504  PICP90:0.988|Gap:0.088  PICP95:1.000|Gap:0.050  AURC:0.00323
Epoch 114 [0/22] Loss(NLL): 2.811247
Epoch 114 [20/22] Loss(NLL): -0.078655
Epoch 114 Train NLL: 0.172992
VAL  RMSE:0.0039  MAE:0.0032  IC:0.9274  RIC:0.9018  NLL:-4.06430  CRPS:0.00224  Sharp(σ):0.00498  PICP90:0.977|Gap:0.077  PICP95:0.988|Gap:0.038  AURC:0.00343
Epoch 115 [0/22] Loss(NLL): 14.279391
Epoch 115 [20/22] Loss(NLL): 0.420184
Epoch 115 Train NLL: 0.401027
VAL  RMSE:0.0050  MAE:0.0043  IC:0.9147  RIC:0.8826  NLL:-3.76102  CRPS:0.00290  Sharp(σ):0.00462  PICP90:0.902|Gap:0.002  PICP95:0.977|Gap:0.027  AURC:0.00407
Epoch 116 [0/22] Loss(NLL): 8.680554
Epoch 116 [20/22] Loss(NLL): -0.691014
Epoch 116 Train NLL: 0.913650
VAL  RMSE:0.0049  MAE:0.0043  IC:0.9401  RIC:0.9202  NLL:-3.86220  CRPS:0.00284  Sharp(σ):0.00538  PICP90:0.965|Gap:0.065  PICP95:0.988|Gap:0.038  AURC:0.00441
Epoch 117 [0/22] Loss(NLL): 5.819293
Epoch 117 [20/22] Loss(NLL): -0.975118
Epoch 117 Train NLL: -0.364236
VAL  RMSE:0.0054  MAE:0.0049  IC:0.9443  RIC:0.9234  NLL:-3.81193  CRPS:0.00321  Sharp(σ):0.00505  PICP90:0.942|Gap:0.042  PICP95:0.977|Gap:0.027  AURC:0.00479
Epoch 118 [0/22] Loss(NLL): 3.118876
Epoch 118 [20/22] Loss(NLL): -0.282762
Epoch 118 Train NLL: -1.347900
VAL  RMSE:0.0035  MAE:0.0029  IC:0.9468  RIC:0.9260  NLL:-4.11653  CRPS:0.00208  Sharp(σ):0.00533  PICP90:0.988|Gap:0.088  PICP95:0.994|Gap:0.044  AURC:0.00330
Epoch 119 [0/22] Loss(NLL): -0.126315
Epoch 119 [20/22] Loss(NLL): -0.291357
Epoch 119 Train NLL: -1.886902
VAL  RMSE:0.0032  MAE:0.0025  IC:0.9431  RIC:0.9197  NLL:-4.24754  CRPS:0.00189  Sharp(σ):0.00502  PICP90:0.988|Gap:0.088  PICP95:0.994|Gap:0.044  AURC:0.00239
Epoch 120 [0/22] Loss(NLL): 3.459905
Epoch 120 [20/22] Loss(NLL): 4.926004
Epoch 120 Train NLL: 1.458636
VAL  RMSE:0.0028  MAE:0.0022  IC:0.9435  RIC:0.9218  NLL:-4.19737  CRPS:0.00180  Sharp(σ):0.00542  PICP90:1.000|Gap:0.100  PICP95:1.000|Gap:0.050  AURC:0.00237
Epoch 121 [0/22] Loss(NLL): 13.715505
Epoch 121 [20/22] Loss(NLL): 7.425562
Epoch 121 Train NLL: 3.502263
VAL  RMSE:0.0042  MAE:0.0035  IC:0.9096  RIC:0.8731  NLL:-4.07911  CRPS:0.00242  Sharp(σ):0.00500  PICP90:0.954|Gap:0.054  PICP95:0.983|Gap:0.033  AURC:0.00425
Epoch 122 [0/22] Loss(NLL): 8.076197
Epoch 122 [20/22] Loss(NLL): 0.492162
Epoch 122 Train NLL: 1.047723
VAL  RMSE:0.0039  MAE:0.0032  IC:0.9119  RIC:0.8743  NLL:-4.12486  CRPS:0.00225  Sharp(σ):0.00487  PICP90:0.960|Gap:0.060  PICP95:0.988|Gap:0.038  AURC:0.00355
Epoch 123 [0/22] Loss(NLL): 1.905636
Epoch 123 [20/22] Loss(NLL): 0.129530
Epoch 123 Train NLL: -1.309894
VAL  RMSE:0.0046  MAE:0.0040  IC:0.9337  RIC:0.9091  NLL:-3.89692  CRPS:0.00266  Sharp(σ):0.00487  PICP90:0.965|Gap:0.065  PICP95:0.988|Gap:0.038  AURC:0.00377
Epoch 124 [0/22] Loss(NLL): 22.304167
Epoch 124 [20/22] Loss(NLL): 4.504818
Epoch 124 Train NLL: 4.124324
VAL  RMSE:0.0040  MAE:0.0033  IC:0.9120  RIC:0.8871  NLL:-4.13855  CRPS:0.00227  Sharp(σ):0.00503  PICP90:0.971|Gap:0.071  PICP95:0.988|Gap:0.038  AURC:0.00295
Epoch 125 [0/22] Loss(NLL): 9.192212
Epoch 125 [20/22] Loss(NLL): 4.013416
Epoch 125 Train NLL: 4.410585
VAL  RMSE:0.0076  MAE:0.0070  IC:0.9250  RIC:0.9003  NLL:-2.93208  CRPS:0.00489  Sharp(σ):0.00471  PICP90:0.618|Gap:0.282  PICP95:0.786|Gap:0.164  AURC:0.00598
Early stopping triggered.
TEST RMSE:0.0043  MAE:0.0035  IC:0.9102  RIC:0.8650  NLL:-4.02009  CRPS:0.00245  Sharp(σ):0.00509  PICP90:0.942|Gap:0.042  PICP95:0.975|Gap:0.025  AURC:0.00376

Rolling Window Evaluation Statistics:
        rmse     mae      ic  ...  hit_rate  turnover  profit_factor
mean  0.0044  0.0035  0.9269  ...    0.5433    1.0015        11.3653
std   0.0009  0.0008  0.0235  ...    0.0803    0.1518         4.7981

[2 rows x 11 columns]
