Epoch 1 [0/22] Loss(NLL): 360.261871
Epoch 1 [20/22] Loss(NLL): 311.426819
Epoch 1 Train NLL: 652.747518
VAL  RMSE:0.0196  MAE:0.0166  IC:0.0135  RIC:-0.0272  NLL:2.11482  CRPS:0.01404  Sharp(σ):0.00530  PICP90:0.272|Gap:0.628  PICP95:0.324|Gap:0.626  AURC:0.01747
--- New best model (by VAL NLL) ---
Epoch 2 [0/22] Loss(NLL): 1115.371582
Epoch 2 [20/22] Loss(NLL): 159.696014
Epoch 2 Train NLL: 259.383047
VAL  RMSE:0.0157  MAE:0.0132  IC:0.0641  RIC:0.0344  NLL:-0.28036  CRPS:0.01069  Sharp(σ):0.00569  PICP90:0.358|Gap:0.542  PICP95:0.439|Gap:0.511  AURC:0.01343
--- New best model (by VAL NLL) ---
Epoch 3 [0/22] Loss(NLL): 201.436584
Epoch 3 [20/22] Loss(NLL): 119.670639
Epoch 3 Train NLL: 88.070200
VAL  RMSE:0.0136  MAE:0.0104  IC:0.0792  RIC:0.0484  NLL:-1.85042  CRPS:0.00823  Sharp(σ):0.00554  PICP90:0.543|Gap:0.357  PICP95:0.613|Gap:0.337  AURC:0.01216
--- New best model (by VAL NLL) ---
Epoch 4 [0/22] Loss(NLL): 146.058594
Epoch 4 [20/22] Loss(NLL): 132.889725
Epoch 4 Train NLL: 95.445721
VAL  RMSE:0.0123  MAE:0.0094  IC:0.1184  RIC:0.0818  NLL:-2.09983  CRPS:0.00740  Sharp(σ):0.00537  PICP90:0.520|Gap:0.380  PICP95:0.647|Gap:0.303  AURC:0.01189
--- New best model (by VAL NLL) ---
Epoch 5 [0/22] Loss(NLL): 72.046173
Epoch 5 [20/22] Loss(NLL): 117.995544
Epoch 5 Train NLL: 78.487173
VAL  RMSE:0.0125  MAE:0.0095  IC:0.1538  RIC:0.1078  NLL:-1.86771  CRPS:0.00752  Sharp(σ):0.00506  PICP90:0.538|Gap:0.362  PICP95:0.636|Gap:0.314  AURC:0.01040
Epoch 6 [0/22] Loss(NLL): 48.686291
Epoch 6 [20/22] Loss(NLL): 123.068329
Epoch 6 Train NLL: 61.885261
VAL  RMSE:0.0117  MAE:0.0089  IC:0.1883  RIC:0.1345  NLL:-2.19832  CRPS:0.00693  Sharp(σ):0.00515  PICP90:0.595|Gap:0.305  PICP95:0.659|Gap:0.291  AURC:0.00925
--- New best model (by VAL NLL) ---
Epoch 7 [0/22] Loss(NLL): 60.423611
Epoch 7 [20/22] Loss(NLL): 108.390030
Epoch 7 Train NLL: 51.735242
VAL  RMSE:0.0110  MAE:0.0084  IC:0.2565  RIC:0.1967  NLL:-2.53796  CRPS:0.00640  Sharp(σ):0.00541  PICP90:0.653|Gap:0.247  PICP95:0.728|Gap:0.222  AURC:0.00943
--- New best model (by VAL NLL) ---
Epoch 8 [0/22] Loss(NLL): 46.589417
Epoch 8 [20/22] Loss(NLL): 97.676819
Epoch 8 Train NLL: 40.366829
VAL  RMSE:0.0105  MAE:0.0080  IC:0.3216  RIC:0.2400  NLL:-2.61368  CRPS:0.00616  Sharp(σ):0.00523  PICP90:0.659|Gap:0.241  PICP95:0.728|Gap:0.222  AURC:0.00949
--- New best model (by VAL NLL) ---
Epoch 9 [0/22] Loss(NLL): 72.481705
Epoch 9 [20/22] Loss(NLL): 94.543678
Epoch 9 Train NLL: 38.534820
VAL  RMSE:0.0102  MAE:0.0076  IC:0.4193  RIC:0.3586  NLL:-2.70056  CRPS:0.00587  Sharp(σ):0.00515  PICP90:0.676|Gap:0.224  PICP95:0.746|Gap:0.204  AURC:0.00743
--- New best model (by VAL NLL) ---
Epoch 10 [0/22] Loss(NLL): 62.291965
Epoch 10 [20/22] Loss(NLL): 86.084213
Epoch 10 Train NLL: 35.182807
VAL  RMSE:0.0100  MAE:0.0076  IC:0.4727  RIC:0.4116  NLL:-2.67260  CRPS:0.00586  Sharp(σ):0.00504  PICP90:0.653|Gap:0.247  PICP95:0.717|Gap:0.233  AURC:0.01018
Epoch 11 [0/22] Loss(NLL): 59.934170
Epoch 11 [20/22] Loss(NLL): 88.167862
Epoch 11 Train NLL: 33.878667
VAL  RMSE:0.0100  MAE:0.0075  IC:0.4879  RIC:0.4197  NLL:-2.82719  CRPS:0.00572  Sharp(σ):0.00529  PICP90:0.682|Gap:0.218  PICP95:0.780|Gap:0.170  AURC:0.00802
--- New best model (by VAL NLL) ---
Epoch 12 [0/22] Loss(NLL): 64.556267
Epoch 12 [20/22] Loss(NLL): 86.605896
Epoch 12 Train NLL: 34.749543
VAL  RMSE:0.0099  MAE:0.0074  IC:0.5135  RIC:0.4452  NLL:-2.78693  CRPS:0.00568  Sharp(σ):0.00517  PICP90:0.699|Gap:0.201  PICP95:0.757|Gap:0.193  AURC:0.00973
Epoch 13 [0/22] Loss(NLL): 58.022034
Epoch 13 [20/22] Loss(NLL): 79.517921
Epoch 13 Train NLL: 33.579259
VAL  RMSE:0.0101  MAE:0.0075  IC:0.5466  RIC:0.4923  NLL:-2.79968  CRPS:0.00575  Sharp(σ):0.00528  PICP90:0.699|Gap:0.201  PICP95:0.775|Gap:0.175  AURC:0.00854
Epoch 14 [0/22] Loss(NLL): 80.768600
Epoch 14 [20/22] Loss(NLL): 76.109207
Epoch 14 Train NLL: 34.946424
VAL  RMSE:0.0096  MAE:0.0071  IC:0.5873  RIC:0.5240  NLL:-2.80868  CRPS:0.00547  Sharp(σ):0.00495  PICP90:0.682|Gap:0.218  PICP95:0.763|Gap:0.187  AURC:0.00929
Epoch 15 [0/22] Loss(NLL): 86.333961
Epoch 15 [20/22] Loss(NLL): 59.888710
Epoch 15 Train NLL: 34.659404
VAL  RMSE:0.0094  MAE:0.0071  IC:0.5739  RIC:0.4999  NLL:-2.84200  CRPS:0.00544  Sharp(σ):0.00496  PICP90:0.676|Gap:0.224  PICP95:0.734|Gap:0.216  AURC:0.00935
--- New best model (by VAL NLL) ---
Epoch 16 [0/22] Loss(NLL): 68.899811
Epoch 16 [20/22] Loss(NLL): 59.990108
Epoch 16 Train NLL: 37.327047
VAL  RMSE:0.0099  MAE:0.0075  IC:0.6141  RIC:0.5412  NLL:-2.79109  CRPS:0.00572  Sharp(σ):0.00537  PICP90:0.688|Gap:0.212  PICP95:0.757|Gap:0.193  AURC:0.00898
Epoch 17 [0/22] Loss(NLL): 83.102333
Epoch 17 [20/22] Loss(NLL): 57.317253
Epoch 17 Train NLL: 38.763204
VAL  RMSE:0.0100  MAE:0.0077  IC:0.5899  RIC:0.5091  NLL:-2.57380  CRPS:0.00590  Sharp(σ):0.00535  PICP90:0.659|Gap:0.241  PICP95:0.717|Gap:0.233  AURC:0.00831
Epoch 18 [0/22] Loss(NLL): 121.461784
Epoch 18 [20/22] Loss(NLL): 52.490116
Epoch 18 Train NLL: 52.696003
VAL  RMSE:0.0129  MAE:0.0107  IC:0.6470  RIC:0.5675  NLL:-1.16222  CRPS:0.00840  Sharp(σ):0.00498  PICP90:0.457|Gap:0.443  PICP95:0.543|Gap:0.407  AURC:0.01065
Epoch 19 [0/22] Loss(NLL): 126.978333
Epoch 19 [20/22] Loss(NLL): 54.742825
Epoch 19 Train NLL: 55.131579
VAL  RMSE:0.0144  MAE:0.0122  IC:0.6307  RIC:0.5445  NLL:-0.33984  CRPS:0.00974  Sharp(σ):0.00549  PICP90:0.382|Gap:0.518  PICP95:0.439|Gap:0.511  AURC:0.01447
Epoch 20 [0/22] Loss(NLL): 138.061722
Epoch 20 [20/22] Loss(NLL): 71.692390
Epoch 20 Train NLL: 82.842406
VAL  RMSE:0.0197  MAE:0.0178  IC:0.6411  RIC:0.5625  NLL:2.52494  CRPS:0.01486  Sharp(σ):0.00565  PICP90:0.162|Gap:0.738  PICP95:0.220|Gap:0.730  AURC:0.01817
Epoch 21 [0/22] Loss(NLL): 140.187485
Epoch 21 [20/22] Loss(NLL): 110.478653
Epoch 21 Train NLL: 94.820391
VAL  RMSE:0.0176  MAE:0.0151  IC:0.5509  RIC:0.4828  NLL:1.04941  CRPS:0.01231  Sharp(σ):0.00601  PICP90:0.329|Gap:0.571  PICP95:0.393|Gap:0.557  AURC:0.01657
Epoch 22 [0/22] Loss(NLL): 167.398209
Epoch 22 [20/22] Loss(NLL): 54.058048
Epoch 22 Train NLL: 88.847994
VAL  RMSE:0.0179  MAE:0.0157  IC:0.6293  RIC:0.5583  NLL:1.02963  CRPS:0.01298  Sharp(σ):0.00549  PICP90:0.249|Gap:0.651  PICP95:0.312|Gap:0.638  AURC:0.01592
Epoch 23 [0/22] Loss(NLL): 98.285995
Epoch 23 [20/22] Loss(NLL): 65.632477
Epoch 23 Train NLL: 89.634656
VAL  RMSE:0.0106  MAE:0.0083  IC:0.3804  RIC:0.3743  NLL:-2.91348  CRPS:0.00621  Sharp(σ):0.00625  PICP90:0.688|Gap:0.212  PICP95:0.775|Gap:0.175  AURC:0.00821
--- New best model (by VAL NLL) ---
Epoch 24 [0/22] Loss(NLL): 544.245178
Epoch 24 [20/22] Loss(NLL): 51.896294
Epoch 24 Train NLL: 73.041779
VAL  RMSE:0.0089  MAE:0.0070  IC:0.6682  RIC:0.5658  NLL:-3.28555  CRPS:0.00518  Sharp(σ):0.00608  PICP90:0.740|Gap:0.160  PICP95:0.803|Gap:0.147  AURC:0.00887
--- New best model (by VAL NLL) ---
Epoch 25 [0/22] Loss(NLL): 72.919930
Epoch 25 [20/22] Loss(NLL): 91.506927
Epoch 25 Train NLL: 75.507585
VAL  RMSE:0.0130  MAE:0.0116  IC:0.8158  RIC:0.7551  NLL:-2.24440  CRPS:0.00862  Sharp(σ):0.00665  PICP90:0.445|Gap:0.455  PICP95:0.607|Gap:0.343  AURC:0.01113
Epoch 26 [0/22] Loss(NLL): 98.977425
Epoch 26 [20/22] Loss(NLL): 36.832436
Epoch 26 Train NLL: 27.588141
VAL  RMSE:0.0087  MAE:0.0070  IC:0.8095  RIC:0.7295  NLL:-3.26944  CRPS:0.00499  Sharp(σ):0.00658  PICP90:0.798|Gap:0.102  PICP95:0.873|Gap:0.077  AURC:0.00880
Epoch 27 [0/22] Loss(NLL): 67.863098
Epoch 27 [20/22] Loss(NLL): 38.742161
Epoch 27 Train NLL: 41.176744
VAL  RMSE:0.0069  MAE:0.0054  IC:0.8186  RIC:0.7432  NLL:-3.55175  CRPS:0.00388  Sharp(σ):0.00670  PICP90:0.884|Gap:0.016  PICP95:0.948|Gap:0.002  AURC:0.00612
--- New best model (by VAL NLL) ---
Epoch 28 [0/22] Loss(NLL): 31.614710
Epoch 28 [20/22] Loss(NLL): 21.484730
Epoch 28 Train NLL: 21.239156
VAL  RMSE:0.0082  MAE:0.0068  IC:0.8466  RIC:0.7924  NLL:-3.25000  CRPS:0.00475  Sharp(σ):0.00675  PICP90:0.821|Gap:0.079  PICP95:0.896|Gap:0.054  AURC:0.00720
Epoch 29 [0/22] Loss(NLL): 38.611252
Epoch 29 [20/22] Loss(NLL): 15.693277
Epoch 29 Train NLL: 15.509773
VAL  RMSE:0.0070  MAE:0.0056  IC:0.8449  RIC:0.7954  NLL:-3.43289  CRPS:0.00397  Sharp(σ):0.00673  PICP90:0.884|Gap:0.016  PICP95:0.936|Gap:0.014  AURC:0.00697
Epoch 30 [0/22] Loss(NLL): 86.578583
Epoch 30 [20/22] Loss(NLL): 23.178106
Epoch 30 Train NLL: 21.222297
VAL  RMSE:0.0077  MAE:0.0063  IC:0.8558  RIC:0.8202  NLL:-3.32118  CRPS:0.00443  Sharp(σ):0.00620  PICP90:0.803|Gap:0.097  PICP95:0.890|Gap:0.060  AURC:0.00620
Epoch 31 [0/22] Loss(NLL): 42.357323
Epoch 31 [20/22] Loss(NLL): 17.338264
Epoch 31 Train NLL: 19.116067
VAL  RMSE:0.0074  MAE:0.0057  IC:0.8496  RIC:0.8264  NLL:-3.58189  CRPS:0.00412  Sharp(σ):0.00612  PICP90:0.855|Gap:0.045  PICP95:0.896|Gap:0.054  AURC:0.00515
--- New best model (by VAL NLL) ---
Epoch 32 [0/22] Loss(NLL): 55.596184
Epoch 32 [20/22] Loss(NLL): 20.411694
Epoch 32 Train NLL: 29.788320
VAL  RMSE:0.0067  MAE:0.0050  IC:0.8334  RIC:0.8040  NLL:-3.69979  CRPS:0.00367  Sharp(σ):0.00662  PICP90:0.902|Gap:0.002  PICP95:0.942|Gap:0.008  AURC:0.00481
--- New best model (by VAL NLL) ---
Epoch 33 [0/22] Loss(NLL): 38.006607
Epoch 33 [20/22] Loss(NLL): 10.610382
Epoch 33 Train NLL: 27.082771
VAL  RMSE:0.0061  MAE:0.0049  IC:0.8430  RIC:0.8107  NLL:-3.69880  CRPS:0.00343  Sharp(σ):0.00618  PICP90:0.919|Gap:0.019  PICP95:0.948|Gap:0.002  AURC:0.00572
Epoch 34 [0/22] Loss(NLL): 25.299875
Epoch 34 [20/22] Loss(NLL): 10.511559
Epoch 34 Train NLL: 23.231410
VAL  RMSE:0.0066  MAE:0.0051  IC:0.8657  RIC:0.8398  NLL:-3.73465  CRPS:0.00366  Sharp(σ):0.00626  PICP90:0.890|Gap:0.010  PICP95:0.942|Gap:0.008  AURC:0.00488
--- New best model (by VAL NLL) ---
Epoch 35 [0/22] Loss(NLL): 20.602140
Epoch 35 [20/22] Loss(NLL): 14.113446
Epoch 35 Train NLL: 12.139226
VAL  RMSE:0.0058  MAE:0.0047  IC:0.8944  RIC:0.8732  NLL:-3.73100  CRPS:0.00329  Sharp(σ):0.00627  PICP90:0.913|Gap:0.013  PICP95:0.960|Gap:0.010  AURC:0.00547
Epoch 36 [0/22] Loss(NLL): 35.927765
Epoch 36 [20/22] Loss(NLL): 9.252730
Epoch 36 Train NLL: 9.512291
VAL  RMSE:0.0050  MAE:0.0041  IC:0.9007  RIC:0.8683  NLL:-3.86268  CRPS:0.00288  Sharp(σ):0.00633  PICP90:0.977|Gap:0.077  PICP95:0.988|Gap:0.038  AURC:0.00410
--- New best model (by VAL NLL) ---
Epoch 37 [0/22] Loss(NLL): 30.410975
Epoch 37 [20/22] Loss(NLL): 18.328531
Epoch 37 Train NLL: 20.338414
VAL  RMSE:0.0048  MAE:0.0038  IC:0.9061  RIC:0.8727  NLL:-3.89847  CRPS:0.00276  Sharp(σ):0.00619  PICP90:0.960|Gap:0.060  PICP95:0.988|Gap:0.038  AURC:0.00458
--- New best model (by VAL NLL) ---
Epoch 38 [0/22] Loss(NLL): 22.514063
Epoch 38 [20/22] Loss(NLL): 6.915953
Epoch 38 Train NLL: 13.288083
VAL  RMSE:0.0045  MAE:0.0037  IC:0.9158  RIC:0.8827  NLL:-3.91321  CRPS:0.00264  Sharp(σ):0.00624  PICP90:0.983|Gap:0.083  PICP95:0.994|Gap:0.044  AURC:0.00410
--- New best model (by VAL NLL) ---
Epoch 39 [0/22] Loss(NLL): 18.163208
Epoch 39 [20/22] Loss(NLL): 5.413751
Epoch 39 Train NLL: 7.534750
VAL  RMSE:0.0073  MAE:0.0063  IC:0.9213  RIC:0.8910  NLL:-3.49227  CRPS:0.00429  Sharp(σ):0.00605  PICP90:0.803|Gap:0.097  PICP95:0.919|Gap:0.031  AURC:0.00657
Epoch 40 [0/22] Loss(NLL): 41.270058
Epoch 40 [20/22] Loss(NLL): 6.468554
Epoch 40 Train NLL: 9.151440
VAL  RMSE:0.0067  MAE:0.0055  IC:0.9182  RIC:0.8861  NLL:-3.59475  CRPS:0.00383  Sharp(σ):0.00627  PICP90:0.884|Gap:0.016  PICP95:0.936|Gap:0.014  AURC:0.00622
Epoch 41 [0/22] Loss(NLL): 18.770418
Epoch 41 [20/22] Loss(NLL): 11.103940
Epoch 41 Train NLL: 22.170109
VAL  RMSE:0.0053  MAE:0.0042  IC:0.9111  RIC:0.8806  NLL:-3.87236  CRPS:0.00300  Sharp(σ):0.00608  PICP90:0.942|Gap:0.042  PICP95:0.977|Gap:0.027  AURC:0.00431
Epoch 42 [0/22] Loss(NLL): 19.093443
Epoch 42 [20/22] Loss(NLL): 4.226208
Epoch 42 Train NLL: 15.669625
VAL  RMSE:0.0054  MAE:0.0042  IC:0.9114  RIC:0.8862  NLL:-3.89652  CRPS:0.00301  Sharp(σ):0.00559  PICP90:0.896|Gap:0.004  PICP95:0.965|Gap:0.015  AURC:0.00457
Epoch 43 [0/22] Loss(NLL): 16.942844
Epoch 43 [20/22] Loss(NLL): 4.278153
Epoch 43 Train NLL: 18.832146
VAL  RMSE:0.0048  MAE:0.0039  IC:0.9062  RIC:0.8842  NLL:-3.93706  CRPS:0.00273  Sharp(σ):0.00573  PICP90:0.965|Gap:0.065  PICP95:0.977|Gap:0.027  AURC:0.00398
--- New best model (by VAL NLL) ---
Epoch 44 [0/22] Loss(NLL): 19.495213
Epoch 44 [20/22] Loss(NLL): 2.398926
Epoch 44 Train NLL: 12.349863
VAL  RMSE:0.0058  MAE:0.0046  IC:0.9044  RIC:0.8758  NLL:-3.85376  CRPS:0.00327  Sharp(σ):0.00605  PICP90:0.896|Gap:0.004  PICP95:0.954|Gap:0.004  AURC:0.00467
Epoch 45 [0/22] Loss(NLL): 18.199408
Epoch 45 [20/22] Loss(NLL): 5.823802
Epoch 45 Train NLL: 3.809580
VAL  RMSE:0.0041  MAE:0.0033  IC:0.9307  RIC:0.9056  NLL:-4.01784  CRPS:0.00238  Sharp(σ):0.00579  PICP90:0.977|Gap:0.077  PICP95:1.000|Gap:0.050  AURC:0.00338
--- New best model (by VAL NLL) ---
Epoch 46 [0/22] Loss(NLL): 14.635272
Epoch 46 [20/22] Loss(NLL): 8.428221
Epoch 46 Train NLL: 6.667286
VAL  RMSE:0.0050  MAE:0.0040  IC:0.8963  RIC:0.8447  NLL:-3.87608  CRPS:0.00286  Sharp(σ):0.00594  PICP90:0.948|Gap:0.048  PICP95:0.983|Gap:0.033  AURC:0.00409
Epoch 47 [0/22] Loss(NLL): 16.082495
Epoch 47 [20/22] Loss(NLL): 8.012858
Epoch 47 Train NLL: 12.544570
VAL  RMSE:0.0056  MAE:0.0044  IC:0.8971  RIC:0.8444  NLL:-3.81136  CRPS:0.00316  Sharp(σ):0.00573  PICP90:0.884|Gap:0.016  PICP95:0.931|Gap:0.019  AURC:0.00477
Epoch 48 [0/22] Loss(NLL): 22.553604
Epoch 48 [20/22] Loss(NLL): 6.324953
Epoch 48 Train NLL: 16.085794
VAL  RMSE:0.0041  MAE:0.0032  IC:0.9315  RIC:0.9021  NLL:-4.01497  CRPS:0.00239  Sharp(σ):0.00596  PICP90:1.000|Gap:0.100  PICP95:1.000|Gap:0.050  AURC:0.00333
Epoch 49 [0/22] Loss(NLL): 10.815535
Epoch 49 [20/22] Loss(NLL): 5.478792
Epoch 49 Train NLL: 2.714020
VAL  RMSE:0.0045  MAE:0.0037  IC:0.9325  RIC:0.8987  NLL:-4.00425  CRPS:0.00260  Sharp(σ):0.00572  PICP90:0.948|Gap:0.048  PICP95:0.988|Gap:0.038  AURC:0.00355
Epoch 50 [0/22] Loss(NLL): 23.186810
Epoch 50 [20/22] Loss(NLL): 2.224404
Epoch 50 Train NLL: 4.489384
VAL  RMSE:0.0044  MAE:0.0036  IC:0.9194  RIC:0.8874  NLL:-3.96768  CRPS:0.00255  Sharp(σ):0.00557  PICP90:0.965|Gap:0.065  PICP95:0.994|Gap:0.044  AURC:0.00400
Epoch 51 [0/22] Loss(NLL): 14.208752
Epoch 51 [20/22] Loss(NLL): 1.817395
Epoch 51 Train NLL: 17.618133
VAL  RMSE:0.0058  MAE:0.0049  IC:0.9194  RIC:0.8881  NLL:-3.66481  CRPS:0.00337  Sharp(σ):0.00609  PICP90:0.931|Gap:0.031  PICP95:0.971|Gap:0.021  AURC:0.00550
Epoch 52 [0/22] Loss(NLL): 47.800598
Epoch 52 [20/22] Loss(NLL): 6.846342
Epoch 52 Train NLL: 11.071088
VAL  RMSE:0.0088  MAE:0.0078  IC:0.9251  RIC:0.8904  NLL:-3.21271  CRPS:0.00551  Sharp(σ):0.00574  PICP90:0.642|Gap:0.258  PICP95:0.775|Gap:0.175  AURC:0.00829
Epoch 53 [0/22] Loss(NLL): 21.941418
Epoch 53 [20/22] Loss(NLL): 2.868920
Epoch 53 Train NLL: 2.767239
VAL  RMSE:0.0046  MAE:0.0039  IC:0.9282  RIC:0.9013  NLL:-3.85114  CRPS:0.00270  Sharp(σ):0.00603  PICP90:0.971|Gap:0.071  PICP95:1.000|Gap:0.050  AURC:0.00469
Epoch 54 [0/22] Loss(NLL): 10.143590
Epoch 54 [20/22] Loss(NLL): 1.221023
Epoch 54 Train NLL: 2.230525
VAL  RMSE:0.0055  MAE:0.0044  IC:0.9306  RIC:0.9077  NLL:-3.88901  CRPS:0.00312  Sharp(σ):0.00565  PICP90:0.902|Gap:0.002  PICP95:0.960|Gap:0.010  AURC:0.00383
Epoch 55 [0/22] Loss(NLL): 11.414581
Epoch 55 [20/22] Loss(NLL): 1.917212
Epoch 55 Train NLL: 1.366374
VAL  RMSE:0.0036  MAE:0.0029  IC:0.9461  RIC:0.9251  NLL:-4.07226  CRPS:0.00219  Sharp(σ):0.00585  PICP90:1.000|Gap:0.100  PICP95:1.000|Gap:0.050  AURC:0.00287
--- New best model (by VAL NLL) ---
Epoch 56 [0/22] Loss(NLL): 17.722315
Epoch 56 [20/22] Loss(NLL): 3.680089
Epoch 56 Train NLL: 2.392749
VAL  RMSE:0.0043  MAE:0.0034  IC:0.9452  RIC:0.9250  NLL:-3.98460  CRPS:0.00249  Sharp(σ):0.00594  PICP90:0.983|Gap:0.083  PICP95:1.000|Gap:0.050  AURC:0.00367
Epoch 57 [0/22] Loss(NLL): 16.282719
Epoch 57 [20/22] Loss(NLL): 8.856796
Epoch 57 Train NLL: 3.225175
VAL  RMSE:0.0051  MAE:0.0042  IC:0.9297  RIC:0.8904  NLL:-3.77350  CRPS:0.00291  Sharp(σ):0.00568  PICP90:0.954|Gap:0.054  PICP95:0.988|Gap:0.038  AURC:0.00377
Epoch 58 [0/22] Loss(NLL): 11.227102
Epoch 58 [20/22] Loss(NLL): 12.525475
Epoch 58 Train NLL: 7.400907
VAL  RMSE:0.0047  MAE:0.0039  IC:0.9124  RIC:0.8608  NLL:-3.81538  CRPS:0.00278  Sharp(σ):0.00638  PICP90:0.988|Gap:0.088  PICP95:1.000|Gap:0.050  AURC:0.00458
Epoch 59 [0/22] Loss(NLL): 9.232466
Epoch 59 [20/22] Loss(NLL): 9.406132
Epoch 59 Train NLL: 10.893743
VAL  RMSE:0.0068  MAE:0.0056  IC:0.8842  RIC:0.8177  NLL:-3.25331  CRPS:0.00393  Sharp(σ):0.00607  PICP90:0.821|Gap:0.079  PICP95:0.913|Gap:0.037  AURC:0.00732
Epoch 60 [0/22] Loss(NLL): 8.822946
Epoch 60 [20/22] Loss(NLL): 6.641074
Epoch 60 Train NLL: 14.769318
VAL  RMSE:0.0047  MAE:0.0039  IC:0.9268  RIC:0.8834  NLL:-3.86287  CRPS:0.00273  Sharp(σ):0.00592  PICP90:0.988|Gap:0.088  PICP95:1.000|Gap:0.050  AURC:0.00400
Epoch 61 [0/22] Loss(NLL): 8.684341
Epoch 61 [20/22] Loss(NLL): 2.114889
Epoch 61 Train NLL: 11.443072
VAL  RMSE:0.0090  MAE:0.0082  IC:0.9326  RIC:0.8950  NLL:-2.87969  CRPS:0.00580  Sharp(σ):0.00550  PICP90:0.584|Gap:0.316  PICP95:0.734|Gap:0.216  AURC:0.00840
Epoch 62 [0/22] Loss(NLL): 23.460667
Epoch 62 [20/22] Loss(NLL): 0.148835
Epoch 62 Train NLL: 5.761283
VAL  RMSE:0.0046  MAE:0.0038  IC:0.9411  RIC:0.9091  NLL:-3.99202  CRPS:0.00265  Sharp(σ):0.00564  PICP90:0.960|Gap:0.060  PICP95:1.000|Gap:0.050  AURC:0.00468
Epoch 63 [0/22] Loss(NLL): 7.194819
Epoch 63 [20/22] Loss(NLL): -0.086416
Epoch 63 Train NLL: 3.784611
VAL  RMSE:0.0035  MAE:0.0029  IC:0.9523  RIC:0.9267  NLL:-4.13141  CRPS:0.00208  Sharp(σ):0.00500  PICP90:0.988|Gap:0.088  PICP95:1.000|Gap:0.050  AURC:0.00322
--- New best model (by VAL NLL) ---
Epoch 64 [0/22] Loss(NLL): 7.527856
Epoch 64 [20/22] Loss(NLL): 2.526783
Epoch 64 Train NLL: 6.241599
VAL  RMSE:0.0041  MAE:0.0033  IC:0.9396  RIC:0.9073  NLL:-4.03452  CRPS:0.00238  Sharp(σ):0.00539  PICP90:0.977|Gap:0.077  PICP95:0.994|Gap:0.044  AURC:0.00371
Epoch 65 [0/22] Loss(NLL): 6.593577
Epoch 65 [20/22] Loss(NLL): 0.985643
Epoch 65 Train NLL: 2.542453
VAL  RMSE:0.0047  MAE:0.0039  IC:0.9155  RIC:0.8838  NLL:-3.96168  CRPS:0.00268  Sharp(σ):0.00564  PICP90:0.965|Gap:0.065  PICP95:1.000|Gap:0.050  AURC:0.00392
Epoch 66 [0/22] Loss(NLL): 17.428041
Epoch 66 [20/22] Loss(NLL): 3.748232
Epoch 66 Train NLL: 7.660564
VAL  RMSE:0.0045  MAE:0.0036  IC:0.9480  RIC:0.9281  NLL:-4.00900  CRPS:0.00256  Sharp(σ):0.00518  PICP90:0.965|Gap:0.065  PICP95:0.983|Gap:0.033  AURC:0.00422
Epoch 67 [0/22] Loss(NLL): 16.936592
Epoch 67 [20/22] Loss(NLL): 2.251091
Epoch 67 Train NLL: 4.946402
VAL  RMSE:0.0089  MAE:0.0076  IC:0.8899  RIC:0.8265  NLL:-2.47726  CRPS:0.00547  Sharp(σ):0.00538  PICP90:0.630|Gap:0.270  PICP95:0.728|Gap:0.222  AURC:0.00568
Epoch 68 [0/22] Loss(NLL): 18.840698
Epoch 68 [20/22] Loss(NLL): 9.637328
Epoch 68 Train NLL: 8.783822
VAL  RMSE:0.0032  MAE:0.0025  IC:0.9610  RIC:0.9420  NLL:-4.10929  CRPS:0.00198  Sharp(σ):0.00571  PICP90:0.988|Gap:0.088  PICP95:0.994|Gap:0.044  AURC:0.00300
Epoch 69 [0/22] Loss(NLL): 5.717732
Epoch 69 [20/22] Loss(NLL): 0.209607
Epoch 69 Train NLL: 2.075233
VAL  RMSE:0.0054  MAE:0.0045  IC:0.9558  RIC:0.9342  NLL:-3.90023  CRPS:0.00309  Sharp(σ):0.00562  PICP90:0.925|Gap:0.025  PICP95:0.965|Gap:0.015  AURC:0.00414
Epoch 70 [0/22] Loss(NLL): 5.005551
Epoch 70 [20/22] Loss(NLL): 1.287988
Epoch 70 Train NLL: 1.070376
VAL  RMSE:0.0068  MAE:0.0062  IC:0.9619  RIC:0.9429  NLL:-3.42530  CRPS:0.00414  Sharp(σ):0.00549  PICP90:0.821|Gap:0.079  PICP95:0.936|Gap:0.014  AURC:0.00659
Epoch 71 [0/22] Loss(NLL): 6.756662
Epoch 71 [20/22] Loss(NLL): 0.294653
Epoch 71 Train NLL: -0.524129
VAL  RMSE:0.0030  MAE:0.0024  IC:0.9636  RIC:0.9494  NLL:-4.15084  CRPS:0.00189  Sharp(σ):0.00540  PICP90:1.000|Gap:0.100  PICP95:1.000|Gap:0.050  AURC:0.00285
--- New best model (by VAL NLL) ---
Epoch 72 [0/22] Loss(NLL): 7.855688
Epoch 72 [20/22] Loss(NLL): -1.641850
Epoch 72 Train NLL: 1.065910
VAL  RMSE:0.0037  MAE:0.0029  IC:0.9496  RIC:0.9261  NLL:-4.12908  CRPS:0.00216  Sharp(σ):0.00516  PICP90:0.983|Gap:0.083  PICP95:0.994|Gap:0.044  AURC:0.00328
Epoch 73 [0/22] Loss(NLL): 2.563425
Epoch 73 [20/22] Loss(NLL): 0.401047
Epoch 73 Train NLL: 2.583280
VAL  RMSE:0.0050  MAE:0.0044  IC:0.9626  RIC:0.9466  NLL:-3.85183  CRPS:0.00291  Sharp(σ):0.00562  PICP90:0.965|Gap:0.065  PICP95:0.994|Gap:0.044  AURC:0.00464
Epoch 74 [0/22] Loss(NLL): 17.927082
Epoch 74 [20/22] Loss(NLL): 11.319268
Epoch 74 Train NLL: 2.151201
VAL  RMSE:0.0035  MAE:0.0027  IC:0.9524  RIC:0.9298  NLL:-4.12407  CRPS:0.00206  Sharp(σ):0.00537  PICP90:0.988|Gap:0.088  PICP95:0.988|Gap:0.038  AURC:0.00294
Epoch 75 [0/22] Loss(NLL): 14.049271
Epoch 75 [20/22] Loss(NLL): 4.012182
Epoch 75 Train NLL: 7.123389
VAL  RMSE:0.0068  MAE:0.0055  IC:0.8852  RIC:0.8148  NLL:-3.25209  CRPS:0.00390  Sharp(σ):0.00550  PICP90:0.786|Gap:0.114  PICP95:0.890|Gap:0.060  AURC:0.00490
Epoch 76 [0/22] Loss(NLL): 13.006618
Epoch 76 [20/22] Loss(NLL): 1.124485
Epoch 76 Train NLL: 9.843627
VAL  RMSE:0.0064  MAE:0.0056  IC:0.9496  RIC:0.9177  NLL:-3.56689  CRPS:0.00383  Sharp(σ):0.00493  PICP90:0.792|Gap:0.108  PICP95:0.908|Gap:0.042  AURC:0.00531
Epoch 77 [0/22] Loss(NLL): 53.700577
Epoch 77 [20/22] Loss(NLL): 3.554265
Epoch 77 Train NLL: 8.988364
VAL  RMSE:0.0056  MAE:0.0048  IC:0.9580  RIC:0.9357  NLL:-3.74167  CRPS:0.00326  Sharp(σ):0.00503  PICP90:0.879|Gap:0.021  PICP95:0.965|Gap:0.015  AURC:0.00513
Epoch 78 [0/22] Loss(NLL): 69.273232
Epoch 78 [20/22] Loss(NLL): 9.447503
Epoch 78 Train NLL: 14.130427
VAL  RMSE:0.0084  MAE:0.0077  IC:0.9570  RIC:0.9371  NLL:-3.02787  CRPS:0.00541  Sharp(σ):0.00522  PICP90:0.578|Gap:0.322  PICP95:0.769|Gap:0.181  AURC:0.00785
Epoch 79 [0/22] Loss(NLL): 14.010184
Epoch 79 [20/22] Loss(NLL): -0.913818
Epoch 79 Train NLL: 0.477531
VAL  RMSE:0.0027  MAE:0.0021  IC:0.9701  RIC:0.9538  NLL:-4.27500  CRPS:0.00171  Sharp(σ):0.00493  PICP90:1.000|Gap:0.100  PICP95:1.000|Gap:0.050  AURC:0.00210
--- New best model (by VAL NLL) ---
Epoch 80 [0/22] Loss(NLL): 87.541153
Epoch 80 [20/22] Loss(NLL): -0.074869
Epoch 80 Train NLL: 10.108266
VAL  RMSE:0.0057  MAE:0.0050  IC:0.9647  RIC:0.9429  NLL:-3.57483  CRPS:0.00336  Sharp(σ):0.00534  PICP90:0.879|Gap:0.021  PICP95:0.977|Gap:0.027  AURC:0.00566
Epoch 81 [0/22] Loss(NLL): 5.776684
Epoch 81 [20/22] Loss(NLL): 8.484165
Epoch 81 Train NLL: 1.966400
VAL  RMSE:0.0040  MAE:0.0032  IC:0.9579  RIC:0.9337  NLL:-4.09756  CRPS:0.00230  Sharp(σ):0.00517  PICP90:0.954|Gap:0.054  PICP95:0.983|Gap:0.033  AURC:0.00336
Epoch 82 [0/22] Loss(NLL): 3.995391
Epoch 82 [20/22] Loss(NLL): 4.838484
Epoch 82 Train NLL: -0.172140
VAL  RMSE:0.0030  MAE:0.0024  IC:0.9645  RIC:0.9448  NLL:-4.20858  CRPS:0.00183  Sharp(σ):0.00505  PICP90:1.000|Gap:0.100  PICP95:1.000|Gap:0.050  AURC:0.00249
Epoch 83 [0/22] Loss(NLL): 5.243040
Epoch 83 [20/22] Loss(NLL): -1.658483
Epoch 83 Train NLL: 0.327226
VAL  RMSE:0.0041  MAE:0.0033  IC:0.9347  RIC:0.8914  NLL:-3.94771  CRPS:0.00231  Sharp(σ):0.00496  PICP90:0.988|Gap:0.088  PICP95:0.994|Gap:0.044  AURC:0.00314
Epoch 84 [0/22] Loss(NLL): 3.086251
Epoch 84 [20/22] Loss(NLL): -0.671175
Epoch 84 Train NLL: 1.367202
VAL  RMSE:0.0031  MAE:0.0024  IC:0.9619  RIC:0.9416  NLL:-4.15538  CRPS:0.00191  Sharp(σ):0.00543  PICP90:0.994|Gap:0.094  PICP95:1.000|Gap:0.050  AURC:0.00281
Epoch 85 [0/22] Loss(NLL): 15.673014
Epoch 85 [20/22] Loss(NLL): 0.596846
Epoch 85 Train NLL: 5.282580
VAL  RMSE:0.0032  MAE:0.0025  IC:0.9624  RIC:0.9412  NLL:-4.16653  CRPS:0.00197  Sharp(σ):0.00554  PICP90:0.994|Gap:0.094  PICP95:1.000|Gap:0.050  AURC:0.00259
Epoch 86 [0/22] Loss(NLL): 48.474712
Epoch 86 [20/22] Loss(NLL): 3.025128
Epoch 86 Train NLL: 8.583331
VAL  RMSE:0.0028  MAE:0.0023  IC:0.9741  RIC:0.9606  NLL:-4.22789  CRPS:0.00176  Sharp(σ):0.00493  PICP90:1.000|Gap:0.100  PICP95:1.000|Gap:0.050  AURC:0.00271
Epoch 87 [0/22] Loss(NLL): 60.252228
Epoch 87 [20/22] Loss(NLL): 1.812593
Epoch 87 Train NLL: 15.462857
VAL  RMSE:0.0066  MAE:0.0058  IC:0.9487  RIC:0.9203  NLL:-3.35240  CRPS:0.00400  Sharp(σ):0.00477  PICP90:0.746|Gap:0.154  PICP95:0.896|Gap:0.054  AURC:0.00606
Epoch 88 [0/22] Loss(NLL): 156.780121
Epoch 88 [20/22] Loss(NLL): 1.652439
Epoch 88 Train NLL: 30.813289
VAL  RMSE:0.0032  MAE:0.0026  IC:0.9581  RIC:0.9340  NLL:-4.19122  CRPS:0.00194  Sharp(σ):0.00492  PICP90:0.988|Gap:0.088  PICP95:0.994|Gap:0.044  AURC:0.00306
Epoch 89 [0/22] Loss(NLL): 37.009102
Epoch 89 [20/22] Loss(NLL): 2.373164
Epoch 89 Train NLL: 12.407399
VAL  RMSE:0.0039  MAE:0.0031  IC:0.9546  RIC:0.9328  NLL:-4.12994  CRPS:0.00223  Sharp(σ):0.00496  PICP90:0.954|Gap:0.054  PICP95:0.994|Gap:0.044  AURC:0.00360
Epoch 90 [0/22] Loss(NLL): 19.580765
Epoch 90 [20/22] Loss(NLL): 2.752040
Epoch 90 Train NLL: 18.308422
VAL  RMSE:0.0055  MAE:0.0048  IC:0.9704  RIC:0.9568  NLL:-3.75964  CRPS:0.00325  Sharp(σ):0.00463  PICP90:0.867|Gap:0.033  PICP95:0.925|Gap:0.025  AURC:0.00450
Epoch 91 [0/22] Loss(NLL): 18.230110
Epoch 91 [20/22] Loss(NLL): 1.536849
Epoch 91 Train NLL: 2.153096
VAL  RMSE:0.0031  MAE:0.0025  IC:0.9624  RIC:0.9461  NLL:-4.19663  CRPS:0.00185  Sharp(σ):0.00487  PICP90:0.994|Gap:0.094  PICP95:1.000|Gap:0.050  AURC:0.00291
Epoch 92 [0/22] Loss(NLL): 49.925373
Epoch 92 [20/22] Loss(NLL): 14.865195
Epoch 92 Train NLL: 7.534392
VAL  RMSE:0.0060  MAE:0.0047  IC:0.9024  RIC:0.8665  NLL:-3.87676  CRPS:0.00339  Sharp(σ):0.00497  PICP90:0.844|Gap:0.056  PICP95:0.919|Gap:0.031  AURC:0.00382
Epoch 93 [0/22] Loss(NLL): 7.533522
Epoch 93 [20/22] Loss(NLL): 0.235219
Epoch 93 Train NLL: 10.138759
VAL  RMSE:0.0035  MAE:0.0029  IC:0.9515  RIC:0.9363  NLL:-4.15980  CRPS:0.00209  Sharp(σ):0.00507  PICP90:1.000|Gap:0.100  PICP95:1.000|Gap:0.050  AURC:0.00295
Epoch 94 [0/22] Loss(NLL): 12.305501
Epoch 94 [20/22] Loss(NLL): 2.277702
Epoch 94 Train NLL: 9.755672
VAL  RMSE:0.0044  MAE:0.0036  IC:0.9510  RIC:0.9330  NLL:-3.99736  CRPS:0.00251  Sharp(σ):0.00489  PICP90:0.919|Gap:0.019  PICP95:0.977|Gap:0.027  AURC:0.00367
Epoch 95 [0/22] Loss(NLL): 13.629562
Epoch 95 [20/22] Loss(NLL): 0.074774
Epoch 95 Train NLL: 1.738087
VAL  RMSE:0.0033  MAE:0.0027  IC:0.9572  RIC:0.9399  NLL:-4.17942  CRPS:0.00197  Sharp(σ):0.00479  PICP90:0.988|Gap:0.088  PICP95:0.994|Gap:0.044  AURC:0.00308
Epoch 96 [0/22] Loss(NLL): 10.152094
Epoch 96 [20/22] Loss(NLL): 6.661771
Epoch 96 Train NLL: 2.760657
VAL  RMSE:0.0031  MAE:0.0024  IC:0.9612  RIC:0.9484  NLL:-4.23659  CRPS:0.00184  Sharp(σ):0.00483  PICP90:0.988|Gap:0.088  PICP95:1.000|Gap:0.050  AURC:0.00279
Epoch 97 [0/22] Loss(NLL): 3.829318
Epoch 97 [20/22] Loss(NLL): 8.899773
Epoch 97 Train NLL: 0.777907
VAL  RMSE:0.0037  MAE:0.0030  IC:0.9463  RIC:0.9178  NLL:-4.09169  CRPS:0.00213  Sharp(σ):0.00485  PICP90:0.971|Gap:0.071  PICP95:1.000|Gap:0.050  AURC:0.00310
Epoch 98 [0/22] Loss(NLL): 4.617746
Epoch 98 [20/22] Loss(NLL): 3.963580
Epoch 98 Train NLL: 3.259249
VAL  RMSE:0.0064  MAE:0.0050  IC:0.8942  RIC:0.8354  NLL:-2.97207  CRPS:0.00371  Sharp(σ):0.00504  PICP90:0.757|Gap:0.143  PICP95:0.803|Gap:0.147  AURC:0.00748
Epoch 99 [0/22] Loss(NLL): 27.184368
Epoch 99 [20/22] Loss(NLL): 3.385196
Epoch 99 Train NLL: 8.713903
VAL  RMSE:0.0032  MAE:0.0026  IC:0.9763  RIC:0.9662  NLL:-4.17552  CRPS:0.00195  Sharp(σ):0.00529  PICP90:0.994|Gap:0.094  PICP95:1.000|Gap:0.050  AURC:0.00272
Early stopping triggered.
TEST RMSE:0.0051  MAE:0.0042  IC:0.9680  RIC:0.9647  NLL:-3.85505  CRPS:0.00294  Sharp(σ):0.00514  PICP90:0.887|Gap:0.013  PICP95:0.956|Gap:0.006  AURC:0.00499
