Epoch 1 [0/22] Loss(NLL): 414.575836
Epoch 1 [20/22] Loss(NLL): 393.033722
Epoch 1 Train NLL: 674.861325
VAL  RMSE:0.0160  MAE:0.0132  IC:0.0191  RIC:-0.0353  NLL:-0.07283  CRPS:0.01087  Sharp(σ):0.00532  PICP90:0.387|Gap:0.513  PICP95:0.445|Gap:0.505  AURC:0.01390
--- New best model (by VAL NLL) ---
Epoch 2 [0/22] Loss(NLL): 1180.562378
Epoch 2 [20/22] Loss(NLL): 121.791725
Epoch 2 Train NLL: 250.396549
VAL  RMSE:0.0152  MAE:0.0127  IC:0.0329  RIC:-0.0069  NLL:-0.39911  CRPS:0.01028  Sharp(σ):0.00556  PICP90:0.399|Gap:0.501  PICP95:0.451|Gap:0.499  AURC:0.01432
--- New best model (by VAL NLL) ---
Epoch 3 [0/22] Loss(NLL): 194.829636
Epoch 3 [20/22] Loss(NLL): 123.147842
Epoch 3 Train NLL: 73.462074
VAL  RMSE:0.0128  MAE:0.0098  IC:0.0802  RIC:0.0447  NLL:-2.20092  CRPS:0.00767  Sharp(σ):0.00579  PICP90:0.555|Gap:0.345  PICP95:0.647|Gap:0.303  AURC:0.01033
--- New best model (by VAL NLL) ---
Epoch 4 [0/22] Loss(NLL): 124.447906
Epoch 4 [20/22] Loss(NLL): 118.910767
Epoch 4 Train NLL: 77.865790
VAL  RMSE:0.0126  MAE:0.0096  IC:0.1247  RIC:0.0817  NLL:-1.88501  CRPS:0.00762  Sharp(σ):0.00514  PICP90:0.543|Gap:0.357  PICP95:0.613|Gap:0.337  AURC:0.01126
Epoch 5 [0/22] Loss(NLL): 59.035290
Epoch 5 [20/22] Loss(NLL): 127.911438
Epoch 5 Train NLL: 67.928969
VAL  RMSE:0.0122  MAE:0.0093  IC:0.1506  RIC:0.1123  NLL:-2.18798  CRPS:0.00728  Sharp(σ):0.00540  PICP90:0.572|Gap:0.328  PICP95:0.665|Gap:0.285  AURC:0.00948
Epoch 6 [0/22] Loss(NLL): 62.599983
Epoch 6 [20/22] Loss(NLL): 100.443192
Epoch 6 Train NLL: 54.314485
VAL  RMSE:0.0112  MAE:0.0085  IC:0.2185  RIC:0.1690  NLL:-2.40123  CRPS:0.00662  Sharp(σ):0.00525  PICP90:0.590|Gap:0.310  PICP95:0.694|Gap:0.256  AURC:0.00874
--- New best model (by VAL NLL) ---
Epoch 7 [0/22] Loss(NLL): 48.373772
Epoch 7 [20/22] Loss(NLL): 91.146645
Epoch 7 Train NLL: 46.498203
VAL  RMSE:0.0118  MAE:0.0092  IC:0.1960  RIC:0.1767  NLL:-1.92416  CRPS:0.00715  Sharp(σ):0.00515  PICP90:0.549|Gap:0.351  PICP95:0.688|Gap:0.262  AURC:0.00960
Epoch 8 [0/22] Loss(NLL): 45.139355
Epoch 8 [20/22] Loss(NLL): 93.666077
Epoch 8 Train NLL: 42.430302
VAL  RMSE:0.0105  MAE:0.0080  IC:0.3298  RIC:0.2630  NLL:-2.55654  CRPS:0.00616  Sharp(σ):0.00515  PICP90:0.630|Gap:0.270  PICP95:0.711|Gap:0.239  AURC:0.00941
--- New best model (by VAL NLL) ---
Epoch 9 [0/22] Loss(NLL): 45.718697
Epoch 9 [20/22] Loss(NLL): 84.422035
Epoch 9 Train NLL: 35.674773
VAL  RMSE:0.0109  MAE:0.0081  IC:0.3493  RIC:0.2834  NLL:-2.52282  CRPS:0.00630  Sharp(σ):0.00522  PICP90:0.642|Gap:0.258  PICP95:0.740|Gap:0.210  AURC:0.00858
Epoch 10 [0/22] Loss(NLL): 46.061272
Epoch 10 [20/22] Loss(NLL): 85.960442
Epoch 10 Train NLL: 33.824585
VAL  RMSE:0.0104  MAE:0.0082  IC:0.4529  RIC:0.3871  NLL:-2.59040  CRPS:0.00627  Sharp(σ):0.00511  PICP90:0.595|Gap:0.305  PICP95:0.665|Gap:0.285  AURC:0.00855
--- New best model (by VAL NLL) ---
Epoch 11 [0/22] Loss(NLL): 37.347244
Epoch 11 [20/22] Loss(NLL): 79.519325
Epoch 11 Train NLL: 32.020672
VAL  RMSE:0.0098  MAE:0.0074  IC:0.4822  RIC:0.4146  NLL:-2.80389  CRPS:0.00563  Sharp(σ):0.00518  PICP90:0.694|Gap:0.206  PICP95:0.757|Gap:0.193  AURC:0.00992
--- New best model (by VAL NLL) ---
Epoch 12 [0/22] Loss(NLL): 35.958416
Epoch 12 [20/22] Loss(NLL): 80.942673
Epoch 12 Train NLL: 28.832438
VAL  RMSE:0.0101  MAE:0.0079  IC:0.4317  RIC:0.3846  NLL:-2.55988  CRPS:0.00599  Sharp(σ):0.00538  PICP90:0.653|Gap:0.247  PICP95:0.734|Gap:0.216  AURC:0.00903
Epoch 13 [0/22] Loss(NLL): 35.188713
Epoch 13 [20/22] Loss(NLL): 66.957153
Epoch 13 Train NLL: 26.060644
VAL  RMSE:0.0096  MAE:0.0075  IC:0.5375  RIC:0.4735  NLL:-2.82178  CRPS:0.00567  Sharp(σ):0.00534  PICP90:0.659|Gap:0.241  PICP95:0.740|Gap:0.210  AURC:0.00972
--- New best model (by VAL NLL) ---
Epoch 14 [0/22] Loss(NLL): 24.794785
Epoch 14 [20/22] Loss(NLL): 67.548439
Epoch 14 Train NLL: 23.508473
VAL  RMSE:0.0092  MAE:0.0072  IC:0.6074  RIC:0.5480  NLL:-2.90344  CRPS:0.00541  Sharp(σ):0.00520  PICP90:0.659|Gap:0.241  PICP95:0.769|Gap:0.181  AURC:0.00803
--- New best model (by VAL NLL) ---
Epoch 15 [0/22] Loss(NLL): 36.660625
Epoch 15 [20/22] Loss(NLL): 60.729836
Epoch 15 Train NLL: 24.043226
VAL  RMSE:0.0088  MAE:0.0068  IC:0.6541  RIC:0.5813  NLL:-3.10240  CRPS:0.00509  Sharp(σ):0.00546  PICP90:0.705|Gap:0.195  PICP95:0.809|Gap:0.141  AURC:0.00747
--- New best model (by VAL NLL) ---
Epoch 16 [0/22] Loss(NLL): 29.875483
Epoch 16 [20/22] Loss(NLL): 53.189930
Epoch 16 Train NLL: 19.709417
VAL  RMSE:0.0084  MAE:0.0065  IC:0.6906  RIC:0.6263  NLL:-3.02488  CRPS:0.00492  Sharp(σ):0.00475  PICP90:0.699|Gap:0.201  PICP95:0.740|Gap:0.210  AURC:0.00782
Epoch 17 [0/22] Loss(NLL): 25.423325
Epoch 17 [20/22] Loss(NLL): 43.860962
Epoch 17 Train NLL: 18.362359
VAL  RMSE:0.0086  MAE:0.0068  IC:0.6657  RIC:0.5994  NLL:-2.93200  CRPS:0.00508  Sharp(σ):0.00514  PICP90:0.665|Gap:0.235  PICP95:0.728|Gap:0.222  AURC:0.00776
Epoch 18 [0/22] Loss(NLL): 44.241436
Epoch 18 [20/22] Loss(NLL): 40.029846
Epoch 18 Train NLL: 18.129111
VAL  RMSE:0.0078  MAE:0.0063  IC:0.7475  RIC:0.6870  NLL:-3.21000  CRPS:0.00456  Sharp(σ):0.00500  PICP90:0.699|Gap:0.201  PICP95:0.780|Gap:0.170  AURC:0.00697
--- New best model (by VAL NLL) ---
Epoch 19 [0/22] Loss(NLL): 26.486996
Epoch 19 [20/22] Loss(NLL): 25.438637
Epoch 19 Train NLL: 15.002750
VAL  RMSE:0.0076  MAE:0.0062  IC:0.7619  RIC:0.6986  NLL:-3.18211  CRPS:0.00449  Sharp(σ):0.00507  PICP90:0.711|Gap:0.189  PICP95:0.792|Gap:0.158  AURC:0.00651
Epoch 20 [0/22] Loss(NLL): 21.548235
Epoch 20 [20/22] Loss(NLL): 35.552319
Epoch 20 Train NLL: 13.955859
VAL  RMSE:0.0074  MAE:0.0056  IC:0.8282  RIC:0.7889  NLL:-3.43387  CRPS:0.00411  Sharp(σ):0.00514  PICP90:0.792|Gap:0.108  PICP95:0.838|Gap:0.112  AURC:0.00723
--- New best model (by VAL NLL) ---
Epoch 21 [0/22] Loss(NLL): 21.294872
Epoch 21 [20/22] Loss(NLL): 24.519667
Epoch 21 Train NLL: 11.501358
VAL  RMSE:0.0072  MAE:0.0054  IC:0.8298  RIC:0.7918  NLL:-3.55193  CRPS:0.00396  Sharp(σ):0.00542  PICP90:0.827|Gap:0.073  PICP95:0.873|Gap:0.077  AURC:0.00603
--- New best model (by VAL NLL) ---
Epoch 22 [0/22] Loss(NLL): 19.400288
Epoch 22 [20/22] Loss(NLL): 16.539133
Epoch 22 Train NLL: 9.437734
VAL  RMSE:0.0065  MAE:0.0049  IC:0.8862  RIC:0.8669  NLL:-3.67027  CRPS:0.00358  Sharp(σ):0.00535  PICP90:0.844|Gap:0.056  PICP95:0.908|Gap:0.042  AURC:0.00607
--- New best model (by VAL NLL) ---
Epoch 23 [0/22] Loss(NLL): 33.807171
Epoch 23 [20/22] Loss(NLL): 19.727783
Epoch 23 Train NLL: 13.102198
VAL  RMSE:0.0062  MAE:0.0049  IC:0.9048  RIC:0.8808  NLL:-3.73335  CRPS:0.00346  Sharp(σ):0.00510  PICP90:0.850|Gap:0.050  PICP95:0.890|Gap:0.060  AURC:0.00497
--- New best model (by VAL NLL) ---
Epoch 24 [0/22] Loss(NLL): 19.708759
Epoch 24 [20/22] Loss(NLL): 13.160424
Epoch 24 Train NLL: 15.041731
VAL  RMSE:0.0065  MAE:0.0054  IC:0.9181  RIC:0.8898  NLL:-3.57921  CRPS:0.00378  Sharp(σ):0.00511  PICP90:0.803|Gap:0.097  PICP95:0.867|Gap:0.083  AURC:0.00605
Epoch 25 [0/22] Loss(NLL): 34.504982
Epoch 25 [20/22] Loss(NLL): 22.570332
Epoch 25 Train NLL: 27.200300
VAL  RMSE:0.0099  MAE:0.0087  IC:0.9148  RIC:0.8883  NLL:-2.61897  CRPS:0.00645  Sharp(σ):0.00503  PICP90:0.491|Gap:0.409  PICP95:0.671|Gap:0.279  AURC:0.00797
Epoch 26 [0/22] Loss(NLL): 28.208277
Epoch 26 [20/22] Loss(NLL): 17.159092
Epoch 26 Train NLL: 12.158194
VAL  RMSE:0.0054  MAE:0.0042  IC:0.9141  RIC:0.8943  NLL:-3.85142  CRPS:0.00302  Sharp(σ):0.00527  PICP90:0.879|Gap:0.021  PICP95:0.948|Gap:0.002  AURC:0.00444
--- New best model (by VAL NLL) ---
Epoch 27 [0/22] Loss(NLL): 17.910183
Epoch 27 [20/22] Loss(NLL): 13.106655
Epoch 27 Train NLL: 10.323514
VAL  RMSE:0.0073  MAE:0.0061  IC:0.9140  RIC:0.8906  NLL:-3.46650  CRPS:0.00435  Sharp(σ):0.00511  PICP90:0.734|Gap:0.166  PICP95:0.838|Gap:0.112  AURC:0.00699
Epoch 28 [0/22] Loss(NLL): 51.422852
Epoch 28 [20/22] Loss(NLL): 10.737434
Epoch 28 Train NLL: 16.161454
VAL  RMSE:0.0058  MAE:0.0047  IC:0.9279  RIC:0.9065  NLL:-3.72689  CRPS:0.00328  Sharp(σ):0.00585  PICP90:0.890|Gap:0.010  PICP95:0.948|Gap:0.002  AURC:0.00524
Epoch 29 [0/22] Loss(NLL): 14.462303
Epoch 29 [20/22] Loss(NLL): 3.661704
Epoch 29 Train NLL: 6.935081
VAL  RMSE:0.0077  MAE:0.0068  IC:0.9335  RIC:0.9123  NLL:-3.25429  CRPS:0.00472  Sharp(σ):0.00539  PICP90:0.705|Gap:0.195  PICP95:0.838|Gap:0.112  AURC:0.00668
Epoch 30 [0/22] Loss(NLL): 7.428339
Epoch 30 [20/22] Loss(NLL): 5.700315
Epoch 30 Train NLL: 2.399445
VAL  RMSE:0.0046  MAE:0.0037  IC:0.9395  RIC:0.9139  NLL:-4.01893  CRPS:0.00262  Sharp(σ):0.00501  PICP90:0.925|Gap:0.025  PICP95:0.971|Gap:0.021  AURC:0.00386
--- New best model (by VAL NLL) ---
Epoch 31 [0/22] Loss(NLL): 21.391811
Epoch 31 [20/22] Loss(NLL): 4.031497
Epoch 31 Train NLL: 4.404273
VAL  RMSE:0.0038  MAE:0.0031  IC:0.9454  RIC:0.9184  NLL:-4.06586  CRPS:0.00227  Sharp(σ):0.00569  PICP90:0.994|Gap:0.094  PICP95:1.000|Gap:0.050  AURC:0.00304
--- New best model (by VAL NLL) ---
Epoch 32 [0/22] Loss(NLL): 23.089317
Epoch 32 [20/22] Loss(NLL): 2.772414
Epoch 32 Train NLL: 9.945443
VAL  RMSE:0.0049  MAE:0.0041  IC:0.9427  RIC:0.9147  NLL:-3.85038  CRPS:0.00282  Sharp(σ):0.00509  PICP90:0.948|Gap:0.048  PICP95:0.977|Gap:0.027  AURC:0.00450
Epoch 33 [0/22] Loss(NLL): 13.927711
Epoch 33 [20/22] Loss(NLL): 4.040912
Epoch 33 Train NLL: 7.680483
VAL  RMSE:0.0069  MAE:0.0059  IC:0.9236  RIC:0.8887  NLL:-3.22214  CRPS:0.00411  Sharp(σ):0.00527  PICP90:0.763|Gap:0.137  PICP95:0.867|Gap:0.083  AURC:0.00672
Epoch 34 [0/22] Loss(NLL): 10.451573
Epoch 34 [20/22] Loss(NLL): 9.466751
Epoch 34 Train NLL: 4.015447
VAL  RMSE:0.0064  MAE:0.0056  IC:0.9384  RIC:0.9099  NLL:-3.54629  CRPS:0.00379  Sharp(σ):0.00514  PICP90:0.821|Gap:0.079  PICP95:0.908|Gap:0.042  AURC:0.00524
Epoch 35 [0/22] Loss(NLL): 13.860424
Epoch 35 [20/22] Loss(NLL): 3.120976
Epoch 35 Train NLL: 4.328392
VAL  RMSE:0.0053  MAE:0.0043  IC:0.8839  RIC:0.8264  NLL:-3.63264  CRPS:0.00308  Sharp(σ):0.00524  PICP90:0.867|Gap:0.033  PICP95:0.948|Gap:0.002  AURC:0.00551
Epoch 36 [0/22] Loss(NLL): 33.331173
Epoch 36 [20/22] Loss(NLL): 15.964411
Epoch 36 Train NLL: 28.761266
VAL  RMSE:0.0089  MAE:0.0076  IC:0.9146  RIC:0.8849  NLL:-3.04290  CRPS:0.00541  Sharp(σ):0.00555  PICP90:0.676|Gap:0.224  PICP95:0.763|Gap:0.187  AURC:0.00758
Epoch 37 [0/22] Loss(NLL): 19.197371
Epoch 37 [20/22] Loss(NLL): 2.685088
Epoch 37 Train NLL: 4.815918
VAL  RMSE:0.0046  MAE:0.0037  IC:0.9144  RIC:0.8759  NLL:-3.88031  CRPS:0.00262  Sharp(σ):0.00522  PICP90:0.942|Gap:0.042  PICP95:0.971|Gap:0.021  AURC:0.00380
Epoch 38 [0/22] Loss(NLL): 12.337778
Epoch 38 [20/22] Loss(NLL): 3.589229
Epoch 38 Train NLL: 4.878098
VAL  RMSE:0.0084  MAE:0.0076  IC:0.9322  RIC:0.9012  NLL:-2.95245  CRPS:0.00529  Sharp(σ):0.00547  PICP90:0.618|Gap:0.282  PICP95:0.780|Gap:0.170  AURC:0.00671
Epoch 39 [0/22] Loss(NLL): 26.430685
Epoch 39 [20/22] Loss(NLL): 1.544443
Epoch 39 Train NLL: 5.416870
VAL  RMSE:0.0083  MAE:0.0071  IC:0.8903  RIC:0.8377  NLL:-2.81853  CRPS:0.00515  Sharp(σ):0.00515  PICP90:0.578|Gap:0.322  PICP95:0.769|Gap:0.181  AURC:0.00630
Epoch 40 [0/22] Loss(NLL): 16.798679
Epoch 40 [20/22] Loss(NLL): 11.788095
Epoch 40 Train NLL: 29.490930
VAL  RMSE:0.0110  MAE:0.0098  IC:0.8943  RIC:0.8573  NLL:-1.82601  CRPS:0.00752  Sharp(σ):0.00502  PICP90:0.347|Gap:0.553  PICP95:0.451|Gap:0.499  AURC:0.01031
Epoch 41 [0/22] Loss(NLL): 91.099617
Epoch 41 [20/22] Loss(NLL): 7.948013
Epoch 41 Train NLL: 13.898708
VAL  RMSE:0.0045  MAE:0.0035  IC:0.9226  RIC:0.8951  NLL:-4.00370  CRPS:0.00253  Sharp(σ):0.00541  PICP90:0.948|Gap:0.048  PICP95:0.971|Gap:0.021  AURC:0.00359
Epoch 42 [0/22] Loss(NLL): 53.803692
Epoch 42 [20/22] Loss(NLL): 10.964302
Epoch 42 Train NLL: 28.750739
VAL  RMSE:0.0097  MAE:0.0088  IC:0.9186  RIC:0.8871  NLL:-2.64556  CRPS:0.00633  Sharp(σ):0.00566  PICP90:0.514|Gap:0.386  PICP95:0.682|Gap:0.268  AURC:0.00918
Epoch 43 [0/22] Loss(NLL): 63.329865
Epoch 43 [20/22] Loss(NLL): 6.659184
Epoch 43 Train NLL: 11.228951
VAL  RMSE:0.0097  MAE:0.0082  IC:0.8629  RIC:0.8008  NLL:-2.37069  CRPS:0.00610  Sharp(σ):0.00560  PICP90:0.590|Gap:0.310  PICP95:0.665|Gap:0.285  AURC:0.00724
Epoch 44 [0/22] Loss(NLL): 13.156523
Epoch 44 [20/22] Loss(NLL): 4.127228
Epoch 44 Train NLL: 33.395774
VAL  RMSE:0.0130  MAE:0.0124  IC:0.9398  RIC:0.9094  NLL:-1.89356  CRPS:0.00929  Sharp(σ):0.00583  PICP90:0.289|Gap:0.611  PICP95:0.393|Gap:0.557  AURC:0.01143
Epoch 45 [0/22] Loss(NLL): 272.330658
Epoch 45 [20/22] Loss(NLL): 48.307228
Epoch 45 Train NLL: 36.612424
VAL  RMSE:0.0063  MAE:0.0052  IC:0.8292  RIC:0.7314  NLL:-3.71963  CRPS:0.00361  Sharp(σ):0.00583  PICP90:0.867|Gap:0.033  PICP95:0.936|Gap:0.014  AURC:0.00516
Epoch 46 [0/22] Loss(NLL): 37.648346
Epoch 46 [20/22] Loss(NLL): 7.442413
Epoch 46 Train NLL: 28.302293
VAL  RMSE:0.0123  MAE:0.0102  IC:0.7969  RIC:0.6854  NLL:-1.57513  CRPS:0.00791  Sharp(σ):0.00570  PICP90:0.480|Gap:0.420  PICP95:0.566|Gap:0.384  AURC:0.00960
Epoch 47 [0/22] Loss(NLL): 361.561554
Epoch 47 [20/22] Loss(NLL): 18.432131
Epoch 47 Train NLL: 58.962066
VAL  RMSE:0.0109  MAE:0.0100  IC:0.8997  RIC:0.8441  NLL:-2.34375  CRPS:0.00717  Sharp(σ):0.00611  PICP90:0.497|Gap:0.403  PICP95:0.618|Gap:0.332  AURC:0.00870
Epoch 48 [0/22] Loss(NLL): 467.282684
Epoch 48 [20/22] Loss(NLL): 30.294422
Epoch 48 Train NLL: 61.815537
VAL  RMSE:0.0127  MAE:0.0112  IC:0.8662  RIC:0.7831  NLL:-1.89803  CRPS:0.00868  Sharp(σ):0.00537  PICP90:0.364|Gap:0.536  PICP95:0.497|Gap:0.453  AURC:0.01214
Epoch 49 [0/22] Loss(NLL): 432.075592
Epoch 49 [20/22] Loss(NLL): 14.322912
Epoch 49 Train NLL: 48.595968
VAL  RMSE:0.0064  MAE:0.0051  IC:0.8643  RIC:0.7826  NLL:-3.26847  CRPS:0.00362  Sharp(σ):0.00525  PICP90:0.815|Gap:0.085  PICP95:0.884|Gap:0.066  AURC:0.00428
Epoch 50 [0/22] Loss(NLL): 32.050526
Epoch 50 [20/22] Loss(NLL): 51.498753
Epoch 50 Train NLL: 58.706580
VAL  RMSE:0.0053  MAE:0.0045  IC:0.9138  RIC:0.8798  NLL:-3.77210  CRPS:0.00306  Sharp(σ):0.00542  PICP90:0.931|Gap:0.031  PICP95:0.971|Gap:0.021  AURC:0.00467
Epoch 51 [0/22] Loss(NLL): 118.034363
Epoch 51 [20/22] Loss(NLL): 128.616653
Epoch 51 Train NLL: 85.438197
VAL  RMSE:0.0091  MAE:0.0075  IC:0.8087  RIC:0.7439  NLL:-2.52631  CRPS:0.00549  Sharp(σ):0.00603  PICP90:0.671|Gap:0.229  PICP95:0.746|Gap:0.204  AURC:0.00964
Early stopping triggered.
TEST RMSE:0.0069  MAE:0.0056  IC:0.9413  RIC:0.9288  NLL:-3.51444  CRPS:0.00398  Sharp(σ):0.00515  PICP90:0.777|Gap:0.123  PICP95:0.867|Gap:0.083  AURC:0.00605
