Epoch 1 [0/22] Loss(NLL): 677.613037
Epoch 1 [20/22] Loss(NLL): 333.918457
Epoch 1 Train NLL: 491.586879
VAL  RMSE:0.0143  MAE:0.0110  IC:-0.0475  RIC:-0.0443  NLL:-1.15280  CRPS:0.00893  Sharp(σ):0.00540  PICP90:0.532|Gap:0.368  PICP95:0.595|Gap:0.355  AURC:0.01324
--- New best model (by VAL NLL) ---
Epoch 2 [0/22] Loss(NLL): 389.529236
Epoch 2 [20/22] Loss(NLL): 167.807663
Epoch 2 Train NLL: 146.425491
VAL  RMSE:0.0134  MAE:0.0113  IC:-0.0081  RIC:0.0085  NLL:-1.46095  CRPS:0.00886  Sharp(σ):0.00572  PICP90:0.416|Gap:0.484  PICP95:0.497|Gap:0.453  AURC:0.01166
--- New best model (by VAL NLL) ---
Epoch 3 [0/22] Loss(NLL): 55.201046
Epoch 3 [20/22] Loss(NLL): 150.428040
Epoch 3 Train NLL: 65.143641
VAL  RMSE:0.0112  MAE:0.0086  IC:0.0169  RIC:0.0345  NLL:-2.50313  CRPS:0.00671  Sharp(σ):0.00538  PICP90:0.595|Gap:0.305  PICP95:0.665|Gap:0.285  AURC:0.00981
--- New best model (by VAL NLL) ---
Epoch 4 [0/22] Loss(NLL): 99.356438
Epoch 4 [20/22] Loss(NLL): 170.609741
Epoch 4 Train NLL: 79.063946
VAL  RMSE:0.0086  MAE:0.0069  IC:0.0458  RIC:0.0522  NLL:-3.21774  CRPS:0.00501  Sharp(σ):0.00542  PICP90:0.694|Gap:0.206  PICP95:0.832|Gap:0.118  AURC:0.00794
--- New best model (by VAL NLL) ---
Epoch 5 [0/22] Loss(NLL): 56.763386
Epoch 5 [20/22] Loss(NLL): 182.074127
Epoch 5 Train NLL: 68.845815
VAL  RMSE:0.0094  MAE:0.0072  IC:0.0928  RIC:0.1059  NLL:-2.91789  CRPS:0.00546  Sharp(σ):0.00502  PICP90:0.642|Gap:0.258  PICP95:0.723|Gap:0.227  AURC:0.00917
Epoch 6 [0/22] Loss(NLL): 65.642654
Epoch 6 [20/22] Loss(NLL): 193.546982
Epoch 6 Train NLL: 71.860807
VAL  RMSE:0.0096  MAE:0.0073  IC:0.1143  RIC:0.1192  NLL:-3.00247  CRPS:0.00551  Sharp(σ):0.00523  PICP90:0.676|Gap:0.224  PICP95:0.757|Gap:0.193  AURC:0.00722
Epoch 7 [0/22] Loss(NLL): 51.106892
Epoch 7 [20/22] Loss(NLL): 202.245590
Epoch 7 Train NLL: 83.187558
VAL  RMSE:0.0130  MAE:0.0106  IC:0.1481  RIC:0.1676  NLL:-1.73070  CRPS:0.00832  Sharp(σ):0.00525  PICP90:0.462|Gap:0.438  PICP95:0.549|Gap:0.401  AURC:0.01075
Epoch 8 [0/22] Loss(NLL): 53.376678
Epoch 8 [20/22] Loss(NLL): 148.064484
Epoch 8 Train NLL: 72.705714
VAL  RMSE:0.0101  MAE:0.0076  IC:0.1575  RIC:0.1792  NLL:-2.84389  CRPS:0.00587  Sharp(σ):0.00524  PICP90:0.636|Gap:0.264  PICP95:0.717|Gap:0.233  AURC:0.00768
Epoch 9 [0/22] Loss(NLL): 50.769230
Epoch 9 [20/22] Loss(NLL): 154.753067
Epoch 9 Train NLL: 87.583926
VAL  RMSE:0.0149  MAE:0.0130  IC:0.1970  RIC:0.2103  NLL:-0.48363  CRPS:0.01037  Sharp(σ):0.00526  PICP90:0.289|Gap:0.611  PICP95:0.364|Gap:0.586  AURC:0.01346
Epoch 10 [0/22] Loss(NLL): 27.586113
Epoch 10 [20/22] Loss(NLL): 101.156296
Epoch 10 Train NLL: 48.311552
VAL  RMSE:0.0077  MAE:0.0059  IC:0.2305  RIC:0.2437  NLL:-3.39691  CRPS:0.00430  Sharp(σ):0.00525  PICP90:0.803|Gap:0.097  PICP95:0.867|Gap:0.083  AURC:0.00775
--- New best model (by VAL NLL) ---
Epoch 11 [0/22] Loss(NLL): 103.004982
Epoch 11 [20/22] Loss(NLL): 104.952065
Epoch 11 Train NLL: 50.962059
VAL  RMSE:0.0083  MAE:0.0064  IC:0.2156  RIC:0.2206  NLL:-3.29366  CRPS:0.00466  Sharp(σ):0.00528  PICP90:0.757|Gap:0.143  PICP95:0.855|Gap:0.095  AURC:0.00678
Epoch 12 [0/22] Loss(NLL): 31.838247
Epoch 12 [20/22] Loss(NLL): 111.411385
Epoch 12 Train NLL: 29.446352
VAL  RMSE:0.0080  MAE:0.0063  IC:0.2326  RIC:0.2425  NLL:-3.34034  CRPS:0.00463  Sharp(σ):0.00520  PICP90:0.711|Gap:0.189  PICP95:0.780|Gap:0.170  AURC:0.00815
Epoch 13 [0/22] Loss(NLL): 108.879173
Epoch 13 [20/22] Loss(NLL): 140.789825
Epoch 13 Train NLL: 51.499645
VAL  RMSE:0.0074  MAE:0.0056  IC:0.2100  RIC:0.2086  NLL:-3.51388  CRPS:0.00416  Sharp(σ):0.00545  PICP90:0.792|Gap:0.108  PICP95:0.850|Gap:0.100  AURC:0.00643
--- New best model (by VAL NLL) ---
Epoch 14 [0/22] Loss(NLL): 66.174110
Epoch 14 [20/22] Loss(NLL): 154.096222
Epoch 14 Train NLL: 49.336147
VAL  RMSE:0.0091  MAE:0.0072  IC:0.1025  RIC:0.0801  NLL:-3.01693  CRPS:0.00546  Sharp(σ):0.00488  PICP90:0.636|Gap:0.264  PICP95:0.723|Gap:0.227  AURC:0.00980
Epoch 15 [0/22] Loss(NLL): 102.209671
Epoch 15 [20/22] Loss(NLL): 227.487427
Epoch 15 Train NLL: 79.172217
VAL  RMSE:0.0099  MAE:0.0079  IC:0.0676  RIC:0.0391  NLL:-2.76459  CRPS:0.00606  Sharp(σ):0.00493  PICP90:0.601|Gap:0.299  PICP95:0.682|Gap:0.268  AURC:0.00986
Epoch 16 [0/22] Loss(NLL): 90.689812
Epoch 16 [20/22] Loss(NLL): 319.537720
Epoch 16 Train NLL: 113.016275
VAL  RMSE:0.0114  MAE:0.0091  IC:0.0869  RIC:0.0663  NLL:-2.59516  CRPS:0.00705  Sharp(σ):0.00543  PICP90:0.566|Gap:0.334  PICP95:0.653|Gap:0.297  AURC:0.01196
Epoch 17 [0/22] Loss(NLL): 62.854221
Epoch 17 [20/22] Loss(NLL): 184.933426
Epoch 17 Train NLL: 99.892065
VAL  RMSE:0.0087  MAE:0.0070  IC:0.1110  RIC:0.0645  NLL:-3.18610  CRPS:0.00511  Sharp(σ):0.00566  PICP90:0.699|Gap:0.201  PICP95:0.798|Gap:0.152  AURC:0.00758
Epoch 18 [0/22] Loss(NLL): 118.174576
Epoch 18 [20/22] Loss(NLL): 363.272003
Epoch 18 Train NLL: 94.043938
VAL  RMSE:0.0219  MAE:0.0195  IC:0.0118  RIC:-0.0018  NLL:5.57707  CRPS:0.01675  Sharp(σ):0.00531  PICP90:0.179|Gap:0.721  PICP95:0.243|Gap:0.707  AURC:0.01743
Epoch 19 [0/22] Loss(NLL): 332.349854
Epoch 19 [20/22] Loss(NLL): 118.719917
Epoch 19 Train NLL: 107.883877
VAL  RMSE:0.0232  MAE:0.0220  IC:0.2436  RIC:0.2354  NLL:5.03232  CRPS:0.01901  Sharp(σ):0.00537  PICP90:0.029|Gap:0.871  PICP95:0.052|Gap:0.898  AURC:0.02125
Epoch 20 [0/22] Loss(NLL): 60.606876
Epoch 20 [20/22] Loss(NLL): 135.573334
Epoch 20 Train NLL: 33.497161
VAL  RMSE:0.0103  MAE:0.0087  IC:0.2296  RIC:0.2342  NLL:-2.68084  CRPS:0.00645  Sharp(σ):0.00575  PICP90:0.601|Gap:0.299  PICP95:0.676|Gap:0.274  AURC:0.00965
Epoch 21 [0/22] Loss(NLL): 75.753860
Epoch 21 [20/22] Loss(NLL): 122.663345
Epoch 21 Train NLL: 48.378940
VAL  RMSE:0.0077  MAE:0.0061  IC:0.1422  RIC:0.0937  NLL:-3.41801  CRPS:0.00441  Sharp(σ):0.00590  PICP90:0.792|Gap:0.108  PICP95:0.861|Gap:0.089  AURC:0.00656
Epoch 22 [0/22] Loss(NLL): 30.125542
Epoch 22 [20/22] Loss(NLL): 122.235947
Epoch 22 Train NLL: 50.177798
VAL  RMSE:0.0140  MAE:0.0119  IC:0.1287  RIC:0.0785  NLL:-1.89099  CRPS:0.00937  Sharp(σ):0.00555  PICP90:0.364|Gap:0.536  PICP95:0.486|Gap:0.464  AURC:0.01089
Epoch 23 [0/22] Loss(NLL): 22.591625
Epoch 23 [20/22] Loss(NLL): 90.341766
Epoch 23 Train NLL: 33.944049
VAL  RMSE:0.0071  MAE:0.0055  IC:0.3275  RIC:0.2797  NLL:-3.50000  CRPS:0.00402  Sharp(σ):0.00554  PICP90:0.792|Gap:0.108  PICP95:0.855|Gap:0.095  AURC:0.00622
Epoch 24 [0/22] Loss(NLL): 130.054047
Epoch 24 [20/22] Loss(NLL): 88.979004
Epoch 24 Train NLL: 36.302231
VAL  RMSE:0.0084  MAE:0.0069  IC:0.3641  RIC:0.3307  NLL:-3.05364  CRPS:0.00505  Sharp(σ):0.00527  PICP90:0.642|Gap:0.258  PICP95:0.751|Gap:0.199  AURC:0.00739
Epoch 25 [0/22] Loss(NLL): 39.958923
Epoch 25 [20/22] Loss(NLL): 88.729927
Epoch 25 Train NLL: 24.405540
VAL  RMSE:0.0070  MAE:0.0055  IC:0.3616  RIC:0.3356  NLL:-3.50630  CRPS:0.00395  Sharp(σ):0.00527  PICP90:0.832|Gap:0.068  PICP95:0.879|Gap:0.071  AURC:0.00691
Epoch 26 [0/22] Loss(NLL): 29.464758
Epoch 26 [20/22] Loss(NLL): 83.770851
Epoch 26 Train NLL: 24.242108
VAL  RMSE:0.0078  MAE:0.0063  IC:0.3238  RIC:0.2960  NLL:-3.06865  CRPS:0.00462  Sharp(σ):0.00511  PICP90:0.699|Gap:0.201  PICP95:0.780|Gap:0.170  AURC:0.00682
Epoch 27 [0/22] Loss(NLL): 38.885941
Epoch 27 [20/22] Loss(NLL): 94.435448
Epoch 27 Train NLL: 26.072505
VAL  RMSE:0.0073  MAE:0.0058  IC:0.4451  RIC:0.3937  NLL:-3.41335  CRPS:0.00424  Sharp(σ):0.00513  PICP90:0.740|Gap:0.160  PICP95:0.803|Gap:0.147  AURC:0.00663
Epoch 28 [0/22] Loss(NLL): 54.979019
Epoch 28 [20/22] Loss(NLL): 105.925217
Epoch 28 Train NLL: 31.269629
VAL  RMSE:0.0078  MAE:0.0061  IC:0.2500  RIC:0.1821  NLL:-3.43159  CRPS:0.00449  Sharp(σ):0.00544  PICP90:0.763|Gap:0.137  PICP95:0.821|Gap:0.129  AURC:0.00755
Epoch 29 [0/22] Loss(NLL): 32.115501
Epoch 29 [20/22] Loss(NLL): 94.983139
Epoch 29 Train NLL: 29.027730
VAL  RMSE:0.0090  MAE:0.0073  IC:0.2328  RIC:0.1598  NLL:-2.77649  CRPS:0.00538  Sharp(σ):0.00576  PICP90:0.671|Gap:0.229  PICP95:0.751|Gap:0.199  AURC:0.00906
Epoch 30 [0/22] Loss(NLL): 29.944904
Epoch 30 [20/22] Loss(NLL): 80.589691
Epoch 30 Train NLL: 27.415113
VAL  RMSE:0.0071  MAE:0.0056  IC:0.3913  RIC:0.3169  NLL:-3.42688  CRPS:0.00404  Sharp(σ):0.00541  PICP90:0.775|Gap:0.125  PICP95:0.844|Gap:0.106  AURC:0.00662
Epoch 31 [0/22] Loss(NLL): 77.894348
Epoch 31 [20/22] Loss(NLL): 88.228539
Epoch 31 Train NLL: 40.831022
VAL  RMSE:0.0076  MAE:0.0062  IC:0.4864  RIC:0.4423  NLL:-3.46573  CRPS:0.00444  Sharp(σ):0.00534  PICP90:0.717|Gap:0.183  PICP95:0.821|Gap:0.129  AURC:0.00600
Epoch 32 [0/22] Loss(NLL): 43.767357
Epoch 32 [20/22] Loss(NLL): 108.088699
Epoch 32 Train NLL: 35.817973
VAL  RMSE:0.0072  MAE:0.0058  IC:0.4460  RIC:0.3978  NLL:-3.37815  CRPS:0.00420  Sharp(σ):0.00534  PICP90:0.775|Gap:0.125  PICP95:0.850|Gap:0.100  AURC:0.00640
Epoch 33 [0/22] Loss(NLL): 31.752926
Epoch 33 [20/22] Loss(NLL): 75.771416
Epoch 33 Train NLL: 29.680283
VAL  RMSE:0.0082  MAE:0.0068  IC:0.5069  RIC:0.4541  NLL:-3.23637  CRPS:0.00489  Sharp(σ):0.00551  PICP90:0.699|Gap:0.201  PICP95:0.786|Gap:0.164  AURC:0.00745
Early stopping triggered.
TEST RMSE:0.0109  MAE:0.0084  IC:0.2253  RIC:0.1911  NLL:-2.16232  CRPS:0.00652  Sharp(σ):0.00510  PICP90:0.596|Gap:0.304  PICP95:0.662|Gap:0.288  AURC:0.01031
