Epoch 1 [0/22] Loss: 217.179230
Epoch 1 Train Loss: 454.280525
Epoch 1 Validation Loss: 186.617317
	 VAL  MAE:0.0311  RMSE:0.0339  IC:0.0839  RIC:0.0757
--- New best model ---
Epoch 2 [0/22] Loss: 2381.133301
Epoch 2 Train Loss: 415.848375
Epoch 2 Validation Loss: 32.833778
	 VAL  MAE:0.0123  RMSE:0.0142  IC:0.1271  RIC:0.1173
--- New best model ---
Epoch 3 [0/22] Loss: 64.782745
Epoch 3 Train Loss: 49.773910
Epoch 3 Validation Loss: 7.021345
	 VAL  MAE:0.0067  RMSE:0.0088  IC:0.1601  RIC:0.1524
--- New best model ---
Epoch 4 [0/22] Loss: 84.317780
Epoch 4 Train Loss: 52.929555
Epoch 4 Validation Loss: 9.246763
	 VAL  MAE:0.0074  RMSE:0.0098  IC:0.1822  RIC:0.1686
Epoch 5 [0/22] Loss: 82.632904
Epoch 5 Train Loss: 47.676571
Epoch 5 Validation Loss: 11.073015
	 VAL  MAE:0.0079  RMSE:0.0104  IC:0.1981  RIC:0.1872
Epoch 6 [0/22] Loss: 64.370316
Epoch 6 Train Loss: 43.883743
Epoch 6 Validation Loss: 11.113225
	 VAL  MAE:0.0080  RMSE:0.0103  IC:0.2103  RIC:0.1952
Epoch 7 [0/22] Loss: 55.073067
Epoch 7 Train Loss: 40.313397
Epoch 7 Validation Loss: 9.401609
	 VAL  MAE:0.0075  RMSE:0.0098  IC:0.2103  RIC:0.1978
Epoch 8 [0/22] Loss: 45.218376
Epoch 8 Train Loss: 36.409523
Epoch 8 Validation Loss: 8.166712
	 VAL  MAE:0.0071  RMSE:0.0094  IC:0.2192  RIC:0.2060
Epoch 9 [0/22] Loss: 49.969128
Epoch 9 Train Loss: 36.076685
Epoch 9 Validation Loss: 7.194884
	 VAL  MAE:0.0068  RMSE:0.0091  IC:0.2302  RIC:0.2164
Epoch 10 [0/22] Loss: 42.148136
Epoch 10 Train Loss: 36.175220
Epoch 10 Validation Loss: 7.824038
	 VAL  MAE:0.0071  RMSE:0.0093  IC:0.2472  RIC:0.2357
Epoch 11 [0/22] Loss: 47.677814
Epoch 11 Train Loss: 35.244550
Epoch 11 Validation Loss: 6.176099
	 VAL  MAE:0.0065  RMSE:0.0087  IC:0.2583  RIC:0.2435
--- New best model ---
Epoch 12 [0/22] Loss: 44.224617
Epoch 12 Train Loss: 44.796715
Epoch 12 Validation Loss: 7.601877
	 VAL  MAE:0.0071  RMSE:0.0093  IC:0.2861  RIC:0.2772
Epoch 13 [0/22] Loss: 47.795536
Epoch 13 Train Loss: 51.141015
Epoch 13 Validation Loss: 16.161063
	 VAL  MAE:0.0097  RMSE:0.0120  IC:0.3067  RIC:0.3019
Epoch 14 [0/22] Loss: 110.210281
Epoch 14 Train Loss: 43.708771
Epoch 14 Validation Loss: 6.294988
	 VAL  MAE:0.0066  RMSE:0.0089  IC:0.2973  RIC:0.2965
Epoch 15 [0/22] Loss: 42.209446
Epoch 15 Train Loss: 75.176889
Epoch 15 Validation Loss: 15.051380
	 VAL  MAE:0.0094  RMSE:0.0117  IC:0.3294  RIC:0.3254
Epoch 16 [0/22] Loss: 452.366974
Epoch 16 Train Loss: 70.659642
Epoch 16 Validation Loss: 25.908390
	 VAL  MAE:0.0118  RMSE:0.0132  IC:0.4000  RIC:0.4237
Epoch 17 [0/22] Loss: 294.447754
Epoch 17 Train Loss: 59.168077
Epoch 17 Validation Loss: 3.548413
	 VAL  MAE:0.0055  RMSE:0.0074  IC:0.3382  RIC:0.3472
--- New best model ---
Epoch 18 [0/22] Loss: 152.280045
Epoch 18 Train Loss: 38.733352
Epoch 18 Validation Loss: 6.815940
	 VAL  MAE:0.0068  RMSE:0.0088  IC:0.3893  RIC:0.3938
Epoch 19 [0/22] Loss: 77.172073
Epoch 19 Train Loss: 27.210091
Epoch 19 Validation Loss: 7.194453
	 VAL  MAE:0.0070  RMSE:0.0090  IC:0.4028  RIC:0.3843
Epoch 20 [0/22] Loss: 75.188339
Epoch 20 Train Loss: 29.392261
Epoch 20 Validation Loss: 9.929176
	 VAL  MAE:0.0080  RMSE:0.0099  IC:0.4371  RIC:0.4106
Epoch 21 [0/22] Loss: 66.848984
Epoch 21 Train Loss: 29.878418
Epoch 21 Validation Loss: 14.365558
	 VAL  MAE:0.0094  RMSE:0.0113  IC:0.4582  RIC:0.4291
Epoch 22 [0/22] Loss: 60.531284
Epoch 22 Train Loss: 28.286631
Epoch 22 Validation Loss: 11.419374
	 VAL  MAE:0.0086  RMSE:0.0106  IC:0.4721  RIC:0.4439
Epoch 23 [0/22] Loss: 43.491066
Epoch 23 Train Loss: 29.267663
Epoch 23 Validation Loss: 17.007837
	 VAL  MAE:0.0103  RMSE:0.0122  IC:0.4941  RIC:0.4649
Epoch 24 [0/22] Loss: 28.894939
Epoch 24 Train Loss: 28.143679
Epoch 24 Validation Loss: 19.636946
	 VAL  MAE:0.0112  RMSE:0.0130  IC:0.4616  RIC:0.4444
Epoch 25 [0/22] Loss: 29.369934
Epoch 25 Train Loss: 29.437177
Epoch 25 Validation Loss: 19.179544
	 VAL  MAE:0.0111  RMSE:0.0128  IC:0.5120  RIC:0.4894
Epoch 26 [0/22] Loss: 26.551838
Epoch 26 Train Loss: 28.236983
Epoch 26 Validation Loss: 22.425701
	 VAL  MAE:0.0119  RMSE:0.0135  IC:0.5548  RIC:0.5268
Epoch 27 [0/22] Loss: 21.746925
Epoch 27 Train Loss: 23.267128
Epoch 27 Validation Loss: 15.400918
	 VAL  MAE:0.0100  RMSE:0.0117  IC:0.5737  RIC:0.5556
Epoch 28 [0/22] Loss: 33.072083
Epoch 28 Train Loss: 20.851882
Epoch 28 Validation Loss: 13.461813
	 VAL  MAE:0.0093  RMSE:0.0109  IC:0.6477  RIC:0.6323
Epoch 29 [0/22] Loss: 39.457863
Epoch 29 Train Loss: 18.914091
Epoch 29 Validation Loss: 5.738697
	 VAL  MAE:0.0066  RMSE:0.0083  IC:0.7077  RIC:0.6841
Epoch 30 [0/22] Loss: 71.070755
Epoch 30 Train Loss: 22.713094
Epoch 30 Validation Loss: 1.302688
	 VAL  MAE:0.0048  RMSE:0.0063  IC:0.7156  RIC:0.6672
--- New best model ---
Epoch 31 [0/22] Loss: 69.660568
Epoch 31 Train Loss: 24.146372
Epoch 31 Validation Loss: 0.292667
	 VAL  MAE:0.0045  RMSE:0.0059  IC:0.6823  RIC:0.6227
--- New best model ---
Epoch 32 [0/22] Loss: 87.339310
Epoch 32 Train Loss: 31.171687
Epoch 32 Validation Loss: 2.225946
	 VAL  MAE:0.0051  RMSE:0.0066  IC:0.6030  RIC:0.5337
Epoch 33 [0/22] Loss: 91.962341
Epoch 33 Train Loss: 35.434526
Epoch 33 Validation Loss: 19.973276
	 VAL  MAE:0.0089  RMSE:0.0109  IC:0.4502  RIC:0.3942
Epoch 34 [0/22] Loss: 92.338470
Epoch 34 Train Loss: 31.864850
Epoch 34 Validation Loss: 37.125346
	 VAL  MAE:0.0125  RMSE:0.0144  IC:0.4153  RIC:0.3299
Epoch 35 [0/22] Loss: 50.848106
Epoch 35 Train Loss: 25.445670
Epoch 35 Validation Loss: 1.093496
	 VAL  MAE:0.0051  RMSE:0.0065  IC:0.5834  RIC:0.5203
Epoch 36 [0/22] Loss: 71.215904
Epoch 36 Train Loss: 32.530872
Epoch 36 Validation Loss: 10.113092
	 VAL  MAE:0.0090  RMSE:0.0110  IC:0.2882  RIC:0.2022
Epoch 37 [0/22] Loss: 80.978188
Epoch 37 Train Loss: 41.989389
Epoch 37 Validation Loss: 6.367032
	 VAL  MAE:0.0078  RMSE:0.0095  IC:0.4936  RIC:0.4068
Epoch 38 [0/22] Loss: 110.563942
Epoch 38 Train Loss: 80.117297
Epoch 38 Validation Loss: 39.813486
	 VAL  MAE:0.0123  RMSE:0.0146  IC:0.3467  RIC:0.2826
Epoch 39 [0/22] Loss: 26.404692
Epoch 39 Train Loss: 49.536590
Epoch 39 Validation Loss: 52.212168
	 VAL  MAE:0.0143  RMSE:0.0166  IC:0.2362  RIC:0.1820
Epoch 40 [0/22] Loss: 110.897255
Epoch 40 Train Loss: 80.860457
Epoch 40 Validation Loss: 10.429909
	 VAL  MAE:0.0074  RMSE:0.0091  IC:0.2817  RIC:0.2232
Epoch 41 [0/22] Loss: 113.101151
Epoch 41 Train Loss: 66.939971
Epoch 41 Validation Loss: 146.106461
	 VAL  MAE:0.0226  RMSE:0.0262  IC:0.0852  RIC:0.0529
Epoch 42 [0/22] Loss: 45.125259
Epoch 42 Train Loss: 52.567302
Epoch 42 Validation Loss: 64.673347
	 VAL  MAE:0.0202  RMSE:0.0215  IC:0.4028  RIC:0.3538
Epoch 43 [0/22] Loss: 314.503052
Epoch 43 Train Loss: 68.862919
Epoch 43 Validation Loss: 14.487664
	 VAL  MAE:0.0101  RMSE:0.0125  IC:0.1369  RIC:0.1131
Epoch 44 [0/22] Loss: 57.797752
Epoch 44 Train Loss: 43.224926
Epoch 44 Validation Loss: 22.350303
	 VAL  MAE:0.0123  RMSE:0.0145  IC:0.2526  RIC:0.2067
Epoch 45 [0/22] Loss: 30.397318
Epoch 45 Train Loss: 52.189624
Epoch 45 Validation Loss: 27.360742
	 VAL  MAE:0.0133  RMSE:0.0146  IC:0.6256  RIC:0.5776
Epoch 46 [0/22] Loss: 25.692808
Epoch 46 Train Loss: 18.372600
Epoch 46 Validation Loss: 1.313579
	 VAL  MAE:0.0055  RMSE:0.0068  IC:0.5918  RIC:0.5470
Epoch 47 [0/22] Loss: 271.901245
Epoch 47 Train Loss: 39.968020
Epoch 47 Validation Loss: 20.618997
	 VAL  MAE:0.0097  RMSE:0.0111  IC:0.5742  RIC:0.5536
Epoch 48 [0/22] Loss: 30.415926
Epoch 48 Train Loss: 39.808985
Epoch 48 Validation Loss: 8.372438
	 VAL  MAE:0.0084  RMSE:0.0099  IC:0.6725  RIC:0.6401
Epoch 49 [0/22] Loss: 23.962713
Epoch 49 Train Loss: 21.383502
Epoch 49 Validation Loss: -1.189162
	 VAL  MAE:0.0039  RMSE:0.0051  IC:0.8088  RIC:0.7816
--- New best model ---
Epoch 50 [0/22] Loss: 48.455238
Epoch 50 Train Loss: 24.864226
Epoch 50 Validation Loss: 6.577323
	 VAL  MAE:0.0080  RMSE:0.0097  IC:0.5062  RIC:0.4035
Epoch 51 [0/22] Loss: 115.084068
Epoch 51 Train Loss: 35.488705
Epoch 51 Validation Loss: 3.637734
	 VAL  MAE:0.0064  RMSE:0.0077  IC:0.4384  RIC:0.3536
Epoch 52 [0/22] Loss: 47.795567
Epoch 52 Train Loss: 32.696412
Epoch 52 Validation Loss: 8.413408
	 VAL  MAE:0.0083  RMSE:0.0095  IC:0.7057  RIC:0.6345
Epoch 53 [0/22] Loss: 35.389030
Epoch 53 Train Loss: 23.894622
Epoch 53 Validation Loss: 11.838124
	 VAL  MAE:0.0096  RMSE:0.0108  IC:0.7779  RIC:0.7507
Epoch 54 [0/22] Loss: 85.671425
Epoch 54 Train Loss: 22.757356
Epoch 54 Validation Loss: -0.138932
	 VAL  MAE:0.0046  RMSE:0.0059  IC:0.7094  RIC:0.6779
Epoch 55 [0/22] Loss: 65.301926
Epoch 55 Train Loss: 30.202732
Epoch 55 Validation Loss: -0.873829
	 VAL  MAE:0.0045  RMSE:0.0053  IC:0.9071  RIC:0.8848
Epoch 56 [0/22] Loss: 68.958672
Epoch 56 Train Loss: 20.828204
Epoch 56 Validation Loss: 12.094859
	 VAL  MAE:0.0099  RMSE:0.0110  IC:0.8046  RIC:0.7348
Epoch 57 [0/22] Loss: 37.659103
Epoch 57 Train Loss: 30.437758
Epoch 57 Validation Loss: 10.604159
	 VAL  MAE:0.0092  RMSE:0.0104  IC:0.8019  RIC:0.7151
Epoch 58 [0/22] Loss: 26.096672
Epoch 58 Train Loss: 16.946055
Epoch 58 Validation Loss: 4.527960
	 VAL  MAE:0.0067  RMSE:0.0079  IC:0.8385  RIC:0.7845
Epoch 59 [0/22] Loss: 153.018280
Epoch 59 Train Loss: 22.705428
Epoch 59 Validation Loss: 0.184340
	 VAL  MAE:0.0043  RMSE:0.0056  IC:0.7316  RIC:0.6980
Epoch 60 [0/22] Loss: 107.887787
Epoch 60 Train Loss: 33.996297
Epoch 60 Validation Loss: 3.035735
	 VAL  MAE:0.0061  RMSE:0.0069  IC:0.9321  RIC:0.9109
Epoch 61 [0/22] Loss: 19.886364
Epoch 61 Train Loss: 19.928439
Epoch 61 Validation Loss: -2.009374
	 VAL  MAE:0.0040  RMSE:0.0049  IC:0.8040  RIC:0.7215
--- New best model ---
Epoch 62 [0/22] Loss: 34.565929
Epoch 62 Train Loss: 19.659699
Epoch 62 Validation Loss: 10.306592
	 VAL  MAE:0.0093  RMSE:0.0099  IC:0.9209  RIC:0.8842
Epoch 63 [0/22] Loss: 27.970913
Epoch 63 Train Loss: 7.690105
Epoch 63 Validation Loss: 0.773417
	 VAL  MAE:0.0049  RMSE:0.0059  IC:0.9004  RIC:0.8490
Epoch 64 [0/22] Loss: 47.443203
Epoch 64 Train Loss: 12.121639
Epoch 64 Validation Loss: 2.458171
	 VAL  MAE:0.0063  RMSE:0.0071  IC:0.9197  RIC:0.8905
Epoch 65 [0/22] Loss: 41.260384
Epoch 65 Train Loss: 7.128565
Epoch 65 Validation Loss: -3.511763
	 VAL  MAE:0.0025  RMSE:0.0033  IC:0.9085  RIC:0.8733
--- New best model ---
Epoch 66 [0/22] Loss: 16.000748
Epoch 66 Train Loss: 6.432505
Epoch 66 Validation Loss: 6.531053
	 VAL  MAE:0.0077  RMSE:0.0082  IC:0.9381  RIC:0.9161
Epoch 67 [0/22] Loss: 49.864235
Epoch 67 Train Loss: 18.355200
Epoch 67 Validation Loss: 10.459550
	 VAL  MAE:0.0097  RMSE:0.0101  IC:0.9329  RIC:0.9018
Epoch 68 [0/22] Loss: 31.970177
Epoch 68 Train Loss: 10.037099
Epoch 68 Validation Loss: -1.825080
	 VAL  MAE:0.0042  RMSE:0.0052  IC:0.9006  RIC:0.8467
Epoch 69 [0/22] Loss: 15.860467
Epoch 69 Train Loss: 4.022174
Epoch 69 Validation Loss: -0.888167
	 VAL  MAE:0.0041  RMSE:0.0049  IC:0.8955  RIC:0.8382
Epoch 70 [0/22] Loss: 47.821457
Epoch 70 Train Loss: 13.248293
Epoch 70 Validation Loss: 9.068943
	 VAL  MAE:0.0088  RMSE:0.0093  IC:0.9190  RIC:0.8802
Epoch 71 [0/22] Loss: 57.122822
Epoch 71 Train Loss: 12.387613
Epoch 71 Validation Loss: 4.279794
	 VAL  MAE:0.0073  RMSE:0.0078  IC:0.9282  RIC:0.8972
Epoch 72 [0/22] Loss: 23.010830
Epoch 72 Train Loss: 3.556660
Epoch 72 Validation Loss: -4.026511
	 VAL  MAE:0.0022  RMSE:0.0029  IC:0.9374  RIC:0.9132
--- New best model ---
Epoch 73 [0/22] Loss: 15.299679
Epoch 73 Train Loss: 5.747749
Epoch 73 Validation Loss: 3.378292
	 VAL  MAE:0.0070  RMSE:0.0074  IC:0.9524  RIC:0.9315
Epoch 74 [0/22] Loss: 49.036930
Epoch 74 Train Loss: 17.130027
Epoch 74 Validation Loss: 7.566834
	 VAL  MAE:0.0089  RMSE:0.0093  IC:0.9274  RIC:0.8873
Epoch 75 [0/22] Loss: 27.706253
Epoch 75 Train Loss: 8.583323
Epoch 75 Validation Loss: -0.465661
	 VAL  MAE:0.0052  RMSE:0.0059  IC:0.9254  RIC:0.8821
Epoch 76 [0/22] Loss: 13.317614
Epoch 76 Train Loss: 2.256769
Epoch 76 Validation Loss: -3.797424
	 VAL  MAE:0.0026  RMSE:0.0031  IC:0.9309  RIC:0.8909
Epoch 77 [0/22] Loss: 35.189674
Epoch 77 Train Loss: 8.780563
Epoch 77 Validation Loss: 5.747705
	 VAL  MAE:0.0079  RMSE:0.0085  IC:0.9229  RIC:0.8863
Epoch 78 [0/22] Loss: 29.891703
Epoch 78 Train Loss: 6.612922
Epoch 78 Validation Loss: 1.435790
	 VAL  MAE:0.0061  RMSE:0.0067  IC:0.9264  RIC:0.8944
Epoch 79 [0/22] Loss: 43.769791
Epoch 79 Train Loss: 8.186442
Epoch 79 Validation Loss: -3.698013
	 VAL  MAE:0.0028  RMSE:0.0035  IC:0.9325  RIC:0.8994
Epoch 80 [0/22] Loss: 20.579384
Epoch 80 Train Loss: 20.229600
Epoch 80 Validation Loss: -2.237764
	 VAL  MAE:0.0041  RMSE:0.0050  IC:0.8356  RIC:0.7662
Epoch 81 [0/22] Loss: 20.109144
Epoch 81 Train Loss: 15.240729
Epoch 81 Validation Loss: 13.775620
	 VAL  MAE:0.0109  RMSE:0.0115  IC:0.8965  RIC:0.8495
Epoch 82 [0/22] Loss: 28.976429
Epoch 82 Train Loss: 8.009051
Epoch 82 Validation Loss: 1.186250
	 VAL  MAE:0.0060  RMSE:0.0068  IC:0.9212  RIC:0.8761
Epoch 83 [0/22] Loss: 20.148497
Epoch 83 Train Loss: 5.256271
Epoch 83 Validation Loss: -4.202280
	 VAL  MAE:0.0023  RMSE:0.0028  IC:0.9370  RIC:0.9064
--- New best model ---
Epoch 84 [0/22] Loss: 35.748852
Epoch 84 Train Loss: 7.940651
Epoch 84 Validation Loss: -0.474541
	 VAL  MAE:0.0052  RMSE:0.0062  IC:0.8995  RIC:0.8666
Epoch 85 [0/22] Loss: 16.465441
Epoch 85 Train Loss: 10.878977
Epoch 85 Validation Loss: -1.821945
	 VAL  MAE:0.0041  RMSE:0.0049  IC:0.9413  RIC:0.9164
Epoch 86 [0/22] Loss: 13.617456
Epoch 86 Train Loss: 5.752659
Epoch 86 Validation Loss: -3.158923
	 VAL  MAE:0.0034  RMSE:0.0040  IC:0.9374  RIC:0.9002
Epoch 87 [0/22] Loss: 16.347090
Epoch 87 Train Loss: 6.077891
Epoch 87 Validation Loss: -0.095282
	 VAL  MAE:0.0055  RMSE:0.0066  IC:0.8517  RIC:0.7794
Epoch 88 [0/22] Loss: 19.258364
Epoch 88 Train Loss: 10.657403
Epoch 88 Validation Loss: -3.416366
	 VAL  MAE:0.0031  RMSE:0.0038  IC:0.9370  RIC:0.9048
Epoch 89 [0/22] Loss: 16.050032
Epoch 89 Train Loss: 6.050734
Epoch 89 Validation Loss: 3.841261
	 VAL  MAE:0.0072  RMSE:0.0077  IC:0.9404  RIC:0.9125
Epoch 90 [0/22] Loss: 174.743576
Epoch 90 Train Loss: 20.616780
Epoch 90 Validation Loss: -2.607699
	 VAL  MAE:0.0033  RMSE:0.0041  IC:0.9215  RIC:0.8852
Epoch 91 [0/22] Loss: 24.925283
Epoch 91 Train Loss: 2.786248
Epoch 91 Validation Loss: -3.388201
	 VAL  MAE:0.0029  RMSE:0.0036  IC:0.9317  RIC:0.9003
Epoch 92 [0/22] Loss: 30.512957
Epoch 92 Train Loss: 0.855543
Epoch 92 Validation Loss: -3.915698
	 VAL  MAE:0.0026  RMSE:0.0031  IC:0.9480  RIC:0.9296
Epoch 93 [0/22] Loss: 29.252331
Epoch 93 Train Loss: 3.689599
Epoch 93 Validation Loss: -4.163570
	 VAL  MAE:0.0024  RMSE:0.0029  IC:0.9379  RIC:0.9048
Epoch 94 [0/22] Loss: 18.426828
Epoch 94 Train Loss: 4.768564
Epoch 94 Validation Loss: -0.879904
	 VAL  MAE:0.0050  RMSE:0.0058  IC:0.9244  RIC:0.8815
Epoch 95 [0/22] Loss: 20.978712
Epoch 95 Train Loss: 4.639786
Epoch 95 Validation Loss: 2.379425
	 VAL  MAE:0.0068  RMSE:0.0076  IC:0.9017  RIC:0.8489
Epoch 96 [0/22] Loss: 21.403061
Epoch 96 Train Loss: 6.196629
Epoch 96 Validation Loss: -3.716991
	 VAL  MAE:0.0028  RMSE:0.0035  IC:0.9415  RIC:0.9104
Epoch 97 [0/22] Loss: 24.605011
Epoch 97 Train Loss: 7.224961
Epoch 97 Validation Loss: -1.227557
	 VAL  MAE:0.0047  RMSE:0.0054  IC:0.9457  RIC:0.9220
Epoch 98 [0/22] Loss: 25.484043
Epoch 98 Train Loss: 7.762531
Epoch 98 Validation Loss: 0.033420
	 VAL  MAE:0.0058  RMSE:0.0065  IC:0.9228  RIC:0.8933
Epoch 99 [0/22] Loss: 15.512987
Epoch 99 Train Loss: 7.456060
Epoch 99 Validation Loss: 1.819119
	 VAL  MAE:0.0063  RMSE:0.0067  IC:0.9609  RIC:0.9497
Epoch 100 [0/22] Loss: 12.697405
Epoch 100 Train Loss: 10.645931
Epoch 100 Validation Loss: -2.764004
	 VAL  MAE:0.0037  RMSE:0.0045  IC:0.8836  RIC:0.8108
Epoch 101 [0/22] Loss: 7.567085
Epoch 101 Train Loss: 4.753087
Epoch 101 Validation Loss: 2.269231
	 VAL  MAE:0.0068  RMSE:0.0078  IC:0.8728  RIC:0.8018
Epoch 102 [0/22] Loss: 7.402618
Epoch 102 Train Loss: 2.206351
Epoch 102 Validation Loss: -3.403788
	 VAL  MAE:0.0026  RMSE:0.0033  IC:0.9281  RIC:0.8909
Epoch 103 [0/22] Loss: 85.942970
Epoch 103 Train Loss: 11.499374
Epoch 103 Validation Loss: -3.239380
	 VAL  MAE:0.0029  RMSE:0.0036  IC:0.8996  RIC:0.8616
Early stopping triggered.
TEST  MAE:0.0033  RMSE:0.0042  IC:0.9308  RIC:0.9162
