Epoch 1 [0/22] Loss(NLL): 196.300415
Epoch 1 [20/22] Loss(NLL): 200.629669
Epoch 1 Train NLL: 463.115324
VAL  RMSE:0.0332  MAE:0.0304  IC:0.0867  RIC:0.0787  NLL:13.45602  CRPS:0.02751  Sharp(σ):0.00531  PICP90:0.075|Gap:0.825  PICP95:0.092|Gap:0.858  AURC:0.03029
--- New best model (by VAL NLL) ---
Epoch 2 [0/22] Loss(NLL): 2110.951660
Epoch 2 [20/22] Loss(NLL): 148.939362
Epoch 2 Train NLL: 387.809244
VAL  RMSE:0.0126  MAE:0.0108  IC:0.1248  RIC:0.1200  NLL:-1.63910  CRPS:0.00838  Sharp(σ):0.00562  PICP90:0.422|Gap:0.478  PICP95:0.538|Gap:0.412  AURC:0.01177
--- New best model (by VAL NLL) ---
Epoch 3 [0/22] Loss(NLL): 71.574013
Epoch 3 [20/22] Loss(NLL): 116.271400
Epoch 3 Train NLL: 48.601802
VAL  RMSE:0.0092  MAE:0.0069  IC:0.1523  RIC:0.1484  NLL:-3.03750  CRPS:0.00520  Sharp(σ):0.00534  PICP90:0.711|Gap:0.189  PICP95:0.803|Gap:0.147  AURC:0.00850
--- New best model (by VAL NLL) ---
Epoch 4 [0/22] Loss(NLL): 86.501007
Epoch 4 [20/22] Loss(NLL): 147.070419
Epoch 4 Train NLL: 52.001134
VAL  RMSE:0.0090  MAE:0.0068  IC:0.1816  RIC:0.1686  NLL:-3.10548  CRPS:0.00507  Sharp(σ):0.00552  PICP90:0.751|Gap:0.149  PICP95:0.809|Gap:0.141  AURC:0.00851
--- New best model (by VAL NLL) ---
Epoch 5 [0/22] Loss(NLL): 78.319565
Epoch 5 [20/22] Loss(NLL): 127.928665
Epoch 5 Train NLL: 49.785084
VAL  RMSE:0.0086  MAE:0.0064  IC:0.2027  RIC:0.1811  NLL:-3.16108  CRPS:0.00480  Sharp(σ):0.00530  PICP90:0.740|Gap:0.160  PICP95:0.821|Gap:0.129  AURC:0.00724
--- New best model (by VAL NLL) ---
Epoch 6 [0/22] Loss(NLL): 66.298759
Epoch 6 [20/22] Loss(NLL): 132.710632
Epoch 6 Train NLL: 42.026181
VAL  RMSE:0.0093  MAE:0.0071  IC:0.2214  RIC:0.2051  NLL:-3.02028  CRPS:0.00530  Sharp(σ):0.00538  PICP90:0.717|Gap:0.183  PICP95:0.792|Gap:0.158  AURC:0.00700
Epoch 7 [0/22] Loss(NLL): 70.348000
Epoch 7 [20/22] Loss(NLL): 118.272125
Epoch 7 Train NLL: 39.591072
VAL  RMSE:0.0095  MAE:0.0072  IC:0.2401  RIC:0.2297  NLL:-3.03535  CRPS:0.00541  Sharp(σ):0.00558  PICP90:0.717|Gap:0.183  PICP95:0.786|Gap:0.164  AURC:0.00838
Epoch 8 [0/22] Loss(NLL): 62.456898
Epoch 8 [20/22] Loss(NLL): 115.666542
Epoch 8 Train NLL: 37.455113
VAL  RMSE:0.0084  MAE:0.0063  IC:0.2663  RIC:0.2401  NLL:-3.29128  CRPS:0.00466  Sharp(σ):0.00568  PICP90:0.798|Gap:0.102  PICP95:0.838|Gap:0.112  AURC:0.00657
--- New best model (by VAL NLL) ---
Epoch 9 [0/22] Loss(NLL): 58.579872
Epoch 9 [20/22] Loss(NLL): 108.355301
Epoch 9 Train NLL: 37.153094
VAL  RMSE:0.0086  MAE:0.0064  IC:0.2812  RIC:0.2482  NLL:-3.11081  CRPS:0.00484  Sharp(σ):0.00528  PICP90:0.746|Gap:0.154  PICP95:0.798|Gap:0.152  AURC:0.00727
Epoch 10 [0/22] Loss(NLL): 53.398956
Epoch 10 [20/22] Loss(NLL): 100.523460
Epoch 10 Train NLL: 38.034477
VAL  RMSE:0.0083  MAE:0.0062  IC:0.2875  RIC:0.2658  NLL:-3.20979  CRPS:0.00465  Sharp(σ):0.00520  PICP90:0.757|Gap:0.143  PICP95:0.827|Gap:0.123  AURC:0.00823
Epoch 11 [0/22] Loss(NLL): 57.441582
Epoch 11 [20/22] Loss(NLL): 145.517212
Epoch 11 Train NLL: 42.303670
VAL  RMSE:0.0100  MAE:0.0077  IC:0.2883  RIC:0.2772  NLL:-2.90145  CRPS:0.00583  Sharp(σ):0.00548  PICP90:0.659|Gap:0.241  PICP95:0.757|Gap:0.193  AURC:0.00812
Epoch 12 [0/22] Loss(NLL): 48.219513
Epoch 12 [20/22] Loss(NLL): 152.894333
Epoch 12 Train NLL: 47.402430
VAL  RMSE:0.0092  MAE:0.0069  IC:0.2890  RIC:0.2826  NLL:-3.12559  CRPS:0.00519  Sharp(σ):0.00546  PICP90:0.717|Gap:0.183  PICP95:0.809|Gap:0.141  AURC:0.00720
Epoch 13 [0/22] Loss(NLL): 46.588936
Epoch 13 [20/22] Loss(NLL): 184.627823
Epoch 13 Train NLL: 60.467581
VAL  RMSE:0.0109  MAE:0.0085  IC:0.3006  RIC:0.3011  NLL:-2.68984  CRPS:0.00652  Sharp(σ):0.00548  PICP90:0.601|Gap:0.299  PICP95:0.705|Gap:0.245  AURC:0.01095
Epoch 14 [0/22] Loss(NLL): 44.688847
Epoch 14 [20/22] Loss(NLL): 254.129745
Epoch 14 Train NLL: 76.913275
VAL  RMSE:0.0167  MAE:0.0148  IC:0.3151  RIC:0.3206  NLL:-0.35010  CRPS:0.01204  Sharp(σ):0.00542  PICP90:0.243|Gap:0.657  PICP95:0.324|Gap:0.626  AURC:0.01519
Epoch 15 [0/22] Loss(NLL): 38.207638
Epoch 15 [20/22] Loss(NLL): 96.487587
Epoch 15 Train NLL: 40.592283
VAL  RMSE:0.0093  MAE:0.0070  IC:0.2706  RIC:0.2622  NLL:-3.12917  CRPS:0.00528  Sharp(σ):0.00565  PICP90:0.734|Gap:0.166  PICP95:0.798|Gap:0.152  AURC:0.00894
Epoch 16 [0/22] Loss(NLL): 221.249008
Epoch 16 [20/22] Loss(NLL): 116.730682
Epoch 16 Train NLL: 55.118463
VAL  RMSE:0.0115  MAE:0.0091  IC:0.2705  RIC:0.2753  NLL:-2.59818  CRPS:0.00696  Sharp(σ):0.00552  PICP90:0.607|Gap:0.293  PICP95:0.676|Gap:0.274  AURC:0.00971
Epoch 17 [0/22] Loss(NLL): 86.594528
Epoch 17 [20/22] Loss(NLL): 187.368515
Epoch 17 Train NLL: 76.700338
VAL  RMSE:0.0183  MAE:0.0169  IC:0.4434  RIC:0.4555  NLL:0.66860  CRPS:0.01386  Sharp(σ):0.00571  PICP90:0.127|Gap:0.773  PICP95:0.191|Gap:0.759  AURC:0.01641
Epoch 18 [0/22] Loss(NLL): 207.599915
Epoch 18 [20/22] Loss(NLL): 88.557602
Epoch 18 Train NLL: 48.394987
VAL  RMSE:0.0098  MAE:0.0075  IC:0.3184  RIC:0.3176  NLL:-2.94577  CRPS:0.00572  Sharp(σ):0.00540  PICP90:0.694|Gap:0.206  PICP95:0.751|Gap:0.199  AURC:0.01006
Epoch 19 [0/22] Loss(NLL): 29.295204
Epoch 19 [20/22] Loss(NLL): 122.266815
Epoch 19 Train NLL: 49.879177
VAL  RMSE:0.0189  MAE:0.0175  IC:0.4451  RIC:0.4376  NLL:0.49701  CRPS:0.01427  Sharp(σ):0.00600  PICP90:0.110|Gap:0.790  PICP95:0.197|Gap:0.753  AURC:0.01578
Epoch 20 [0/22] Loss(NLL): 41.931557
Epoch 20 [20/22] Loss(NLL): 70.373573
Epoch 20 Train NLL: 32.081629
VAL  RMSE:0.0122  MAE:0.0100  IC:0.3275  RIC:0.3458  NLL:-2.55951  CRPS:0.00764  Sharp(σ):0.00578  PICP90:0.532|Gap:0.368  PICP95:0.630|Gap:0.320  AURC:0.00931
Epoch 21 [0/22] Loss(NLL): 57.820557
Epoch 21 [20/22] Loss(NLL): 56.257805
Epoch 21 Train NLL: 36.453343
VAL  RMSE:0.0111  MAE:0.0092  IC:0.5220  RIC:0.5164  NLL:-2.58857  CRPS:0.00685  Sharp(σ):0.00588  PICP90:0.601|Gap:0.299  PICP95:0.734|Gap:0.216  AURC:0.00913
Epoch 22 [0/22] Loss(NLL): 33.819672
Epoch 22 [20/22] Loss(NLL): 57.737377
Epoch 22 Train NLL: 23.597575
VAL  RMSE:0.0090  MAE:0.0071  IC:0.5262  RIC:0.4957  NLL:-2.86640  CRPS:0.00525  Sharp(σ):0.00547  PICP90:0.699|Gap:0.201  PICP95:0.769|Gap:0.181  AURC:0.00799
Epoch 23 [0/22] Loss(NLL): 91.272568
Epoch 23 [20/22] Loss(NLL): 56.777206
Epoch 23 Train NLL: 34.856771
VAL  RMSE:0.0076  MAE:0.0057  IC:0.5497  RIC:0.5458  NLL:-3.42822  CRPS:0.00421  Sharp(σ):0.00566  PICP90:0.815|Gap:0.085  PICP95:0.867|Gap:0.083  AURC:0.00709
--- New best model (by VAL NLL) ---
Epoch 24 [0/22] Loss(NLL): 57.058094
Epoch 24 [20/22] Loss(NLL): 76.304970
Epoch 24 Train NLL: 23.861093
VAL  RMSE:0.0078  MAE:0.0063  IC:0.4137  RIC:0.3790  NLL:-3.40939  CRPS:0.00459  Sharp(σ):0.00526  PICP90:0.734|Gap:0.166  PICP95:0.798|Gap:0.152  AURC:0.00685
Epoch 25 [0/22] Loss(NLL): 86.478500
Epoch 25 [20/22] Loss(NLL): 75.877357
Epoch 25 Train NLL: 34.049723
VAL  RMSE:0.0074  MAE:0.0059  IC:0.4265  RIC:0.3876  NLL:-3.51172  CRPS:0.00427  Sharp(σ):0.00545  PICP90:0.763|Gap:0.137  PICP95:0.838|Gap:0.112  AURC:0.00746
--- New best model (by VAL NLL) ---
Epoch 26 [0/22] Loss(NLL): 76.172928
Epoch 26 [20/22] Loss(NLL): 98.023811
Epoch 26 Train NLL: 37.983562
VAL  RMSE:0.0082  MAE:0.0067  IC:0.3124  RIC:0.2550  NLL:-3.36110  CRPS:0.00483  Sharp(σ):0.00552  PICP90:0.717|Gap:0.183  PICP95:0.792|Gap:0.158  AURC:0.00768
Epoch 27 [0/22] Loss(NLL): 61.525894
Epoch 27 [20/22] Loss(NLL): 142.107208
Epoch 27 Train NLL: 45.687715
VAL  RMSE:0.0103  MAE:0.0086  IC:0.3035  RIC:0.2374  NLL:-2.90229  CRPS:0.00643  Sharp(σ):0.00560  PICP90:0.578|Gap:0.322  PICP95:0.659|Gap:0.291  AURC:0.00893
Epoch 28 [0/22] Loss(NLL): 66.594887
Epoch 28 [20/22] Loss(NLL): 182.041046
Epoch 28 Train NLL: 57.767830
VAL  RMSE:0.0120  MAE:0.0100  IC:0.2656  RIC:0.2039  NLL:-2.40076  CRPS:0.00775  Sharp(σ):0.00539  PICP90:0.491|Gap:0.409  PICP95:0.578|Gap:0.372  AURC:0.00974
Epoch 29 [0/22] Loss(NLL): 51.239498
Epoch 29 [20/22] Loss(NLL): 126.212791
Epoch 29 Train NLL: 58.630136
VAL  RMSE:0.0132  MAE:0.0115  IC:0.3292  RIC:0.2686  NLL:-1.70950  CRPS:0.00909  Sharp(σ):0.00529  PICP90:0.347|Gap:0.553  PICP95:0.434|Gap:0.516  AURC:0.00992
Epoch 30 [0/22] Loss(NLL): 50.303017
Epoch 30 [20/22] Loss(NLL): 148.773041
Epoch 30 Train NLL: 46.435804
VAL  RMSE:0.0110  MAE:0.0089  IC:0.1926  RIC:0.1355  NLL:-2.71286  CRPS:0.00691  Sharp(σ):0.00550  PICP90:0.526|Gap:0.374  PICP95:0.630|Gap:0.320  AURC:0.01107
Epoch 31 [0/22] Loss(NLL): 71.245445
Epoch 31 [20/22] Loss(NLL): 83.505020
Epoch 31 Train NLL: 58.957672
VAL  RMSE:0.0092  MAE:0.0073  IC:0.3699  RIC:0.3337  NLL:-2.71857  CRPS:0.00548  Sharp(σ):0.00515  PICP90:0.653|Gap:0.247  PICP95:0.723|Gap:0.227  AURC:0.00891
Epoch 32 [0/22] Loss(NLL): 50.768692
Epoch 32 [20/22] Loss(NLL): 138.094208
Epoch 32 Train NLL: 33.399938
VAL  RMSE:0.0160  MAE:0.0140  IC:0.2411  RIC:0.1599  NLL:-0.96830  CRPS:0.01132  Sharp(σ):0.00553  PICP90:0.295|Gap:0.605  PICP95:0.364|Gap:0.586  AURC:0.01188
Epoch 33 [0/22] Loss(NLL): 29.475994
Epoch 33 [20/22] Loss(NLL): 78.804443
Epoch 33 Train NLL: 45.678024
VAL  RMSE:0.0127  MAE:0.0107  IC:0.2822  RIC:0.2428  NLL:-2.22716  CRPS:0.00843  Sharp(σ):0.00546  PICP90:0.416|Gap:0.484  PICP95:0.526|Gap:0.424  AURC:0.01229
Epoch 34 [0/22] Loss(NLL): 33.157345
Epoch 34 [20/22] Loss(NLL): 35.465275
Epoch 34 Train NLL: 36.798834
VAL  RMSE:0.0089  MAE:0.0075  IC:0.5843  RIC:0.5620  NLL:-3.03045  CRPS:0.00539  Sharp(σ):0.00576  PICP90:0.699|Gap:0.201  PICP95:0.798|Gap:0.152  AURC:0.00829
Epoch 35 [0/22] Loss(NLL): 27.632957
Epoch 35 [20/22] Loss(NLL): 29.517437
Epoch 35 Train NLL: 21.146273
VAL  RMSE:0.0074  MAE:0.0061  IC:0.6402  RIC:0.6081  NLL:-3.49635  CRPS:0.00429  Sharp(σ):0.00569  PICP90:0.803|Gap:0.097  PICP95:0.867|Gap:0.083  AURC:0.00654
Epoch 36 [0/22] Loss(NLL): 141.127747
Epoch 36 [20/22] Loss(NLL): 29.405657
Epoch 36 Train NLL: 28.288638
VAL  RMSE:0.0106  MAE:0.0093  IC:0.5994  RIC:0.5850  NLL:-2.34794  CRPS:0.00681  Sharp(σ):0.00573  PICP90:0.514|Gap:0.386  PICP95:0.630|Gap:0.320  AURC:0.00953
Epoch 37 [0/22] Loss(NLL): 206.562485
Epoch 37 [20/22] Loss(NLL): 33.396687
Epoch 37 Train NLL: 42.200304
VAL  RMSE:0.0107  MAE:0.0092  IC:0.7265  RIC:0.6887  NLL:-2.28605  CRPS:0.00685  Sharp(σ):0.00540  PICP90:0.555|Gap:0.345  PICP95:0.676|Gap:0.274  AURC:0.00973
Epoch 38 [0/22] Loss(NLL): 30.431782
Epoch 38 [20/22] Loss(NLL): 33.558792
Epoch 38 Train NLL: 9.860334
VAL  RMSE:0.0059  MAE:0.0045  IC:0.6831  RIC:0.6478  NLL:-3.73656  CRPS:0.00327  Sharp(σ):0.00590  PICP90:0.861|Gap:0.039  PICP95:0.942|Gap:0.008  AURC:0.00546
--- New best model (by VAL NLL) ---
Epoch 39 [0/22] Loss(NLL): 33.076881
Epoch 39 [20/22] Loss(NLL): 29.451302
Epoch 39 Train NLL: 11.308278
VAL  RMSE:0.0059  MAE:0.0048  IC:0.7424  RIC:0.6967  NLL:-3.73246  CRPS:0.00336  Sharp(σ):0.00525  PICP90:0.867|Gap:0.033  PICP95:0.913|Gap:0.037  AURC:0.00585
Epoch 40 [0/22] Loss(NLL): 28.434111
Epoch 40 [20/22] Loss(NLL): 21.367916
Epoch 40 Train NLL: 8.491614
VAL  RMSE:0.0057  MAE:0.0045  IC:0.7116  RIC:0.6533  NLL:-3.80315  CRPS:0.00319  Sharp(σ):0.00596  PICP90:0.896|Gap:0.004  PICP95:0.971|Gap:0.021  AURC:0.00494
--- New best model (by VAL NLL) ---
Epoch 41 [0/22] Loss(NLL): 22.065292
Epoch 41 [20/22] Loss(NLL): 19.566839
Epoch 41 Train NLL: 8.103164
VAL  RMSE:0.0055  MAE:0.0043  IC:0.7865  RIC:0.7432  NLL:-3.80571  CRPS:0.00309  Sharp(σ):0.00571  PICP90:0.890|Gap:0.010  PICP95:0.965|Gap:0.015  AURC:0.00503
--- New best model (by VAL NLL) ---
Epoch 42 [0/22] Loss(NLL): 22.355013
Epoch 42 [20/22] Loss(NLL): 12.549870
Epoch 42 Train NLL: 8.378962
VAL  RMSE:0.0050  MAE:0.0038  IC:0.7980  RIC:0.7596  NLL:-3.87512  CRPS:0.00278  Sharp(σ):0.00553  PICP90:0.919|Gap:0.019  PICP95:0.965|Gap:0.015  AURC:0.00462
--- New best model (by VAL NLL) ---
Epoch 43 [0/22] Loss(NLL): 41.910179
Epoch 43 [20/22] Loss(NLL): 18.937792
Epoch 43 Train NLL: 11.131560
VAL  RMSE:0.0052  MAE:0.0041  IC:0.7975  RIC:0.7727  NLL:-3.79367  CRPS:0.00293  Sharp(σ):0.00586  PICP90:0.925|Gap:0.025  PICP95:0.965|Gap:0.015  AURC:0.00496
Epoch 44 [0/22] Loss(NLL): 55.975204
Epoch 44 [20/22] Loss(NLL): 19.366257
Epoch 44 Train NLL: 12.420112
VAL  RMSE:0.0071  MAE:0.0057  IC:0.6725  RIC:0.6401  NLL:-3.59442  CRPS:0.00406  Sharp(σ):0.00550  PICP90:0.821|Gap:0.079  PICP95:0.890|Gap:0.060  AURC:0.00545
Epoch 45 [0/22] Loss(NLL): 52.721123
Epoch 45 [20/22] Loss(NLL): 24.919443
Epoch 45 Train NLL: 12.171103
VAL  RMSE:0.0052  MAE:0.0039  IC:0.8020  RIC:0.7749  NLL:-3.88360  CRPS:0.00289  Sharp(σ):0.00565  PICP90:0.925|Gap:0.025  PICP95:0.948|Gap:0.002  AURC:0.00436
--- New best model (by VAL NLL) ---
Epoch 46 [0/22] Loss(NLL): 23.296078
Epoch 46 [20/22] Loss(NLL): 10.214056
Epoch 46 Train NLL: 7.487011
VAL  RMSE:0.0047  MAE:0.0036  IC:0.8174  RIC:0.7908  NLL:-3.95200  CRPS:0.00263  Sharp(σ):0.00538  PICP90:0.925|Gap:0.025  PICP95:0.965|Gap:0.015  AURC:0.00432
--- New best model (by VAL NLL) ---
Epoch 47 [0/22] Loss(NLL): 31.414036
Epoch 47 [20/22] Loss(NLL): 13.210323
Epoch 47 Train NLL: 13.896728
VAL  RMSE:0.0045  MAE:0.0035  IC:0.8575  RIC:0.8184  NLL:-3.99973  CRPS:0.00253  Sharp(σ):0.00538  PICP90:0.942|Gap:0.042  PICP95:0.977|Gap:0.027  AURC:0.00376
--- New best model (by VAL NLL) ---
Epoch 48 [0/22] Loss(NLL): 42.282684
Epoch 48 [20/22] Loss(NLL): 36.772560
Epoch 48 Train NLL: 18.179836
VAL  RMSE:0.0058  MAE:0.0049  IC:0.8856  RIC:0.8558  NLL:-3.74860  CRPS:0.00335  Sharp(σ):0.00552  PICP90:0.855|Gap:0.045  PICP95:0.977|Gap:0.027  AURC:0.00547
Epoch 49 [0/22] Loss(NLL): 72.432762
Epoch 49 [20/22] Loss(NLL): 56.370098
Epoch 49 Train NLL: 23.308346
VAL  RMSE:0.0062  MAE:0.0047  IC:0.7125  RIC:0.6593  NLL:-3.77510  CRPS:0.00344  Sharp(σ):0.00575  PICP90:0.879|Gap:0.021  PICP95:0.919|Gap:0.031  AURC:0.00541
Epoch 50 [0/22] Loss(NLL): 71.247131
Epoch 50 [20/22] Loss(NLL): 43.626286
Epoch 50 Train NLL: 20.726024
VAL  RMSE:0.0057  MAE:0.0045  IC:0.8028  RIC:0.7818  NLL:-3.78978  CRPS:0.00320  Sharp(σ):0.00630  PICP90:0.925|Gap:0.025  PICP95:0.977|Gap:0.027  AURC:0.00485
Epoch 51 [0/22] Loss(NLL): 16.301039
Epoch 51 [20/22] Loss(NLL): 18.347153
Epoch 51 Train NLL: 7.845738
VAL  RMSE:0.0053  MAE:0.0043  IC:0.8133  RIC:0.7563  NLL:-3.86070  CRPS:0.00303  Sharp(σ):0.00635  PICP90:0.977|Gap:0.077  PICP95:0.994|Gap:0.044  AURC:0.00396
Epoch 52 [0/22] Loss(NLL): 17.641008
Epoch 52 [20/22] Loss(NLL): 13.366783
Epoch 52 Train NLL: 5.502271
VAL  RMSE:0.0045  MAE:0.0036  IC:0.8633  RIC:0.8246  NLL:-3.94362  CRPS:0.00257  Sharp(σ):0.00585  PICP90:0.965|Gap:0.065  PICP95:0.983|Gap:0.033  AURC:0.00402
Epoch 53 [0/22] Loss(NLL): 44.119308
Epoch 53 [20/22] Loss(NLL): 12.541494
Epoch 53 Train NLL: 10.623217
VAL  RMSE:0.0043  MAE:0.0035  IC:0.8740  RIC:0.8537  NLL:-3.92943  CRPS:0.00252  Sharp(σ):0.00581  PICP90:0.977|Gap:0.077  PICP95:1.000|Gap:0.050  AURC:0.00422
Epoch 54 [0/22] Loss(NLL): 28.426783
Epoch 54 [20/22] Loss(NLL): 27.240311
Epoch 54 Train NLL: 11.373231
VAL  RMSE:0.0049  MAE:0.0038  IC:0.8117  RIC:0.7887  NLL:-3.94119  CRPS:0.00278  Sharp(σ):0.00571  PICP90:0.948|Gap:0.048  PICP95:0.977|Gap:0.027  AURC:0.00447
Epoch 55 [0/22] Loss(NLL): 51.998653
Epoch 55 [20/22] Loss(NLL): 56.844196
Epoch 55 Train NLL: 18.100926
VAL  RMSE:0.0050  MAE:0.0041  IC:0.8048  RIC:0.7773  NLL:-3.83536  CRPS:0.00286  Sharp(σ):0.00594  PICP90:0.942|Gap:0.042  PICP95:0.977|Gap:0.027  AURC:0.00448
Epoch 56 [0/22] Loss(NLL): 17.899139
Epoch 56 [20/22] Loss(NLL): 57.429192
Epoch 56 Train NLL: 22.715689
VAL  RMSE:0.0045  MAE:0.0035  IC:0.8342  RIC:0.8104  NLL:-3.89760  CRPS:0.00261  Sharp(σ):0.00623  PICP90:0.971|Gap:0.071  PICP95:0.988|Gap:0.038  AURC:0.00403
Epoch 57 [0/22] Loss(NLL): 22.493486
Epoch 57 [20/22] Loss(NLL): 6.298777
Epoch 57 Train NLL: 12.761276
VAL  RMSE:0.0047  MAE:0.0037  IC:0.8724  RIC:0.8361  NLL:-3.86290  CRPS:0.00266  Sharp(σ):0.00582  PICP90:0.960|Gap:0.060  PICP95:0.983|Gap:0.033  AURC:0.00383
Epoch 58 [0/22] Loss(NLL): 19.131899
Epoch 58 [20/22] Loss(NLL): 79.616188
Epoch 58 Train NLL: 14.557391
VAL  RMSE:0.0063  MAE:0.0052  IC:0.6561  RIC:0.5386  NLL:-3.60276  CRPS:0.00363  Sharp(σ):0.00587  PICP90:0.844|Gap:0.056  PICP95:0.931|Gap:0.019  AURC:0.00610
Epoch 59 [0/22] Loss(NLL): 62.795624
Epoch 59 [20/22] Loss(NLL): 137.099640
Epoch 59 Train NLL: 27.393038
VAL  RMSE:0.0118  MAE:0.0099  IC:0.5434  RIC:0.4297  NLL:-3.01035  CRPS:0.00729  Sharp(σ):0.00667  PICP90:0.555|Gap:0.345  PICP95:0.682|Gap:0.268  AURC:0.00859
Epoch 60 [0/22] Loss(NLL): 30.347631
Epoch 60 [20/22] Loss(NLL): 25.954685
Epoch 60 Train NLL: 16.614336
VAL  RMSE:0.0042  MAE:0.0034  IC:0.8821  RIC:0.8520  NLL:-3.97560  CRPS:0.00244  Sharp(σ):0.00588  PICP90:0.988|Gap:0.088  PICP95:0.994|Gap:0.044  AURC:0.00358
Epoch 61 [0/22] Loss(NLL): 17.299021
Epoch 61 [20/22] Loss(NLL): 6.778572
Epoch 61 Train NLL: 4.998216
VAL  RMSE:0.0037  MAE:0.0029  IC:0.9065  RIC:0.8879  NLL:-4.04864  CRPS:0.00221  Sharp(σ):0.00567  PICP90:0.983|Gap:0.083  PICP95:0.994|Gap:0.044  AURC:0.00330
--- New best model (by VAL NLL) ---
Epoch 62 [0/22] Loss(NLL): 12.920424
Epoch 62 [20/22] Loss(NLL): 5.633356
Epoch 62 Train NLL: 3.338095
VAL  RMSE:0.0055  MAE:0.0045  IC:0.8515  RIC:0.8139  NLL:-3.84663  CRPS:0.00316  Sharp(σ):0.00584  PICP90:0.913|Gap:0.013  PICP95:0.960|Gap:0.010  AURC:0.00554
Epoch 63 [0/22] Loss(NLL): 15.601060
Epoch 63 [20/22] Loss(NLL): 5.360298
Epoch 63 Train NLL: 0.039018
VAL  RMSE:0.0037  MAE:0.0030  IC:0.9152  RIC:0.8942  NLL:-4.04413  CRPS:0.00218  Sharp(σ):0.00551  PICP90:1.000|Gap:0.100  PICP95:1.000|Gap:0.050  AURC:0.00322
Epoch 64 [0/22] Loss(NLL): 12.554074
Epoch 64 [20/22] Loss(NLL): 14.743401
Epoch 64 Train NLL: 1.645432
VAL  RMSE:0.0041  MAE:0.0033  IC:0.9066  RIC:0.8717  NLL:-4.01135  CRPS:0.00243  Sharp(σ):0.00582  PICP90:0.994|Gap:0.094  PICP95:1.000|Gap:0.050  AURC:0.00421
Epoch 65 [0/22] Loss(NLL): 8.464134
Epoch 65 [20/22] Loss(NLL): 15.114297
Epoch 65 Train NLL: 4.860882
VAL  RMSE:0.0051  MAE:0.0042  IC:0.7765  RIC:0.6845  NLL:-3.86431  CRPS:0.00293  Sharp(σ):0.00613  PICP90:0.971|Gap:0.071  PICP95:0.994|Gap:0.044  AURC:0.00433
Epoch 66 [0/22] Loss(NLL): 10.415958
Epoch 66 [20/22] Loss(NLL): 10.824756
Epoch 66 Train NLL: 8.344721
VAL  RMSE:0.0044  MAE:0.0035  IC:0.8742  RIC:0.8216  NLL:-3.94666  CRPS:0.00255  Sharp(σ):0.00592  PICP90:0.983|Gap:0.083  PICP95:1.000|Gap:0.050  AURC:0.00433
Epoch 67 [0/22] Loss(NLL): 43.768326
Epoch 67 [20/22] Loss(NLL): 5.221522
Epoch 67 Train NLL: 14.027872
VAL  RMSE:0.0038  MAE:0.0030  IC:0.8820  RIC:0.8318  NLL:-3.97433  CRPS:0.00229  Sharp(σ):0.00605  PICP90:0.988|Gap:0.088  PICP95:1.000|Gap:0.050  AURC:0.00328
Epoch 68 [0/22] Loss(NLL): 77.705772
Epoch 68 [20/22] Loss(NLL): 17.274719
Epoch 68 Train NLL: 8.231637
VAL  RMSE:0.0044  MAE:0.0035  IC:0.9161  RIC:0.8935  NLL:-3.94520  CRPS:0.00258  Sharp(σ):0.00626  PICP90:0.977|Gap:0.077  PICP95:0.994|Gap:0.044  AURC:0.00419
Epoch 69 [0/22] Loss(NLL): 17.488001
Epoch 69 [20/22] Loss(NLL): 6.937074
Epoch 69 Train NLL: 10.147713
VAL  RMSE:0.0116  MAE:0.0108  IC:0.8486  RIC:0.8244  NLL:-2.33823  CRPS:0.00782  Sharp(σ):0.00628  PICP90:0.422|Gap:0.478  PICP95:0.613|Gap:0.337  AURC:0.01091
Epoch 70 [0/22] Loss(NLL): 30.699690
Epoch 70 [20/22] Loss(NLL): 23.012306
Epoch 70 Train NLL: 25.997685
VAL  RMSE:0.0114  MAE:0.0107  IC:0.8871  RIC:0.8416  NLL:-2.27308  CRPS:0.00784  Sharp(σ):0.00570  PICP90:0.393|Gap:0.507  PICP95:0.561|Gap:0.389  AURC:0.00965
Epoch 71 [0/22] Loss(NLL): 20.043869
Epoch 71 [20/22] Loss(NLL): 21.607225
Epoch 71 Train NLL: 6.627079
VAL  RMSE:0.0043  MAE:0.0035  IC:0.8897  RIC:0.8378  NLL:-3.98574  CRPS:0.00250  Sharp(σ):0.00587  PICP90:0.983|Gap:0.083  PICP95:0.988|Gap:0.038  AURC:0.00434
Epoch 72 [0/22] Loss(NLL): 27.820457
Epoch 72 [20/22] Loss(NLL): 19.272350
Epoch 72 Train NLL: 5.579360
VAL  RMSE:0.0076  MAE:0.0069  IC:0.9184  RIC:0.8822  NLL:-3.22856  CRPS:0.00469  Sharp(σ):0.00544  PICP90:0.694|Gap:0.206  PICP95:0.867|Gap:0.083  AURC:0.00745
Epoch 73 [0/22] Loss(NLL): 21.846607
Epoch 73 [20/22] Loss(NLL): 15.473473
Epoch 73 Train NLL: 5.391216
VAL  RMSE:0.0048  MAE:0.0039  IC:0.8219  RIC:0.7419  NLL:-3.85689  CRPS:0.00274  Sharp(σ):0.00557  PICP90:0.954|Gap:0.054  PICP95:1.000|Gap:0.050  AURC:0.00459
Epoch 74 [0/22] Loss(NLL): 8.399081
Epoch 74 [20/22] Loss(NLL): 10.830693
Epoch 74 Train NLL: 6.328887
VAL  RMSE:0.0043  MAE:0.0035  IC:0.8573  RIC:0.7947  NLL:-4.00606  CRPS:0.00249  Sharp(σ):0.00570  PICP90:0.971|Gap:0.071  PICP95:0.994|Gap:0.044  AURC:0.00341
Epoch 75 [0/22] Loss(NLL): 26.430069
Epoch 75 [20/22] Loss(NLL): 9.589301
Epoch 75 Train NLL: 13.362316
VAL  RMSE:0.0037  MAE:0.0030  IC:0.9251  RIC:0.9036  NLL:-4.03762  CRPS:0.00222  Sharp(σ):0.00591  PICP90:0.994|Gap:0.094  PICP95:1.000|Gap:0.050  AURC:0.00324
Epoch 76 [0/22] Loss(NLL): 40.326797
Epoch 76 [20/22] Loss(NLL): 36.464836
Epoch 76 Train NLL: 20.552556
VAL  RMSE:0.0047  MAE:0.0038  IC:0.8857  RIC:0.8480  NLL:-3.99999  CRPS:0.00271  Sharp(σ):0.00558  PICP90:0.954|Gap:0.054  PICP95:0.988|Gap:0.038  AURC:0.00371
Epoch 77 [0/22] Loss(NLL): 20.805399
Epoch 77 [20/22] Loss(NLL): 61.103394
Epoch 77 Train NLL: 29.866510
VAL  RMSE:0.0102  MAE:0.0087  IC:0.7243  RIC:0.6821  NLL:-2.63853  CRPS:0.00632  Sharp(σ):0.00630  PICP90:0.601|Gap:0.299  PICP95:0.728|Gap:0.222  AURC:0.00886
Epoch 78 [0/22] Loss(NLL): 84.705025
Epoch 78 [20/22] Loss(NLL): 6.963272
Epoch 78 Train NLL: 15.205950
VAL  RMSE:0.0050  MAE:0.0040  IC:0.8766  RIC:0.8423  NLL:-3.80895  CRPS:0.00284  Sharp(σ):0.00572  PICP90:0.954|Gap:0.054  PICP95:0.983|Gap:0.033  AURC:0.00397
Epoch 79 [0/22] Loss(NLL): 73.438324
Epoch 79 [20/22] Loss(NLL): 114.141068
Epoch 79 Train NLL: 22.021862
VAL  RMSE:0.0068  MAE:0.0056  IC:0.6217  RIC:0.5071  NLL:-3.65111  CRPS:0.00393  Sharp(σ):0.00520  PICP90:0.792|Gap:0.108  PICP95:0.873|Gap:0.077  AURC:0.00487
Epoch 80 [0/22] Loss(NLL): 55.067528
Epoch 80 [20/22] Loss(NLL): 6.900979
Epoch 80 Train NLL: 10.648175
VAL  RMSE:0.0055  MAE:0.0046  IC:0.8374  RIC:0.7998  NLL:-3.69652  CRPS:0.00315  Sharp(σ):0.00574  PICP90:0.936|Gap:0.036  PICP95:0.971|Gap:0.021  AURC:0.00552
Epoch 81 [0/22] Loss(NLL): 29.596579
Epoch 81 [20/22] Loss(NLL): 12.026299
Epoch 81 Train NLL: 5.587804
VAL  RMSE:0.0050  MAE:0.0040  IC:0.8601  RIC:0.8282  NLL:-3.91462  CRPS:0.00288  Sharp(σ):0.00579  PICP90:0.942|Gap:0.042  PICP95:0.977|Gap:0.027  AURC:0.00505
Early stopping triggered.
TEST RMSE:0.0053  MAE:0.0041  IC:0.9139  RIC:0.8918  NLL:-3.82914  CRPS:0.00298  Sharp(σ):0.00614  PICP90:0.938|Gap:0.038  PICP95:0.977|Gap:0.027  AURC:0.00488
