Epoch 1 [0/22] Loss: 692.560059
Epoch 1 Train Loss: 510.722120
Epoch 1 Validation Loss: 35.080088
	 VAL  MAE:0.0121  RMSE:0.0154  IC:-0.0575  RIC:-0.0571
--- New best model ---
Epoch 2 [0/22] Loss: 462.779633
Epoch 2 Train Loss: 156.451743
Epoch 2 Validation Loss: 32.716577
	 VAL  MAE:0.0121  RMSE:0.0144  IC:-0.0106  RIC:0.0028
--- New best model ---
Epoch 3 [0/22] Loss: 66.771309
Epoch 3 Train Loss: 62.625458
Epoch 3 Validation Loss: 8.768015
	 VAL  MAE:0.0076  RMSE:0.0097  IC:0.0165  RIC:0.0271
--- New best model ---
Epoch 4 [0/22] Loss: 98.689720
Epoch 4 Train Loss: 76.061334
Epoch 4 Validation Loss: 7.646145
	 VAL  MAE:0.0073  RMSE:0.0094  IC:0.0388  RIC:0.0509
--- New best model ---
Epoch 5 [0/22] Loss: 53.717510
Epoch 5 Train Loss: 63.072831
Epoch 5 Validation Loss: 9.666668
	 VAL  MAE:0.0078  RMSE:0.0101  IC:0.0792  RIC:0.0858
Epoch 6 [0/22] Loss: 54.414074
Epoch 6 Train Loss: 64.978480
Epoch 6 Validation Loss: 8.651294
	 VAL  MAE:0.0075  RMSE:0.0098  IC:0.1104  RIC:0.1120
Epoch 7 [0/22] Loss: 45.105198
Epoch 7 Train Loss: 64.447302
Epoch 7 Validation Loss: 8.939856
	 VAL  MAE:0.0076  RMSE:0.0100  IC:0.1375  RIC:0.1444
Epoch 8 [0/22] Loss: 39.894497
Epoch 8 Train Loss: 70.648941
Epoch 8 Validation Loss: 13.762395
	 VAL  MAE:0.0090  RMSE:0.0115  IC:0.1651  RIC:0.1758
Epoch 9 [0/22] Loss: 41.804665
Epoch 9 Train Loss: 71.976497
Epoch 9 Validation Loss: 10.509964
	 VAL  MAE:0.0080  RMSE:0.0106  IC:0.1852  RIC:0.1964
Epoch 10 [0/22] Loss: 38.436989
Epoch 10 Train Loss: 75.231462
Epoch 10 Validation Loss: 19.967611
	 VAL  MAE:0.0108  RMSE:0.0131  IC:0.2077  RIC:0.2167
Epoch 11 [0/22] Loss: 33.866295
Epoch 11 Train Loss: 54.865080
Epoch 11 Validation Loss: 5.238620
	 VAL  MAE:0.0064  RMSE:0.0085  IC:0.2337  RIC:0.2440
--- New best model ---
Epoch 12 [0/22] Loss: 50.432583
Epoch 12 Train Loss: 44.975476
Epoch 12 Validation Loss: 4.438780
	 VAL  MAE:0.0062  RMSE:0.0081  IC:0.2748  RIC:0.2873
--- New best model ---
Epoch 13 [0/22] Loss: 55.045261
Epoch 13 Train Loss: 33.503612
Epoch 13 Validation Loss: 2.483919
	 VAL  MAE:0.0056  RMSE:0.0073  IC:0.2856  RIC:0.2864
--- New best model ---
Epoch 14 [0/22] Loss: 89.271217
Epoch 14 Train Loss: 43.494047
Epoch 14 Validation Loss: 3.968227
	 VAL  MAE:0.0060  RMSE:0.0078  IC:0.1680  RIC:0.1435
Epoch 15 [0/22] Loss: 86.542557
Epoch 15 Train Loss: 52.742331
Epoch 15 Validation Loss: 10.309523
	 VAL  MAE:0.0075  RMSE:0.0093  IC:0.0780  RIC:0.0571
Epoch 16 [0/22] Loss: 90.155411
Epoch 16 Train Loss: 85.232726
Epoch 16 Validation Loss: 12.027418
	 VAL  MAE:0.0079  RMSE:0.0097  IC:0.0577  RIC:0.0460
Epoch 17 [0/22] Loss: 114.626495
Epoch 17 Train Loss: 132.989093
Epoch 17 Validation Loss: 22.480613
	 VAL  MAE:0.0120  RMSE:0.0140  IC:0.1501  RIC:0.1204
Epoch 18 [0/22] Loss: 242.175415
Epoch 18 Train Loss: 124.110002
Epoch 18 Validation Loss: 92.905285
	 VAL  MAE:0.0175  RMSE:0.0206  IC:-0.0207  RIC:-0.0409
Epoch 19 [0/22] Loss: 290.639496
Epoch 19 Train Loss: 105.900175
Epoch 19 Validation Loss: 89.707100
	 VAL  MAE:0.0213  RMSE:0.0225  IC:0.2498  RIC:0.2311
Epoch 20 [0/22] Loss: 248.865631
Epoch 20 Train Loss: 78.477932
Epoch 20 Validation Loss: 61.624638
	 VAL  MAE:0.0194  RMSE:0.0212  IC:0.0952  RIC:0.0610
Epoch 21 [0/22] Loss: 32.672478
Epoch 21 Train Loss: 70.867174
Epoch 21 Validation Loss: 9.528533
	 VAL  MAE:0.0072  RMSE:0.0089  IC:0.1105  RIC:0.0834
Epoch 22 [0/22] Loss: 81.877670
Epoch 22 Train Loss: 46.200302
Epoch 22 Validation Loss: 14.607528
	 VAL  MAE:0.0083  RMSE:0.0101  IC:0.0930  RIC:0.0524
Epoch 23 [0/22] Loss: 57.434711
Epoch 23 Train Loss: 44.804565
Epoch 23 Validation Loss: 2.797970
	 VAL  MAE:0.0055  RMSE:0.0072  IC:0.2820  RIC:0.2129
Epoch 24 [0/22] Loss: 53.400959
Epoch 24 Train Loss: 25.964158
Epoch 24 Validation Loss: 7.163729
	 VAL  MAE:0.0071  RMSE:0.0088  IC:0.4896  RIC:0.4544
Epoch 25 [0/22] Loss: 20.510883
Epoch 25 Train Loss: 18.950885
Epoch 25 Validation Loss: 2.497888
	 VAL  MAE:0.0055  RMSE:0.0072  IC:0.4756  RIC:0.4397
Epoch 26 [0/22] Loss: 20.676647
Epoch 26 Train Loss: 19.471385
Epoch 26 Validation Loss: 1.528990
	 VAL  MAE:0.0052  RMSE:0.0066  IC:0.4589  RIC:0.4286
--- New best model ---
Epoch 27 [0/22] Loss: 51.067463
Epoch 27 Train Loss: 22.304452
Epoch 27 Validation Loss: 2.531073
	 VAL  MAE:0.0055  RMSE:0.0070  IC:0.5443  RIC:0.4932
Epoch 28 [0/22] Loss: 51.404907
Epoch 28 Train Loss: 24.424632
Epoch 28 Validation Loss: 1.717589
	 VAL  MAE:0.0054  RMSE:0.0070  IC:0.4737  RIC:0.3955
Epoch 29 [0/22] Loss: 26.013680
Epoch 29 Train Loss: 18.702788
Epoch 29 Validation Loss: 6.422416
	 VAL  MAE:0.0065  RMSE:0.0081  IC:0.3406  RIC:0.2660
Epoch 30 [0/22] Loss: 22.850273
Epoch 30 Train Loss: 16.060659
Epoch 30 Validation Loss: 21.543976
	 VAL  MAE:0.0101  RMSE:0.0117  IC:0.3605  RIC:0.2796
Epoch 31 [0/22] Loss: 65.690262
Epoch 31 Train Loss: 24.818215
Epoch 31 Validation Loss: 12.298623
	 VAL  MAE:0.0085  RMSE:0.0099  IC:0.6145  RIC:0.5450
Epoch 32 [0/22] Loss: 61.157059
Epoch 32 Train Loss: 24.609001
Epoch 32 Validation Loss: 4.114132
	 VAL  MAE:0.0063  RMSE:0.0078  IC:0.6357  RIC:0.5779
Epoch 33 [0/22] Loss: 26.270643
Epoch 33 Train Loss: 16.749250
Epoch 33 Validation Loss: 1.349452
	 VAL  MAE:0.0050  RMSE:0.0063  IC:0.5768  RIC:0.5234
--- New best model ---
Epoch 34 [0/22] Loss: 17.271952
Epoch 34 Train Loss: 12.746261
Epoch 34 Validation Loss: 9.307981
	 VAL  MAE:0.0074  RMSE:0.0087  IC:0.5778  RIC:0.5202
Epoch 35 [0/22] Loss: 47.589558
Epoch 35 Train Loss: 19.683454
Epoch 35 Validation Loss: 6.694325
	 VAL  MAE:0.0070  RMSE:0.0082  IC:0.6788  RIC:0.6021
Epoch 36 [0/22] Loss: 80.301781
Epoch 36 Train Loss: 31.341516
Epoch 36 Validation Loss: 0.696948
	 VAL  MAE:0.0050  RMSE:0.0061  IC:0.5857  RIC:0.4872
--- New best model ---
Epoch 37 [0/22] Loss: 28.822575
Epoch 37 Train Loss: 22.544894
Epoch 37 Validation Loss: 2.307938
	 VAL  MAE:0.0058  RMSE:0.0071  IC:0.4596  RIC:0.3621
Epoch 38 [0/22] Loss: 18.216480
Epoch 38 Train Loss: 13.894663
Epoch 38 Validation Loss: 44.489540
	 VAL  MAE:0.0142  RMSE:0.0157  IC:0.4551  RIC:0.3638
Epoch 39 [0/22] Loss: 42.872353
Epoch 39 Train Loss: 16.803247
Epoch 39 Validation Loss: 14.580367
	 VAL  MAE:0.0090  RMSE:0.0102  IC:0.6924  RIC:0.5957
Epoch 40 [0/22] Loss: 60.652763
Epoch 40 Train Loss: 26.920647
Epoch 40 Validation Loss: -0.699894
	 VAL  MAE:0.0044  RMSE:0.0055  IC:0.7611  RIC:0.6806
--- New best model ---
Epoch 41 [0/22] Loss: 16.536900
Epoch 41 Train Loss: 19.743942
Epoch 41 Validation Loss: 1.834343
	 VAL  MAE:0.0057  RMSE:0.0073  IC:0.6695  RIC:0.6069
Epoch 42 [0/22] Loss: 15.689983
Epoch 42 Train Loss: 11.155191
Epoch 42 Validation Loss: 18.656442
	 VAL  MAE:0.0094  RMSE:0.0108  IC:0.6482  RIC:0.5833
Epoch 43 [0/22] Loss: 52.658405
Epoch 43 Train Loss: 18.949484
Epoch 43 Validation Loss: 7.610055
	 VAL  MAE:0.0077  RMSE:0.0087  IC:0.7867  RIC:0.7091
Epoch 44 [0/22] Loss: 37.637001
Epoch 44 Train Loss: 26.167611
Epoch 44 Validation Loss: -0.566356
	 VAL  MAE:0.0044  RMSE:0.0053  IC:0.7621  RIC:0.6527
Epoch 45 [0/22] Loss: 20.659994
Epoch 45 Train Loss: 9.233461
Epoch 45 Validation Loss: -1.707437
	 VAL  MAE:0.0039  RMSE:0.0047  IC:0.7742  RIC:0.6699
--- New best model ---
Epoch 46 [0/22] Loss: 14.218549
Epoch 46 Train Loss: 6.920060
Epoch 46 Validation Loss: 3.877602
	 VAL  MAE:0.0057  RMSE:0.0068  IC:0.7632  RIC:0.6667
Epoch 47 [0/22] Loss: 13.717180
Epoch 47 Train Loss: 6.880088
Epoch 47 Validation Loss: 1.317876
	 VAL  MAE:0.0051  RMSE:0.0061  IC:0.8307  RIC:0.7548
Epoch 48 [0/22] Loss: 16.133553
Epoch 48 Train Loss: 13.116646
Epoch 48 Validation Loss: -0.480759
	 VAL  MAE:0.0042  RMSE:0.0051  IC:0.7845  RIC:0.7214
Epoch 49 [0/22] Loss: 26.582277
Epoch 49 Train Loss: 13.102949
Epoch 49 Validation Loss: 3.121785
	 VAL  MAE:0.0054  RMSE:0.0064  IC:0.7650  RIC:0.7012
Epoch 50 [0/22] Loss: 11.352597
Epoch 50 Train Loss: 9.503603
Epoch 50 Validation Loss: -2.602480
	 VAL  MAE:0.0033  RMSE:0.0041  IC:0.8347  RIC:0.7695
--- New best model ---
Epoch 51 [0/22] Loss: 16.745632
Epoch 51 Train Loss: 13.167967
Epoch 51 Validation Loss: 1.890817
	 VAL  MAE:0.0059  RMSE:0.0071  IC:0.8310  RIC:0.7423
Epoch 52 [0/22] Loss: 25.202732
Epoch 52 Train Loss: 14.253910
Epoch 52 Validation Loss: 1.820464
	 VAL  MAE:0.0051  RMSE:0.0061  IC:0.6934  RIC:0.5991
Epoch 53 [0/22] Loss: 30.710970
Epoch 53 Train Loss: 19.006936
Epoch 53 Validation Loss: -0.572209
	 VAL  MAE:0.0042  RMSE:0.0051  IC:0.7874  RIC:0.7131
Epoch 54 [0/22] Loss: 9.223557
Epoch 54 Train Loss: 4.104352
Epoch 54 Validation Loss: -2.771030
	 VAL  MAE:0.0034  RMSE:0.0043  IC:0.8686  RIC:0.8102
--- New best model ---
Epoch 55 [0/22] Loss: 55.251484
Epoch 55 Train Loss: 14.553631
Epoch 55 Validation Loss: 5.512735
	 VAL  MAE:0.0070  RMSE:0.0078  IC:0.8830  RIC:0.8268
Epoch 56 [0/22] Loss: 8.919523
Epoch 56 Train Loss: 2.149341
Epoch 56 Validation Loss: -3.228946
	 VAL  MAE:0.0030  RMSE:0.0037  IC:0.8988  RIC:0.8551
--- New best model ---
Epoch 57 [0/22] Loss: 12.490628
Epoch 57 Train Loss: 3.715678
Epoch 57 Validation Loss: -1.897077
	 VAL  MAE:0.0036  RMSE:0.0043  IC:0.8851  RIC:0.8293
Epoch 58 [0/22] Loss: 7.373874
Epoch 58 Train Loss: 5.281036
Epoch 58 Validation Loss: -2.067955
	 VAL  MAE:0.0039  RMSE:0.0047  IC:0.9121  RIC:0.8757
Epoch 59 [0/22] Loss: 8.112116
Epoch 59 Train Loss: 2.849379
Epoch 59 Validation Loss: -0.084284
	 VAL  MAE:0.0046  RMSE:0.0053  IC:0.9004  RIC:0.8596
Epoch 60 [0/22] Loss: 46.974697
Epoch 60 Train Loss: 13.771317
Epoch 60 Validation Loss: -1.638615
	 VAL  MAE:0.0042  RMSE:0.0050  IC:0.9042  RIC:0.8642
Epoch 61 [0/22] Loss: 22.790323
Epoch 61 Train Loss: 5.504759
Epoch 61 Validation Loss: 13.389705
	 VAL  MAE:0.0099  RMSE:0.0104  IC:0.9093  RIC:0.8739
Epoch 62 [0/22] Loss: 54.801132
Epoch 62 Train Loss: 14.783289
Epoch 62 Validation Loss: -2.336482
	 VAL  MAE:0.0035  RMSE:0.0043  IC:0.9111  RIC:0.8743
Epoch 63 [0/22] Loss: 19.729284
Epoch 63 Train Loss: 3.700994
Epoch 63 Validation Loss: -1.798370
	 VAL  MAE:0.0041  RMSE:0.0051  IC:0.8920  RIC:0.8546
Epoch 64 [0/22] Loss: 16.233799
Epoch 64 Train Loss: 5.705216
Epoch 64 Validation Loss: 0.166941
	 VAL  MAE:0.0045  RMSE:0.0054  IC:0.8795  RIC:0.8405
Epoch 65 [0/22] Loss: 12.825603
Epoch 65 Train Loss: 6.004501
Epoch 65 Validation Loss: -3.618067
	 VAL  MAE:0.0027  RMSE:0.0033  IC:0.9041  RIC:0.8695
--- New best model ---
Epoch 66 [0/22] Loss: 29.941948
Epoch 66 Train Loss: 15.463939
Epoch 66 Validation Loss: -3.933901
	 VAL  MAE:0.0025  RMSE:0.0030  IC:0.9224  RIC:0.8918
--- New best model ---
Epoch 67 [0/22] Loss: 31.873844
Epoch 67 Train Loss: 15.572662
Epoch 67 Validation Loss: -3.438516
	 VAL  MAE:0.0028  RMSE:0.0036  IC:0.9163  RIC:0.8872
Epoch 68 [0/22] Loss: 81.385513
Epoch 68 Train Loss: 33.026686
Epoch 68 Validation Loss: 4.223144
	 VAL  MAE:0.0067  RMSE:0.0074  IC:0.8958  RIC:0.8572
Epoch 69 [0/22] Loss: 12.265923
Epoch 69 Train Loss: 11.523600
Epoch 69 Validation Loss: -1.453701
	 VAL  MAE:0.0038  RMSE:0.0046  IC:0.8945  RIC:0.8608
Epoch 70 [0/22] Loss: 8.251586
Epoch 70 Train Loss: 10.981153
Epoch 70 Validation Loss: -0.568672
	 VAL  MAE:0.0049  RMSE:0.0063  IC:0.7634  RIC:0.6915
Epoch 71 [0/22] Loss: 9.822777
Epoch 71 Train Loss: 6.906894
Epoch 71 Validation Loss: -1.782555
	 VAL  MAE:0.0042  RMSE:0.0054  IC:0.8260  RIC:0.7636
Epoch 72 [0/22] Loss: 8.946405
Epoch 72 Train Loss: 8.647715
Epoch 72 Validation Loss: 4.244419
	 VAL  MAE:0.0069  RMSE:0.0077  IC:0.8961  RIC:0.8681
Epoch 73 [0/22] Loss: 33.517178
Epoch 73 Train Loss: 8.393462
Epoch 73 Validation Loss: -3.551193
	 VAL  MAE:0.0029  RMSE:0.0035  IC:0.8823  RIC:0.8452
Epoch 74 [0/22] Loss: 86.726357
Epoch 74 Train Loss: 12.093797
Epoch 74 Validation Loss: -2.981810
	 VAL  MAE:0.0035  RMSE:0.0043  IC:0.9060  RIC:0.8789
Epoch 75 [0/22] Loss: 6.504542
Epoch 75 Train Loss: 12.736689
Epoch 75 Validation Loss: 5.471952
	 VAL  MAE:0.0069  RMSE:0.0076  IC:0.8970  RIC:0.8560
Epoch 76 [0/22] Loss: 5.842907
Epoch 76 Train Loss: 5.054938
Epoch 76 Validation Loss: -3.580812
	 VAL  MAE:0.0029  RMSE:0.0036  IC:0.9203  RIC:0.8830
Epoch 77 [0/22] Loss: 6.999655
Epoch 77 Train Loss: 2.134819
Epoch 77 Validation Loss: -3.943716
	 VAL  MAE:0.0025  RMSE:0.0031  IC:0.9416  RIC:0.9174
--- New best model ---
Epoch 78 [0/22] Loss: 6.931897
Epoch 78 Train Loss: -0.417504
Epoch 78 Validation Loss: -4.341912
	 VAL  MAE:0.0021  RMSE:0.0026  IC:0.9446  RIC:0.9211
--- New best model ---
Epoch 79 [0/22] Loss: 1.805255
Epoch 79 Train Loss: -1.068901
Epoch 79 Validation Loss: -4.348106
	 VAL  MAE:0.0020  RMSE:0.0026  IC:0.9488  RIC:0.9277
--- New best model ---
Epoch 80 [0/22] Loss: 3.508811
Epoch 80 Train Loss: -0.800506
Epoch 80 Validation Loss: -3.768064
	 VAL  MAE:0.0025  RMSE:0.0031  IC:0.9492  RIC:0.9297
Epoch 81 [0/22] Loss: 5.286675
Epoch 81 Train Loss: -0.015306
Epoch 81 Validation Loss: -3.202115
	 VAL  MAE:0.0028  RMSE:0.0034  IC:0.9412  RIC:0.9225
Epoch 82 [0/22] Loss: 13.777286
Epoch 82 Train Loss: 3.243501
Epoch 82 Validation Loss: -1.670455
	 VAL  MAE:0.0036  RMSE:0.0044  IC:0.9252  RIC:0.8989
Epoch 83 [0/22] Loss: 18.571646
Epoch 83 Train Loss: 8.217112
Epoch 83 Validation Loss: -2.348006
	 VAL  MAE:0.0033  RMSE:0.0040  IC:0.8950  RIC:0.8609
Epoch 84 [0/22] Loss: 37.078651
Epoch 84 Train Loss: 16.567054
Epoch 84 Validation Loss: -2.567542
	 VAL  MAE:0.0032  RMSE:0.0041  IC:0.8793  RIC:0.8403
Epoch 85 [0/22] Loss: 21.623394
Epoch 85 Train Loss: 24.796907
Epoch 85 Validation Loss: -3.077551
	 VAL  MAE:0.0028  RMSE:0.0036  IC:0.9157  RIC:0.8791
Epoch 86 [0/22] Loss: 50.606312
Epoch 86 Train Loss: 22.149015
Epoch 86 Validation Loss: -1.806685
	 VAL  MAE:0.0042  RMSE:0.0053  IC:0.8240  RIC:0.8005
Epoch 87 [0/22] Loss: 57.167355
Epoch 87 Train Loss: 19.856925
Epoch 87 Validation Loss: -2.410362
	 VAL  MAE:0.0034  RMSE:0.0044  IC:0.8651  RIC:0.8123
Epoch 88 [0/22] Loss: 8.120208
Epoch 88 Train Loss: 6.169136
Epoch 88 Validation Loss: -0.098051
	 VAL  MAE:0.0051  RMSE:0.0061  IC:0.8816  RIC:0.8363
Epoch 89 [0/22] Loss: 20.178095
Epoch 89 Train Loss: 8.911572
Epoch 89 Validation Loss: 16.213129
	 VAL  MAE:0.0104  RMSE:0.0109  IC:0.8913  RIC:0.8608
Epoch 90 [0/22] Loss: 6.740409
Epoch 90 Train Loss: 4.036754
Epoch 90 Validation Loss: -4.079684
	 VAL  MAE:0.0023  RMSE:0.0030  IC:0.9424  RIC:0.9166
Epoch 91 [0/22] Loss: 3.439183
Epoch 91 Train Loss: -0.534674
Epoch 91 Validation Loss: -2.726939
	 VAL  MAE:0.0035  RMSE:0.0042  IC:0.9417  RIC:0.9131
Epoch 92 [0/22] Loss: 13.969444
Epoch 92 Train Loss: 2.984517
Epoch 92 Validation Loss: -4.061990
	 VAL  MAE:0.0025  RMSE:0.0031  IC:0.9322  RIC:0.8991
Epoch 93 [0/22] Loss: 9.902729
Epoch 93 Train Loss: 3.584391
Epoch 93 Validation Loss: -3.712389
	 VAL  MAE:0.0028  RMSE:0.0036  IC:0.9014  RIC:0.8562
Epoch 94 [0/22] Loss: 5.624816
Epoch 94 Train Loss: 2.415263
Epoch 94 Validation Loss: -3.633083
	 VAL  MAE:0.0029  RMSE:0.0037  IC:0.9100  RIC:0.8745
Epoch 95 [0/22] Loss: 18.557438
Epoch 95 Train Loss: 9.265630
Epoch 95 Validation Loss: 4.094914
	 VAL  MAE:0.0073  RMSE:0.0078  IC:0.9348  RIC:0.9028
Epoch 96 [0/22] Loss: 11.195781
Epoch 96 Train Loss: 3.126726
Epoch 96 Validation Loss: -0.428742
	 VAL  MAE:0.0046  RMSE:0.0052  IC:0.9224  RIC:0.8908
Epoch 97 [0/22] Loss: 31.417023
Epoch 97 Train Loss: 5.614788
Epoch 97 Validation Loss: -4.485986
	 VAL  MAE:0.0020  RMSE:0.0026  IC:0.9505  RIC:0.9290
--- New best model ---
Epoch 98 [0/22] Loss: 17.313923
Epoch 98 Train Loss: 18.509480
Epoch 98 Validation Loss: 12.275423
	 VAL  MAE:0.0095  RMSE:0.0099  IC:0.9157  RIC:0.8781
Epoch 99 [0/22] Loss: 7.322971
Epoch 99 Train Loss: 0.639400
Epoch 99 Validation Loss: -3.077600
	 VAL  MAE:0.0034  RMSE:0.0041  IC:0.9320  RIC:0.9012
Epoch 100 [0/22] Loss: 21.825264
Epoch 100 Train Loss: 4.752872
Epoch 100 Validation Loss: -3.637333
	 VAL  MAE:0.0029  RMSE:0.0036  IC:0.9336  RIC:0.9071
Epoch 101 [0/22] Loss: 3.134022
Epoch 101 Train Loss: 2.871531
Epoch 101 Validation Loss: -3.420293
	 VAL  MAE:0.0031  RMSE:0.0038  IC:0.9067  RIC:0.8700
Epoch 102 [0/22] Loss: 6.116890
Epoch 102 Train Loss: 2.310061
Epoch 102 Validation Loss: -3.457919
	 VAL  MAE:0.0030  RMSE:0.0037  IC:0.9011  RIC:0.8606
Epoch 103 [0/22] Loss: 14.279130
Epoch 103 Train Loss: 4.682012
Epoch 103 Validation Loss: -2.413831
	 VAL  MAE:0.0035  RMSE:0.0041  IC:0.9305  RIC:0.9006
Epoch 104 [0/22] Loss: 24.012295
Epoch 104 Train Loss: 12.511193
Epoch 104 Validation Loss: -4.402702
	 VAL  MAE:0.0020  RMSE:0.0026  IC:0.9431  RIC:0.9188
Epoch 105 [0/22] Loss: 20.357021
Epoch 105 Train Loss: 5.933367
Epoch 105 Validation Loss: -3.086837
	 VAL  MAE:0.0033  RMSE:0.0041  IC:0.9059  RIC:0.8780
Epoch 106 [0/22] Loss: 75.332809
Epoch 106 Train Loss: 18.776909
Epoch 106 Validation Loss: -0.225918
	 VAL  MAE:0.0043  RMSE:0.0051  IC:0.9216  RIC:0.8892
Epoch 107 [0/22] Loss: 7.490302
Epoch 107 Train Loss: 5.252338
Epoch 107 Validation Loss: 17.273220
	 VAL  MAE:0.0087  RMSE:0.0103  IC:0.8071  RIC:0.7674
Epoch 108 [0/22] Loss: 12.373642
Epoch 108 Train Loss: 7.593163
Epoch 108 Validation Loss: 1.965290
	 VAL  MAE:0.0063  RMSE:0.0076  IC:0.7057  RIC:0.6596
Epoch 109 [0/22] Loss: 72.968475
Epoch 109 Train Loss: 9.460418
Epoch 109 Validation Loss: -1.575096
	 VAL  MAE:0.0040  RMSE:0.0048  IC:0.7788  RIC:0.7192
Epoch 110 [0/22] Loss: 5.106078
Epoch 110 Train Loss: 6.696758
Epoch 110 Validation Loss: -1.437577
	 VAL  MAE:0.0038  RMSE:0.0046  IC:0.9147  RIC:0.8852
Epoch 111 [0/22] Loss: 2.647636
Epoch 111 Train Loss: 0.669008
Epoch 111 Validation Loss: -3.707784
	 VAL  MAE:0.0028  RMSE:0.0035  IC:0.9280  RIC:0.8971
Epoch 112 [0/22] Loss: 0.459741
Epoch 112 Train Loss: -1.379157
Epoch 112 Validation Loss: -3.461160
	 VAL  MAE:0.0031  RMSE:0.0037  IC:0.9417  RIC:0.9174
Epoch 113 [0/22] Loss: 1.703588
Epoch 113 Train Loss: -1.372250
Epoch 113 Validation Loss: -4.292404
	 VAL  MAE:0.0022  RMSE:0.0028  IC:0.9400  RIC:0.9131
Epoch 114 [0/22] Loss: 0.852209
Epoch 114 Train Loss: -1.918288
Epoch 114 Validation Loss: -4.136743
	 VAL  MAE:0.0022  RMSE:0.0028  IC:0.9353  RIC:0.9086
Epoch 115 [0/22] Loss: 1.140187
Epoch 115 Train Loss: -1.387313
Epoch 115 Validation Loss: -3.991912
	 VAL  MAE:0.0023  RMSE:0.0029  IC:0.9357  RIC:0.9086
Epoch 116 [0/22] Loss: 3.053279
Epoch 116 Train Loss: 2.254810
Epoch 116 Validation Loss: -4.445970
	 VAL  MAE:0.0019  RMSE:0.0024  IC:0.9551  RIC:0.9368
Epoch 117 [0/22] Loss: 12.278002
Epoch 117 Train Loss: 4.210975
Epoch 117 Validation Loss: -2.546031
	 VAL  MAE:0.0031  RMSE:0.0038  IC:0.9195  RIC:0.8948
Early stopping triggered.
TEST  MAE:0.0039  RMSE:0.0048  IC:0.9238  RIC:0.8888
