Epoch 1 [0/22] Loss(NLL): 360.261963
Epoch 1 [20/22] Loss(NLL): 311.426453
Epoch 1 Train NLL: 652.746977
VAL  RMSE:0.0196  MAE:0.0166  IC:0.0135  RIC:-0.0272  NLL:2.11480  CRPS:0.01404  Sharp(σ):0.00530  PICP90:0.272|Gap:0.628  PICP95:0.324|Gap:0.626  AURC:0.01747
--- New best model (by VAL NLL) ---
Epoch 2 [0/22] Loss(NLL): 1115.366699
Epoch 2 [20/22] Loss(NLL): 159.696259
Epoch 2 Train NLL: 259.381885
VAL  RMSE:0.0157  MAE:0.0132  IC:0.0641  RIC:0.0344  NLL:-0.28037  CRPS:0.01069  Sharp(σ):0.00569  PICP90:0.358|Gap:0.542  PICP95:0.439|Gap:0.511  AURC:0.01343
--- New best model (by VAL NLL) ---
Epoch 3 [0/22] Loss(NLL): 201.434280
Epoch 3 [20/22] Loss(NLL): 119.672005
Epoch 3 Train NLL: 88.069805
VAL  RMSE:0.0136  MAE:0.0104  IC:0.0792  RIC:0.0484  NLL:-1.85049  CRPS:0.00823  Sharp(σ):0.00554  PICP90:0.543|Gap:0.357  PICP95:0.613|Gap:0.337  AURC:0.01216
--- New best model (by VAL NLL) ---
Epoch 4 [0/22] Loss(NLL): 146.068314
Epoch 4 [20/22] Loss(NLL): 132.888840
Epoch 4 Train NLL: 95.444405
VAL  RMSE:0.0123  MAE:0.0094  IC:0.1184  RIC:0.0820  NLL:-2.09977  CRPS:0.00740  Sharp(σ):0.00537  PICP90:0.520|Gap:0.380  PICP95:0.647|Gap:0.303  AURC:0.01189
--- New best model (by VAL NLL) ---
Epoch 5 [0/22] Loss(NLL): 72.042465
Epoch 5 [20/22] Loss(NLL): 117.989975
Epoch 5 Train NLL: 78.489734
VAL  RMSE:0.0125  MAE:0.0095  IC:0.1537  RIC:0.1082  NLL:-1.86754  CRPS:0.00752  Sharp(σ):0.00506  PICP90:0.538|Gap:0.362  PICP95:0.636|Gap:0.314  AURC:0.01040
Epoch 6 [0/22] Loss(NLL): 48.685287
Epoch 6 [20/22] Loss(NLL): 123.035286
Epoch 6 Train NLL: 61.898926
VAL  RMSE:0.0117  MAE:0.0089  IC:0.1881  RIC:0.1348  NLL:-2.19732  CRPS:0.00693  Sharp(σ):0.00515  PICP90:0.595|Gap:0.305  PICP95:0.659|Gap:0.291  AURC:0.00925
--- New best model (by VAL NLL) ---
Epoch 7 [0/22] Loss(NLL): 60.417652
Epoch 7 [20/22] Loss(NLL): 108.346283
Epoch 7 Train NLL: 51.764179
VAL  RMSE:0.0110  MAE:0.0084  IC:0.2561  RIC:0.1964  NLL:-2.53662  CRPS:0.00641  Sharp(σ):0.00541  PICP90:0.653|Gap:0.247  PICP95:0.728|Gap:0.222  AURC:0.00944
--- New best model (by VAL NLL) ---
Epoch 8 [0/22] Loss(NLL): 46.623642
Epoch 8 [20/22] Loss(NLL): 97.694199
Epoch 8 Train NLL: 40.397364
VAL  RMSE:0.0105  MAE:0.0080  IC:0.3212  RIC:0.2396  NLL:-2.61316  CRPS:0.00616  Sharp(σ):0.00523  PICP90:0.659|Gap:0.241  PICP95:0.728|Gap:0.222  AURC:0.00949
--- New best model (by VAL NLL) ---
Epoch 9 [0/22] Loss(NLL): 72.539909
Epoch 9 [20/22] Loss(NLL): 94.562737
Epoch 9 Train NLL: 38.572533
VAL  RMSE:0.0102  MAE:0.0076  IC:0.4206  RIC:0.3621  NLL:-2.70195  CRPS:0.00587  Sharp(σ):0.00515  PICP90:0.682|Gap:0.218  PICP95:0.746|Gap:0.204  AURC:0.00742
--- New best model (by VAL NLL) ---
Epoch 10 [0/22] Loss(NLL): 62.295330
Epoch 10 [20/22] Loss(NLL): 86.216385
Epoch 10 Train NLL: 35.206386
VAL  RMSE:0.0100  MAE:0.0076  IC:0.4728  RIC:0.4101  NLL:-2.67312  CRPS:0.00586  Sharp(σ):0.00504  PICP90:0.653|Gap:0.247  PICP95:0.717|Gap:0.233  AURC:0.01017
Epoch 11 [0/22] Loss(NLL): 60.038818
Epoch 11 [20/22] Loss(NLL): 88.185661
Epoch 11 Train NLL: 33.919727
VAL  RMSE:0.0100  MAE:0.0075  IC:0.4873  RIC:0.4159  NLL:-2.82712  CRPS:0.00572  Sharp(σ):0.00529  PICP90:0.688|Gap:0.212  PICP95:0.780|Gap:0.170  AURC:0.00803
--- New best model (by VAL NLL) ---
Epoch 12 [0/22] Loss(NLL): 64.757591
Epoch 12 [20/22] Loss(NLL): 86.605911
Epoch 12 Train NLL: 34.801546
VAL  RMSE:0.0099  MAE:0.0074  IC:0.5134  RIC:0.4439  NLL:-2.78752  CRPS:0.00568  Sharp(σ):0.00517  PICP90:0.699|Gap:0.201  PICP95:0.751|Gap:0.199  AURC:0.00973
Epoch 13 [0/22] Loss(NLL): 58.065235
Epoch 13 [20/22] Loss(NLL): 79.565773
Epoch 13 Train NLL: 33.600286
VAL  RMSE:0.0101  MAE:0.0075  IC:0.5462  RIC:0.4901  NLL:-2.80065  CRPS:0.00574  Sharp(σ):0.00528  PICP90:0.699|Gap:0.201  PICP95:0.775|Gap:0.175  AURC:0.00851
Epoch 14 [0/22] Loss(NLL): 81.071480
Epoch 14 [20/22] Loss(NLL): 76.134720
Epoch 14 Train NLL: 35.026930
VAL  RMSE:0.0096  MAE:0.0071  IC:0.5856  RIC:0.5223  NLL:-2.80593  CRPS:0.00548  Sharp(σ):0.00495  PICP90:0.688|Gap:0.212  PICP95:0.763|Gap:0.187  AURC:0.00930
Epoch 15 [0/22] Loss(NLL): 86.743690
Epoch 15 [20/22] Loss(NLL): 59.956676
Epoch 15 Train NLL: 34.766926
VAL  RMSE:0.0094  MAE:0.0071  IC:0.5711  RIC:0.4983  NLL:-2.83842  CRPS:0.00545  Sharp(σ):0.00496  PICP90:0.671|Gap:0.229  PICP95:0.734|Gap:0.216  AURC:0.00936
--- New best model (by VAL NLL) ---
Epoch 16 [0/22] Loss(NLL): 69.354195
Epoch 16 [20/22] Loss(NLL): 60.046780
Epoch 16 Train NLL: 37.515000
VAL  RMSE:0.0100  MAE:0.0075  IC:0.6130  RIC:0.5410  NLL:-2.78416  CRPS:0.00573  Sharp(σ):0.00537  PICP90:0.688|Gap:0.212  PICP95:0.757|Gap:0.193  AURC:0.00899
Epoch 17 [0/22] Loss(NLL): 83.579277
Epoch 17 [20/22] Loss(NLL): 57.343819
Epoch 17 Train NLL: 38.944205
VAL  RMSE:0.0100  MAE:0.0077  IC:0.5876  RIC:0.5090  NLL:-2.56353  CRPS:0.00592  Sharp(σ):0.00536  PICP90:0.653|Gap:0.247  PICP95:0.723|Gap:0.227  AURC:0.00834
Epoch 18 [0/22] Loss(NLL): 121.751480
Epoch 18 [20/22] Loss(NLL): 52.427296
Epoch 18 Train NLL: 52.992770
VAL  RMSE:0.0129  MAE:0.0107  IC:0.6462  RIC:0.5673  NLL:-1.12555  CRPS:0.00847  Sharp(σ):0.00498  PICP90:0.451|Gap:0.449  PICP95:0.543|Gap:0.407  AURC:0.01066
Epoch 19 [0/22] Loss(NLL): 127.804718
Epoch 19 [20/22] Loss(NLL): 55.001007
Epoch 19 Train NLL: 55.785659
VAL  RMSE:0.0145  MAE:0.0124  IC:0.6305  RIC:0.5426  NLL:-0.25332  CRPS:0.00987  Sharp(σ):0.00549  PICP90:0.382|Gap:0.518  PICP95:0.434|Gap:0.516  AURC:0.01460
Epoch 20 [0/22] Loss(NLL): 133.085114
Epoch 20 [20/22] Loss(NLL): 75.483139
Epoch 20 Train NLL: 81.536086
VAL  RMSE:0.0187  MAE:0.0168  IC:0.6435  RIC:0.5627  NLL:1.91231  CRPS:0.01389  Sharp(σ):0.00564  PICP90:0.208|Gap:0.692  PICP95:0.266|Gap:0.684  AURC:0.01735
Epoch 21 [0/22] Loss(NLL): 147.193588
Epoch 21 [20/22] Loss(NLL): 97.343475
Epoch 21 Train NLL: 96.404430
VAL  RMSE:0.0196  MAE:0.0172  IC:0.5435  RIC:0.4782  NLL:2.17682  CRPS:0.01426  Sharp(σ):0.00601  PICP90:0.260|Gap:0.640  PICP95:0.312|Gap:0.638  AURC:0.01859
Epoch 22 [0/22] Loss(NLL): 165.982162
Epoch 22 [20/22] Loss(NLL): 42.638313
Epoch 22 Train NLL: 91.026363
VAL  RMSE:0.0212  MAE:0.0194  IC:0.6452  RIC:0.5680  NLL:3.45120  CRPS:0.01642  Sharp(σ):0.00551  PICP90:0.092|Gap:0.808  PICP95:0.150|Gap:0.800  AURC:0.01915
Epoch 23 [0/22] Loss(NLL): 86.672752
Epoch 23 [20/22] Loss(NLL): 42.113312
Epoch 23 Train NLL: 86.752690
VAL  RMSE:0.0089  MAE:0.0069  IC:0.6077  RIC:0.5523  NLL:-3.05141  CRPS:0.00511  Sharp(σ):0.00632  PICP90:0.769|Gap:0.131  PICP95:0.815|Gap:0.135  AURC:0.00782
--- New best model (by VAL NLL) ---
Epoch 24 [0/22] Loss(NLL): 47.643269
Epoch 24 [20/22] Loss(NLL): 39.596233
Epoch 24 Train NLL: 91.718245
VAL  RMSE:0.0160  MAE:0.0139  IC:0.6552  RIC:0.5744  NLL:-0.43681  CRPS:0.01090  Sharp(σ):0.00643  PICP90:0.358|Gap:0.542  PICP95:0.451|Gap:0.499  AURC:0.01564
Epoch 25 [0/22] Loss(NLL): 367.195465
Epoch 25 [20/22] Loss(NLL): 80.632904
Epoch 25 Train NLL: 100.589984
VAL  RMSE:0.0112  MAE:0.0090  IC:0.6832  RIC:0.6009  NLL:-2.65560  CRPS:0.00664  Sharp(σ):0.00657  PICP90:0.705|Gap:0.195  PICP95:0.769|Gap:0.181  AURC:0.00979
Epoch 26 [0/22] Loss(NLL): 71.217758
Epoch 26 [20/22] Loss(NLL): 57.081863
Epoch 26 Train NLL: 27.042444
VAL  RMSE:0.0104  MAE:0.0084  IC:0.4902  RIC:0.4059  NLL:-3.11066  CRPS:0.00609  Sharp(σ):0.00713  PICP90:0.728|Gap:0.172  PICP95:0.815|Gap:0.135  AURC:0.00966
--- New best model (by VAL NLL) ---
Epoch 27 [0/22] Loss(NLL): 72.877815
Epoch 27 [20/22] Loss(NLL): 71.954185
Epoch 27 Train NLL: 50.303163
VAL  RMSE:0.0082  MAE:0.0064  IC:0.7227  RIC:0.6274  NLL:-3.38709  CRPS:0.00459  Sharp(σ):0.00724  PICP90:0.855|Gap:0.045  PICP95:0.896|Gap:0.054  AURC:0.00700
--- New best model (by VAL NLL) ---
Epoch 28 [0/22] Loss(NLL): 43.103970
Epoch 28 [20/22] Loss(NLL): 49.792953
Epoch 28 Train NLL: 28.350609
VAL  RMSE:0.0136  MAE:0.0115  IC:0.6465  RIC:0.5453  NLL:-1.62285  CRPS:0.00871  Sharp(σ):0.00698  PICP90:0.538|Gap:0.362  PICP95:0.613|Gap:0.337  AURC:0.01073
Epoch 29 [0/22] Loss(NLL): 30.144684
Epoch 29 [20/22] Loss(NLL): 36.340069
Epoch 29 Train NLL: 24.056749
VAL  RMSE:0.0098  MAE:0.0078  IC:0.6811  RIC:0.5872  NLL:-2.62151  CRPS:0.00571  Sharp(σ):0.00715  PICP90:0.711|Gap:0.189  PICP95:0.827|Gap:0.123  AURC:0.01086
Epoch 30 [0/22] Loss(NLL): 38.067097
Epoch 30 [20/22] Loss(NLL): 31.207247
Epoch 30 Train NLL: 17.236763
VAL  RMSE:0.0108  MAE:0.0088  IC:0.7324  RIC:0.6347  NLL:-2.12882  CRPS:0.00658  Sharp(σ):0.00637  PICP90:0.613|Gap:0.287  PICP95:0.699|Gap:0.251  AURC:0.01123
Epoch 31 [0/22] Loss(NLL): 40.951881
Epoch 31 [20/22] Loss(NLL): 24.281130
Epoch 31 Train NLL: 14.318368
VAL  RMSE:0.0092  MAE:0.0076  IC:0.8008  RIC:0.7323  NLL:-2.78574  CRPS:0.00545  Sharp(σ):0.00633  PICP90:0.728|Gap:0.172  PICP95:0.821|Gap:0.129  AURC:0.00861
Epoch 32 [0/22] Loss(NLL): 39.821167
Epoch 32 [20/22] Loss(NLL): 21.090704
Epoch 32 Train NLL: 17.194472
VAL  RMSE:0.0086  MAE:0.0070  IC:0.8289  RIC:0.7715  NLL:-3.23984  CRPS:0.00494  Sharp(σ):0.00669  PICP90:0.809|Gap:0.091  PICP95:0.867|Gap:0.083  AURC:0.00756
Epoch 33 [0/22] Loss(NLL): 24.151743
Epoch 33 [20/22] Loss(NLL): 15.599271
Epoch 33 Train NLL: 15.472249
VAL  RMSE:0.0069  MAE:0.0053  IC:0.8213  RIC:0.7643  NLL:-3.49398  CRPS:0.00383  Sharp(σ):0.00644  PICP90:0.884|Gap:0.016  PICP95:0.925|Gap:0.025  AURC:0.00638
--- New best model (by VAL NLL) ---
Epoch 34 [0/22] Loss(NLL): 23.692574
Epoch 34 [20/22] Loss(NLL): 15.175853
Epoch 34 Train NLL: 16.744873
VAL  RMSE:0.0071  MAE:0.0057  IC:0.8673  RIC:0.8315  NLL:-3.59300  CRPS:0.00402  Sharp(σ):0.00656  PICP90:0.879|Gap:0.021  PICP95:0.936|Gap:0.014  AURC:0.00573
--- New best model (by VAL NLL) ---
Epoch 35 [0/22] Loss(NLL): 19.822142
Epoch 35 [20/22] Loss(NLL): 15.265930
Epoch 35 Train NLL: 10.682780
VAL  RMSE:0.0052  MAE:0.0039  IC:0.8889  RIC:0.8529  NLL:-3.83652  CRPS:0.00293  Sharp(σ):0.00638  PICP90:0.931|Gap:0.031  PICP95:0.960|Gap:0.010  AURC:0.00486
--- New best model (by VAL NLL) ---
Epoch 36 [0/22] Loss(NLL): 19.934536
Epoch 36 [20/22] Loss(NLL): 9.626420
Epoch 36 Train NLL: 8.246996
VAL  RMSE:0.0068  MAE:0.0058  IC:0.8985  RIC:0.8614  NLL:-3.51505  CRPS:0.00397  Sharp(σ):0.00636  PICP90:0.902|Gap:0.002  PICP95:0.954|Gap:0.004  AURC:0.00635
Epoch 37 [0/22] Loss(NLL): 22.887264
Epoch 37 [20/22] Loss(NLL): 9.466996
Epoch 37 Train NLL: 7.155118
VAL  RMSE:0.0068  MAE:0.0058  IC:0.9157  RIC:0.8826  NLL:-3.54284  CRPS:0.00397  Sharp(σ):0.00614  PICP90:0.902|Gap:0.002  PICP95:0.954|Gap:0.004  AURC:0.00619
Epoch 38 [0/22] Loss(NLL): 20.675522
Epoch 38 [20/22] Loss(NLL): 6.540726
Epoch 38 Train NLL: 5.821477
VAL  RMSE:0.0044  MAE:0.0035  IC:0.9225  RIC:0.8899  NLL:-3.96235  CRPS:0.00254  Sharp(σ):0.00622  PICP90:0.983|Gap:0.083  PICP95:1.000|Gap:0.050  AURC:0.00347
--- New best model (by VAL NLL) ---
Epoch 39 [0/22] Loss(NLL): 19.632048
Epoch 39 [20/22] Loss(NLL): 3.812463
Epoch 39 Train NLL: 5.208445
VAL  RMSE:0.0063  MAE:0.0054  IC:0.9274  RIC:0.8921  NLL:-3.59254  CRPS:0.00366  Sharp(σ):0.00606  PICP90:0.902|Gap:0.002  PICP95:0.960|Gap:0.010  AURC:0.00607
Epoch 40 [0/22] Loss(NLL): 22.728218
Epoch 40 [20/22] Loss(NLL): 5.232550
Epoch 40 Train NLL: 5.318243
VAL  RMSE:0.0051  MAE:0.0043  IC:0.9275  RIC:0.8922  NLL:-3.76517  CRPS:0.00295  Sharp(σ):0.00628  PICP90:0.965|Gap:0.065  PICP95:1.000|Gap:0.050  AURC:0.00500
Epoch 41 [0/22] Loss(NLL): 17.104599
Epoch 41 [20/22] Loss(NLL): 2.914478
Epoch 41 Train NLL: 3.711697
VAL  RMSE:0.0042  MAE:0.0033  IC:0.9322  RIC:0.8996  NLL:-3.98665  CRPS:0.00246  Sharp(σ):0.00603  PICP90:0.988|Gap:0.088  PICP95:1.000|Gap:0.050  AURC:0.00324
--- New best model (by VAL NLL) ---
Epoch 42 [0/22] Loss(NLL): 16.696007
Epoch 42 [20/22] Loss(NLL): 2.933511
Epoch 42 Train NLL: 3.353539
VAL  RMSE:0.0041  MAE:0.0032  IC:0.9353  RIC:0.9028  NLL:-4.00645  CRPS:0.00241  Sharp(σ):0.00587  PICP90:0.977|Gap:0.077  PICP95:1.000|Gap:0.050  AURC:0.00351
--- New best model (by VAL NLL) ---
Epoch 43 [0/22] Loss(NLL): 12.563079
Epoch 43 [20/22] Loss(NLL): 3.418463
Epoch 43 Train NLL: 2.345126
VAL  RMSE:0.0039  MAE:0.0031  IC:0.9385  RIC:0.9153  NLL:-4.02471  CRPS:0.00231  Sharp(σ):0.00582  PICP90:1.000|Gap:0.100  PICP95:1.000|Gap:0.050  AURC:0.00322
--- New best model (by VAL NLL) ---
Epoch 44 [0/22] Loss(NLL): 21.909229
Epoch 44 [20/22] Loss(NLL): 2.379194
Epoch 44 Train NLL: 6.565195
VAL  RMSE:0.0052  MAE:0.0043  IC:0.8907  RIC:0.8539  NLL:-3.81695  CRPS:0.00301  Sharp(σ):0.00599  PICP90:0.960|Gap:0.060  PICP95:0.977|Gap:0.027  AURC:0.00491
Epoch 45 [0/22] Loss(NLL): 21.713295
Epoch 45 [20/22] Loss(NLL): 1.248870
Epoch 45 Train NLL: 21.704256
VAL  RMSE:0.0078  MAE:0.0067  IC:0.9246  RIC:0.8992  NLL:-3.26019  CRPS:0.00470  Sharp(σ):0.00574  PICP90:0.728|Gap:0.172  PICP95:0.867|Gap:0.083  AURC:0.00703
Epoch 46 [0/22] Loss(NLL): 13.283798
Epoch 46 [20/22] Loss(NLL): 22.046082
Epoch 46 Train NLL: 15.484900
VAL  RMSE:0.0049  MAE:0.0041  IC:0.9038  RIC:0.8801  NLL:-3.92166  CRPS:0.00280  Sharp(σ):0.00575  PICP90:0.965|Gap:0.065  PICP95:0.983|Gap:0.033  AURC:0.00420
Epoch 47 [0/22] Loss(NLL): 19.114471
Epoch 47 [20/22] Loss(NLL): 5.119939
Epoch 47 Train NLL: 12.180943
VAL  RMSE:0.0075  MAE:0.0063  IC:0.8271  RIC:0.7795  NLL:-3.26742  CRPS:0.00442  Sharp(σ):0.00571  PICP90:0.775|Gap:0.125  PICP95:0.867|Gap:0.083  AURC:0.00642
Epoch 48 [0/22] Loss(NLL): 30.589039
Epoch 48 [20/22] Loss(NLL): 4.842896
Epoch 48 Train NLL: 45.484443
VAL  RMSE:0.0086  MAE:0.0073  IC:0.8802  RIC:0.8447  NLL:-2.68097  CRPS:0.00528  Sharp(σ):0.00578  PICP90:0.694|Gap:0.206  PICP95:0.792|Gap:0.158  AURC:0.00894
Epoch 49 [0/22] Loss(NLL): 14.777329
Epoch 49 [20/22] Loss(NLL): 7.154079
Epoch 49 Train NLL: 10.740744
VAL  RMSE:0.0065  MAE:0.0052  IC:0.8821  RIC:0.8470  NLL:-3.73329  CRPS:0.00369  Sharp(σ):0.00552  PICP90:0.815|Gap:0.085  PICP95:0.902|Gap:0.048  AURC:0.00611
Epoch 50 [0/22] Loss(NLL): 25.176254
Epoch 50 [20/22] Loss(NLL): 2.353603
Epoch 50 Train NLL: 9.386919
VAL  RMSE:0.0078  MAE:0.0065  IC:0.8125  RIC:0.7657  NLL:-3.14440  CRPS:0.00466  Sharp(σ):0.00552  PICP90:0.711|Gap:0.189  PICP95:0.861|Gap:0.089  AURC:0.00672
Epoch 51 [0/22] Loss(NLL): 183.167938
Epoch 51 [20/22] Loss(NLL): 26.338875
Epoch 51 Train NLL: 46.025078
VAL  RMSE:0.0069  MAE:0.0060  IC:0.9269  RIC:0.8933  NLL:-3.45084  CRPS:0.00411  Sharp(σ):0.00573  PICP90:0.827|Gap:0.073  PICP95:0.925|Gap:0.025  AURC:0.00627
Epoch 52 [0/22] Loss(NLL): 77.834023
Epoch 52 [20/22] Loss(NLL): 17.757769
Epoch 52 Train NLL: 15.799552
VAL  RMSE:0.0078  MAE:0.0068  IC:0.9198  RIC:0.8899  NLL:-3.13654  CRPS:0.00477  Sharp(σ):0.00535  PICP90:0.723|Gap:0.177  PICP95:0.809|Gap:0.141  AURC:0.00686
Epoch 53 [0/22] Loss(NLL): 17.617603
Epoch 53 [20/22] Loss(NLL): 5.328290
Epoch 53 Train NLL: 4.429231
VAL  RMSE:0.0044  MAE:0.0035  IC:0.9344  RIC:0.9090  NLL:-4.01267  CRPS:0.00251  Sharp(σ):0.00554  PICP90:0.948|Gap:0.048  PICP95:0.977|Gap:0.027  AURC:0.00359
Epoch 54 [0/22] Loss(NLL): 7.605014
Epoch 54 [20/22] Loss(NLL): 2.953762
Epoch 54 Train NLL: 1.331857
VAL  RMSE:0.0044  MAE:0.0034  IC:0.9407  RIC:0.9188  NLL:-4.01435  CRPS:0.00249  Sharp(σ):0.00545  PICP90:0.942|Gap:0.042  PICP95:0.960|Gap:0.010  AURC:0.00389
Epoch 55 [0/22] Loss(NLL): 9.380691
Epoch 55 [20/22] Loss(NLL): 1.421689
Epoch 55 Train NLL: 1.086916
VAL  RMSE:0.0037  MAE:0.0030  IC:0.9497  RIC:0.9293  NLL:-4.08063  CRPS:0.00221  Sharp(σ):0.00567  PICP90:0.983|Gap:0.083  PICP95:1.000|Gap:0.050  AURC:0.00301
--- New best model (by VAL NLL) ---
Epoch 56 [0/22] Loss(NLL): 7.022031
Epoch 56 [20/22] Loss(NLL): 2.040482
Epoch 56 Train NLL: 1.685706
VAL  RMSE:0.0037  MAE:0.0029  IC:0.9488  RIC:0.9297  NLL:-4.07108  CRPS:0.00218  Sharp(σ):0.00546  PICP90:0.977|Gap:0.077  PICP95:0.994|Gap:0.044  AURC:0.00369
Epoch 57 [0/22] Loss(NLL): 8.284886
Epoch 57 [20/22] Loss(NLL): 4.677576
Epoch 57 Train NLL: 1.048313
VAL  RMSE:0.0038  MAE:0.0031  IC:0.9455  RIC:0.9208  NLL:-4.01064  CRPS:0.00224  Sharp(σ):0.00555  PICP90:0.983|Gap:0.083  PICP95:0.994|Gap:0.044  AURC:0.00329
Epoch 58 [0/22] Loss(NLL): 21.420837
Epoch 58 [20/22] Loss(NLL): 6.370598
Epoch 58 Train NLL: 6.661144
VAL  RMSE:0.0039  MAE:0.0031  IC:0.9423  RIC:0.9146  NLL:-4.03542  CRPS:0.00232  Sharp(σ):0.00588  PICP90:0.983|Gap:0.083  PICP95:1.000|Gap:0.050  AURC:0.00305
Epoch 59 [0/22] Loss(NLL): 31.441481
Epoch 59 [20/22] Loss(NLL): 6.081785
Epoch 59 Train NLL: 7.198992
VAL  RMSE:0.0052  MAE:0.0043  IC:0.9052  RIC:0.8556  NLL:-3.79328  CRPS:0.00301  Sharp(σ):0.00589  PICP90:0.936|Gap:0.036  PICP95:0.988|Gap:0.038  AURC:0.00496
Epoch 60 [0/22] Loss(NLL): 31.241749
Epoch 60 [20/22] Loss(NLL): 14.034210
Epoch 60 Train NLL: 12.200831
VAL  RMSE:0.0056  MAE:0.0047  IC:0.9108  RIC:0.8647  NLL:-3.70685  CRPS:0.00322  Sharp(σ):0.00541  PICP90:0.902|Gap:0.002  PICP95:0.954|Gap:0.004  AURC:0.00444
Epoch 61 [0/22] Loss(NLL): 24.891642
Epoch 61 [20/22] Loss(NLL): 14.522337
Epoch 61 Train NLL: 8.894490
VAL  RMSE:0.0057  MAE:0.0048  IC:0.8925  RIC:0.8360  NLL:-3.68559  CRPS:0.00328  Sharp(σ):0.00564  PICP90:0.908|Gap:0.008  PICP95:0.960|Gap:0.010  AURC:0.00535
Epoch 62 [0/22] Loss(NLL): 24.872738
Epoch 62 [20/22] Loss(NLL): 5.826078
Epoch 62 Train NLL: 16.521694
VAL  RMSE:0.0077  MAE:0.0066  IC:0.8877  RIC:0.8285  NLL:-3.28909  CRPS:0.00457  Sharp(σ):0.00592  PICP90:0.809|Gap:0.091  PICP95:0.867|Gap:0.083  AURC:0.00718
Epoch 63 [0/22] Loss(NLL): 11.447583
Epoch 63 [20/22] Loss(NLL): 5.970896
Epoch 63 Train NLL: 15.981021
VAL  RMSE:0.0073  MAE:0.0063  IC:0.9021  RIC:0.8526  NLL:-3.18623  CRPS:0.00436  Sharp(σ):0.00543  PICP90:0.763|Gap:0.137  PICP95:0.861|Gap:0.089  AURC:0.00625
Epoch 64 [0/22] Loss(NLL): 30.990662
Epoch 64 [20/22] Loss(NLL): 6.528527
Epoch 64 Train NLL: 12.217848
VAL  RMSE:0.0059  MAE:0.0046  IC:0.8963  RIC:0.8477  NLL:-3.81067  CRPS:0.00333  Sharp(σ):0.00559  PICP90:0.867|Gap:0.033  PICP95:0.919|Gap:0.031  AURC:0.00551
Epoch 65 [0/22] Loss(NLL): 7.458364
Epoch 65 [20/22] Loss(NLL): 11.877386
Epoch 65 Train NLL: 6.897701
VAL  RMSE:0.0036  MAE:0.0028  IC:0.9466  RIC:0.9155  NLL:-4.05087  CRPS:0.00218  Sharp(σ):0.00570  PICP90:0.988|Gap:0.088  PICP95:1.000|Gap:0.050  AURC:0.00327
Epoch 66 [0/22] Loss(NLL): 140.219635
Epoch 66 [20/22] Loss(NLL): 11.849255
Epoch 66 Train NLL: 21.408216
VAL  RMSE:0.0069  MAE:0.0055  IC:0.8790  RIC:0.8414  NLL:-3.56290  CRPS:0.00399  Sharp(σ):0.00518  PICP90:0.751|Gap:0.149  PICP95:0.821|Gap:0.129  AURC:0.00652
Epoch 67 [0/22] Loss(NLL): 65.758064
Epoch 67 [20/22] Loss(NLL): 27.858778
Epoch 67 Train NLL: 33.912874
VAL  RMSE:0.0104  MAE:0.0096  IC:0.9358  RIC:0.9104  NLL:-2.63511  CRPS:0.00704  Sharp(σ):0.00534  PICP90:0.422|Gap:0.478  PICP95:0.601|Gap:0.349  AURC:0.00934
Epoch 68 [0/22] Loss(NLL): 43.505043
Epoch 68 [20/22] Loss(NLL): 9.099106
Epoch 68 Train NLL: 12.936625
VAL  RMSE:0.0045  MAE:0.0038  IC:0.9456  RIC:0.9274  NLL:-3.96744  CRPS:0.00260  Sharp(σ):0.00556  PICP90:0.977|Gap:0.077  PICP95:0.988|Gap:0.038  AURC:0.00428
Epoch 69 [0/22] Loss(NLL): 13.901602
Epoch 69 [20/22] Loss(NLL): 24.990177
Epoch 69 Train NLL: 23.587735
VAL  RMSE:0.0062  MAE:0.0053  IC:0.9493  RIC:0.9294  NLL:-3.69214  CRPS:0.00363  Sharp(σ):0.00534  PICP90:0.861|Gap:0.039  PICP95:0.919|Gap:0.031  AURC:0.00618
Epoch 70 [0/22] Loss(NLL): 9.751697
Epoch 70 [20/22] Loss(NLL): 2.825056
Epoch 70 Train NLL: 1.323102
VAL  RMSE:0.0051  MAE:0.0043  IC:0.9507  RIC:0.9294  NLL:-3.89364  CRPS:0.00291  Sharp(σ):0.00506  PICP90:0.908|Gap:0.008  PICP95:0.960|Gap:0.010  AURC:0.00461
Epoch 71 [0/22] Loss(NLL): 5.802132
Epoch 71 [20/22] Loss(NLL): 2.368314
Epoch 71 Train NLL: -0.624837
VAL  RMSE:0.0039  MAE:0.0032  IC:0.9563  RIC:0.9353  NLL:-3.99522  CRPS:0.00228  Sharp(σ):0.00524  PICP90:0.971|Gap:0.071  PICP95:0.994|Gap:0.044  AURC:0.00327
Epoch 72 [0/22] Loss(NLL): 5.910852
Epoch 72 [20/22] Loss(NLL): 0.323622
Epoch 72 Train NLL: -1.134997
VAL  RMSE:0.0039  MAE:0.0031  IC:0.9594  RIC:0.9419  NLL:-4.13717  CRPS:0.00224  Sharp(σ):0.00490  PICP90:0.965|Gap:0.065  PICP95:0.983|Gap:0.033  AURC:0.00333
--- New best model (by VAL NLL) ---
Epoch 73 [0/22] Loss(NLL): 9.657553
Epoch 73 [20/22] Loss(NLL): 1.985103
Epoch 73 Train NLL: -0.526048
VAL  RMSE:0.0037  MAE:0.0028  IC:0.9634  RIC:0.9498  NLL:-4.13029  CRPS:0.00213  Sharp(σ):0.00517  PICP90:0.965|Gap:0.065  PICP95:0.994|Gap:0.044  AURC:0.00302
Epoch 74 [0/22] Loss(NLL): 6.792345
Epoch 74 [20/22] Loss(NLL): 1.496181
Epoch 74 Train NLL: 0.458341
VAL  RMSE:0.0034  MAE:0.0026  IC:0.9564  RIC:0.9438  NLL:-4.14626  CRPS:0.00200  Sharp(σ):0.00520  PICP90:0.983|Gap:0.083  PICP95:1.000|Gap:0.050  AURC:0.00296
--- New best model (by VAL NLL) ---
Epoch 75 [0/22] Loss(NLL): 9.025868
Epoch 75 [20/22] Loss(NLL): 4.782184
Epoch 75 Train NLL: 4.535841
VAL  RMSE:0.0036  MAE:0.0029  IC:0.9486  RIC:0.9311  NLL:-4.06767  CRPS:0.00215  Sharp(σ):0.00540  PICP90:0.960|Gap:0.060  PICP95:1.000|Gap:0.050  AURC:0.00338
Epoch 76 [0/22] Loss(NLL): 3.796797
Epoch 76 [20/22] Loss(NLL): 4.995478
Epoch 76 Train NLL: 6.993673
VAL  RMSE:0.0054  MAE:0.0044  IC:0.9150  RIC:0.8789  NLL:-3.83030  CRPS:0.00306  Sharp(σ):0.00484  PICP90:0.867|Gap:0.033  PICP95:0.931|Gap:0.019  AURC:0.00455
Epoch 77 [0/22] Loss(NLL): 9.665544
Epoch 77 [20/22] Loss(NLL): 0.568738
Epoch 77 Train NLL: 6.858340
VAL  RMSE:0.0052  MAE:0.0042  IC:0.9153  RIC:0.8884  NLL:-3.75751  CRPS:0.00293  Sharp(σ):0.00501  PICP90:0.896|Gap:0.004  PICP95:0.942|Gap:0.008  AURC:0.00395
Epoch 78 [0/22] Loss(NLL): 24.099289
Epoch 78 [20/22] Loss(NLL): 0.820148
Epoch 78 Train NLL: 15.204814
VAL  RMSE:0.0040  MAE:0.0030  IC:0.9516  RIC:0.9346  NLL:-4.09143  CRPS:0.00228  Sharp(σ):0.00520  PICP90:0.965|Gap:0.065  PICP95:0.988|Gap:0.038  AURC:0.00382
Epoch 79 [0/22] Loss(NLL): 31.893654
Epoch 79 [20/22] Loss(NLL): 5.111740
Epoch 79 Train NLL: 3.141436
VAL  RMSE:0.0040  MAE:0.0033  IC:0.9387  RIC:0.9221  NLL:-4.08301  CRPS:0.00231  Sharp(σ):0.00503  PICP90:0.971|Gap:0.071  PICP95:0.977|Gap:0.027  AURC:0.00347
Epoch 80 [0/22] Loss(NLL): 18.207962
Epoch 80 [20/22] Loss(NLL): 3.778401
Epoch 80 Train NLL: 5.908894
VAL  RMSE:0.0059  MAE:0.0050  IC:0.9396  RIC:0.9236  NLL:-3.73652  CRPS:0.00342  Sharp(σ):0.00535  PICP90:0.855|Gap:0.045  PICP95:0.942|Gap:0.008  AURC:0.00485
Epoch 81 [0/22] Loss(NLL): 45.278728
Epoch 81 [20/22] Loss(NLL): 2.103482
Epoch 81 Train NLL: 10.373862
VAL  RMSE:0.0091  MAE:0.0082  IC:0.9296  RIC:0.8984  NLL:-2.63013  CRPS:0.00583  Sharp(σ):0.00551  PICP90:0.561|Gap:0.339  PICP95:0.769|Gap:0.181  AURC:0.00777
Epoch 82 [0/22] Loss(NLL): 8.921374
Epoch 82 [20/22] Loss(NLL): 38.816448
Epoch 82 Train NLL: 12.875051
VAL  RMSE:0.0049  MAE:0.0040  IC:0.9196  RIC:0.8808  NLL:-3.84368  CRPS:0.00279  Sharp(σ):0.00517  PICP90:0.931|Gap:0.031  PICP95:0.977|Gap:0.027  AURC:0.00468
Epoch 83 [0/22] Loss(NLL): 21.743130
Epoch 83 [20/22] Loss(NLL): 12.325598
Epoch 83 Train NLL: 9.188542
VAL  RMSE:0.0066  MAE:0.0054  IC:0.8532  RIC:0.7784  NLL:-3.26021  CRPS:0.00380  Sharp(σ):0.00506  PICP90:0.780|Gap:0.120  PICP95:0.867|Gap:0.083  AURC:0.00483
Epoch 84 [0/22] Loss(NLL): 13.246524
Epoch 84 [20/22] Loss(NLL): 3.351433
Epoch 84 Train NLL: 23.760397
VAL  RMSE:0.0083  MAE:0.0072  IC:0.9001  RIC:0.8444  NLL:-2.55592  CRPS:0.00524  Sharp(σ):0.00510  PICP90:0.584|Gap:0.316  PICP95:0.694|Gap:0.256  AURC:0.00875
Epoch 85 [0/22] Loss(NLL): 52.239815
Epoch 85 [20/22] Loss(NLL): 2.100674
Epoch 85 Train NLL: 13.869301
VAL  RMSE:0.0067  MAE:0.0060  IC:0.9473  RIC:0.9218  NLL:-3.41717  CRPS:0.00406  Sharp(σ):0.00531  PICP90:0.821|Gap:0.079  PICP95:0.919|Gap:0.031  AURC:0.00646
Epoch 86 [0/22] Loss(NLL): 17.384819
Epoch 86 [20/22] Loss(NLL): -0.888433
Epoch 86 Train NLL: 6.216849
VAL  RMSE:0.0040  MAE:0.0031  IC:0.9543  RIC:0.9352  NLL:-4.08343  CRPS:0.00227  Sharp(σ):0.00504  PICP90:0.960|Gap:0.060  PICP95:0.977|Gap:0.027  AURC:0.00394
Epoch 87 [0/22] Loss(NLL): 6.433388
Epoch 87 [20/22] Loss(NLL): -0.711384
Epoch 87 Train NLL: 3.388601
VAL  RMSE:0.0036  MAE:0.0029  IC:0.9575  RIC:0.9387  NLL:-4.05203  CRPS:0.00211  Sharp(σ):0.00530  PICP90:0.988|Gap:0.088  PICP95:1.000|Gap:0.050  AURC:0.00274
Epoch 88 [0/22] Loss(NLL): 4.715815
Epoch 88 [20/22] Loss(NLL): 14.861632
Epoch 88 Train NLL: 6.460422
VAL  RMSE:0.0070  MAE:0.0064  IC:0.9672  RIC:0.9502  NLL:-3.53881  CRPS:0.00425  Sharp(σ):0.00543  PICP90:0.798|Gap:0.102  PICP95:0.936|Gap:0.014  AURC:0.00602
Epoch 89 [0/22] Loss(NLL): 18.190632
Epoch 89 [20/22] Loss(NLL): 2.649635
Epoch 89 Train NLL: 6.292861
VAL  RMSE:0.0067  MAE:0.0055  IC:0.8682  RIC:0.7970  NLL:-3.12263  CRPS:0.00388  Sharp(σ):0.00550  PICP90:0.803|Gap:0.097  PICP95:0.873|Gap:0.077  AURC:0.00759
Epoch 90 [0/22] Loss(NLL): 6.564217
Epoch 90 [20/22] Loss(NLL): 7.304694
Epoch 90 Train NLL: 20.103708
VAL  RMSE:0.0036  MAE:0.0028  IC:0.9505  RIC:0.9255  NLL:-4.13978  CRPS:0.00209  Sharp(σ):0.00515  PICP90:0.977|Gap:0.077  PICP95:0.983|Gap:0.033  AURC:0.00294
Epoch 91 [0/22] Loss(NLL): 4.892901
Epoch 91 [20/22] Loss(NLL): 2.878322
Epoch 91 Train NLL: 2.005579
VAL  RMSE:0.0050  MAE:0.0039  IC:0.9108  RIC:0.8625  NLL:-3.65115  CRPS:0.00283  Sharp(σ):0.00547  PICP90:0.908|Gap:0.008  PICP95:0.971|Gap:0.021  AURC:0.00571
Epoch 92 [0/22] Loss(NLL): 12.218624
Epoch 92 [20/22] Loss(NLL): 1.594589
Epoch 92 Train NLL: 4.473564
VAL  RMSE:0.0032  MAE:0.0025  IC:0.9666  RIC:0.9522  NLL:-4.14060  CRPS:0.00197  Sharp(σ):0.00541  PICP90:1.000|Gap:0.100  PICP95:1.000|Gap:0.050  AURC:0.00307
Epoch 93 [0/22] Loss(NLL): 36.616615
Epoch 93 [20/22] Loss(NLL): 2.087641
Epoch 93 Train NLL: 8.487732
VAL  RMSE:0.0060  MAE:0.0050  IC:0.9089  RIC:0.8816  NLL:-3.64316  CRPS:0.00348  Sharp(σ):0.00543  PICP90:0.855|Gap:0.045  PICP95:0.948|Gap:0.002  AURC:0.00501
Epoch 94 [0/22] Loss(NLL): 235.513519
Epoch 94 [20/22] Loss(NLL): 6.057887
Epoch 94 Train NLL: 33.554170
VAL  RMSE:0.0054  MAE:0.0043  IC:0.9368  RIC:0.9135  NLL:-3.87284  CRPS:0.00303  Sharp(σ):0.00528  PICP90:0.884|Gap:0.016  PICP95:0.942|Gap:0.008  AURC:0.00525
Early stopping triggered.
TEST RMSE:0.0052  MAE:0.0042  IC:0.9654  RIC:0.9601  NLL:-3.74690  CRPS:0.00296  Sharp(σ):0.00528  PICP90:0.912|Gap:0.012  PICP95:0.965|Gap:0.015  AURC:0.00468

Rolling Window Evaluation Statistics:
        rmse     mae      ic  ...  hit_rate  turnover  profit_factor
mean  0.0047  0.0038  0.9680  ...    0.4817    1.0000        56.7053
std   0.0012  0.0010  0.0114  ...    0.0583    0.1418        37.4700

[2 rows x 11 columns]
