Epoch 1 [0/22] Loss(NLL): 703.561462
Epoch 1 [20/22] Loss(NLL): 382.859467
Epoch 1 Train NLL: 513.739191
VAL  RMSE:0.0152  MAE:0.0120  IC:-0.0491  RIC:-0.0505  NLL:-0.37138  CRPS:0.00974  Sharp(σ):0.00531  PICP90:0.474|Gap:0.426  PICP95:0.549|Gap:0.401  AURC:0.01386
--- New best model (by VAL NLL) ---
Epoch 2 [0/22] Loss(NLL): 441.111816
Epoch 2 [20/22] Loss(NLL): 146.513916
Epoch 2 Train NLL: 144.501079
VAL  RMSE:0.0147  MAE:0.0125  IC:-0.0224  RIC:-0.0066  NLL:-0.62935  CRPS:0.01010  Sharp(σ):0.00545  PICP90:0.370|Gap:0.530  PICP95:0.439|Gap:0.511  AURC:0.01446
--- New best model (by VAL NLL) ---
Epoch 3 [0/22] Loss(NLL): 67.945045
Epoch 3 [20/22] Loss(NLL): 180.825302
Epoch 3 Train NLL: 61.452982
VAL  RMSE:0.0100  MAE:0.0077  IC:0.0122  RIC:0.0199  NLL:-2.91381  CRPS:0.00586  Sharp(σ):0.00560  PICP90:0.665|Gap:0.235  PICP95:0.751|Gap:0.199  AURC:0.00766
--- New best model (by VAL NLL) ---
Epoch 4 [0/22] Loss(NLL): 89.481758
Epoch 4 [20/22] Loss(NLL): 159.455536
Epoch 4 Train NLL: 75.546795
VAL  RMSE:0.0095  MAE:0.0073  IC:0.0450  RIC:0.0498  NLL:-2.91771  CRPS:0.00554  Sharp(σ):0.00522  PICP90:0.671|Gap:0.229  PICP95:0.734|Gap:0.216  AURC:0.00861
--- New best model (by VAL NLL) ---
Epoch 5 [0/22] Loss(NLL): 40.121895
Epoch 5 [20/22] Loss(NLL): 171.782120
Epoch 5 Train NLL: 62.066914
VAL  RMSE:0.0101  MAE:0.0078  IC:0.0783  RIC:0.0805  NLL:-2.83482  CRPS:0.00596  Sharp(σ):0.00539  PICP90:0.613|Gap:0.287  PICP95:0.728|Gap:0.222  AURC:0.00825
Epoch 6 [0/22] Loss(NLL): 65.898300
Epoch 6 [20/22] Loss(NLL): 138.990784
Epoch 6 Train NLL: 59.709341
VAL  RMSE:0.0092  MAE:0.0071  IC:0.1141  RIC:0.1124  NLL:-3.03893  CRPS:0.00532  Sharp(σ):0.00519  PICP90:0.659|Gap:0.241  PICP95:0.769|Gap:0.181  AURC:0.00744
--- New best model (by VAL NLL) ---
Epoch 7 [0/22] Loss(NLL): 46.322151
Epoch 7 [20/22] Loss(NLL): 162.289154
Epoch 7 Train NLL: 59.388531
VAL  RMSE:0.0106  MAE:0.0081  IC:0.1278  RIC:0.1264  NLL:-2.70903  CRPS:0.00629  Sharp(σ):0.00522  PICP90:0.613|Gap:0.287  PICP95:0.676|Gap:0.274  AURC:0.00825
Epoch 8 [0/22] Loss(NLL): 44.877213
Epoch 8 [20/22] Loss(NLL): 174.234222
Epoch 8 Train NLL: 64.458339
VAL  RMSE:0.0097  MAE:0.0073  IC:0.1712  RIC:0.1797  NLL:-2.92039  CRPS:0.00563  Sharp(σ):0.00520  PICP90:0.676|Gap:0.224  PICP95:0.717|Gap:0.233  AURC:0.00810
Epoch 9 [0/22] Loss(NLL): 47.174728
Epoch 9 [20/22] Loss(NLL): 171.357346
Epoch 9 Train NLL: 67.388421
VAL  RMSE:0.0145  MAE:0.0120  IC:0.1744  RIC:0.1829  NLL:-1.26754  CRPS:0.00964  Sharp(σ):0.00529  PICP90:0.422|Gap:0.478  PICP95:0.491|Gap:0.459  AURC:0.01386
Epoch 10 [0/22] Loss(NLL): 41.516075
Epoch 10 [20/22] Loss(NLL): 162.526337
Epoch 10 Train NLL: 77.558140
VAL  RMSE:0.0090  MAE:0.0068  IC:0.2193  RIC:0.2229  NLL:-3.05202  CRPS:0.00514  Sharp(σ):0.00526  PICP90:0.694|Gap:0.206  PICP95:0.786|Gap:0.164  AURC:0.00721
--- New best model (by VAL NLL) ---
Epoch 11 [0/22] Loss(NLL): 38.326458
Epoch 11 [20/22] Loss(NLL): 150.198532
Epoch 11 Train NLL: 70.208684
VAL  RMSE:0.0149  MAE:0.0129  IC:0.2326  RIC:0.2307  NLL:-1.49929  CRPS:0.01009  Sharp(σ):0.00579  PICP90:0.399|Gap:0.501  PICP95:0.468|Gap:0.482  AURC:0.01244
Epoch 12 [0/22] Loss(NLL): 44.553604
Epoch 12 [20/22] Loss(NLL): 110.182091
Epoch 12 Train NLL: 59.813687
VAL  RMSE:0.0087  MAE:0.0066  IC:0.2317  RIC:0.2364  NLL:-3.30875  CRPS:0.00488  Sharp(σ):0.00558  PICP90:0.763|Gap:0.137  PICP95:0.827|Gap:0.123  AURC:0.00670
--- New best model (by VAL NLL) ---
Epoch 13 [0/22] Loss(NLL): 34.379913
Epoch 13 [20/22] Loss(NLL): 93.552139
Epoch 13 Train NLL: 33.689623
VAL  RMSE:0.0077  MAE:0.0061  IC:0.2584  RIC:0.2394  NLL:-3.46905  CRPS:0.00443  Sharp(σ):0.00544  PICP90:0.746|Gap:0.154  PICP95:0.803|Gap:0.147  AURC:0.00685
--- New best model (by VAL NLL) ---
Epoch 14 [0/22] Loss(NLL): 81.069778
Epoch 14 [20/22] Loss(NLL): 108.796555
Epoch 14 Train NLL: 37.176317
VAL  RMSE:0.0073  MAE:0.0056  IC:0.2522  RIC:0.2288  NLL:-3.52434  CRPS:0.00413  Sharp(σ):0.00556  PICP90:0.786|Gap:0.114  PICP95:0.855|Gap:0.095  AURC:0.00617
--- New best model (by VAL NLL) ---
Epoch 15 [0/22] Loss(NLL): 61.667053
Epoch 15 [20/22] Loss(NLL): 140.697357
Epoch 15 Train NLL: 45.990372
VAL  RMSE:0.0087  MAE:0.0069  IC:0.1092  RIC:0.0751  NLL:-3.15448  CRPS:0.00512  Sharp(σ):0.00535  PICP90:0.688|Gap:0.212  PICP95:0.780|Gap:0.170  AURC:0.00754
Epoch 16 [0/22] Loss(NLL): 79.333435
Epoch 16 [20/22] Loss(NLL): 220.481888
Epoch 16 Train NLL: 65.630664
VAL  RMSE:0.0105  MAE:0.0087  IC:0.0428  RIC:0.0216  NLL:-2.27309  CRPS:0.00660  Sharp(σ):0.00529  PICP90:0.538|Gap:0.362  PICP95:0.642|Gap:0.308  AURC:0.00855
Epoch 17 [0/22] Loss(NLL): 65.416763
Epoch 17 [20/22] Loss(NLL): 302.892609
Epoch 17 Train NLL: 108.689131
VAL  RMSE:0.0111  MAE:0.0090  IC:0.1458  RIC:0.1372  NLL:-2.70617  CRPS:0.00686  Sharp(σ):0.00562  PICP90:0.584|Gap:0.316  PICP95:0.671|Gap:0.279  AURC:0.01114
Epoch 18 [0/22] Loss(NLL): 235.569611
Epoch 18 [20/22] Loss(NLL): 349.178467
Epoch 18 Train NLL: 115.645144
VAL  RMSE:0.0274  MAE:0.0253  IC:0.0027  RIC:-0.0241  NLL:10.89791  CRPS:0.02233  Sharp(σ):0.00537  PICP90:0.058|Gap:0.842  PICP95:0.081|Gap:0.869  AURC:0.02091
Epoch 19 [0/22] Loss(NLL): 112.511902
Epoch 19 [20/22] Loss(NLL): 165.347748
Epoch 19 Train NLL: 71.320404
VAL  RMSE:0.0222  MAE:0.0208  IC:0.1509  RIC:0.1453  NLL:4.06441  CRPS:0.01782  Sharp(σ):0.00548  PICP90:0.064|Gap:0.836  PICP95:0.092|Gap:0.858  AURC:0.01881
Epoch 20 [0/22] Loss(NLL): 186.075027
Epoch 20 [20/22] Loss(NLL): 490.947784
Epoch 20 Train NLL: 90.357959
VAL  RMSE:0.0224  MAE:0.0188  IC:-0.0140  RIC:-0.0216  NLL:6.89567  CRPS:0.01624  Sharp(σ):0.00552  PICP90:0.277|Gap:0.623  PICP95:0.324|Gap:0.626  AURC:0.02178
Epoch 21 [0/22] Loss(NLL): 34.289501
Epoch 21 [20/22] Loss(NLL): 191.689636
Epoch 21 Train NLL: 73.227049
VAL  RMSE:0.0226  MAE:0.0214  IC:0.2403  RIC:0.2070  NLL:2.83562  CRPS:0.01825  Sharp(σ):0.00575  PICP90:0.052|Gap:0.848  PICP95:0.081|Gap:0.869  AURC:0.02163
Epoch 22 [0/22] Loss(NLL): 100.771164
Epoch 22 [20/22] Loss(NLL): 134.288208
Epoch 22 Train NLL: 66.551932
VAL  RMSE:0.0140  MAE:0.0118  IC:0.0533  RIC:0.0157  NLL:-0.15970  CRPS:0.00938  Sharp(σ):0.00554  PICP90:0.416|Gap:0.484  PICP95:0.480|Gap:0.470  AURC:0.00962
Epoch 23 [0/22] Loss(NLL): 84.481758
Epoch 23 [20/22] Loss(NLL): 106.335236
Epoch 23 Train NLL: 60.057605
VAL  RMSE:0.0109  MAE:0.0094  IC:0.4026  RIC:0.3736  NLL:-2.48211  CRPS:0.00700  Sharp(σ):0.00554  PICP90:0.549|Gap:0.351  PICP95:0.653|Gap:0.297  AURC:0.00989
Epoch 24 [0/22] Loss(NLL): 42.103302
Epoch 24 [20/22] Loss(NLL): 90.670044
Epoch 24 Train NLL: 19.531680
VAL  RMSE:0.0082  MAE:0.0065  IC:0.4417  RIC:0.4226  NLL:-3.26469  CRPS:0.00472  Sharp(σ):0.00562  PICP90:0.792|Gap:0.108  PICP95:0.861|Gap:0.089  AURC:0.00748
Epoch 25 [0/22] Loss(NLL): 97.345070
Epoch 25 [20/22] Loss(NLL): 101.362289
Epoch 25 Train NLL: 28.041323
VAL  RMSE:0.0074  MAE:0.0060  IC:0.3410  RIC:0.3215  NLL:-3.37419  CRPS:0.00429  Sharp(σ):0.00547  PICP90:0.809|Gap:0.091  PICP95:0.861|Gap:0.089  AURC:0.00646
Epoch 26 [0/22] Loss(NLL): 24.617996
Epoch 26 [20/22] Loss(NLL): 88.836807
Epoch 26 Train NLL: 41.410249
VAL  RMSE:0.0074  MAE:0.0059  IC:0.3438  RIC:0.3168  NLL:-3.43658  CRPS:0.00419  Sharp(σ):0.00567  PICP90:0.792|Gap:0.108  PICP95:0.902|Gap:0.048  AURC:0.00668
Epoch 27 [0/22] Loss(NLL): 37.372204
Epoch 27 [20/22] Loss(NLL): 95.424309
Epoch 27 Train NLL: 32.032070
VAL  RMSE:0.0084  MAE:0.0068  IC:0.4563  RIC:0.3897  NLL:-3.18697  CRPS:0.00502  Sharp(σ):0.00530  PICP90:0.688|Gap:0.212  PICP95:0.740|Gap:0.210  AURC:0.00748
Epoch 28 [0/22] Loss(NLL): 86.157814
Epoch 28 [20/22] Loss(NLL): 122.513145
Epoch 28 Train NLL: 41.272226
VAL  RMSE:0.0098  MAE:0.0081  IC:0.0992  RIC:0.0622  NLL:-2.61247  CRPS:0.00601  Sharp(σ):0.00583  PICP90:0.636|Gap:0.264  PICP95:0.705|Gap:0.245  AURC:0.00907
Epoch 29 [0/22] Loss(NLL): 50.581989
Epoch 29 [20/22] Loss(NLL): 103.069916
Epoch 29 Train NLL: 43.381908
VAL  RMSE:0.0081  MAE:0.0065  IC:0.2701  RIC:0.2178  NLL:-3.28654  CRPS:0.00470  Sharp(σ):0.00587  PICP90:0.757|Gap:0.143  PICP95:0.855|Gap:0.095  AURC:0.00716
Epoch 30 [0/22] Loss(NLL): 39.379433
Epoch 30 [20/22] Loss(NLL): 99.670776
Epoch 30 Train NLL: 37.757549
VAL  RMSE:0.0067  MAE:0.0052  IC:0.4658  RIC:0.4333  NLL:-3.65398  CRPS:0.00370  Sharp(σ):0.00591  PICP90:0.867|Gap:0.033  PICP95:0.913|Gap:0.037  AURC:0.00545
--- New best model (by VAL NLL) ---
Epoch 31 [0/22] Loss(NLL): 101.372604
Epoch 31 [20/22] Loss(NLL): 104.434402
Epoch 31 Train NLL: 42.006805
VAL  RMSE:0.0124  MAE:0.0106  IC:0.3106  RIC:0.3102  NLL:-1.49596  CRPS:0.00817  Sharp(σ):0.00575  PICP90:0.451|Gap:0.449  PICP95:0.561|Gap:0.389  AURC:0.01108
Epoch 32 [0/22] Loss(NLL): 18.962397
Epoch 32 [20/22] Loss(NLL): 69.613022
Epoch 32 Train NLL: 41.092292
VAL  RMSE:0.0158  MAE:0.0146  IC:0.4431  RIC:0.3989  NLL:-0.03785  CRPS:0.01171  Sharp(σ):0.00554  PICP90:0.179|Gap:0.721  PICP95:0.301|Gap:0.649  AURC:0.01496
Epoch 33 [0/22] Loss(NLL): 107.949356
Epoch 33 [20/22] Loss(NLL): 99.511627
Epoch 33 Train NLL: 50.982821
VAL  RMSE:0.0131  MAE:0.0111  IC:0.1586  RIC:0.1071  NLL:-1.17322  CRPS:0.00864  Sharp(σ):0.00577  PICP90:0.451|Gap:0.449  PICP95:0.572|Gap:0.378  AURC:0.01207
Epoch 34 [0/22] Loss(NLL): 47.246300
Epoch 34 [20/22] Loss(NLL): 134.727173
Epoch 34 Train NLL: 36.441715
VAL  RMSE:0.0086  MAE:0.0069  IC:0.1667  RIC:0.1198  NLL:-3.14869  CRPS:0.00511  Sharp(σ):0.00538  PICP90:0.705|Gap:0.195  PICP95:0.792|Gap:0.158  AURC:0.00777
Epoch 35 [0/22] Loss(NLL): 145.335190
Epoch 35 [20/22] Loss(NLL): 78.233704
Epoch 35 Train NLL: 44.412710
VAL  RMSE:0.0087  MAE:0.0072  IC:0.5522  RIC:0.4741  NLL:-3.19815  CRPS:0.00516  Sharp(σ):0.00566  PICP90:0.728|Gap:0.172  PICP95:0.769|Gap:0.181  AURC:0.00716
Epoch 36 [0/22] Loss(NLL): 30.672005
Epoch 36 [20/22] Loss(NLL): 138.246597
Epoch 36 Train NLL: 52.389570
VAL  RMSE:0.0095  MAE:0.0081  IC:0.3768  RIC:0.3594  NLL:-2.46021  CRPS:0.00600  Sharp(σ):0.00517  PICP90:0.561|Gap:0.339  PICP95:0.665|Gap:0.285  AURC:0.00766
Epoch 37 [0/22] Loss(NLL): 33.806496
Epoch 37 [20/22] Loss(NLL): 102.438385
Epoch 37 Train NLL: 45.667598
VAL  RMSE:0.0151  MAE:0.0136  IC:0.4970  RIC:0.4446  NLL:-0.80655  CRPS:0.01078  Sharp(σ):0.00554  PICP90:0.266|Gap:0.634  PICP95:0.387|Gap:0.563  AURC:0.01330
Epoch 38 [0/22] Loss(NLL): 18.602146
Epoch 38 [20/22] Loss(NLL): 133.676758
Epoch 38 Train NLL: 32.882516
VAL  RMSE:0.0079  MAE:0.0062  IC:0.2701  RIC:0.2251  NLL:-3.45171  CRPS:0.00455  Sharp(σ):0.00576  PICP90:0.746|Gap:0.154  PICP95:0.809|Gap:0.141  AURC:0.00609
Epoch 39 [0/22] Loss(NLL): 20.687250
Epoch 39 [20/22] Loss(NLL): 110.486435
Epoch 39 Train NLL: 40.599984
VAL  RMSE:0.0101  MAE:0.0086  IC:0.4278  RIC:0.3761  NLL:-2.76085  CRPS:0.00634  Sharp(σ):0.00554  PICP90:0.578|Gap:0.322  PICP95:0.688|Gap:0.262  AURC:0.00852
Epoch 40 [0/22] Loss(NLL): 26.005623
Epoch 40 [20/22] Loss(NLL): 81.743126
Epoch 40 Train NLL: 24.722016
VAL  RMSE:0.0092  MAE:0.0075  IC:0.4213  RIC:0.3514  NLL:-3.02894  CRPS:0.00560  Sharp(σ):0.00528  PICP90:0.624|Gap:0.276  PICP95:0.728|Gap:0.222  AURC:0.00846
Epoch 41 [0/22] Loss(NLL): 75.375870
Epoch 41 [20/22] Loss(NLL): 63.643639
Epoch 41 Train NLL: 20.669122
VAL  RMSE:0.0080  MAE:0.0065  IC:0.6564  RIC:0.5727  NLL:-3.26578  CRPS:0.00467  Sharp(σ):0.00555  PICP90:0.751|Gap:0.149  PICP95:0.855|Gap:0.095  AURC:0.00707
Epoch 42 [0/22] Loss(NLL): 41.346313
Epoch 42 [20/22] Loss(NLL): 65.464355
Epoch 42 Train NLL: 19.913096
VAL  RMSE:0.0072  MAE:0.0057  IC:0.6823  RIC:0.6210  NLL:-3.53636  CRPS:0.00410  Sharp(σ):0.00591  PICP90:0.832|Gap:0.068  PICP95:0.879|Gap:0.071  AURC:0.00641
Epoch 43 [0/22] Loss(NLL): 124.638565
Epoch 43 [20/22] Loss(NLL): 53.123619
Epoch 43 Train NLL: 27.870085
VAL  RMSE:0.0068  MAE:0.0057  IC:0.7185  RIC:0.6479  NLL:-3.59157  CRPS:0.00396  Sharp(σ):0.00597  PICP90:0.844|Gap:0.056  PICP95:0.931|Gap:0.019  AURC:0.00595
Epoch 44 [0/22] Loss(NLL): 98.078506
Epoch 44 [20/22] Loss(NLL): 87.548996
Epoch 44 Train NLL: 32.690017
VAL  RMSE:0.0111  MAE:0.0099  IC:0.6631  RIC:0.5866  NLL:-2.35367  CRPS:0.00723  Sharp(σ):0.00608  PICP90:0.497|Gap:0.403  PICP95:0.647|Gap:0.303  AURC:0.01086
Epoch 45 [0/22] Loss(NLL): 54.281853
Epoch 45 [20/22] Loss(NLL): 46.481590
Epoch 45 Train NLL: 15.616917
VAL  RMSE:0.0055  MAE:0.0044  IC:0.6793  RIC:0.5829  NLL:-3.84473  CRPS:0.00312  Sharp(σ):0.00583  PICP90:0.908|Gap:0.008  PICP95:0.960|Gap:0.010  AURC:0.00466
--- New best model (by VAL NLL) ---
Epoch 46 [0/22] Loss(NLL): 17.028542
Epoch 46 [20/22] Loss(NLL): 41.236286
Epoch 46 Train NLL: 13.995201
VAL  RMSE:0.0128  MAE:0.0117  IC:0.7000  RIC:0.6252  NLL:-2.00744  CRPS:0.00883  Sharp(σ):0.00581  PICP90:0.370|Gap:0.530  PICP95:0.486|Gap:0.464  AURC:0.01130
Epoch 47 [0/22] Loss(NLL): 108.074554
Epoch 47 [20/22] Loss(NLL): 41.215355
Epoch 47 Train NLL: 25.150416
VAL  RMSE:0.0062  MAE:0.0050  IC:0.7635  RIC:0.6954  NLL:-3.62254  CRPS:0.00353  Sharp(σ):0.00566  PICP90:0.867|Gap:0.033  PICP95:0.919|Gap:0.031  AURC:0.00540
Epoch 48 [0/22] Loss(NLL): 23.014402
Epoch 48 [20/22] Loss(NLL): 25.905331
Epoch 48 Train NLL: 11.423139
VAL  RMSE:0.0052  MAE:0.0041  IC:0.7435  RIC:0.6815  NLL:-3.82696  CRPS:0.00293  Sharp(σ):0.00530  PICP90:0.884|Gap:0.016  PICP95:0.977|Gap:0.027  AURC:0.00479
Epoch 49 [0/22] Loss(NLL): 28.773594
Epoch 49 [20/22] Loss(NLL): 68.843613
Epoch 49 Train NLL: 22.030466
VAL  RMSE:0.0091  MAE:0.0079  IC:0.7218  RIC:0.6403  NLL:-3.10519  CRPS:0.00571  Sharp(σ):0.00546  PICP90:0.601|Gap:0.299  PICP95:0.711|Gap:0.239  AURC:0.00772
Epoch 50 [0/22] Loss(NLL): 90.848877
Epoch 50 [20/22] Loss(NLL): 48.557518
Epoch 50 Train NLL: 24.873160
VAL  RMSE:0.0082  MAE:0.0070  IC:0.7233  RIC:0.6292  NLL:-3.33465  CRPS:0.00502  Sharp(σ):0.00524  PICP90:0.659|Gap:0.241  PICP95:0.803|Gap:0.147  AURC:0.00685
Epoch 51 [0/22] Loss(NLL): 14.256399
Epoch 51 [20/22] Loss(NLL): 29.277473
Epoch 51 Train NLL: 12.462903
VAL  RMSE:0.0081  MAE:0.0069  IC:0.7485  RIC:0.6641  NLL:-3.21534  CRPS:0.00489  Sharp(σ):0.00560  PICP90:0.717|Gap:0.183  PICP95:0.827|Gap:0.123  AURC:0.00693
Epoch 52 [0/22] Loss(NLL): 92.834831
Epoch 52 [20/22] Loss(NLL): 34.856991
Epoch 52 Train NLL: 21.219886
VAL  RMSE:0.0048  MAE:0.0038  IC:0.7729  RIC:0.7060  NLL:-3.95219  CRPS:0.00270  Sharp(σ):0.00533  PICP90:0.931|Gap:0.031  PICP95:0.983|Gap:0.033  AURC:0.00415
--- New best model (by VAL NLL) ---
Epoch 53 [0/22] Loss(NLL): 14.698187
Epoch 53 [20/22] Loss(NLL): 50.965435
Epoch 53 Train NLL: 16.556724
VAL  RMSE:0.0066  MAE:0.0053  IC:0.7380  RIC:0.6656  NLL:-3.42214  CRPS:0.00381  Sharp(σ):0.00511  PICP90:0.786|Gap:0.114  PICP95:0.855|Gap:0.095  AURC:0.00581
Epoch 54 [0/22] Loss(NLL): 12.920049
Epoch 54 [20/22] Loss(NLL): 34.235340
Epoch 54 Train NLL: 14.427035
VAL  RMSE:0.0060  MAE:0.0050  IC:0.8033  RIC:0.7381  NLL:-3.65047  CRPS:0.00349  Sharp(σ):0.00511  PICP90:0.838|Gap:0.062  PICP95:0.884|Gap:0.066  AURC:0.00556
Epoch 55 [0/22] Loss(NLL): 61.746521
Epoch 55 [20/22] Loss(NLL): 68.072891
Epoch 55 Train NLL: 22.407336
VAL  RMSE:0.0087  MAE:0.0075  IC:0.7890  RIC:0.7130  NLL:-3.11141  CRPS:0.00542  Sharp(σ):0.00531  PICP90:0.595|Gap:0.305  PICP95:0.723|Gap:0.227  AURC:0.00778
Epoch 56 [0/22] Loss(NLL): 23.908293
Epoch 56 [20/22] Loss(NLL): 26.106930
Epoch 56 Train NLL: 19.310965
VAL  RMSE:0.0062  MAE:0.0052  IC:0.7874  RIC:0.7000  NLL:-3.63864  CRPS:0.00358  Sharp(σ):0.00545  PICP90:0.850|Gap:0.050  PICP95:0.913|Gap:0.037  AURC:0.00562
Epoch 57 [0/22] Loss(NLL): 43.462276
Epoch 57 [20/22] Loss(NLL): 23.345148
Epoch 57 Train NLL: 16.222401
VAL  RMSE:0.0083  MAE:0.0072  IC:0.7811  RIC:0.6918  NLL:-2.85791  CRPS:0.00516  Sharp(σ):0.00499  PICP90:0.624|Gap:0.276  PICP95:0.740|Gap:0.210  AURC:0.00645
Epoch 58 [0/22] Loss(NLL): 33.614822
Epoch 58 [20/22] Loss(NLL): 37.425484
Epoch 58 Train NLL: 17.346962
VAL  RMSE:0.0076  MAE:0.0064  IC:0.8205  RIC:0.7638  NLL:-3.37908  CRPS:0.00453  Sharp(σ):0.00539  PICP90:0.751|Gap:0.149  PICP95:0.827|Gap:0.123  AURC:0.00657
Epoch 59 [0/22] Loss(NLL): 13.522989
Epoch 59 [20/22] Loss(NLL): 24.784990
Epoch 59 Train NLL: 17.648783
VAL  RMSE:0.0049  MAE:0.0040  IC:0.8080  RIC:0.7504  NLL:-3.90667  CRPS:0.00278  Sharp(σ):0.00513  PICP90:0.913|Gap:0.013  PICP95:0.965|Gap:0.015  AURC:0.00426
Epoch 60 [0/22] Loss(NLL): 23.839622
Epoch 60 [20/22] Loss(NLL): 58.600983
Epoch 60 Train NLL: 16.222541
VAL  RMSE:0.0071  MAE:0.0061  IC:0.8494  RIC:0.7914  NLL:-3.40551  CRPS:0.00429  Sharp(σ):0.00484  PICP90:0.711|Gap:0.189  PICP95:0.780|Gap:0.170  AURC:0.00665
Epoch 61 [0/22] Loss(NLL): 85.638390
Epoch 61 [20/22] Loss(NLL): 27.742628
Epoch 61 Train NLL: 24.330361
VAL  RMSE:0.0045  MAE:0.0036  IC:0.8050  RIC:0.7263  NLL:-3.95761  CRPS:0.00257  Sharp(σ):0.00543  PICP90:0.954|Gap:0.054  PICP95:0.971|Gap:0.021  AURC:0.00422
--- New best model (by VAL NLL) ---
Epoch 62 [0/22] Loss(NLL): 17.867853
Epoch 62 [20/22] Loss(NLL): 25.581768
Epoch 62 Train NLL: 8.413685
VAL  RMSE:0.0044  MAE:0.0035  IC:0.8190  RIC:0.7519  NLL:-3.99591  CRPS:0.00250  Sharp(σ):0.00510  PICP90:0.931|Gap:0.031  PICP95:0.983|Gap:0.033  AURC:0.00404
--- New best model (by VAL NLL) ---
Epoch 63 [0/22] Loss(NLL): 13.526016
Epoch 63 [20/22] Loss(NLL): 28.400276
Epoch 63 Train NLL: 17.084293
VAL  RMSE:0.0068  MAE:0.0057  IC:0.7980  RIC:0.7266  NLL:-3.29774  CRPS:0.00404  Sharp(σ):0.00477  PICP90:0.734|Gap:0.166  PICP95:0.798|Gap:0.152  AURC:0.00555
Epoch 64 [0/22] Loss(NLL): 15.785686
Epoch 64 [20/22] Loss(NLL): 33.120956
Epoch 64 Train NLL: 21.001973
VAL  RMSE:0.0120  MAE:0.0113  IC:0.8214  RIC:0.7727  NLL:-1.94068  CRPS:0.00859  Sharp(σ):0.00512  PICP90:0.260|Gap:0.640  PICP95:0.416|Gap:0.534  AURC:0.01080
Epoch 65 [0/22] Loss(NLL): 14.220634
Epoch 65 [20/22] Loss(NLL): 27.032930
Epoch 65 Train NLL: 9.929264
VAL  RMSE:0.0045  MAE:0.0037  IC:0.8454  RIC:0.8002  NLL:-3.97592  CRPS:0.00257  Sharp(σ):0.00524  PICP90:0.954|Gap:0.054  PICP95:0.983|Gap:0.033  AURC:0.00391
Epoch 66 [0/22] Loss(NLL): 55.028389
Epoch 66 [20/22] Loss(NLL): 164.581009
Epoch 66 Train NLL: 25.166422
VAL  RMSE:0.0117  MAE:0.0100  IC:0.3199  RIC:0.2517  NLL:-0.78346  CRPS:0.00781  Sharp(σ):0.00512  PICP90:0.428|Gap:0.472  PICP95:0.491|Gap:0.459  AURC:0.01244
Epoch 67 [0/22] Loss(NLL): 86.644493
Epoch 67 [20/22] Loss(NLL): 32.636177
Epoch 67 Train NLL: 17.929324
VAL  RMSE:0.0078  MAE:0.0066  IC:0.6958  RIC:0.6125  NLL:-3.02955  CRPS:0.00477  Sharp(σ):0.00495  PICP90:0.653|Gap:0.247  PICP95:0.746|Gap:0.204  AURC:0.00765
Epoch 68 [0/22] Loss(NLL): 11.598862
Epoch 68 [20/22] Loss(NLL): 22.746235
Epoch 68 Train NLL: 7.119921
VAL  RMSE:0.0074  MAE:0.0063  IC:0.7987  RIC:0.7358  NLL:-3.34821  CRPS:0.00451  Sharp(σ):0.00489  PICP90:0.671|Gap:0.229  PICP95:0.809|Gap:0.141  AURC:0.00698
Epoch 69 [0/22] Loss(NLL): 16.321138
Epoch 69 [20/22] Loss(NLL): 19.316513
Epoch 69 Train NLL: 6.162534
VAL  RMSE:0.0050  MAE:0.0041  IC:0.8389  RIC:0.7850  NLL:-3.91979  CRPS:0.00284  Sharp(σ):0.00499  PICP90:0.942|Gap:0.042  PICP95:0.954|Gap:0.004  AURC:0.00500
Epoch 70 [0/22] Loss(NLL): 11.897859
Epoch 70 [20/22] Loss(NLL): 21.463169
Epoch 70 Train NLL: 4.595306
VAL  RMSE:0.0040  MAE:0.0033  IC:0.8513  RIC:0.7885  NLL:-4.08743  CRPS:0.00229  Sharp(σ):0.00482  PICP90:0.948|Gap:0.048  PICP95:0.994|Gap:0.044  AURC:0.00362
--- New best model (by VAL NLL) ---
Epoch 71 [0/22] Loss(NLL): 15.833048
Epoch 71 [20/22] Loss(NLL): 22.015282
Epoch 71 Train NLL: 6.884544
VAL  RMSE:0.0050  MAE:0.0040  IC:0.8903  RIC:0.8406  NLL:-3.90531  CRPS:0.00282  Sharp(σ):0.00493  PICP90:0.896|Gap:0.004  PICP95:0.931|Gap:0.019  AURC:0.00447
Epoch 72 [0/22] Loss(NLL): 18.936033
Epoch 72 [20/22] Loss(NLL): 14.667263
Epoch 72 Train NLL: 8.094920
VAL  RMSE:0.0032  MAE:0.0026  IC:0.9023  RIC:0.8640  NLL:-4.18416  CRPS:0.00192  Sharp(σ):0.00484  PICP90:0.988|Gap:0.088  PICP95:1.000|Gap:0.050  AURC:0.00289
--- New best model (by VAL NLL) ---
Epoch 73 [0/22] Loss(NLL): 30.182451
Epoch 73 [20/22] Loss(NLL): 23.713783
Epoch 73 Train NLL: 13.636379
VAL  RMSE:0.0041  MAE:0.0033  IC:0.8938  RIC:0.8392  NLL:-4.04999  CRPS:0.00234  Sharp(σ):0.00487  PICP90:0.965|Gap:0.065  PICP95:0.994|Gap:0.044  AURC:0.00358
Epoch 74 [0/22] Loss(NLL): 116.127197
Epoch 74 [20/22] Loss(NLL): 16.820686
Epoch 74 Train NLL: 28.237939
VAL  RMSE:0.0039  MAE:0.0032  IC:0.8686  RIC:0.8144  NLL:-4.11253  CRPS:0.00226  Sharp(σ):0.00503  PICP90:0.977|Gap:0.077  PICP95:0.994|Gap:0.044  AURC:0.00325
Epoch 75 [0/22] Loss(NLL): 16.836670
Epoch 75 [20/22] Loss(NLL): 19.108082
Epoch 75 Train NLL: 11.614925
VAL  RMSE:0.0058  MAE:0.0048  IC:0.8674  RIC:0.8165  NLL:-3.61511  CRPS:0.00340  Sharp(σ):0.00451  PICP90:0.786|Gap:0.114  PICP95:0.890|Gap:0.060  AURC:0.00515
Epoch 76 [0/22] Loss(NLL): 27.495592
Epoch 76 [20/22] Loss(NLL): 17.538488
Epoch 76 Train NLL: 10.742677
VAL  RMSE:0.0042  MAE:0.0035  IC:0.8297  RIC:0.7687  NLL:-4.03227  CRPS:0.00241  Sharp(σ):0.00474  PICP90:0.948|Gap:0.048  PICP95:0.971|Gap:0.021  AURC:0.00375
Epoch 77 [0/22] Loss(NLL): 12.001600
Epoch 77 [20/22] Loss(NLL): 21.504263
Epoch 77 Train NLL: 8.398791
VAL  RMSE:0.0075  MAE:0.0065  IC:0.8573  RIC:0.8036  NLL:-3.37269  CRPS:0.00464  Sharp(σ):0.00474  PICP90:0.647|Gap:0.253  PICP95:0.757|Gap:0.193  AURC:0.00614
Epoch 78 [0/22] Loss(NLL): 61.854172
Epoch 78 [20/22] Loss(NLL): 41.222229
Epoch 78 Train NLL: 26.473103
VAL  RMSE:0.0068  MAE:0.0056  IC:0.8265  RIC:0.7575  NLL:-3.60927  CRPS:0.00402  Sharp(σ):0.00472  PICP90:0.705|Gap:0.195  PICP95:0.838|Gap:0.112  AURC:0.00553
Epoch 79 [0/22] Loss(NLL): 40.596470
Epoch 79 [20/22] Loss(NLL): 24.389080
Epoch 79 Train NLL: 23.073900
VAL  RMSE:0.0080  MAE:0.0072  IC:0.8772  RIC:0.8243  NLL:-3.35432  CRPS:0.00498  Sharp(σ):0.00527  PICP90:0.682|Gap:0.218  PICP95:0.803|Gap:0.147  AURC:0.00637
Epoch 80 [0/22] Loss(NLL): 12.222280
Epoch 80 [20/22] Loss(NLL): 12.572147
Epoch 80 Train NLL: 10.438262
VAL  RMSE:0.0037  MAE:0.0029  IC:0.8749  RIC:0.8205  NLL:-4.13648  CRPS:0.00210  Sharp(σ):0.00467  PICP90:0.960|Gap:0.060  PICP95:0.983|Gap:0.033  AURC:0.00337
Epoch 81 [0/22] Loss(NLL): 11.141751
Epoch 81 [20/22] Loss(NLL): 12.696802
Epoch 81 Train NLL: 6.495635
VAL  RMSE:0.0051  MAE:0.0042  IC:0.8678  RIC:0.8094  NLL:-3.76016  CRPS:0.00290  Sharp(σ):0.00512  PICP90:0.913|Gap:0.013  PICP95:0.965|Gap:0.015  AURC:0.00470
Epoch 82 [0/22] Loss(NLL): 37.903297
Epoch 82 [20/22] Loss(NLL): 18.329569
Epoch 82 Train NLL: 15.903111
VAL  RMSE:0.0046  MAE:0.0037  IC:0.8439  RIC:0.7974  NLL:-3.89214  CRPS:0.00262  Sharp(σ):0.00513  PICP90:0.942|Gap:0.042  PICP95:0.977|Gap:0.027  AURC:0.00445
Epoch 83 [0/22] Loss(NLL): 18.118195
Epoch 83 [20/22] Loss(NLL): 14.329179
Epoch 83 Train NLL: 10.226410
VAL  RMSE:0.0042  MAE:0.0034  IC:0.8678  RIC:0.8137  NLL:-3.98997  CRPS:0.00240  Sharp(σ):0.00479  PICP90:0.936|Gap:0.036  PICP95:0.983|Gap:0.033  AURC:0.00369
Epoch 84 [0/22] Loss(NLL): 6.307314
Epoch 84 [20/22] Loss(NLL): 15.419772
Epoch 84 Train NLL: 2.519480
VAL  RMSE:0.0058  MAE:0.0049  IC:0.8962  RIC:0.8530  NLL:-3.74634  CRPS:0.00337  Sharp(σ):0.00510  PICP90:0.844|Gap:0.056  PICP95:0.948|Gap:0.002  AURC:0.00496
Epoch 85 [0/22] Loss(NLL): 6.041799
Epoch 85 [20/22] Loss(NLL): 9.086103
Epoch 85 Train NLL: 3.882432
VAL  RMSE:0.0045  MAE:0.0036  IC:0.8921  RIC:0.8603  NLL:-3.91909  CRPS:0.00252  Sharp(σ):0.00472  PICP90:0.936|Gap:0.036  PICP95:0.971|Gap:0.021  AURC:0.00387
Epoch 86 [0/22] Loss(NLL): 5.993501
Epoch 86 [20/22] Loss(NLL): 8.715698
Epoch 86 Train NLL: 1.304859
VAL  RMSE:0.0031  MAE:0.0026  IC:0.9105  RIC:0.8728  NLL:-4.13265  CRPS:0.00195  Sharp(σ):0.00541  PICP90:1.000|Gap:0.100  PICP95:1.000|Gap:0.050  AURC:0.00303
Epoch 87 [0/22] Loss(NLL): 35.722538
Epoch 87 [20/22] Loss(NLL): 11.941107
Epoch 87 Train NLL: 7.180296
VAL  RMSE:0.0037  MAE:0.0031  IC:0.8838  RIC:0.8355  NLL:-4.12965  CRPS:0.00216  Sharp(σ):0.00457  PICP90:0.971|Gap:0.071  PICP95:0.994|Gap:0.044  AURC:0.00335
Epoch 88 [0/22] Loss(NLL): 3.810405
Epoch 88 [20/22] Loss(NLL): 11.059151
Epoch 88 Train NLL: 3.661449
VAL  RMSE:0.0036  MAE:0.0030  IC:0.8956  RIC:0.8616  NLL:-4.12521  CRPS:0.00212  Sharp(σ):0.00500  PICP90:0.983|Gap:0.083  PICP95:0.994|Gap:0.044  AURC:0.00315
Epoch 89 [0/22] Loss(NLL): 28.390959
Epoch 89 [20/22] Loss(NLL): 25.570625
Epoch 89 Train NLL: 15.871372
VAL  RMSE:0.0040  MAE:0.0032  IC:0.9060  RIC:0.8671  NLL:-4.04902  CRPS:0.00229  Sharp(σ):0.00484  PICP90:0.965|Gap:0.065  PICP95:0.994|Gap:0.044  AURC:0.00349
Epoch 90 [0/22] Loss(NLL): 7.061848
Epoch 90 [20/22] Loss(NLL): 28.988491
Epoch 90 Train NLL: 3.074972
VAL  RMSE:0.0044  MAE:0.0036  IC:0.8366  RIC:0.7803  NLL:-4.03683  CRPS:0.00249  Sharp(σ):0.00467  PICP90:0.954|Gap:0.054  PICP95:0.965|Gap:0.015  AURC:0.00430
Epoch 91 [0/22] Loss(NLL): 11.899076
Epoch 91 [20/22] Loss(NLL): 15.125588
Epoch 91 Train NLL: 7.160276
VAL  RMSE:0.0031  MAE:0.0024  IC:0.9142  RIC:0.8815  NLL:-4.19634  CRPS:0.00189  Sharp(σ):0.00518  PICP90:1.000|Gap:0.100  PICP95:1.000|Gap:0.050  AURC:0.00252
--- New best model (by VAL NLL) ---
Epoch 92 [0/22] Loss(NLL): 9.166658
Epoch 92 [20/22] Loss(NLL): 10.262683
Epoch 92 Train NLL: 2.654433
VAL  RMSE:0.0028  MAE:0.0022  IC:0.9274  RIC:0.8986  NLL:-4.22035  CRPS:0.00179  Sharp(σ):0.00531  PICP90:1.000|Gap:0.100  PICP95:1.000|Gap:0.050  AURC:0.00234
--- New best model (by VAL NLL) ---
Epoch 93 [0/22] Loss(NLL): 8.828994
Epoch 93 [20/22] Loss(NLL): 10.821262
Epoch 93 Train NLL: 5.220930
VAL  RMSE:0.0030  MAE:0.0023  IC:0.9309  RIC:0.9050  NLL:-4.20656  CRPS:0.00187  Sharp(σ):0.00541  PICP90:0.994|Gap:0.094  PICP95:1.000|Gap:0.050  AURC:0.00236
Epoch 94 [0/22] Loss(NLL): 25.839230
Epoch 94 [20/22] Loss(NLL): 13.804092
Epoch 94 Train NLL: 8.414821
VAL  RMSE:0.0049  MAE:0.0040  IC:0.9194  RIC:0.9031  NLL:-4.01838  CRPS:0.00278  Sharp(σ):0.00491  PICP90:0.902|Gap:0.002  PICP95:0.965|Gap:0.015  AURC:0.00376
Epoch 95 [0/22] Loss(NLL): 17.740698
Epoch 95 [20/22] Loss(NLL): 11.973055
Epoch 95 Train NLL: 6.411348
VAL  RMSE:0.0039  MAE:0.0031  IC:0.9084  RIC:0.8841  NLL:-4.12883  CRPS:0.00221  Sharp(σ):0.00488  PICP90:0.965|Gap:0.065  PICP95:0.988|Gap:0.038  AURC:0.00351
Epoch 96 [0/22] Loss(NLL): 6.651786
Epoch 96 [20/22] Loss(NLL): 20.246727
Epoch 96 Train NLL: 6.450918
VAL  RMSE:0.0039  MAE:0.0032  IC:0.9074  RIC:0.8753  NLL:-4.08953  CRPS:0.00224  Sharp(σ):0.00452  PICP90:0.960|Gap:0.060  PICP95:0.983|Gap:0.033  AURC:0.00355
Epoch 97 [0/22] Loss(NLL): 40.173092
Epoch 97 [20/22] Loss(NLL): 16.708656
Epoch 97 Train NLL: 9.971945
VAL  RMSE:0.0056  MAE:0.0048  IC:0.9163  RIC:0.8918  NLL:-3.64763  CRPS:0.00329  Sharp(σ):0.00455  PICP90:0.821|Gap:0.079  PICP95:0.913|Gap:0.037  AURC:0.00510
Epoch 98 [0/22] Loss(NLL): 33.672318
Epoch 98 [20/22] Loss(NLL): 15.870581
Epoch 98 Train NLL: 13.118874
VAL  RMSE:0.0066  MAE:0.0053  IC:0.8281  RIC:0.7630  NLL:-3.10540  CRPS:0.00388  Sharp(σ):0.00490  PICP90:0.740|Gap:0.160  PICP95:0.832|Gap:0.118  AURC:0.00708
Epoch 99 [0/22] Loss(NLL): 19.095465
Epoch 99 [20/22] Loss(NLL): 10.719639
Epoch 99 Train NLL: 6.371156
VAL  RMSE:0.0054  MAE:0.0046  IC:0.8685  RIC:0.8206  NLL:-3.67585  CRPS:0.00315  Sharp(σ):0.00460  PICP90:0.809|Gap:0.091  PICP95:0.942|Gap:0.008  AURC:0.00474
Epoch 100 [0/22] Loss(NLL): 4.438416
Epoch 100 [20/22] Loss(NLL): 14.544853
Epoch 100 Train NLL: 3.943808
VAL  RMSE:0.0035  MAE:0.0029  IC:0.8809  RIC:0.8411  NLL:-4.13837  CRPS:0.00208  Sharp(σ):0.00499  PICP90:0.983|Gap:0.083  PICP95:0.994|Gap:0.044  AURC:0.00325
Epoch 101 [0/22] Loss(NLL): 4.262677
Epoch 101 [20/22] Loss(NLL): 6.979672
Epoch 101 Train NLL: 3.514767
VAL  RMSE:0.0031  MAE:0.0025  IC:0.9147  RIC:0.8822  NLL:-4.24744  CRPS:0.00185  Sharp(σ):0.00470  PICP90:0.994|Gap:0.094  PICP95:1.000|Gap:0.050  AURC:0.00267
--- New best model (by VAL NLL) ---
Epoch 102 [0/22] Loss(NLL): 15.267227
Epoch 102 [20/22] Loss(NLL): 16.684847
Epoch 102 Train NLL: 5.853014
VAL  RMSE:0.0038  MAE:0.0031  IC:0.8732  RIC:0.8459  NLL:-4.03482  CRPS:0.00220  Sharp(σ):0.00492  PICP90:0.994|Gap:0.094  PICP95:1.000|Gap:0.050  AURC:0.00335
Epoch 103 [0/22] Loss(NLL): 46.765442
Epoch 103 [20/22] Loss(NLL): 6.875341
Epoch 103 Train NLL: 11.716815
VAL  RMSE:0.0040  MAE:0.0033  IC:0.8966  RIC:0.8572  NLL:-4.04592  CRPS:0.00230  Sharp(σ):0.00510  PICP90:0.983|Gap:0.083  PICP95:0.994|Gap:0.044  AURC:0.00353
Epoch 104 [0/22] Loss(NLL): 7.718870
Epoch 104 [20/22] Loss(NLL): 10.966042
Epoch 104 Train NLL: 4.065161
VAL  RMSE:0.0048  MAE:0.0040  IC:0.8483  RIC:0.8134  NLL:-3.68818  CRPS:0.00277  Sharp(σ):0.00507  PICP90:0.913|Gap:0.013  PICP95:0.948|Gap:0.002  AURC:0.00522
Epoch 105 [0/22] Loss(NLL): 22.960091
Epoch 105 [20/22] Loss(NLL): 18.501709
Epoch 105 Train NLL: 9.838871
VAL  RMSE:0.0047  MAE:0.0039  IC:0.9226  RIC:0.8822  NLL:-4.04256  CRPS:0.00267  Sharp(σ):0.00472  PICP90:0.902|Gap:0.002  PICP95:0.960|Gap:0.010  AURC:0.00433
Epoch 106 [0/22] Loss(NLL): 20.512302
Epoch 106 [20/22] Loss(NLL): 12.208004
Epoch 106 Train NLL: 6.437143
VAL  RMSE:0.0058  MAE:0.0049  IC:0.9068  RIC:0.8651  NLL:-3.82290  CRPS:0.00340  Sharp(σ):0.00484  PICP90:0.850|Gap:0.050  PICP95:0.913|Gap:0.037  AURC:0.00481
Epoch 107 [0/22] Loss(NLL): 31.338398
Epoch 107 [20/22] Loss(NLL): 8.631370
Epoch 107 Train NLL: 10.654601
VAL  RMSE:0.0037  MAE:0.0030  IC:0.8783  RIC:0.8149  NLL:-4.10257  CRPS:0.00214  Sharp(σ):0.00489  PICP90:0.971|Gap:0.071  PICP95:0.994|Gap:0.044  AURC:0.00339
Epoch 108 [0/22] Loss(NLL): 3.816231
Epoch 108 [20/22] Loss(NLL): 3.169180
Epoch 108 Train NLL: 0.960834
VAL  RMSE:0.0039  MAE:0.0031  IC:0.9080  RIC:0.8624  NLL:-4.19833  CRPS:0.00219  Sharp(σ):0.00464  PICP90:0.954|Gap:0.054  PICP95:0.983|Gap:0.033  AURC:0.00297
Epoch 109 [0/22] Loss(NLL): 8.597391
Epoch 109 [20/22] Loss(NLL): 2.528835
Epoch 109 Train NLL: 0.805037
VAL  RMSE:0.0026  MAE:0.0021  IC:0.9491  RIC:0.9296  NLL:-4.27646  CRPS:0.00166  Sharp(σ):0.00475  PICP90:0.994|Gap:0.094  PICP95:1.000|Gap:0.050  AURC:0.00223
--- New best model (by VAL NLL) ---
Epoch 110 [0/22] Loss(NLL): 41.466747
Epoch 110 [20/22] Loss(NLL): 10.166986
Epoch 110 Train NLL: 14.083561
VAL  RMSE:0.0047  MAE:0.0039  IC:0.8632  RIC:0.8090  NLL:-3.79023  CRPS:0.00273  Sharp(σ):0.00513  PICP90:0.936|Gap:0.036  PICP95:0.971|Gap:0.021  AURC:0.00487
Epoch 111 [0/22] Loss(NLL): 7.595023
Epoch 111 [20/22] Loss(NLL): 7.340429
Epoch 111 Train NLL: 2.356711
VAL  RMSE:0.0031  MAE:0.0024  IC:0.9270  RIC:0.9086  NLL:-4.21606  CRPS:0.00185  Sharp(σ):0.00491  PICP90:0.988|Gap:0.088  PICP95:0.994|Gap:0.044  AURC:0.00262
Epoch 112 [0/22] Loss(NLL): 7.375520
Epoch 112 [20/22] Loss(NLL): 1.662223
Epoch 112 Train NLL: 3.101203
VAL  RMSE:0.0036  MAE:0.0030  IC:0.9276  RIC:0.9078  NLL:-4.07650  CRPS:0.00216  Sharp(σ):0.00545  PICP90:0.994|Gap:0.094  PICP95:1.000|Gap:0.050  AURC:0.00333
Epoch 113 [0/22] Loss(NLL): 7.725444
Epoch 113 [20/22] Loss(NLL): 8.695475
Epoch 113 Train NLL: 1.616450
VAL  RMSE:0.0045  MAE:0.0039  IC:0.9448  RIC:0.9249  NLL:-4.00370  CRPS:0.00262  Sharp(σ):0.00531  PICP90:0.971|Gap:0.071  PICP95:1.000|Gap:0.050  AURC:0.00342
Epoch 114 [0/22] Loss(NLL): 27.125849
Epoch 114 [20/22] Loss(NLL): 23.598806
Epoch 114 Train NLL: 9.455651
VAL  RMSE:0.0043  MAE:0.0036  IC:0.8384  RIC:0.7698  NLL:-3.98534  CRPS:0.00247  Sharp(σ):0.00487  PICP90:0.948|Gap:0.048  PICP95:0.988|Gap:0.038  AURC:0.00359
Epoch 115 [0/22] Loss(NLL): 13.364418
Epoch 115 [20/22] Loss(NLL): 2.989116
Epoch 115 Train NLL: 4.529448
VAL  RMSE:0.0044  MAE:0.0037  IC:0.8708  RIC:0.8200  NLL:-3.93119  CRPS:0.00258  Sharp(σ):0.00536  PICP90:0.983|Gap:0.083  PICP95:1.000|Gap:0.050  AURC:0.00424
Epoch 116 [0/22] Loss(NLL): 6.202279
Epoch 116 [20/22] Loss(NLL): 2.371230
Epoch 116 Train NLL: 2.045591
VAL  RMSE:0.0072  MAE:0.0066  IC:0.9147  RIC:0.8771  NLL:-3.24504  CRPS:0.00451  Sharp(σ):0.00483  PICP90:0.682|Gap:0.218  PICP95:0.838|Gap:0.112  AURC:0.00591
Epoch 117 [0/22] Loss(NLL): 37.260616
Epoch 117 [20/22] Loss(NLL): 4.990029
Epoch 117 Train NLL: 12.972010
VAL  RMSE:0.0025  MAE:0.0020  IC:0.9490  RIC:0.9318  NLL:-4.30925  CRPS:0.00161  Sharp(σ):0.00480  PICP90:0.994|Gap:0.094  PICP95:0.994|Gap:0.044  AURC:0.00212
--- New best model (by VAL NLL) ---
Epoch 118 [0/22] Loss(NLL): 4.447408
Epoch 118 [20/22] Loss(NLL): 1.769341
Epoch 118 Train NLL: 0.024143
VAL  RMSE:0.0026  MAE:0.0021  IC:0.9458  RIC:0.9226  NLL:-4.29104  CRPS:0.00165  Sharp(σ):0.00478  PICP90:0.994|Gap:0.094  PICP95:1.000|Gap:0.050  AURC:0.00220
Epoch 119 [0/22] Loss(NLL): 5.103814
Epoch 119 [20/22] Loss(NLL): 3.371108
Epoch 119 Train NLL: -0.083602
VAL  RMSE:0.0035  MAE:0.0029  IC:0.9518  RIC:0.9304  NLL:-4.19548  CRPS:0.00204  Sharp(σ):0.00455  PICP90:0.988|Gap:0.088  PICP95:0.994|Gap:0.044  AURC:0.00297
Epoch 120 [0/22] Loss(NLL): 5.291829
Epoch 120 [20/22] Loss(NLL): 5.730642
Epoch 120 Train NLL: 0.517149
VAL  RMSE:0.0032  MAE:0.0026  IC:0.9430  RIC:0.9167  NLL:-4.14422  CRPS:0.00194  Sharp(σ):0.00503  PICP90:0.994|Gap:0.094  PICP95:1.000|Gap:0.050  AURC:0.00309
Epoch 121 [0/22] Loss(NLL): 4.501927
Epoch 121 [20/22] Loss(NLL): 4.091526
Epoch 121 Train NLL: 2.227093
VAL  RMSE:0.0048  MAE:0.0040  IC:0.9036  RIC:0.8626  NLL:-3.79056  CRPS:0.00277  Sharp(σ):0.00491  PICP90:0.919|Gap:0.019  PICP95:0.988|Gap:0.038  AURC:0.00359
Epoch 122 [0/22] Loss(NLL): 2.526274
Epoch 122 [20/22] Loss(NLL): 1.637723
Epoch 122 Train NLL: 0.199172
VAL  RMSE:0.0106  MAE:0.0097  IC:0.8617  RIC:0.8059  NLL:-1.05738  CRPS:0.00730  Sharp(σ):0.00470  PICP90:0.364|Gap:0.536  PICP95:0.532|Gap:0.418  AURC:0.00776
Epoch 123 [0/22] Loss(NLL): 20.136177
Epoch 123 [20/22] Loss(NLL): 5.240783
Epoch 123 Train NLL: 6.356290
VAL  RMSE:0.0034  MAE:0.0028  IC:0.9200  RIC:0.8887  NLL:-4.14462  CRPS:0.00199  Sharp(σ):0.00445  PICP90:0.971|Gap:0.071  PICP95:0.994|Gap:0.044  AURC:0.00341
Epoch 124 [0/22] Loss(NLL): 12.704791
Epoch 124 [20/22] Loss(NLL): 2.730042
Epoch 124 Train NLL: 2.188624
VAL  RMSE:0.0027  MAE:0.0022  IC:0.9519  RIC:0.9349  NLL:-4.29160  CRPS:0.00167  Sharp(σ):0.00469  PICP90:0.994|Gap:0.094  PICP95:0.994|Gap:0.044  AURC:0.00231
Epoch 125 [0/22] Loss(NLL): 2.286960
Epoch 125 [20/22] Loss(NLL): 5.432319
Epoch 125 Train NLL: -0.930082
VAL  RMSE:0.0038  MAE:0.0032  IC:0.9514  RIC:0.9327  NLL:-4.01007  CRPS:0.00220  Sharp(σ):0.00457  PICP90:0.960|Gap:0.060  PICP95:1.000|Gap:0.050  AURC:0.00310
Epoch 126 [0/22] Loss(NLL): 7.678286
Epoch 126 [20/22] Loss(NLL): 5.428454
Epoch 126 Train NLL: 1.238313
VAL  RMSE:0.0050  MAE:0.0044  IC:0.8668  RIC:0.8149  NLL:-3.96774  CRPS:0.00294  Sharp(σ):0.00462  PICP90:0.913|Gap:0.013  PICP95:0.960|Gap:0.010  AURC:0.00415
Epoch 127 [0/22] Loss(NLL): 3.860591
Epoch 127 [20/22] Loss(NLL): 3.113793
Epoch 127 Train NLL: -0.445030
VAL  RMSE:0.0047  MAE:0.0040  IC:0.9398  RIC:0.9123  NLL:-3.81474  CRPS:0.00272  Sharp(σ):0.00496  PICP90:0.931|Gap:0.031  PICP95:0.977|Gap:0.027  AURC:0.00500
Epoch 128 [0/22] Loss(NLL): 1.965833
Epoch 128 [20/22] Loss(NLL): 1.727649
Epoch 128 Train NLL: -0.612662
VAL  RMSE:0.0058  MAE:0.0052  IC:0.9427  RIC:0.9186  NLL:-3.59973  CRPS:0.00342  Sharp(σ):0.00488  PICP90:0.908|Gap:0.008  PICP95:0.971|Gap:0.021  AURC:0.00434
Epoch 129 [0/22] Loss(NLL): 13.793493
Epoch 129 [20/22] Loss(NLL): 2.137158
Epoch 129 Train NLL: 4.518818
VAL  RMSE:0.0037  MAE:0.0030  IC:0.9201  RIC:0.8873  NLL:-4.02840  CRPS:0.00212  Sharp(σ):0.00472  PICP90:0.965|Gap:0.065  PICP95:0.983|Gap:0.033  AURC:0.00241
Epoch 130 [0/22] Loss(NLL): 4.362575
Epoch 130 [20/22] Loss(NLL): 2.010398
Epoch 130 Train NLL: -0.424112
VAL  RMSE:0.0024  MAE:0.0019  IC:0.9523  RIC:0.9326  NLL:-4.28575  CRPS:0.00159  Sharp(σ):0.00483  PICP90:0.994|Gap:0.094  PICP95:1.000|Gap:0.050  AURC:0.00228
Epoch 131 [0/22] Loss(NLL): 1.315609
Epoch 131 [20/22] Loss(NLL): 3.849092
Epoch 131 Train NLL: -1.591623
VAL  RMSE:0.0028  MAE:0.0022  IC:0.9568  RIC:0.9408  NLL:-4.24239  CRPS:0.00169  Sharp(σ):0.00460  PICP90:0.994|Gap:0.094  PICP95:1.000|Gap:0.050  AURC:0.00224
Epoch 132 [0/22] Loss(NLL): 13.437711
Epoch 132 [20/22] Loss(NLL): 13.591486
Epoch 132 Train NLL: 6.062362
VAL  RMSE:0.0070  MAE:0.0061  IC:0.8845  RIC:0.8362  NLL:-3.53098  CRPS:0.00439  Sharp(σ):0.00441  PICP90:0.572|Gap:0.328  PICP95:0.746|Gap:0.204  AURC:0.00748
Epoch 133 [0/22] Loss(NLL): 3.098058
Epoch 133 [20/22] Loss(NLL): 2.645979
Epoch 133 Train NLL: -0.009665
VAL  RMSE:0.0028  MAE:0.0022  IC:0.9467  RIC:0.9291  NLL:-4.33141  CRPS:0.00167  Sharp(σ):0.00446  PICP90:0.994|Gap:0.094  PICP95:0.994|Gap:0.044  AURC:0.00242
--- New best model (by VAL NLL) ---
Epoch 134 [0/22] Loss(NLL): 3.005247
Epoch 134 [20/22] Loss(NLL): 2.054032
Epoch 134 Train NLL: 1.135272
VAL  RMSE:0.0030  MAE:0.0024  IC:0.9675  RIC:0.9558  NLL:-4.32454  CRPS:0.00176  Sharp(σ):0.00448  PICP90:0.988|Gap:0.088  PICP95:0.994|Gap:0.044  AURC:0.00235
Epoch 135 [0/22] Loss(NLL): 1.278548
Epoch 135 [20/22] Loss(NLL): 1.314299
Epoch 135 Train NLL: -1.196003
VAL  RMSE:0.0042  MAE:0.0036  IC:0.9708  RIC:0.9592  NLL:-4.03529  CRPS:0.00243  Sharp(σ):0.00450  PICP90:0.960|Gap:0.060  PICP95:0.977|Gap:0.027  AURC:0.00390
Epoch 136 [0/22] Loss(NLL): 5.248189
Epoch 136 [20/22] Loss(NLL): -0.068283
Epoch 136 Train NLL: -0.713757
VAL  RMSE:0.0042  MAE:0.0034  IC:0.9581  RIC:0.9444  NLL:-4.19237  CRPS:0.00236  Sharp(σ):0.00461  PICP90:0.965|Gap:0.065  PICP95:0.988|Gap:0.038  AURC:0.00308
Epoch 137 [0/22] Loss(NLL): 0.380259
Epoch 137 [20/22] Loss(NLL): 2.567717
Epoch 137 Train NLL: -0.310643
VAL  RMSE:0.0028  MAE:0.0022  IC:0.9448  RIC:0.9178  NLL:-4.23140  CRPS:0.00168  Sharp(σ):0.00436  PICP90:0.983|Gap:0.083  PICP95:0.994|Gap:0.044  AURC:0.00265
Epoch 138 [0/22] Loss(NLL): 1.721892
Epoch 138 [20/22] Loss(NLL): 4.797013
Epoch 138 Train NLL: -0.738783
VAL  RMSE:0.0025  MAE:0.0021  IC:0.9494  RIC:0.9266  NLL:-4.26659  CRPS:0.00162  Sharp(σ):0.00471  PICP90:0.994|Gap:0.094  PICP95:1.000|Gap:0.050  AURC:0.00224
Epoch 139 [0/22] Loss(NLL): -0.055647
Epoch 139 [20/22] Loss(NLL): 0.962838
Epoch 139 Train NLL: -0.808992
VAL  RMSE:0.0025  MAE:0.0020  IC:0.9508  RIC:0.9271  NLL:-4.35703  CRPS:0.00152  Sharp(σ):0.00405  PICP90:0.994|Gap:0.094  PICP95:1.000|Gap:0.050  AURC:0.00210
--- New best model (by VAL NLL) ---
Epoch 140 [0/22] Loss(NLL): -0.177600
Epoch 140 [20/22] Loss(NLL): 0.518389
Epoch 140 Train NLL: -1.461614
VAL  RMSE:0.0030  MAE:0.0025  IC:0.9363  RIC:0.9079  NLL:-4.17534  CRPS:0.00182  Sharp(σ):0.00485  PICP90:1.000|Gap:0.100  PICP95:1.000|Gap:0.050  AURC:0.00258
Epoch 141 [0/22] Loss(NLL): 0.991349
Epoch 141 [20/22] Loss(NLL): -0.058834
Epoch 141 Train NLL: -1.682986
VAL  RMSE:0.0029  MAE:0.0024  IC:0.9628  RIC:0.9451  NLL:-4.20283  CRPS:0.00178  Sharp(σ):0.00479  PICP90:0.988|Gap:0.088  PICP95:1.000|Gap:0.050  AURC:0.00290
Epoch 142 [0/22] Loss(NLL): 8.124929
Epoch 142 [20/22] Loss(NLL): -1.953339
Epoch 142 Train NLL: -0.087605
VAL  RMSE:0.0027  MAE:0.0022  IC:0.9695  RIC:0.9560  NLL:-4.23605  CRPS:0.00170  Sharp(σ):0.00479  PICP90:0.988|Gap:0.088  PICP95:1.000|Gap:0.050  AURC:0.00229
Epoch 143 [0/22] Loss(NLL): -0.602039
Epoch 143 [20/22] Loss(NLL): -0.626593
Epoch 143 Train NLL: -2.523752
VAL  RMSE:0.0025  MAE:0.0019  IC:0.9580  RIC:0.9401  NLL:-4.26290  CRPS:0.00157  Sharp(σ):0.00465  PICP90:0.994|Gap:0.094  PICP95:1.000|Gap:0.050  AURC:0.00172
Epoch 144 [0/22] Loss(NLL): 3.828995
Epoch 144 [20/22] Loss(NLL): 4.975336
Epoch 144 Train NLL: -0.653563
VAL  RMSE:0.0022  MAE:0.0018  IC:0.9642  RIC:0.9503  NLL:-4.38037  CRPS:0.00145  Sharp(σ):0.00444  PICP90:1.000|Gap:0.100  PICP95:1.000|Gap:0.050  AURC:0.00205
--- New best model (by VAL NLL) ---
Epoch 145 [0/22] Loss(NLL): 5.444113
Epoch 145 [20/22] Loss(NLL): 3.558638
Epoch 145 Train NLL: 0.645987
VAL  RMSE:0.0023  MAE:0.0019  IC:0.9512  RIC:0.9305  NLL:-4.34027  CRPS:0.00151  Sharp(σ):0.00453  PICP90:1.000|Gap:0.100  PICP95:1.000|Gap:0.050  AURC:0.00204
Epoch 146 [0/22] Loss(NLL): 1.380445
Epoch 146 [20/22] Loss(NLL): -1.083874
Epoch 146 Train NLL: -1.762550
VAL  RMSE:0.0036  MAE:0.0028  IC:0.9424  RIC:0.9164  NLL:-4.02701  CRPS:0.00203  Sharp(σ):0.00442  PICP90:0.965|Gap:0.065  PICP95:0.988|Gap:0.038  AURC:0.00220
Epoch 147 [0/22] Loss(NLL): -0.382256
Epoch 147 [20/22] Loss(NLL): -0.794066
Epoch 147 Train NLL: -2.956084
VAL  RMSE:0.0034  MAE:0.0028  IC:0.9664  RIC:0.9509  NLL:-4.11344  CRPS:0.00200  Sharp(σ):0.00489  PICP90:0.983|Gap:0.083  PICP95:1.000|Gap:0.050  AURC:0.00356
Epoch 148 [0/22] Loss(NLL): 0.668163
Epoch 148 [20/22] Loss(NLL): -1.921464
Epoch 148 Train NLL: -2.750002
VAL  RMSE:0.0042  MAE:0.0037  IC:0.9677  RIC:0.9565  NLL:-4.10047  CRPS:0.00246  Sharp(σ):0.00476  PICP90:0.960|Gap:0.060  PICP95:0.983|Gap:0.033  AURC:0.00422
Epoch 149 [0/22] Loss(NLL): -0.641726
Epoch 149 [20/22] Loss(NLL): -2.341713
Epoch 149 Train NLL: -3.340321
VAL  RMSE:0.0028  MAE:0.0022  IC:0.9430  RIC:0.9210  NLL:-4.20345  CRPS:0.00170  Sharp(σ):0.00479  PICP90:1.000|Gap:0.100  PICP95:1.000|Gap:0.050  AURC:0.00209
Epoch 150 [0/22] Loss(NLL): -1.194677
Epoch 150 [20/22] Loss(NLL): -1.307838
Epoch 150 Train NLL: -3.185384
VAL  RMSE:0.0022  MAE:0.0017  IC:0.9651  RIC:0.9518  NLL:-4.32800  CRPS:0.00150  Sharp(σ):0.00477  PICP90:1.000|Gap:0.100  PICP95:1.000|Gap:0.050  AURC:0.00221
Epoch 151 [0/22] Loss(NLL): -0.607707
Epoch 151 [20/22] Loss(NLL): -1.355231
Epoch 151 Train NLL: -2.672714
VAL  RMSE:0.0022  MAE:0.0017  IC:0.9728  RIC:0.9620  NLL:-4.39633  CRPS:0.00144  Sharp(σ):0.00441  PICP90:1.000|Gap:0.100  PICP95:1.000|Gap:0.050  AURC:0.00212
--- New best model (by VAL NLL) ---
Epoch 152 [0/22] Loss(NLL): -0.732192
Epoch 152 [20/22] Loss(NLL): -0.617821
Epoch 152 Train NLL: -2.917609
VAL  RMSE:0.0028  MAE:0.0023  IC:0.9718  RIC:0.9615  NLL:-4.25944  CRPS:0.00173  Sharp(σ):0.00459  PICP90:0.988|Gap:0.088  PICP95:1.000|Gap:0.050  AURC:0.00272
Epoch 153 [0/22] Loss(NLL): -1.405393
Epoch 153 [20/22] Loss(NLL): -1.837769
Epoch 153 Train NLL: -3.476840
VAL  RMSE:0.0049  MAE:0.0046  IC:0.9719  RIC:0.9632  NLL:-3.92472  CRPS:0.00293  Sharp(σ):0.00478  PICP90:0.948|Gap:0.048  PICP95:0.983|Gap:0.033  AURC:0.00465
Epoch 154 [0/22] Loss(NLL): -1.250217
Epoch 154 [20/22] Loss(NLL): -1.202791
Epoch 154 Train NLL: -3.005456
VAL  RMSE:0.0043  MAE:0.0039  IC:0.9761  RIC:0.9686  NLL:-4.03202  CRPS:0.00250  Sharp(σ):0.00454  PICP90:0.965|Gap:0.065  PICP95:0.983|Gap:0.033  AURC:0.00386
Epoch 155 [0/22] Loss(NLL): -1.953159
Epoch 155 [20/22] Loss(NLL): -1.649651
Epoch 155 Train NLL: -2.707657
VAL  RMSE:0.0036  MAE:0.0026  IC:0.9216  RIC:0.8926  NLL:-3.95410  CRPS:0.00202  Sharp(σ):0.00463  PICP90:0.971|Gap:0.071  PICP95:0.988|Gap:0.038  AURC:0.00334
Epoch 156 [0/22] Loss(NLL): -2.545723
Epoch 156 [20/22] Loss(NLL): -2.973849
Epoch 156 Train NLL: -3.727654
VAL  RMSE:0.0037  MAE:0.0033  IC:0.9762  RIC:0.9702  NLL:-4.18837  CRPS:0.00214  Sharp(σ):0.00472  PICP90:0.988|Gap:0.088  PICP95:1.000|Gap:0.050  AURC:0.00298
Epoch 157 [0/22] Loss(NLL): -0.212226
Epoch 157 [20/22] Loss(NLL): -1.478783
Epoch 157 Train NLL: -3.054068
VAL  RMSE:0.0018  MAE:0.0015  IC:0.9731  RIC:0.9632  NLL:-4.31562  CRPS:0.00143  Sharp(σ):0.00505  PICP90:1.000|Gap:0.100  PICP95:1.000|Gap:0.050  AURC:0.00172
Epoch 158 [0/22] Loss(NLL): 1.065953
Epoch 158 [20/22] Loss(NLL): 0.112559
Epoch 158 Train NLL: -1.793963
VAL  RMSE:0.0035  MAE:0.0030  IC:0.9469  RIC:0.9237  NLL:-4.25815  CRPS:0.00205  Sharp(σ):0.00429  PICP90:0.977|Gap:0.077  PICP95:1.000|Gap:0.050  AURC:0.00364
Epoch 159 [0/22] Loss(NLL): -1.744592
Epoch 159 [20/22] Loss(NLL): -2.429268
Epoch 159 Train NLL: -2.747439
VAL  RMSE:0.0023  MAE:0.0019  IC:0.9704  RIC:0.9585  NLL:-4.25603  CRPS:0.00157  Sharp(σ):0.00494  PICP90:1.000|Gap:0.100  PICP95:1.000|Gap:0.050  AURC:0.00174
Epoch 160 [0/22] Loss(NLL): -0.995004
Epoch 160 [20/22] Loss(NLL): -3.232232
Epoch 160 Train NLL: -3.343563
VAL  RMSE:0.0023  MAE:0.0019  IC:0.9636  RIC:0.9476  NLL:-4.28807  CRPS:0.00150  Sharp(σ):0.00451  PICP90:1.000|Gap:0.100  PICP95:1.000|Gap:0.050  AURC:0.00160
Epoch 161 [0/22] Loss(NLL): 1.176764
Epoch 161 [20/22] Loss(NLL): -2.673113
Epoch 161 Train NLL: -2.734153
VAL  RMSE:0.0055  MAE:0.0049  IC:0.9494  RIC:0.9278  NLL:-3.49956  CRPS:0.00323  Sharp(σ):0.00464  PICP90:0.850|Gap:0.050  PICP95:0.942|Gap:0.008  AURC:0.00401
Epoch 162 [0/22] Loss(NLL): -0.524010
Epoch 162 [20/22] Loss(NLL): -3.388627
Epoch 162 Train NLL: -3.041914
VAL  RMSE:0.0052  MAE:0.0048  IC:0.9695  RIC:0.9629  NLL:-3.95621  CRPS:0.00309  Sharp(σ):0.00466  PICP90:0.960|Gap:0.060  PICP95:0.977|Gap:0.027  AURC:0.00412
Epoch 163 [0/22] Loss(NLL): -2.588009
Epoch 163 [20/22] Loss(NLL): -2.120967
Epoch 163 Train NLL: -3.823710
VAL  RMSE:0.0018  MAE:0.0014  IC:0.9732  RIC:0.9640  NLL:-4.34813  CRPS:0.00135  Sharp(σ):0.00469  PICP90:1.000|Gap:0.100  PICP95:1.000|Gap:0.050  AURC:0.00132
Epoch 164 [0/22] Loss(NLL): 1.695162
Epoch 164 [20/22] Loss(NLL): -0.165595
Epoch 164 Train NLL: -2.438460
VAL  RMSE:0.0022  MAE:0.0018  IC:0.9563  RIC:0.9355  NLL:-4.31883  CRPS:0.00150  Sharp(σ):0.00472  PICP90:1.000|Gap:0.100  PICP95:1.000|Gap:0.050  AURC:0.00213
Epoch 165 [0/22] Loss(NLL): -1.137501
Epoch 165 [20/22] Loss(NLL): -1.309862
Epoch 165 Train NLL: -2.076042
VAL  RMSE:0.0025  MAE:0.0020  IC:0.9666  RIC:0.9516  NLL:-4.25871  CRPS:0.00159  Sharp(σ):0.00470  PICP90:1.000|Gap:0.100  PICP95:1.000|Gap:0.050  AURC:0.00181
Epoch 166 [0/22] Loss(NLL): -1.804856
Epoch 166 [20/22] Loss(NLL): -2.292056
Epoch 166 Train NLL: -2.989613
VAL  RMSE:0.0022  MAE:0.0017  IC:0.9712  RIC:0.9592  NLL:-4.28292  CRPS:0.00151  Sharp(σ):0.00489  PICP90:1.000|Gap:0.100  PICP95:1.000|Gap:0.050  AURC:0.00223
Epoch 167 [0/22] Loss(NLL): 1.432434
Epoch 167 [20/22] Loss(NLL): 0.654918
Epoch 167 Train NLL: -2.636462
VAL  RMSE:0.0031  MAE:0.0026  IC:0.9674  RIC:0.9526  NLL:-4.12586  CRPS:0.00187  Sharp(σ):0.00485  PICP90:0.994|Gap:0.094  PICP95:1.000|Gap:0.050  AURC:0.00331
Epoch 168 [0/22] Loss(NLL): 0.737354
Epoch 168 [20/22] Loss(NLL): -2.812416
Epoch 168 Train NLL: -2.124130
VAL  RMSE:0.0045  MAE:0.0041  IC:0.9696  RIC:0.9575  NLL:-3.85799  CRPS:0.00263  Sharp(σ):0.00512  PICP90:0.983|Gap:0.083  PICP95:1.000|Gap:0.050  AURC:0.00339
Epoch 169 [0/22] Loss(NLL): -2.271574
Epoch 169 [20/22] Loss(NLL): -2.530735
Epoch 169 Train NLL: -3.718543
VAL  RMSE:0.0023  MAE:0.0018  IC:0.9767  RIC:0.9699  NLL:-4.31945  CRPS:0.00149  Sharp(σ):0.00458  PICP90:1.000|Gap:0.100  PICP95:1.000|Gap:0.050  AURC:0.00219
Epoch 170 [0/22] Loss(NLL): -0.839369
Epoch 170 [20/22] Loss(NLL): -1.524769
Epoch 170 Train NLL: -3.032548
VAL  RMSE:0.0020  MAE:0.0016  IC:0.9754  RIC:0.9666  NLL:-4.32880  CRPS:0.00146  Sharp(σ):0.00495  PICP90:1.000|Gap:0.100  PICP95:1.000|Gap:0.050  AURC:0.00148
Epoch 171 [0/22] Loss(NLL): -1.169693
Epoch 171 [20/22] Loss(NLL): -1.337986
Epoch 171 Train NLL: -2.242024
VAL  RMSE:0.0022  MAE:0.0018  IC:0.9701  RIC:0.9551  NLL:-4.28211  CRPS:0.00156  Sharp(σ):0.00496  PICP90:1.000|Gap:0.100  PICP95:1.000|Gap:0.050  AURC:0.00223
Early stopping triggered.
TEST RMSE:0.0046  MAE:0.0038  IC:0.9482  RIC:0.9276  NLL:-4.00317  CRPS:0.00262  Sharp(σ):0.00457  PICP90:0.919|Gap:0.019  PICP95:0.965|Gap:0.015  AURC:0.00367
