Epoch 1 [0/22] Loss: 409.919800
Epoch 1 Train Loss: 672.801195
Epoch 1 Validation Loss: 36.535793
	 VAL  MAE:0.0133  RMSE:0.0161  IC:0.0147  RIC:-0.0436
--- New best model ---
Epoch 2 [0/22] Loss: 1211.219971
Epoch 2 Train Loss: 264.175816
Epoch 2 Validation Loss: 34.030300
	 VAL  MAE:0.0121  RMSE:0.0147  IC:0.0358  RIC:-0.0022
--- New best model ---
Epoch 3 [0/22] Loss: 167.335327
Epoch 3 Train Loss: 75.406972
Epoch 3 Validation Loss: 18.337460
	 VAL  MAE:0.0095  RMSE:0.0123  IC:0.0822  RIC:0.0478
--- New best model ---
Epoch 4 [0/22] Loss: 155.529663
Epoch 4 Train Loss: 78.962687
Epoch 4 Validation Loss: 16.821277
	 VAL  MAE:0.0092  RMSE:0.0120  IC:0.1232  RIC:0.0861
--- New best model ---
Epoch 5 [0/22] Loss: 85.318398
Epoch 5 Train Loss: 64.583157
Epoch 5 Validation Loss: 16.042682
	 VAL  MAE:0.0091  RMSE:0.0119  IC:0.1566  RIC:0.1193
--- New best model ---
Epoch 6 [0/22] Loss: 50.730732
Epoch 6 Train Loss: 59.088128
Epoch 6 Validation Loss: 14.818652
	 VAL  MAE:0.0088  RMSE:0.0114  IC:0.1980  RIC:0.1519
--- New best model ---
Epoch 7 [0/22] Loss: 46.123562
Epoch 7 Train Loss: 51.139768
Epoch 7 Validation Loss: 13.587908
	 VAL  MAE:0.0085  RMSE:0.0111  IC:0.2405  RIC:0.1861
--- New best model ---
Epoch 8 [0/22] Loss: 37.723770
Epoch 8 Train Loss: 44.669838
Epoch 8 Validation Loss: 12.975170
	 VAL  MAE:0.0083  RMSE:0.0108  IC:0.2807  RIC:0.2240
--- New best model ---
Epoch 9 [0/22] Loss: 47.370571
Epoch 9 Train Loss: 41.901520
Epoch 9 Validation Loss: 12.071849
	 VAL  MAE:0.0081  RMSE:0.0105  IC:0.3276  RIC:0.2696
--- New best model ---
Epoch 10 [0/22] Loss: 36.599583
Epoch 10 Train Loss: 37.422653
Epoch 10 Validation Loss: 12.593437
	 VAL  MAE:0.0081  RMSE:0.0105  IC:0.3665  RIC:0.3111
Epoch 11 [0/22] Loss: 32.991455
Epoch 11 Train Loss: 31.037337
Epoch 11 Validation Loss: 11.197252
	 VAL  MAE:0.0078  RMSE:0.0102  IC:0.4172  RIC:0.3606
--- New best model ---
Epoch 12 [0/22] Loss: 41.847931
Epoch 12 Train Loss: 30.337114
Epoch 12 Validation Loss: 10.458201
	 VAL  MAE:0.0076  RMSE:0.0099  IC:0.4640  RIC:0.4018
--- New best model ---
Epoch 13 [0/22] Loss: 42.355331
Epoch 13 Train Loss: 26.766485
Epoch 13 Validation Loss: 9.388571
	 VAL  MAE:0.0074  RMSE:0.0097  IC:0.5094  RIC:0.4448
--- New best model ---
Epoch 14 [0/22] Loss: 36.799690
Epoch 14 Train Loss: 25.072482
Epoch 14 Validation Loss: 8.615894
	 VAL  MAE:0.0072  RMSE:0.0094  IC:0.5588  RIC:0.4911
--- New best model ---
Epoch 15 [0/22] Loss: 38.612362
Epoch 15 Train Loss: 24.020919
Epoch 15 Validation Loss: 7.411249
	 VAL  MAE:0.0068  RMSE:0.0091  IC:0.6212  RIC:0.5519
--- New best model ---
Epoch 16 [0/22] Loss: 37.875130
Epoch 16 Train Loss: 22.495180
Epoch 16 Validation Loss: 6.634207
	 VAL  MAE:0.0066  RMSE:0.0088  IC:0.6576  RIC:0.5925
--- New best model ---
Epoch 17 [0/22] Loss: 34.626141
Epoch 17 Train Loss: 20.446253
Epoch 17 Validation Loss: 5.447159
	 VAL  MAE:0.0063  RMSE:0.0084  IC:0.7053  RIC:0.6400
--- New best model ---
Epoch 18 [0/22] Loss: 45.325214
Epoch 18 Train Loss: 20.039212
Epoch 18 Validation Loss: 4.325997
	 VAL  MAE:0.0060  RMSE:0.0078  IC:0.7554  RIC:0.7029
--- New best model ---
Epoch 19 [0/22] Loss: 32.593487
Epoch 19 Train Loss: 18.059148
Epoch 19 Validation Loss: 3.654489
	 VAL  MAE:0.0057  RMSE:0.0078  IC:0.7834  RIC:0.7449
--- New best model ---
Epoch 20 [0/22] Loss: 32.511795
Epoch 20 Train Loss: 13.871215
Epoch 20 Validation Loss: 1.542102
	 VAL  MAE:0.0050  RMSE:0.0067  IC:0.8221  RIC:0.7872
--- New best model ---
Epoch 21 [0/22] Loss: 45.066013
Epoch 21 Train Loss: 15.186402
Epoch 21 Validation Loss: 1.925799
	 VAL  MAE:0.0053  RMSE:0.0065  IC:0.8700  RIC:0.8283
Epoch 22 [0/22] Loss: 45.136326
Epoch 22 Train Loss: 21.670796
Epoch 22 Validation Loss: 0.188518
	 VAL  MAE:0.0045  RMSE:0.0060  IC:0.8739  RIC:0.8260
--- New best model ---
Epoch 23 [0/22] Loss: 29.100206
Epoch 23 Train Loss: 18.044935
Epoch 23 Validation Loss: 11.070238
	 VAL  MAE:0.0086  RMSE:0.0099  IC:0.8957  RIC:0.8590
Epoch 24 [0/22] Loss: 23.304859
Epoch 24 Train Loss: 10.850969
Epoch 24 Validation Loss: 10.552733
	 VAL  MAE:0.0079  RMSE:0.0092  IC:0.8892  RIC:0.8541
Epoch 25 [0/22] Loss: 41.445763
Epoch 25 Train Loss: 11.856299
Epoch 25 Validation Loss: 0.119433
	 VAL  MAE:0.0046  RMSE:0.0055  IC:0.8721  RIC:0.8216
--- New best model ---
Epoch 26 [0/22] Loss: 107.455391
Epoch 26 Train Loss: 43.745637
Epoch 26 Validation Loss: 0.768914
	 VAL  MAE:0.0047  RMSE:0.0059  IC:0.8958  RIC:0.8536
Epoch 27 [0/22] Loss: 24.570061
Epoch 27 Train Loss: 17.115906
Epoch 27 Validation Loss: 3.223557
	 VAL  MAE:0.0060  RMSE:0.0071  IC:0.9222  RIC:0.8938
Epoch 28 [0/22] Loss: 17.261745
Epoch 28 Train Loss: 14.262316
Epoch 28 Validation Loss: 6.897904
	 VAL  MAE:0.0068  RMSE:0.0080  IC:0.9135  RIC:0.8772
Epoch 29 [0/22] Loss: 37.114925
Epoch 29 Train Loss: 13.135313
Epoch 29 Validation Loss: 16.038210
	 VAL  MAE:0.0083  RMSE:0.0099  IC:0.8144  RIC:0.7398
Epoch 30 [0/22] Loss: 111.079002
Epoch 30 Train Loss: 66.568520
Epoch 30 Validation Loss: 4.968221
	 VAL  MAE:0.0067  RMSE:0.0080  IC:0.8994  RIC:0.8539
Epoch 31 [0/22] Loss: 120.907074
Epoch 31 Train Loss: 16.379018
Epoch 31 Validation Loss: -2.155720
	 VAL  MAE:0.0037  RMSE:0.0047  IC:0.9307  RIC:0.8924
--- New best model ---
Epoch 32 [0/22] Loss: 44.684578
Epoch 32 Train Loss: 25.426893
Epoch 32 Validation Loss: 13.787134
	 VAL  MAE:0.0080  RMSE:0.0094  IC:0.8544  RIC:0.7937
Epoch 33 [0/22] Loss: 246.151505
Epoch 33 Train Loss: 38.345425
Epoch 33 Validation Loss: 17.930185
	 VAL  MAE:0.0093  RMSE:0.0106  IC:0.8944  RIC:0.8383
Epoch 34 [0/22] Loss: 18.918837
Epoch 34 Train Loss: 40.082662
Epoch 34 Validation Loss: 34.166050
	 VAL  MAE:0.0124  RMSE:0.0139  IC:0.8287  RIC:0.7455
Epoch 35 [0/22] Loss: 23.757305
Epoch 35 Train Loss: 72.802481
Epoch 35 Validation Loss: 72.412580
	 VAL  MAE:0.0195  RMSE:0.0202  IC:0.8790  RIC:0.8202
Epoch 36 [0/22] Loss: 36.617104
Epoch 36 Train Loss: 18.430761
Epoch 36 Validation Loss: 36.273838
	 VAL  MAE:0.0111  RMSE:0.0134  IC:0.7197  RIC:0.5958
Epoch 37 [0/22] Loss: 190.282806
Epoch 37 Train Loss: 107.038470
Epoch 37 Validation Loss: 59.050661
	 VAL  MAE:0.0163  RMSE:0.0183  IC:0.5974  RIC:0.4936
Epoch 38 [0/22] Loss: 87.043266
Epoch 38 Train Loss: 28.924259
Epoch 38 Validation Loss: 1.761696
	 VAL  MAE:0.0055  RMSE:0.0070  IC:0.8803  RIC:0.8375
Epoch 39 [0/22] Loss: 67.875618
Epoch 39 Train Loss: 20.063281
Epoch 39 Validation Loss: 11.365339
	 VAL  MAE:0.0084  RMSE:0.0095  IC:0.9044  RIC:0.8745
Epoch 40 [0/22] Loss: 43.343037
Epoch 40 Train Loss: 13.885098
Epoch 40 Validation Loss: 0.489896
	 VAL  MAE:0.0049  RMSE:0.0062  IC:0.9121  RIC:0.8873
Epoch 41 [0/22] Loss: 24.691591
Epoch 41 Train Loss: 9.473339
Epoch 41 Validation Loss: -1.232932
	 VAL  MAE:0.0041  RMSE:0.0051  IC:0.9157  RIC:0.8938
Epoch 42 [0/22] Loss: 23.211946
Epoch 42 Train Loss: 7.518245
Epoch 42 Validation Loss: -1.733964
	 VAL  MAE:0.0039  RMSE:0.0049  IC:0.9215  RIC:0.9012
Epoch 43 [0/22] Loss: 30.719093
Epoch 43 Train Loss: 7.758329
Epoch 43 Validation Loss: -2.115668
	 VAL  MAE:0.0038  RMSE:0.0048  IC:0.9196  RIC:0.8958
Epoch 44 [0/22] Loss: 68.551743
Epoch 44 Train Loss: 17.666711
Epoch 44 Validation Loss: -1.557556
	 VAL  MAE:0.0040  RMSE:0.0051  IC:0.9143  RIC:0.8888
Epoch 45 [0/22] Loss: 33.510735
Epoch 45 Train Loss: 18.941588
Epoch 45 Validation Loss: 5.581825
	 VAL  MAE:0.0071  RMSE:0.0081  IC:0.9174  RIC:0.8931
Epoch 46 [0/22] Loss: 24.675995
Epoch 46 Train Loss: 18.169223
Epoch 46 Validation Loss: -2.579909
	 VAL  MAE:0.0035  RMSE:0.0043  IC:0.9242  RIC:0.9027
--- New best model ---
Epoch 47 [0/22] Loss: 37.464279
Epoch 47 Train Loss: 11.929718
Epoch 47 Validation Loss: 4.868884
	 VAL  MAE:0.0059  RMSE:0.0071  IC:0.8692  RIC:0.8403
Epoch 48 [0/22] Loss: 98.928169
Epoch 48 Train Loss: 31.694920
Epoch 48 Validation Loss: 8.064336
	 VAL  MAE:0.0074  RMSE:0.0085  IC:0.8881  RIC:0.8638
Epoch 49 [0/22] Loss: 30.149881
Epoch 49 Train Loss: 55.442851
Epoch 49 Validation Loss: -1.428272
	 VAL  MAE:0.0041  RMSE:0.0050  IC:0.9105  RIC:0.8841
Epoch 50 [0/22] Loss: 51.656998
Epoch 50 Train Loss: 30.867453
Epoch 50 Validation Loss: 15.077250
	 VAL  MAE:0.0104  RMSE:0.0114  IC:0.9103  RIC:0.8824
Epoch 51 [0/22] Loss: 114.508850
Epoch 51 Train Loss: 31.816152
Epoch 51 Validation Loss: 5.472619
	 VAL  MAE:0.0064  RMSE:0.0075  IC:0.8510  RIC:0.8060
Epoch 52 [0/22] Loss: 41.843952
Epoch 52 Train Loss: 59.826905
Epoch 52 Validation Loss: 17.509417
	 VAL  MAE:0.0111  RMSE:0.0118  IC:0.9293  RIC:0.9083
Epoch 53 [0/22] Loss: 40.914795
Epoch 53 Train Loss: 14.013812
Epoch 53 Validation Loss: -0.229635
	 VAL  MAE:0.0045  RMSE:0.0055  IC:0.9023  RIC:0.8740
Epoch 54 [0/22] Loss: 17.485109
Epoch 54 Train Loss: 36.197255
Epoch 54 Validation Loss: 7.769031
	 VAL  MAE:0.0083  RMSE:0.0093  IC:0.9297  RIC:0.9096
Epoch 55 [0/22] Loss: 38.715584
Epoch 55 Train Loss: 18.594853
Epoch 55 Validation Loss: 1.143845
	 VAL  MAE:0.0052  RMSE:0.0063  IC:0.9398  RIC:0.9197
Epoch 56 [0/22] Loss: 21.906986
Epoch 56 Train Loss: 4.553517
Epoch 56 Validation Loss: -2.585150
	 VAL  MAE:0.0036  RMSE:0.0045  IC:0.9382  RIC:0.9179
--- New best model ---
Epoch 57 [0/22] Loss: 35.301666
Epoch 57 Train Loss: 18.367500
Epoch 57 Validation Loss: 0.422756
	 VAL  MAE:0.0053  RMSE:0.0067  IC:0.9044  RIC:0.8640
Epoch 58 [0/22] Loss: 12.548564
Epoch 58 Train Loss: 37.754986
Epoch 58 Validation Loss: 14.036712
	 VAL  MAE:0.0103  RMSE:0.0114  IC:0.9019  RIC:0.8755
Epoch 59 [0/22] Loss: 21.584105
Epoch 59 Train Loss: 19.483652
Epoch 59 Validation Loss: -1.424447
	 VAL  MAE:0.0041  RMSE:0.0052  IC:0.8906  RIC:0.8529
Epoch 60 [0/22] Loss: 78.383835
Epoch 60 Train Loss: 33.595595
Epoch 60 Validation Loss: 3.713023
	 VAL  MAE:0.0065  RMSE:0.0076  IC:0.9239  RIC:0.8997
Epoch 61 [0/22] Loss: 25.935852
Epoch 61 Train Loss: 2.198277
Epoch 61 Validation Loss: 0.983247
	 VAL  MAE:0.0050  RMSE:0.0060  IC:0.9379  RIC:0.9112
Epoch 62 [0/22] Loss: 73.194733
Epoch 62 Train Loss: 8.442902
Epoch 62 Validation Loss: -2.811297
	 VAL  MAE:0.0034  RMSE:0.0042  IC:0.9407  RIC:0.9193
--- New best model ---
Epoch 63 [0/22] Loss: 9.615552
Epoch 63 Train Loss: 0.446714
Epoch 63 Validation Loss: -3.493466
	 VAL  MAE:0.0028  RMSE:0.0036  IC:0.9528  RIC:0.9340
--- New best model ---
Epoch 64 [0/22] Loss: 5.959762
Epoch 64 Train Loss: -1.018111
Epoch 64 Validation Loss: -3.718698
	 VAL  MAE:0.0026  RMSE:0.0033  IC:0.9601  RIC:0.9407
--- New best model ---
Epoch 65 [0/22] Loss: 5.547261
Epoch 65 Train Loss: -1.269343
Epoch 65 Validation Loss: -3.950953
	 VAL  MAE:0.0024  RMSE:0.0031  IC:0.9630  RIC:0.9437
--- New best model ---
Epoch 66 [0/22] Loss: 6.682482
Epoch 66 Train Loss: -1.702068
Epoch 66 Validation Loss: -4.139881
	 VAL  MAE:0.0023  RMSE:0.0029  IC:0.9647  RIC:0.9452
--- New best model ---
Epoch 67 [0/22] Loss: 5.263757
Epoch 67 Train Loss: -1.806780
Epoch 67 Validation Loss: -4.170126
	 VAL  MAE:0.0023  RMSE:0.0029  IC:0.9657  RIC:0.9450
--- New best model ---
Epoch 68 [0/22] Loss: 4.406248
Epoch 68 Train Loss: -1.604549
Epoch 68 Validation Loss: -4.216421
	 VAL  MAE:0.0022  RMSE:0.0028  IC:0.9671  RIC:0.9474
--- New best model ---
Epoch 69 [0/22] Loss: 3.448370
Epoch 69 Train Loss: -1.213409
Epoch 69 Validation Loss: -4.235514
	 VAL  MAE:0.0022  RMSE:0.0028  IC:0.9679  RIC:0.9470
--- New best model ---
Epoch 70 [0/22] Loss: 4.509962
Epoch 70 Train Loss: -0.512974
Epoch 70 Validation Loss: -4.267088
	 VAL  MAE:0.0022  RMSE:0.0028  IC:0.9682  RIC:0.9473
--- New best model ---
Epoch 71 [0/22] Loss: 2.556815
Epoch 71 Train Loss: -1.492588
Epoch 71 Validation Loss: -4.290302
	 VAL  MAE:0.0022  RMSE:0.0028  IC:0.9686  RIC:0.9488
--- New best model ---
Epoch 72 [0/22] Loss: 7.563419
Epoch 72 Train Loss: -1.124301
Epoch 72 Validation Loss: -4.076242
	 VAL  MAE:0.0023  RMSE:0.0029  IC:0.9660  RIC:0.9467
Epoch 73 [0/22] Loss: 18.781282
Epoch 73 Train Loss: 2.247748
Epoch 73 Validation Loss: -1.449084
	 VAL  MAE:0.0037  RMSE:0.0045  IC:0.9364  RIC:0.9069
Epoch 74 [0/22] Loss: 16.951887
Epoch 74 Train Loss: 12.266520
Epoch 74 Validation Loss: 0.601609
	 VAL  MAE:0.0046  RMSE:0.0056  IC:0.8977  RIC:0.8614
Epoch 75 [0/22] Loss: 9.421645
Epoch 75 Train Loss: 19.331815
Epoch 75 Validation Loss: -1.586569
	 VAL  MAE:0.0041  RMSE:0.0055  IC:0.9222  RIC:0.8953
Epoch 76 [0/22] Loss: 16.378048
Epoch 76 Train Loss: 12.084614
Epoch 76 Validation Loss: -0.696665
	 VAL  MAE:0.0042  RMSE:0.0054  IC:0.9019  RIC:0.8719
Epoch 77 [0/22] Loss: 34.190475
Epoch 77 Train Loss: 20.758837
Epoch 77 Validation Loss: 0.094030
	 VAL  MAE:0.0049  RMSE:0.0059  IC:0.9319  RIC:0.9212
Epoch 78 [0/22] Loss: 7.153183
Epoch 78 Train Loss: 5.425148
Epoch 78 Validation Loss: -3.368898
	 VAL  MAE:0.0029  RMSE:0.0039  IC:0.9390  RIC:0.9192
Epoch 79 [0/22] Loss: 9.039480
Epoch 79 Train Loss: 2.286807
Epoch 79 Validation Loss: -3.258914
	 VAL  MAE:0.0031  RMSE:0.0040  IC:0.9574  RIC:0.9429
Epoch 80 [0/22] Loss: 5.186127
Epoch 80 Train Loss: -0.486615
Epoch 80 Validation Loss: -3.943665
	 VAL  MAE:0.0023  RMSE:0.0032  IC:0.9629  RIC:0.9482
Epoch 81 [0/22] Loss: 19.616890
Epoch 81 Train Loss: 0.977318
Epoch 81 Validation Loss: -2.285195
	 VAL  MAE:0.0033  RMSE:0.0041  IC:0.9572  RIC:0.9352
Epoch 82 [0/22] Loss: 6.201026
Epoch 82 Train Loss: 3.570291
Epoch 82 Validation Loss: -2.079987
	 VAL  MAE:0.0033  RMSE:0.0042  IC:0.9351  RIC:0.9078
Epoch 83 [0/22] Loss: 4.252849
Epoch 83 Train Loss: 6.672507
Epoch 83 Validation Loss: -3.072904
	 VAL  MAE:0.0032  RMSE:0.0043  IC:0.9403  RIC:0.9209
Epoch 84 [0/22] Loss: 8.998273
Epoch 84 Train Loss: 5.473815
Epoch 84 Validation Loss: -3.251483
	 VAL  MAE:0.0030  RMSE:0.0038  IC:0.9561  RIC:0.9479
Epoch 85 [0/22] Loss: 97.132339
Epoch 85 Train Loss: 14.591684
Epoch 85 Validation Loss: 9.352377
	 VAL  MAE:0.0080  RMSE:0.0089  IC:0.9424  RIC:0.9220
Epoch 86 [0/22] Loss: 11.699717
Epoch 86 Train Loss: 18.855819
Epoch 86 Validation Loss: 27.819641
	 VAL  MAE:0.0131  RMSE:0.0135  IC:0.9580  RIC:0.9336
Epoch 87 [0/22] Loss: 7.934133
Epoch 87 Train Loss: 18.399184
Epoch 87 Validation Loss: 3.251343
	 VAL  MAE:0.0067  RMSE:0.0078  IC:0.9253  RIC:0.9007
Epoch 88 [0/22] Loss: 23.270424
Epoch 88 Train Loss: 2.311795
Epoch 88 Validation Loss: 4.112128
	 VAL  MAE:0.0059  RMSE:0.0070  IC:0.9310  RIC:0.9090
Epoch 89 [0/22] Loss: 9.483168
Epoch 89 Train Loss: 11.648750
Epoch 89 Validation Loss: -2.766211
	 VAL  MAE:0.0032  RMSE:0.0041  IC:0.9399  RIC:0.9165
Epoch 90 [0/22] Loss: 4.286451
Epoch 90 Train Loss: 3.951327
Epoch 90 Validation Loss: -2.026713
	 VAL  MAE:0.0035  RMSE:0.0043  IC:0.9486  RIC:0.9247
Epoch 91 [0/22] Loss: 24.941662
Epoch 91 Train Loss: 8.052388
Epoch 91 Validation Loss: -2.759568
	 VAL  MAE:0.0034  RMSE:0.0042  IC:0.9558  RIC:0.9352
Early stopping triggered.
TEST  MAE:0.0033  RMSE:0.0042  IC:0.9726  RIC:0.9721
