Epoch 1 [0/22] Loss(NLL): 216.867966
Epoch 1 [20/22] Loss(NLL): 190.864136
Epoch 1 Train NLL: 457.343438
VAL  RMSE:0.0340  MAE:0.0313  IC:0.0900  RIC:0.0855  NLL:16.20498  CRPS:0.02840  Sharp(σ):0.00522  PICP90:0.058|Gap:0.842  PICP95:0.081|Gap:0.869  AURC:0.02949
--- New best model (by VAL NLL) ---
Epoch 2 [0/22] Loss(NLL): 2333.295166
Epoch 2 [20/22] Loss(NLL): 109.550613
Epoch 2 Train NLL: 395.205926
VAL  RMSE:0.0150  MAE:0.0131  IC:0.1165  RIC:0.1107  NLL:-0.32159  CRPS:0.01052  Sharp(σ):0.00556  PICP90:0.324|Gap:0.576  PICP95:0.382|Gap:0.568  AURC:0.01467
--- New best model (by VAL NLL) ---
Epoch 3 [0/22] Loss(NLL): 65.205086
Epoch 3 [20/22] Loss(NLL): 131.119888
Epoch 3 Train NLL: 49.142977
VAL  RMSE:0.0092  MAE:0.0069  IC:0.1613  RIC:0.1523  NLL:-3.11849  CRPS:0.00517  Sharp(σ):0.00571  PICP90:0.746|Gap:0.154  PICP95:0.809|Gap:0.141  AURC:0.00733
--- New best model (by VAL NLL) ---
Epoch 4 [0/22] Loss(NLL): 78.032387
Epoch 4 [20/22] Loss(NLL): 126.407204
Epoch 4 Train NLL: 54.545068
VAL  RMSE:0.0103  MAE:0.0078  IC:0.1841  RIC:0.1676  NLL:-2.50540  CRPS:0.00604  Sharp(σ):0.00499  PICP90:0.642|Gap:0.258  PICP95:0.699|Gap:0.251  AURC:0.00897
Epoch 5 [0/22] Loss(NLL): 61.259377
Epoch 5 [20/22] Loss(NLL): 137.868134
Epoch 5 Train NLL: 50.943955
VAL  RMSE:0.0100  MAE:0.0077  IC:0.1971  RIC:0.1875  NLL:-2.81689  CRPS:0.00581  Sharp(σ):0.00542  PICP90:0.676|Gap:0.224  PICP95:0.740|Gap:0.210  AURC:0.00825
Epoch 6 [0/22] Loss(NLL): 69.420685
Epoch 6 [20/22] Loss(NLL): 100.992645
Epoch 6 Train NLL: 40.373487
VAL  RMSE:0.0097  MAE:0.0073  IC:0.2154  RIC:0.1938  NLL:-2.78122  CRPS:0.00559  Sharp(σ):0.00508  PICP90:0.676|Gap:0.224  PICP95:0.746|Gap:0.204  AURC:0.00947
Epoch 7 [0/22] Loss(NLL): 56.958740
Epoch 7 [20/22] Loss(NLL): 107.147186
Epoch 7 Train NLL: 37.760672
VAL  RMSE:0.0104  MAE:0.0080  IC:0.1907  RIC:0.1847  NLL:-2.71175  CRPS:0.00614  Sharp(σ):0.00511  PICP90:0.630|Gap:0.270  PICP95:0.711|Gap:0.239  AURC:0.00752
Epoch 8 [0/22] Loss(NLL): 47.527775
Epoch 8 [20/22] Loss(NLL): 107.650909
Epoch 8 Train NLL: 35.443739
VAL  RMSE:0.0096  MAE:0.0073  IC:0.2515  RIC:0.2410  NLL:-2.82331  CRPS:0.00557  Sharp(σ):0.00500  PICP90:0.665|Gap:0.235  PICP95:0.746|Gap:0.204  AURC:0.00796
Epoch 9 [0/22] Loss(NLL): 59.262840
Epoch 9 [20/22] Loss(NLL): 98.706856
Epoch 9 Train NLL: 33.385139
VAL  RMSE:0.0111  MAE:0.0087  IC:0.2641  RIC:0.2397  NLL:-2.29481  CRPS:0.00679  Sharp(σ):0.00513  PICP90:0.555|Gap:0.345  PICP95:0.636|Gap:0.314  AURC:0.00969
Epoch 10 [0/22] Loss(NLL): 45.358040
Epoch 10 [20/22] Loss(NLL): 103.721466
Epoch 10 Train NLL: 33.761815
VAL  RMSE:0.0080  MAE:0.0061  IC:0.2744  RIC:0.2306  NLL:-3.17236  CRPS:0.00452  Sharp(σ):0.00507  PICP90:0.757|Gap:0.143  PICP95:0.798|Gap:0.152  AURC:0.00690
--- New best model (by VAL NLL) ---
Epoch 11 [0/22] Loss(NLL): 46.242649
Epoch 11 [20/22] Loss(NLL): 111.573563
Epoch 11 Train NLL: 35.314287
VAL  RMSE:0.0099  MAE:0.0076  IC:0.2865  RIC:0.2643  NLL:-2.70209  CRPS:0.00584  Sharp(σ):0.00511  PICP90:0.642|Gap:0.258  PICP95:0.717|Gap:0.233  AURC:0.01023
Epoch 12 [0/22] Loss(NLL): 46.147610
Epoch 12 [20/22] Loss(NLL): 127.978905
Epoch 12 Train NLL: 37.632189
VAL  RMSE:0.0099  MAE:0.0076  IC:0.2378  RIC:0.2365  NLL:-2.91496  CRPS:0.00578  Sharp(σ):0.00536  PICP90:0.653|Gap:0.247  PICP95:0.746|Gap:0.204  AURC:0.00755
Epoch 13 [0/22] Loss(NLL): 42.707790
Epoch 13 [20/22] Loss(NLL): 153.637344
Epoch 13 Train NLL: 48.647943
VAL  RMSE:0.0087  MAE:0.0065  IC:0.3336  RIC:0.3160  NLL:-3.17833  CRPS:0.00488  Sharp(σ):0.00530  PICP90:0.769|Gap:0.131  PICP95:0.803|Gap:0.147  AURC:0.00736
--- New best model (by VAL NLL) ---
Epoch 14 [0/22] Loss(NLL): 54.151936
Epoch 14 [20/22] Loss(NLL): 132.067200
Epoch 14 Train NLL: 39.411652
VAL  RMSE:0.0091  MAE:0.0068  IC:0.3234  RIC:0.3233  NLL:-3.10455  CRPS:0.00513  Sharp(σ):0.00529  PICP90:0.751|Gap:0.149  PICP95:0.798|Gap:0.152  AURC:0.00670
Epoch 15 [0/22] Loss(NLL): 47.849731
Epoch 15 [20/22] Loss(NLL): 199.611588
Epoch 15 Train NLL: 74.865111
VAL  RMSE:0.0080  MAE:0.0060  IC:0.3403  RIC:0.3298  NLL:-3.30637  CRPS:0.00445  Sharp(σ):0.00517  PICP90:0.763|Gap:0.137  PICP95:0.827|Gap:0.123  AURC:0.00619
--- New best model (by VAL NLL) ---
Epoch 16 [0/22] Loss(NLL): 1158.731934
Epoch 16 [20/22] Loss(NLL): 107.988983
Epoch 16 Train NLL: 114.626136
VAL  RMSE:0.0211  MAE:0.0198  IC:0.3419  RIC:0.3373  NLL:3.55464  CRPS:0.01707  Sharp(σ):0.00508  PICP90:0.075|Gap:0.825  PICP95:0.110|Gap:0.840  AURC:0.01932
Epoch 17 [0/22] Loss(NLL): 366.104675
Epoch 17 [20/22] Loss(NLL): 96.681389
Epoch 17 Train NLL: 71.946846
VAL  RMSE:0.0077  MAE:0.0060  IC:0.2811  RIC:0.2594  NLL:-3.35232  CRPS:0.00438  Sharp(σ):0.00508  PICP90:0.740|Gap:0.160  PICP95:0.844|Gap:0.106  AURC:0.00648
--- New best model (by VAL NLL) ---
Epoch 18 [0/22] Loss(NLL): 37.352757
Epoch 18 [20/22] Loss(NLL): 100.131302
Epoch 18 Train NLL: 23.269417
VAL  RMSE:0.0077  MAE:0.0060  IC:0.2067  RIC:0.1844  NLL:-3.29399  CRPS:0.00439  Sharp(σ):0.00506  PICP90:0.746|Gap:0.154  PICP95:0.815|Gap:0.135  AURC:0.00673
Epoch 19 [0/22] Loss(NLL): 40.164948
Epoch 19 [20/22] Loss(NLL): 91.600800
Epoch 19 Train NLL: 20.463699
VAL  RMSE:0.0076  MAE:0.0058  IC:0.3269  RIC:0.3100  NLL:-3.31720  CRPS:0.00429  Sharp(σ):0.00494  PICP90:0.751|Gap:0.149  PICP95:0.821|Gap:0.129  AURC:0.00651
Epoch 20 [0/22] Loss(NLL): 36.747250
Epoch 20 [20/22] Loss(NLL): 95.627693
Epoch 20 Train NLL: 19.899209
VAL  RMSE:0.0079  MAE:0.0061  IC:0.1714  RIC:0.2121  NLL:-3.14477  CRPS:0.00456  Sharp(σ):0.00495  PICP90:0.717|Gap:0.183  PICP95:0.803|Gap:0.147  AURC:0.00711
Epoch 21 [0/22] Loss(NLL): 32.885910
Epoch 21 [20/22] Loss(NLL): 88.473190
Epoch 21 Train NLL: 18.322369
VAL  RMSE:0.0076  MAE:0.0060  IC:0.4364  RIC:0.4120  NLL:-3.40556  CRPS:0.00434  Sharp(σ):0.00533  PICP90:0.780|Gap:0.120  PICP95:0.844|Gap:0.106  AURC:0.00626
--- New best model (by VAL NLL) ---
Epoch 22 [0/22] Loss(NLL): 30.764437
Epoch 22 [20/22] Loss(NLL): 84.194565
Epoch 22 Train NLL: 17.588839
VAL  RMSE:0.0074  MAE:0.0057  IC:0.3656  RIC:0.3256  NLL:-3.38911  CRPS:0.00420  Sharp(σ):0.00503  PICP90:0.751|Gap:0.149  PICP95:0.832|Gap:0.118  AURC:0.00626
Epoch 23 [0/22] Loss(NLL): 34.361248
Epoch 23 [20/22] Loss(NLL): 89.697159
Epoch 23 Train NLL: 18.075370
VAL  RMSE:0.0072  MAE:0.0055  IC:0.4982  RIC:0.4951  NLL:-3.44930  CRPS:0.00405  Sharp(σ):0.00503  PICP90:0.780|Gap:0.120  PICP95:0.855|Gap:0.095  AURC:0.00600
--- New best model (by VAL NLL) ---
Epoch 24 [0/22] Loss(NLL): 31.064592
Epoch 24 [20/22] Loss(NLL): 80.945480
Epoch 24 Train NLL: 16.523763
VAL  RMSE:0.0073  MAE:0.0055  IC:0.5165  RIC:0.5014  NLL:-3.42648  CRPS:0.00408  Sharp(σ):0.00506  PICP90:0.751|Gap:0.149  PICP95:0.838|Gap:0.112  AURC:0.00594
Epoch 25 [0/22] Loss(NLL): 30.294815
Epoch 25 [20/22] Loss(NLL): 77.247910
Epoch 25 Train NLL: 16.304476
VAL  RMSE:0.0072  MAE:0.0054  IC:0.5629  RIC:0.5263  NLL:-3.39738  CRPS:0.00404  Sharp(σ):0.00510  PICP90:0.792|Gap:0.108  PICP95:0.821|Gap:0.129  AURC:0.00623
Epoch 26 [0/22] Loss(NLL): 29.674742
Epoch 26 [20/22] Loss(NLL): 69.080589
Epoch 26 Train NLL: 14.627623
VAL  RMSE:0.0069  MAE:0.0054  IC:0.5759  RIC:0.5341  NLL:-3.52228  CRPS:0.00392  Sharp(σ):0.00506  PICP90:0.792|Gap:0.108  PICP95:0.855|Gap:0.095  AURC:0.00607
--- New best model (by VAL NLL) ---
Epoch 27 [0/22] Loss(NLL): 27.844955
Epoch 27 [20/22] Loss(NLL): 64.903717
Epoch 27 Train NLL: 14.748044
VAL  RMSE:0.0066  MAE:0.0051  IC:0.6462  RIC:0.6076  NLL:-3.52984  CRPS:0.00374  Sharp(σ):0.00475  PICP90:0.769|Gap:0.131  PICP95:0.850|Gap:0.100  AURC:0.00710
--- New best model (by VAL NLL) ---
Epoch 28 [0/22] Loss(NLL): 31.937601
Epoch 28 [20/22] Loss(NLL): 55.481941
Epoch 28 Train NLL: 13.446380
VAL  RMSE:0.0064  MAE:0.0049  IC:0.6672  RIC:0.6161  NLL:-3.62533  CRPS:0.00359  Sharp(σ):0.00539  PICP90:0.838|Gap:0.062  PICP95:0.890|Gap:0.060  AURC:0.00618
--- New best model (by VAL NLL) ---
Epoch 29 [0/22] Loss(NLL): 29.870558
Epoch 29 [20/22] Loss(NLL): 42.206249
Epoch 29 Train NLL: 12.348181
VAL  RMSE:0.0061  MAE:0.0046  IC:0.6955  RIC:0.6612  NLL:-3.69318  CRPS:0.00338  Sharp(σ):0.00494  PICP90:0.809|Gap:0.091  PICP95:0.861|Gap:0.089  AURC:0.00582
--- New best model (by VAL NLL) ---
Epoch 30 [0/22] Loss(NLL): 28.077261
Epoch 30 [20/22] Loss(NLL): 35.409008
Epoch 30 Train NLL: 11.502391
VAL  RMSE:0.0059  MAE:0.0045  IC:0.6775  RIC:0.6422  NLL:-3.70248  CRPS:0.00329  Sharp(σ):0.00515  PICP90:0.850|Gap:0.050  PICP95:0.890|Gap:0.060  AURC:0.00519
--- New best model (by VAL NLL) ---
Epoch 31 [0/22] Loss(NLL): 26.232868
Epoch 31 [20/22] Loss(NLL): 34.174782
Epoch 31 Train NLL: 9.857280
VAL  RMSE:0.0061  MAE:0.0045  IC:0.7147  RIC:0.6796  NLL:-3.71165  CRPS:0.00337  Sharp(σ):0.00509  PICP90:0.821|Gap:0.079  PICP95:0.884|Gap:0.066  AURC:0.00570
--- New best model (by VAL NLL) ---
Epoch 32 [0/22] Loss(NLL): 23.618191
Epoch 32 [20/22] Loss(NLL): 24.341135
Epoch 32 Train NLL: 8.287337
VAL  RMSE:0.0053  MAE:0.0041  IC:0.7597  RIC:0.7265  NLL:-3.85038  CRPS:0.00294  Sharp(σ):0.00489  PICP90:0.873|Gap:0.027  PICP95:0.913|Gap:0.037  AURC:0.00476
--- New best model (by VAL NLL) ---
Epoch 33 [0/22] Loss(NLL): 20.249228
Epoch 33 [20/22] Loss(NLL): 20.732660
Epoch 33 Train NLL: 6.727592
VAL  RMSE:0.0053  MAE:0.0041  IC:0.7906  RIC:0.7583  NLL:-3.86083  CRPS:0.00295  Sharp(σ):0.00518  PICP90:0.908|Gap:0.008  PICP95:0.931|Gap:0.019  AURC:0.00456
--- New best model (by VAL NLL) ---
Epoch 34 [0/22] Loss(NLL): 19.830101
Epoch 34 [20/22] Loss(NLL): 12.562112
Epoch 34 Train NLL: 5.348145
VAL  RMSE:0.0048  MAE:0.0036  IC:0.8178  RIC:0.7917  NLL:-3.92498  CRPS:0.00266  Sharp(σ):0.00506  PICP90:0.902|Gap:0.002  PICP95:0.948|Gap:0.002  AURC:0.00473
--- New best model (by VAL NLL) ---
Epoch 35 [0/22] Loss(NLL): 15.849639
Epoch 35 [20/22] Loss(NLL): 10.828421
Epoch 35 Train NLL: 3.899774
VAL  RMSE:0.0048  MAE:0.0039  IC:0.8672  RIC:0.8416  NLL:-3.94462  CRPS:0.00274  Sharp(σ):0.00521  PICP90:0.925|Gap:0.025  PICP95:0.960|Gap:0.010  AURC:0.00420
--- New best model (by VAL NLL) ---
Epoch 36 [0/22] Loss(NLL): 13.670272
Epoch 36 [20/22] Loss(NLL): 9.970621
Epoch 36 Train NLL: 2.487288
VAL  RMSE:0.0044  MAE:0.0035  IC:0.8977  RIC:0.8779  NLL:-4.01629  CRPS:0.00247  Sharp(σ):0.00470  PICP90:0.925|Gap:0.025  PICP95:0.954|Gap:0.004  AURC:0.00362
--- New best model (by VAL NLL) ---
Epoch 37 [0/22] Loss(NLL): 20.824680
Epoch 37 [20/22] Loss(NLL): 8.099199
Epoch 37 Train NLL: 4.976821
VAL  RMSE:0.0088  MAE:0.0079  IC:0.8522  RIC:0.8140  NLL:-3.06547  CRPS:0.00570  Sharp(σ):0.00500  PICP90:0.514|Gap:0.386  PICP95:0.676|Gap:0.274  AURC:0.00704
Epoch 38 [0/22] Loss(NLL): 24.122601
Epoch 38 [20/22] Loss(NLL): 6.541908
Epoch 38 Train NLL: 4.475841
VAL  RMSE:0.0089  MAE:0.0078  IC:0.8633  RIC:0.8208  NLL:-2.99623  CRPS:0.00567  Sharp(σ):0.00495  PICP90:0.555|Gap:0.345  PICP95:0.734|Gap:0.216  AURC:0.00764
Epoch 39 [0/22] Loss(NLL): 40.390667
Epoch 39 [20/22] Loss(NLL): 6.117561
Epoch 39 Train NLL: 4.226478
VAL  RMSE:0.0045  MAE:0.0034  IC:0.9263  RIC:0.9103  NLL:-3.99654  CRPS:0.00250  Sharp(σ):0.00486  PICP90:0.902|Gap:0.002  PICP95:0.960|Gap:0.010  AURC:0.00366
Epoch 40 [0/22] Loss(NLL): 14.484282
Epoch 40 [20/22] Loss(NLL): 8.362206
Epoch 40 Train NLL: 3.288345
VAL  RMSE:0.0048  MAE:0.0037  IC:0.9285  RIC:0.9124  NLL:-3.93684  CRPS:0.00268  Sharp(σ):0.00492  PICP90:0.884|Gap:0.016  PICP95:0.942|Gap:0.008  AURC:0.00451
Epoch 41 [0/22] Loss(NLL): 10.438122
Epoch 41 [20/22] Loss(NLL): 7.660638
Epoch 41 Train NLL: 1.667443
VAL  RMSE:0.0043  MAE:0.0035  IC:0.8970  RIC:0.8620  NLL:-3.93679  CRPS:0.00249  Sharp(σ):0.00519  PICP90:0.965|Gap:0.065  PICP95:0.983|Gap:0.033  AURC:0.00417
Epoch 42 [0/22] Loss(NLL): 11.664994
Epoch 42 [20/22] Loss(NLL): 7.492826
Epoch 42 Train NLL: 2.235531
VAL  RMSE:0.0070  MAE:0.0062  IC:0.9295  RIC:0.9115  NLL:-3.38306  CRPS:0.00425  Sharp(σ):0.00516  PICP90:0.751|Gap:0.149  PICP95:0.873|Gap:0.077  AURC:0.00660
Epoch 43 [0/22] Loss(NLL): 5.236103
Epoch 43 [20/22] Loss(NLL): 6.951846
Epoch 43 Train NLL: 2.776682
VAL  RMSE:0.0059  MAE:0.0051  IC:0.9074  RIC:0.8776  NLL:-3.61933  CRPS:0.00346  Sharp(σ):0.00498  PICP90:0.832|Gap:0.068  PICP95:0.942|Gap:0.008  AURC:0.00525
Epoch 44 [0/22] Loss(NLL): 7.004960
Epoch 44 [20/22] Loss(NLL): 9.989655
Epoch 44 Train NLL: 2.725008
VAL  RMSE:0.0039  MAE:0.0029  IC:0.9011  RIC:0.8662  NLL:-4.04476  CRPS:0.00224  Sharp(σ):0.00548  PICP90:0.977|Gap:0.077  PICP95:0.983|Gap:0.033  AURC:0.00380
--- New best model (by VAL NLL) ---
Epoch 45 [0/22] Loss(NLL): 12.550002
Epoch 45 [20/22] Loss(NLL): 5.964650
Epoch 45 Train NLL: 2.771888
VAL  RMSE:0.0060  MAE:0.0049  IC:0.9143  RIC:0.8843  NLL:-3.80600  CRPS:0.00338  Sharp(σ):0.00545  PICP90:0.861|Gap:0.039  PICP95:0.925|Gap:0.025  AURC:0.00482
Epoch 46 [0/22] Loss(NLL): 6.773165
Epoch 46 [20/22] Loss(NLL): 6.674415
Epoch 46 Train NLL: 2.427355
VAL  RMSE:0.0048  MAE:0.0037  IC:0.9367  RIC:0.9157  NLL:-3.97651  CRPS:0.00268  Sharp(σ):0.00500  PICP90:0.902|Gap:0.002  PICP95:0.954|Gap:0.004  AURC:0.00446
Epoch 47 [0/22] Loss(NLL): 10.099503
Epoch 47 [20/22] Loss(NLL): 9.318603
Epoch 47 Train NLL: 3.294279
VAL  RMSE:0.0048  MAE:0.0040  IC:0.9316  RIC:0.9133  NLL:-3.98601  CRPS:0.00273  Sharp(σ):0.00492  PICP90:0.908|Gap:0.008  PICP95:0.965|Gap:0.015  AURC:0.00483
Epoch 48 [0/22] Loss(NLL): 11.690454
Epoch 48 [20/22] Loss(NLL): 4.054194
Epoch 48 Train NLL: 3.734256
VAL  RMSE:0.0042  MAE:0.0033  IC:0.8826  RIC:0.8426  NLL:-4.01734  CRPS:0.00239  Sharp(σ):0.00487  PICP90:0.936|Gap:0.036  PICP95:0.983|Gap:0.033  AURC:0.00354
Epoch 49 [0/22] Loss(NLL): 6.523263
Epoch 49 [20/22] Loss(NLL): 8.171371
Epoch 49 Train NLL: 0.694973
VAL  RMSE:0.0046  MAE:0.0040  IC:0.9236  RIC:0.9016  NLL:-4.03471  CRPS:0.00267  Sharp(σ):0.00486  PICP90:0.931|Gap:0.031  PICP95:0.988|Gap:0.038  AURC:0.00441
Epoch 50 [0/22] Loss(NLL): 3.453092
Epoch 50 [20/22] Loss(NLL): 6.892292
Epoch 50 Train NLL: -0.011483
VAL  RMSE:0.0033  MAE:0.0025  IC:0.9415  RIC:0.9275  NLL:-4.19215  CRPS:0.00193  Sharp(σ):0.00472  PICP90:0.971|Gap:0.071  PICP95:0.977|Gap:0.027  AURC:0.00265
--- New best model (by VAL NLL) ---
Epoch 51 [0/22] Loss(NLL): 6.222970
Epoch 51 [20/22] Loss(NLL): 1.705751
Epoch 51 Train NLL: 0.425526
VAL  RMSE:0.0042  MAE:0.0033  IC:0.9502  RIC:0.9356  NLL:-4.06713  CRPS:0.00238  Sharp(σ):0.00485  PICP90:0.925|Gap:0.025  PICP95:0.977|Gap:0.027  AURC:0.00360
Epoch 52 [0/22] Loss(NLL): 3.230012
Epoch 52 [20/22] Loss(NLL): 9.597614
Epoch 52 Train NLL: 1.059971
VAL  RMSE:0.0031  MAE:0.0025  IC:0.9475  RIC:0.9340  NLL:-4.19645  CRPS:0.00188  Sharp(σ):0.00500  PICP90:1.000|Gap:0.100  PICP95:1.000|Gap:0.050  AURC:0.00271
--- New best model (by VAL NLL) ---
Epoch 53 [0/22] Loss(NLL): 8.172565
Epoch 53 [20/22] Loss(NLL): 3.153154
Epoch 53 Train NLL: 2.288694
VAL  RMSE:0.0049  MAE:0.0042  IC:0.9521  RIC:0.9392  NLL:-3.93136  CRPS:0.00285  Sharp(σ):0.00466  PICP90:0.890|Gap:0.010  PICP95:0.960|Gap:0.010  AURC:0.00413
Epoch 54 [0/22] Loss(NLL): 6.102760
Epoch 54 [20/22] Loss(NLL): 4.856855
Epoch 54 Train NLL: 3.387707
VAL  RMSE:0.0030  MAE:0.0025  IC:0.9486  RIC:0.9378  NLL:-4.24892  CRPS:0.00182  Sharp(σ):0.00467  PICP90:0.988|Gap:0.088  PICP95:0.994|Gap:0.044  AURC:0.00253
--- New best model (by VAL NLL) ---
Epoch 55 [0/22] Loss(NLL): 6.181482
Epoch 55 [20/22] Loss(NLL): 4.741441
Epoch 55 Train NLL: -0.972782
VAL  RMSE:0.0028  MAE:0.0022  IC:0.9524  RIC:0.9400  NLL:-4.25900  CRPS:0.00171  Sharp(σ):0.00473  PICP90:0.994|Gap:0.094  PICP95:1.000|Gap:0.050  AURC:0.00247
--- New best model (by VAL NLL) ---
Epoch 56 [0/22] Loss(NLL): 6.078790
Epoch 56 [20/22] Loss(NLL): 2.322660
Epoch 56 Train NLL: 1.093655
VAL  RMSE:0.0063  MAE:0.0056  IC:0.9590  RIC:0.9492  NLL:-3.60013  CRPS:0.00375  Sharp(σ):0.00497  PICP90:0.809|Gap:0.091  PICP95:0.896|Gap:0.054  AURC:0.00531
Epoch 57 [0/22] Loss(NLL): 2.066828
Epoch 57 [20/22] Loss(NLL): 10.230150
Epoch 57 Train NLL: 1.419414
VAL  RMSE:0.0031  MAE:0.0024  IC:0.9601  RIC:0.9472  NLL:-4.20725  CRPS:0.00187  Sharp(σ):0.00487  PICP90:1.000|Gap:0.100  PICP95:1.000|Gap:0.050  AURC:0.00273
Epoch 58 [0/22] Loss(NLL): 4.057123
Epoch 58 [20/22] Loss(NLL): 3.556197
Epoch 58 Train NLL: -0.169994
VAL  RMSE:0.0028  MAE:0.0024  IC:0.9641  RIC:0.9533  NLL:-4.22614  CRPS:0.00177  Sharp(σ):0.00514  PICP90:1.000|Gap:0.100  PICP95:1.000|Gap:0.050  AURC:0.00234
Epoch 59 [0/22] Loss(NLL): 5.918348
Epoch 59 [20/22] Loss(NLL): 1.178605
Epoch 59 Train NLL: 2.772612
VAL  RMSE:0.0033  MAE:0.0028  IC:0.9606  RIC:0.9497  NLL:-4.17834  CRPS:0.00196  Sharp(σ):0.00507  PICP90:1.000|Gap:0.100  PICP95:1.000|Gap:0.050  AURC:0.00263
Epoch 60 [0/22] Loss(NLL): 4.081794
Epoch 60 [20/22] Loss(NLL): 1.754028
Epoch 60 Train NLL: -0.319614
VAL  RMSE:0.0026  MAE:0.0020  IC:0.9517  RIC:0.9371  NLL:-4.27678  CRPS:0.00164  Sharp(σ):0.00465  PICP90:0.994|Gap:0.094  PICP95:1.000|Gap:0.050  AURC:0.00247
--- New best model (by VAL NLL) ---
Epoch 61 [0/22] Loss(NLL): 1.078323
Epoch 61 [20/22] Loss(NLL): 0.656745
Epoch 61 Train NLL: -2.429041
VAL  RMSE:0.0031  MAE:0.0024  IC:0.9449  RIC:0.9246  NLL:-4.13088  CRPS:0.00188  Sharp(σ):0.00504  PICP90:0.994|Gap:0.094  PICP95:1.000|Gap:0.050  AURC:0.00230
Epoch 62 [0/22] Loss(NLL): 0.851081
Epoch 62 [20/22] Loss(NLL): 1.459811
Epoch 62 Train NLL: -0.937503
VAL  RMSE:0.0044  MAE:0.0037  IC:0.9574  RIC:0.9455  NLL:-3.92242  CRPS:0.00252  Sharp(σ):0.00481  PICP90:0.913|Gap:0.013  PICP95:0.994|Gap:0.044  AURC:0.00373
Epoch 63 [0/22] Loss(NLL): -0.142181
Epoch 63 [20/22] Loss(NLL): 5.847715
Epoch 63 Train NLL: -1.131724
VAL  RMSE:0.0031  MAE:0.0025  IC:0.9489  RIC:0.9301  NLL:-4.28866  CRPS:0.00183  Sharp(σ):0.00456  PICP90:0.994|Gap:0.094  PICP95:1.000|Gap:0.050  AURC:0.00240
--- New best model (by VAL NLL) ---
Epoch 64 [0/22] Loss(NLL): 1.401414
Epoch 64 [20/22] Loss(NLL): 0.195730
Epoch 64 Train NLL: -0.795950
VAL  RMSE:0.0028  MAE:0.0023  IC:0.9595  RIC:0.9409  NLL:-4.20694  CRPS:0.00176  Sharp(σ):0.00493  PICP90:1.000|Gap:0.100  PICP95:1.000|Gap:0.050  AURC:0.00277
Epoch 65 [0/22] Loss(NLL): 1.253433
Epoch 65 [20/22] Loss(NLL): 4.556697
Epoch 65 Train NLL: 2.951355
VAL  RMSE:0.0029  MAE:0.0022  IC:0.9606  RIC:0.9497  NLL:-4.24851  CRPS:0.00178  Sharp(σ):0.00497  PICP90:1.000|Gap:0.100  PICP95:1.000|Gap:0.050  AURC:0.00227
Epoch 66 [0/22] Loss(NLL): -0.037806
Epoch 66 [20/22] Loss(NLL): -0.991870
Epoch 66 Train NLL: -2.293282
VAL  RMSE:0.0028  MAE:0.0023  IC:0.9416  RIC:0.9209  NLL:-4.18147  CRPS:0.00176  Sharp(σ):0.00509  PICP90:1.000|Gap:0.100  PICP95:1.000|Gap:0.050  AURC:0.00265
Epoch 67 [0/22] Loss(NLL): -0.852877
Epoch 67 [20/22] Loss(NLL): -1.143206
Epoch 67 Train NLL: -2.570444
VAL  RMSE:0.0042  MAE:0.0035  IC:0.9479  RIC:0.9255  NLL:-4.13775  CRPS:0.00240  Sharp(σ):0.00496  PICP90:0.948|Gap:0.048  PICP95:1.000|Gap:0.050  AURC:0.00300
Epoch 68 [0/22] Loss(NLL): -1.624913
Epoch 68 [20/22] Loss(NLL): 0.613212
Epoch 68 Train NLL: -2.246976
VAL  RMSE:0.0029  MAE:0.0023  IC:0.9626  RIC:0.9462  NLL:-4.30459  CRPS:0.00173  Sharp(σ):0.00437  PICP90:0.977|Gap:0.077  PICP95:1.000|Gap:0.050  AURC:0.00264
--- New best model (by VAL NLL) ---
Epoch 69 [0/22] Loss(NLL): -0.925186
Epoch 69 [20/22] Loss(NLL): 3.759522
Epoch 69 Train NLL: -2.068437
VAL  RMSE:0.0038  MAE:0.0033  IC:0.9744  RIC:0.9691  NLL:-4.11881  CRPS:0.00224  Sharp(σ):0.00487  PICP90:0.988|Gap:0.088  PICP95:1.000|Gap:0.050  AURC:0.00372
Epoch 70 [0/22] Loss(NLL): -1.210124
Epoch 70 [20/22] Loss(NLL): -1.373103
Epoch 70 Train NLL: -1.473951
VAL  RMSE:0.0022  MAE:0.0019  IC:0.9785  RIC:0.9738  NLL:-4.31092  CRPS:0.00153  Sharp(σ):0.00486  PICP90:1.000|Gap:0.100  PICP95:1.000|Gap:0.050  AURC:0.00203
--- New best model (by VAL NLL) ---
Epoch 71 [0/22] Loss(NLL): -1.124714
Epoch 71 [20/22] Loss(NLL): -0.281679
Epoch 71 Train NLL: 0.795338
VAL  RMSE:0.0028  MAE:0.0024  IC:0.9726  RIC:0.9662  NLL:-4.23921  CRPS:0.00176  Sharp(σ):0.00498  PICP90:1.000|Gap:0.100  PICP95:1.000|Gap:0.050  AURC:0.00267
Epoch 72 [0/22] Loss(NLL): -1.209921
Epoch 72 [20/22] Loss(NLL): 1.028950
Epoch 72 Train NLL: -1.603931
VAL  RMSE:0.0046  MAE:0.0040  IC:0.8961  RIC:0.8525  NLL:-4.08413  CRPS:0.00263  Sharp(σ):0.00500  PICP90:0.948|Gap:0.048  PICP95:0.994|Gap:0.044  AURC:0.00359
Epoch 73 [0/22] Loss(NLL): -1.572272
Epoch 73 [20/22] Loss(NLL): -0.072604
Epoch 73 Train NLL: -2.016739
VAL  RMSE:0.0032  MAE:0.0026  IC:0.9739  RIC:0.9659  NLL:-4.20082  CRPS:0.00190  Sharp(σ):0.00487  PICP90:1.000|Gap:0.100  PICP95:1.000|Gap:0.050  AURC:0.00274
Epoch 74 [0/22] Loss(NLL): -0.653982
Epoch 74 [20/22] Loss(NLL): 3.477126
Epoch 74 Train NLL: -0.522308
VAL  RMSE:0.0037  MAE:0.0030  IC:0.9584  RIC:0.9407  NLL:-4.21160  CRPS:0.00212  Sharp(σ):0.00463  PICP90:0.954|Gap:0.054  PICP95:1.000|Gap:0.050  AURC:0.00286
Epoch 75 [0/22] Loss(NLL): -1.443645
Epoch 75 [20/22] Loss(NLL): 10.469717
Epoch 75 Train NLL: -1.069487
VAL  RMSE:0.0029  MAE:0.0023  IC:0.9521  RIC:0.9313  NLL:-4.17425  CRPS:0.00177  Sharp(σ):0.00478  PICP90:1.000|Gap:0.100  PICP95:1.000|Gap:0.050  AURC:0.00295
Epoch 76 [0/22] Loss(NLL): -0.711523
Epoch 76 [20/22] Loss(NLL): -0.295093
Epoch 76 Train NLL: -0.622920
VAL  RMSE:0.0054  MAE:0.0046  IC:0.9355  RIC:0.9124  NLL:-3.89972  CRPS:0.00318  Sharp(σ):0.00505  PICP90:0.867|Gap:0.033  PICP95:0.965|Gap:0.015  AURC:0.00512
Epoch 77 [0/22] Loss(NLL): 0.728535
Epoch 77 [20/22] Loss(NLL): -1.678757
Epoch 77 Train NLL: 0.722083
VAL  RMSE:0.0048  MAE:0.0042  IC:0.9731  RIC:0.9689  NLL:-3.97753  CRPS:0.00279  Sharp(σ):0.00486  PICP90:0.965|Gap:0.065  PICP95:0.988|Gap:0.038  AURC:0.00393
Epoch 78 [0/22] Loss(NLL): -1.413744
Epoch 78 [20/22] Loss(NLL): 5.175912
Epoch 78 Train NLL: 0.275879
VAL  RMSE:0.0027  MAE:0.0022  IC:0.9704  RIC:0.9648  NLL:-4.25531  CRPS:0.00170  Sharp(σ):0.00501  PICP90:1.000|Gap:0.100  PICP95:1.000|Gap:0.050  AURC:0.00237
Epoch 79 [0/22] Loss(NLL): -1.977587
Epoch 79 [20/22] Loss(NLL): 3.315267
Epoch 79 Train NLL: -0.760870
VAL  RMSE:0.0049  MAE:0.0041  IC:0.9468  RIC:0.9263  NLL:-3.76915  CRPS:0.00281  Sharp(σ):0.00492  PICP90:0.908|Gap:0.008  PICP95:0.965|Gap:0.015  AURC:0.00485
Epoch 80 [0/22] Loss(NLL): 1.589645
Epoch 80 [20/22] Loss(NLL): 1.663061
Epoch 80 Train NLL: 0.314343
VAL  RMSE:0.0057  MAE:0.0050  IC:0.9509  RIC:0.9317  NLL:-3.58781  CRPS:0.00339  Sharp(σ):0.00468  PICP90:0.815|Gap:0.085  PICP95:0.919|Gap:0.031  AURC:0.00478
Epoch 81 [0/22] Loss(NLL): -1.812873
Epoch 81 [20/22] Loss(NLL): 19.753460
Epoch 81 Train NLL: 0.570624
VAL  RMSE:0.0042  MAE:0.0035  IC:0.9603  RIC:0.9440  NLL:-3.99757  CRPS:0.00241  Sharp(σ):0.00498  PICP90:0.965|Gap:0.065  PICP95:1.000|Gap:0.050  AURC:0.00379
Epoch 82 [0/22] Loss(NLL): -0.163822
Epoch 82 [20/22] Loss(NLL): 1.185354
Epoch 82 Train NLL: -1.525904
VAL  RMSE:0.0030  MAE:0.0025  IC:0.9726  RIC:0.9639  NLL:-4.23252  CRPS:0.00183  Sharp(σ):0.00468  PICP90:0.994|Gap:0.094  PICP95:1.000|Gap:0.050  AURC:0.00299
Epoch 83 [0/22] Loss(NLL): 4.527674
Epoch 83 [20/22] Loss(NLL): -2.454841
Epoch 83 Train NLL: 0.180899
VAL  RMSE:0.0037  MAE:0.0031  IC:0.9731  RIC:0.9637  NLL:-4.07130  CRPS:0.00216  Sharp(σ):0.00529  PICP90:0.988|Gap:0.088  PICP95:1.000|Gap:0.050  AURC:0.00313
Epoch 84 [0/22] Loss(NLL): -2.308349
Epoch 84 [20/22] Loss(NLL): 3.980886
Epoch 84 Train NLL: -1.636841
VAL  RMSE:0.0039  MAE:0.0034  IC:0.9684  RIC:0.9625  NLL:-4.08842  CRPS:0.00228  Sharp(σ):0.00495  PICP90:0.988|Gap:0.088  PICP95:0.994|Gap:0.044  AURC:0.00343
Epoch 85 [0/22] Loss(NLL): -2.446034
Epoch 85 [20/22] Loss(NLL): 1.561214
Epoch 85 Train NLL: 3.012563
VAL  RMSE:0.0109  MAE:0.0104  IC:0.9567  RIC:0.9441  NLL:-2.05465  CRPS:0.00778  Sharp(σ):0.00496  PICP90:0.243|Gap:0.657  PICP95:0.486|Gap:0.464  AURC:0.01032
Epoch 86 [0/22] Loss(NLL): 3.637292
Epoch 86 [20/22] Loss(NLL): 2.112380
Epoch 86 Train NLL: -2.600833
VAL  RMSE:0.0044  MAE:0.0038  IC:0.9567  RIC:0.9387  NLL:-3.89971  CRPS:0.00257  Sharp(σ):0.00513  PICP90:0.971|Gap:0.071  PICP95:0.994|Gap:0.044  AURC:0.00457
Epoch 87 [0/22] Loss(NLL): 4.631283
Epoch 87 [20/22] Loss(NLL): 24.545044
Epoch 87 Train NLL: 1.545451
VAL  RMSE:0.0046  MAE:0.0038  IC:0.9184  RIC:0.8776  NLL:-4.05120  CRPS:0.00266  Sharp(σ):0.00474  PICP90:0.913|Gap:0.013  PICP95:0.960|Gap:0.010  AURC:0.00494
Epoch 88 [0/22] Loss(NLL): 4.494987
Epoch 88 [20/22] Loss(NLL): -0.403160
Epoch 88 Train NLL: -0.441202
VAL  RMSE:0.0027  MAE:0.0022  IC:0.9708  RIC:0.9630  NLL:-4.19877  CRPS:0.00178  Sharp(σ):0.00536  PICP90:1.000|Gap:0.100  PICP95:1.000|Gap:0.050  AURC:0.00239
Epoch 89 [0/22] Loss(NLL): 0.196977
Epoch 89 [20/22] Loss(NLL): -1.140088
Epoch 89 Train NLL: -3.184541
VAL  RMSE:0.0040  MAE:0.0033  IC:0.9591  RIC:0.9443  NLL:-3.99084  CRPS:0.00228  Sharp(σ):0.00497  PICP90:0.977|Gap:0.077  PICP95:0.994|Gap:0.044  AURC:0.00317
Epoch 90 [0/22] Loss(NLL): 3.269895
Epoch 90 [20/22] Loss(NLL): -2.517146
Epoch 90 Train NLL: -3.031553
VAL  RMSE:0.0053  MAE:0.0048  IC:0.9659  RIC:0.9517  NLL:-3.90000  CRPS:0.00315  Sharp(σ):0.00489  PICP90:0.908|Gap:0.008  PICP95:0.977|Gap:0.027  AURC:0.00474
Early stopping triggered.
TEST RMSE:0.0040  MAE:0.0032  IC:0.9653  RIC:0.9574  NLL:-4.08472  CRPS:0.00229  Sharp(σ):0.00485  PICP90:0.960|Gap:0.060  PICP95:0.987|Gap:0.037  AURC:0.00351
